[2025-05-29T19:54:25.060+0000] {processor.py:161} INFO - Started process (PID=87) to work on /home/airflow/.local/lib/python3.12/site-packages/airflow/example_dags/example_short_circuit_operator.py
[2025-05-29T19:54:25.061+0000] {processor.py:830} INFO - Processing file /home/airflow/.local/lib/python3.12/site-packages/airflow/example_dags/example_short_circuit_operator.py for tasks to queue
[2025-05-29T19:54:25.064+0000] {logging_mixin.py:188} INFO - [2025-05-29T19:54:25.063+0000] {dagbag.py:545} INFO - Filling up the DagBag from /home/airflow/.local/lib/python3.12/site-packages/airflow/example_dags/example_short_circuit_operator.py
[2025-05-29T19:54:25.080+0000] {processor.py:840} INFO - DAG(s) 'example_short_circuit_operator' retrieved from /home/airflow/.local/lib/python3.12/site-packages/airflow/example_dags/example_short_circuit_operator.py
[2025-05-29T19:54:25.257+0000] {logging_mixin.py:188} INFO - [2025-05-29T19:54:25.256+0000] {dag.py:3096} INFO - Sync 1 DAGs
[2025-05-29T19:54:25.292+0000] {logging_mixin.py:188} INFO - [2025-05-29T19:54:25.291+0000] {dag.py:3954} INFO - Setting next_dagrun for example_short_circuit_operator to 2025-05-28 00:00:00+00:00, run_after=2025-05-29 00:00:00+00:00
[2025-05-29T19:54:25.330+0000] {processor.py:183} INFO - Processing /home/airflow/.local/lib/python3.12/site-packages/airflow/example_dags/example_short_circuit_operator.py took 0.278 seconds
[2025-05-29T19:54:56.048+0000] {processor.py:161} INFO - Started process (PID=145) to work on /home/airflow/.local/lib/python3.12/site-packages/airflow/example_dags/example_short_circuit_operator.py
[2025-05-29T19:54:56.049+0000] {processor.py:830} INFO - Processing file /home/airflow/.local/lib/python3.12/site-packages/airflow/example_dags/example_short_circuit_operator.py for tasks to queue
[2025-05-29T19:54:56.053+0000] {logging_mixin.py:188} INFO - [2025-05-29T19:54:56.052+0000] {dagbag.py:545} INFO - Filling up the DagBag from /home/airflow/.local/lib/python3.12/site-packages/airflow/example_dags/example_short_circuit_operator.py
[2025-05-29T19:54:56.064+0000] {processor.py:840} INFO - DAG(s) 'example_short_circuit_operator' retrieved from /home/airflow/.local/lib/python3.12/site-packages/airflow/example_dags/example_short_circuit_operator.py
[2025-05-29T19:54:56.100+0000] {logging_mixin.py:188} INFO - [2025-05-29T19:54:56.099+0000] {dag.py:3096} INFO - Sync 1 DAGs
[2025-05-29T19:54:56.138+0000] {logging_mixin.py:188} INFO - [2025-05-29T19:54:56.137+0000] {dag.py:3954} INFO - Setting next_dagrun for example_short_circuit_operator to 2025-05-28 00:00:00+00:00, run_after=2025-05-29 00:00:00+00:00
[2025-05-29T19:54:56.167+0000] {processor.py:183} INFO - Processing /home/airflow/.local/lib/python3.12/site-packages/airflow/example_dags/example_short_circuit_operator.py took 0.127 seconds
[2025-05-29T19:55:26.411+0000] {processor.py:161} INFO - Started process (PID=203) to work on /home/airflow/.local/lib/python3.12/site-packages/airflow/example_dags/example_short_circuit_operator.py
[2025-05-29T19:55:26.412+0000] {processor.py:830} INFO - Processing file /home/airflow/.local/lib/python3.12/site-packages/airflow/example_dags/example_short_circuit_operator.py for tasks to queue
[2025-05-29T19:55:26.415+0000] {logging_mixin.py:188} INFO - [2025-05-29T19:55:26.414+0000] {dagbag.py:545} INFO - Filling up the DagBag from /home/airflow/.local/lib/python3.12/site-packages/airflow/example_dags/example_short_circuit_operator.py
[2025-05-29T19:55:26.425+0000] {processor.py:840} INFO - DAG(s) 'example_short_circuit_operator' retrieved from /home/airflow/.local/lib/python3.12/site-packages/airflow/example_dags/example_short_circuit_operator.py
[2025-05-29T19:55:26.458+0000] {logging_mixin.py:188} INFO - [2025-05-29T19:55:26.458+0000] {dag.py:3096} INFO - Sync 1 DAGs
[2025-05-29T19:55:26.491+0000] {logging_mixin.py:188} INFO - [2025-05-29T19:55:26.491+0000] {dag.py:3954} INFO - Setting next_dagrun for example_short_circuit_operator to 2025-05-28 00:00:00+00:00, run_after=2025-05-29 00:00:00+00:00
[2025-05-29T19:55:26.523+0000] {processor.py:183} INFO - Processing /home/airflow/.local/lib/python3.12/site-packages/airflow/example_dags/example_short_circuit_operator.py took 0.119 seconds
[2025-05-29T19:55:57.064+0000] {processor.py:161} INFO - Started process (PID=262) to work on /home/airflow/.local/lib/python3.12/site-packages/airflow/example_dags/example_short_circuit_operator.py
[2025-05-29T19:55:57.065+0000] {processor.py:830} INFO - Processing file /home/airflow/.local/lib/python3.12/site-packages/airflow/example_dags/example_short_circuit_operator.py for tasks to queue
[2025-05-29T19:55:57.068+0000] {logging_mixin.py:188} INFO - [2025-05-29T19:55:57.067+0000] {dagbag.py:545} INFO - Filling up the DagBag from /home/airflow/.local/lib/python3.12/site-packages/airflow/example_dags/example_short_circuit_operator.py
[2025-05-29T19:55:57.078+0000] {processor.py:840} INFO - DAG(s) 'example_short_circuit_operator' retrieved from /home/airflow/.local/lib/python3.12/site-packages/airflow/example_dags/example_short_circuit_operator.py
[2025-05-29T19:55:57.113+0000] {logging_mixin.py:188} INFO - [2025-05-29T19:55:57.113+0000] {dag.py:3096} INFO - Sync 1 DAGs
[2025-05-29T19:55:57.148+0000] {logging_mixin.py:188} INFO - [2025-05-29T19:55:57.148+0000] {dag.py:3954} INFO - Setting next_dagrun for example_short_circuit_operator to 2025-05-28 00:00:00+00:00, run_after=2025-05-29 00:00:00+00:00
[2025-05-29T19:55:57.184+0000] {processor.py:183} INFO - Processing /home/airflow/.local/lib/python3.12/site-packages/airflow/example_dags/example_short_circuit_operator.py took 0.127 seconds
[2025-05-29T19:56:27.945+0000] {processor.py:161} INFO - Started process (PID=319) to work on /home/airflow/.local/lib/python3.12/site-packages/airflow/example_dags/example_short_circuit_operator.py
[2025-05-29T19:56:27.947+0000] {processor.py:830} INFO - Processing file /home/airflow/.local/lib/python3.12/site-packages/airflow/example_dags/example_short_circuit_operator.py for tasks to queue
[2025-05-29T19:56:27.949+0000] {logging_mixin.py:188} INFO - [2025-05-29T19:56:27.949+0000] {dagbag.py:545} INFO - Filling up the DagBag from /home/airflow/.local/lib/python3.12/site-packages/airflow/example_dags/example_short_circuit_operator.py
[2025-05-29T19:56:27.959+0000] {processor.py:840} INFO - DAG(s) 'example_short_circuit_operator' retrieved from /home/airflow/.local/lib/python3.12/site-packages/airflow/example_dags/example_short_circuit_operator.py
[2025-05-29T19:56:27.999+0000] {logging_mixin.py:188} INFO - [2025-05-29T19:56:27.998+0000] {dag.py:3096} INFO - Sync 1 DAGs
[2025-05-29T19:56:28.037+0000] {logging_mixin.py:188} INFO - [2025-05-29T19:56:28.036+0000] {dag.py:3954} INFO - Setting next_dagrun for example_short_circuit_operator to 2025-05-28 00:00:00+00:00, run_after=2025-05-29 00:00:00+00:00
[2025-05-29T19:56:28.076+0000] {processor.py:183} INFO - Processing /home/airflow/.local/lib/python3.12/site-packages/airflow/example_dags/example_short_circuit_operator.py took 0.138 seconds
[2025-05-29T19:56:58.316+0000] {processor.py:161} INFO - Started process (PID=377) to work on /home/airflow/.local/lib/python3.12/site-packages/airflow/example_dags/example_short_circuit_operator.py
[2025-05-29T19:56:58.318+0000] {processor.py:830} INFO - Processing file /home/airflow/.local/lib/python3.12/site-packages/airflow/example_dags/example_short_circuit_operator.py for tasks to queue
[2025-05-29T19:56:58.320+0000] {logging_mixin.py:188} INFO - [2025-05-29T19:56:58.320+0000] {dagbag.py:545} INFO - Filling up the DagBag from /home/airflow/.local/lib/python3.12/site-packages/airflow/example_dags/example_short_circuit_operator.py
[2025-05-29T19:56:58.332+0000] {processor.py:840} INFO - DAG(s) 'example_short_circuit_operator' retrieved from /home/airflow/.local/lib/python3.12/site-packages/airflow/example_dags/example_short_circuit_operator.py
[2025-05-29T19:56:58.367+0000] {logging_mixin.py:188} INFO - [2025-05-29T19:56:58.367+0000] {dag.py:3096} INFO - Sync 1 DAGs
[2025-05-29T19:56:58.409+0000] {logging_mixin.py:188} INFO - [2025-05-29T19:56:58.409+0000] {dag.py:3954} INFO - Setting next_dagrun for example_short_circuit_operator to 2025-05-28 00:00:00+00:00, run_after=2025-05-29 00:00:00+00:00
[2025-05-29T19:56:58.446+0000] {processor.py:183} INFO - Processing /home/airflow/.local/lib/python3.12/site-packages/airflow/example_dags/example_short_circuit_operator.py took 0.141 seconds
[2025-05-29T19:57:28.676+0000] {processor.py:161} INFO - Started process (PID=435) to work on /home/airflow/.local/lib/python3.12/site-packages/airflow/example_dags/example_short_circuit_operator.py
[2025-05-29T19:57:28.677+0000] {processor.py:830} INFO - Processing file /home/airflow/.local/lib/python3.12/site-packages/airflow/example_dags/example_short_circuit_operator.py for tasks to queue
[2025-05-29T19:57:28.681+0000] {logging_mixin.py:188} INFO - [2025-05-29T19:57:28.680+0000] {dagbag.py:545} INFO - Filling up the DagBag from /home/airflow/.local/lib/python3.12/site-packages/airflow/example_dags/example_short_circuit_operator.py
[2025-05-29T19:57:28.692+0000] {processor.py:840} INFO - DAG(s) 'example_short_circuit_operator' retrieved from /home/airflow/.local/lib/python3.12/site-packages/airflow/example_dags/example_short_circuit_operator.py
[2025-05-29T19:57:28.735+0000] {logging_mixin.py:188} INFO - [2025-05-29T19:57:28.734+0000] {dag.py:3096} INFO - Sync 1 DAGs
[2025-05-29T19:57:28.771+0000] {logging_mixin.py:188} INFO - [2025-05-29T19:57:28.771+0000] {dag.py:3954} INFO - Setting next_dagrun for example_short_circuit_operator to 2025-05-28 00:00:00+00:00, run_after=2025-05-29 00:00:00+00:00
[2025-05-29T19:57:28.800+0000] {processor.py:183} INFO - Processing /home/airflow/.local/lib/python3.12/site-packages/airflow/example_dags/example_short_circuit_operator.py took 0.132 seconds
[2025-05-29T19:57:58.969+0000] {processor.py:161} INFO - Started process (PID=493) to work on /home/airflow/.local/lib/python3.12/site-packages/airflow/example_dags/example_short_circuit_operator.py
[2025-05-29T19:57:58.971+0000] {processor.py:830} INFO - Processing file /home/airflow/.local/lib/python3.12/site-packages/airflow/example_dags/example_short_circuit_operator.py for tasks to queue
[2025-05-29T19:57:58.973+0000] {logging_mixin.py:188} INFO - [2025-05-29T19:57:58.973+0000] {dagbag.py:545} INFO - Filling up the DagBag from /home/airflow/.local/lib/python3.12/site-packages/airflow/example_dags/example_short_circuit_operator.py
[2025-05-29T19:57:58.986+0000] {processor.py:840} INFO - DAG(s) 'example_short_circuit_operator' retrieved from /home/airflow/.local/lib/python3.12/site-packages/airflow/example_dags/example_short_circuit_operator.py
[2025-05-29T19:57:59.022+0000] {logging_mixin.py:188} INFO - [2025-05-29T19:57:59.022+0000] {dag.py:3096} INFO - Sync 1 DAGs
[2025-05-29T19:57:59.060+0000] {logging_mixin.py:188} INFO - [2025-05-29T19:57:59.059+0000] {dag.py:3954} INFO - Setting next_dagrun for example_short_circuit_operator to 2025-05-28 00:00:00+00:00, run_after=2025-05-29 00:00:00+00:00
[2025-05-29T19:57:59.096+0000] {processor.py:183} INFO - Processing /home/airflow/.local/lib/python3.12/site-packages/airflow/example_dags/example_short_circuit_operator.py took 0.134 seconds
[2025-05-29T19:58:30.019+0000] {processor.py:161} INFO - Started process (PID=551) to work on /home/airflow/.local/lib/python3.12/site-packages/airflow/example_dags/example_short_circuit_operator.py
[2025-05-29T19:58:30.020+0000] {processor.py:830} INFO - Processing file /home/airflow/.local/lib/python3.12/site-packages/airflow/example_dags/example_short_circuit_operator.py for tasks to queue
[2025-05-29T19:58:30.023+0000] {logging_mixin.py:188} INFO - [2025-05-29T19:58:30.023+0000] {dagbag.py:545} INFO - Filling up the DagBag from /home/airflow/.local/lib/python3.12/site-packages/airflow/example_dags/example_short_circuit_operator.py
[2025-05-29T19:58:30.038+0000] {processor.py:840} INFO - DAG(s) 'example_short_circuit_operator' retrieved from /home/airflow/.local/lib/python3.12/site-packages/airflow/example_dags/example_short_circuit_operator.py
[2025-05-29T19:58:30.087+0000] {logging_mixin.py:188} INFO - [2025-05-29T19:58:30.087+0000] {dag.py:3096} INFO - Sync 1 DAGs
[2025-05-29T19:58:30.126+0000] {logging_mixin.py:188} INFO - [2025-05-29T19:58:30.125+0000] {dag.py:3954} INFO - Setting next_dagrun for example_short_circuit_operator to 2025-05-28 00:00:00+00:00, run_after=2025-05-29 00:00:00+00:00
[2025-05-29T19:58:30.157+0000] {processor.py:183} INFO - Processing /home/airflow/.local/lib/python3.12/site-packages/airflow/example_dags/example_short_circuit_operator.py took 0.147 seconds
[2025-05-29T19:59:00.432+0000] {processor.py:161} INFO - Started process (PID=609) to work on /home/airflow/.local/lib/python3.12/site-packages/airflow/example_dags/example_short_circuit_operator.py
[2025-05-29T19:59:00.433+0000] {processor.py:830} INFO - Processing file /home/airflow/.local/lib/python3.12/site-packages/airflow/example_dags/example_short_circuit_operator.py for tasks to queue
[2025-05-29T19:59:00.436+0000] {logging_mixin.py:188} INFO - [2025-05-29T19:59:00.436+0000] {dagbag.py:545} INFO - Filling up the DagBag from /home/airflow/.local/lib/python3.12/site-packages/airflow/example_dags/example_short_circuit_operator.py
[2025-05-29T19:59:00.447+0000] {processor.py:840} INFO - DAG(s) 'example_short_circuit_operator' retrieved from /home/airflow/.local/lib/python3.12/site-packages/airflow/example_dags/example_short_circuit_operator.py
[2025-05-29T19:59:00.485+0000] {logging_mixin.py:188} INFO - [2025-05-29T19:59:00.485+0000] {dag.py:3096} INFO - Sync 1 DAGs
[2025-05-29T19:59:00.521+0000] {logging_mixin.py:188} INFO - [2025-05-29T19:59:00.520+0000] {dag.py:3954} INFO - Setting next_dagrun for example_short_circuit_operator to 2025-05-28 00:00:00+00:00, run_after=2025-05-29 00:00:00+00:00
[2025-05-29T19:59:00.553+0000] {processor.py:183} INFO - Processing /home/airflow/.local/lib/python3.12/site-packages/airflow/example_dags/example_short_circuit_operator.py took 0.129 seconds
[2025-05-29T19:59:30.976+0000] {processor.py:161} INFO - Started process (PID=667) to work on /home/airflow/.local/lib/python3.12/site-packages/airflow/example_dags/example_short_circuit_operator.py
[2025-05-29T19:59:30.978+0000] {processor.py:830} INFO - Processing file /home/airflow/.local/lib/python3.12/site-packages/airflow/example_dags/example_short_circuit_operator.py for tasks to queue
[2025-05-29T19:59:30.981+0000] {logging_mixin.py:188} INFO - [2025-05-29T19:59:30.980+0000] {dagbag.py:545} INFO - Filling up the DagBag from /home/airflow/.local/lib/python3.12/site-packages/airflow/example_dags/example_short_circuit_operator.py
[2025-05-29T19:59:30.991+0000] {processor.py:840} INFO - DAG(s) 'example_short_circuit_operator' retrieved from /home/airflow/.local/lib/python3.12/site-packages/airflow/example_dags/example_short_circuit_operator.py
[2025-05-29T19:59:31.019+0000] {logging_mixin.py:188} INFO - [2025-05-29T19:59:31.018+0000] {dag.py:3096} INFO - Sync 1 DAGs
[2025-05-29T19:59:31.047+0000] {logging_mixin.py:188} INFO - [2025-05-29T19:59:31.046+0000] {dag.py:3954} INFO - Setting next_dagrun for example_short_circuit_operator to 2025-05-28 00:00:00+00:00, run_after=2025-05-29 00:00:00+00:00
[2025-05-29T19:59:31.072+0000] {processor.py:183} INFO - Processing /home/airflow/.local/lib/python3.12/site-packages/airflow/example_dags/example_short_circuit_operator.py took 0.102 seconds
[2025-05-29T20:00:01.196+0000] {processor.py:161} INFO - Started process (PID=725) to work on /home/airflow/.local/lib/python3.12/site-packages/airflow/example_dags/example_short_circuit_operator.py
[2025-05-29T20:00:01.198+0000] {processor.py:830} INFO - Processing file /home/airflow/.local/lib/python3.12/site-packages/airflow/example_dags/example_short_circuit_operator.py for tasks to queue
[2025-05-29T20:00:01.203+0000] {logging_mixin.py:188} INFO - [2025-05-29T20:00:01.202+0000] {dagbag.py:545} INFO - Filling up the DagBag from /home/airflow/.local/lib/python3.12/site-packages/airflow/example_dags/example_short_circuit_operator.py
[2025-05-29T20:00:01.254+0000] {processor.py:840} INFO - DAG(s) 'example_short_circuit_operator' retrieved from /home/airflow/.local/lib/python3.12/site-packages/airflow/example_dags/example_short_circuit_operator.py
[2025-05-29T20:00:01.314+0000] {logging_mixin.py:188} INFO - [2025-05-29T20:00:01.314+0000] {dag.py:3096} INFO - Sync 1 DAGs
[2025-05-29T20:00:01.365+0000] {logging_mixin.py:188} INFO - [2025-05-29T20:00:01.364+0000] {dag.py:3954} INFO - Setting next_dagrun for example_short_circuit_operator to 2025-05-28 00:00:00+00:00, run_after=2025-05-29 00:00:00+00:00
[2025-05-29T20:00:01.397+0000] {processor.py:183} INFO - Processing /home/airflow/.local/lib/python3.12/site-packages/airflow/example_dags/example_short_circuit_operator.py took 0.207 seconds
[2025-05-29T20:00:32.283+0000] {processor.py:161} INFO - Started process (PID=783) to work on /home/airflow/.local/lib/python3.12/site-packages/airflow/example_dags/example_short_circuit_operator.py
[2025-05-29T20:00:32.284+0000] {processor.py:830} INFO - Processing file /home/airflow/.local/lib/python3.12/site-packages/airflow/example_dags/example_short_circuit_operator.py for tasks to queue
[2025-05-29T20:00:32.287+0000] {logging_mixin.py:188} INFO - [2025-05-29T20:00:32.287+0000] {dagbag.py:545} INFO - Filling up the DagBag from /home/airflow/.local/lib/python3.12/site-packages/airflow/example_dags/example_short_circuit_operator.py
[2025-05-29T20:00:32.297+0000] {processor.py:840} INFO - DAG(s) 'example_short_circuit_operator' retrieved from /home/airflow/.local/lib/python3.12/site-packages/airflow/example_dags/example_short_circuit_operator.py
[2025-05-29T20:00:32.330+0000] {logging_mixin.py:188} INFO - [2025-05-29T20:00:32.329+0000] {dag.py:3096} INFO - Sync 1 DAGs
[2025-05-29T20:00:32.360+0000] {logging_mixin.py:188} INFO - [2025-05-29T20:00:32.360+0000] {dag.py:3954} INFO - Setting next_dagrun for example_short_circuit_operator to 2025-05-28 00:00:00+00:00, run_after=2025-05-29 00:00:00+00:00
[2025-05-29T20:00:32.405+0000] {processor.py:183} INFO - Processing /home/airflow/.local/lib/python3.12/site-packages/airflow/example_dags/example_short_circuit_operator.py took 0.130 seconds
[2025-05-29T20:01:02.945+0000] {processor.py:161} INFO - Started process (PID=841) to work on /home/airflow/.local/lib/python3.12/site-packages/airflow/example_dags/example_short_circuit_operator.py
[2025-05-29T20:01:02.947+0000] {processor.py:830} INFO - Processing file /home/airflow/.local/lib/python3.12/site-packages/airflow/example_dags/example_short_circuit_operator.py for tasks to queue
[2025-05-29T20:01:02.950+0000] {logging_mixin.py:188} INFO - [2025-05-29T20:01:02.949+0000] {dagbag.py:545} INFO - Filling up the DagBag from /home/airflow/.local/lib/python3.12/site-packages/airflow/example_dags/example_short_circuit_operator.py
[2025-05-29T20:01:02.962+0000] {processor.py:840} INFO - DAG(s) 'example_short_circuit_operator' retrieved from /home/airflow/.local/lib/python3.12/site-packages/airflow/example_dags/example_short_circuit_operator.py
[2025-05-29T20:01:02.999+0000] {logging_mixin.py:188} INFO - [2025-05-29T20:01:02.998+0000] {dag.py:3096} INFO - Sync 1 DAGs
[2025-05-29T20:01:03.033+0000] {logging_mixin.py:188} INFO - [2025-05-29T20:01:03.032+0000] {dag.py:3954} INFO - Setting next_dagrun for example_short_circuit_operator to 2025-05-28 00:00:00+00:00, run_after=2025-05-29 00:00:00+00:00
[2025-05-29T20:01:03.066+0000] {processor.py:183} INFO - Processing /home/airflow/.local/lib/python3.12/site-packages/airflow/example_dags/example_short_circuit_operator.py took 0.131 seconds
