[2025-05-29T19:54:27.722+0000] {processor.py:161} INFO - Started process (PID=98) to work on /home/airflow/.local/lib/python3.12/site-packages/airflow/example_dags/example_latest_only_with_trigger.py
[2025-05-29T19:54:27.724+0000] {processor.py:830} INFO - Processing file /home/airflow/.local/lib/python3.12/site-packages/airflow/example_dags/example_latest_only_with_trigger.py for tasks to queue
[2025-05-29T19:54:27.727+0000] {logging_mixin.py:188} INFO - [2025-05-29T19:54:27.726+0000] {dagbag.py:545} INFO - Filling up the DagBag from /home/airflow/.local/lib/python3.12/site-packages/airflow/example_dags/example_latest_only_with_trigger.py
[2025-05-29T19:54:27.740+0000] {processor.py:840} INFO - DAG(s) 'latest_only_with_trigger' retrieved from /home/airflow/.local/lib/python3.12/site-packages/airflow/example_dags/example_latest_only_with_trigger.py
[2025-05-29T19:54:27.932+0000] {logging_mixin.py:188} INFO - [2025-05-29T19:54:27.931+0000] {dag.py:3096} INFO - Sync 1 DAGs
[2025-05-29T19:54:27.966+0000] {logging_mixin.py:188} INFO - [2025-05-29T19:54:27.966+0000] {dag.py:3954} INFO - Setting next_dagrun for latest_only_with_trigger to 2025-05-29 12:00:00+00:00, run_after=2025-05-29 16:00:00+00:00
[2025-05-29T19:54:28.002+0000] {processor.py:183} INFO - Processing /home/airflow/.local/lib/python3.12/site-packages/airflow/example_dags/example_latest_only_with_trigger.py took 0.288 seconds
[2025-05-29T19:54:58.547+0000] {processor.py:161} INFO - Started process (PID=156) to work on /home/airflow/.local/lib/python3.12/site-packages/airflow/example_dags/example_latest_only_with_trigger.py
[2025-05-29T19:54:58.548+0000] {processor.py:830} INFO - Processing file /home/airflow/.local/lib/python3.12/site-packages/airflow/example_dags/example_latest_only_with_trigger.py for tasks to queue
[2025-05-29T19:54:58.551+0000] {logging_mixin.py:188} INFO - [2025-05-29T19:54:58.551+0000] {dagbag.py:545} INFO - Filling up the DagBag from /home/airflow/.local/lib/python3.12/site-packages/airflow/example_dags/example_latest_only_with_trigger.py
[2025-05-29T19:54:58.559+0000] {processor.py:840} INFO - DAG(s) 'latest_only_with_trigger' retrieved from /home/airflow/.local/lib/python3.12/site-packages/airflow/example_dags/example_latest_only_with_trigger.py
[2025-05-29T19:54:58.588+0000] {logging_mixin.py:188} INFO - [2025-05-29T19:54:58.588+0000] {dag.py:3096} INFO - Sync 1 DAGs
[2025-05-29T19:54:58.621+0000] {logging_mixin.py:188} INFO - [2025-05-29T19:54:58.621+0000] {dag.py:3954} INFO - Setting next_dagrun for latest_only_with_trigger to 2025-05-29 12:00:00+00:00, run_after=2025-05-29 16:00:00+00:00
[2025-05-29T19:54:58.650+0000] {processor.py:183} INFO - Processing /home/airflow/.local/lib/python3.12/site-packages/airflow/example_dags/example_latest_only_with_trigger.py took 0.111 seconds
[2025-05-29T19:55:28.739+0000] {processor.py:161} INFO - Started process (PID=214) to work on /home/airflow/.local/lib/python3.12/site-packages/airflow/example_dags/example_latest_only_with_trigger.py
[2025-05-29T19:55:28.740+0000] {processor.py:830} INFO - Processing file /home/airflow/.local/lib/python3.12/site-packages/airflow/example_dags/example_latest_only_with_trigger.py for tasks to queue
[2025-05-29T19:55:28.742+0000] {logging_mixin.py:188} INFO - [2025-05-29T19:55:28.742+0000] {dagbag.py:545} INFO - Filling up the DagBag from /home/airflow/.local/lib/python3.12/site-packages/airflow/example_dags/example_latest_only_with_trigger.py
[2025-05-29T19:55:28.750+0000] {processor.py:840} INFO - DAG(s) 'latest_only_with_trigger' retrieved from /home/airflow/.local/lib/python3.12/site-packages/airflow/example_dags/example_latest_only_with_trigger.py
[2025-05-29T19:55:28.778+0000] {logging_mixin.py:188} INFO - [2025-05-29T19:55:28.777+0000] {dag.py:3096} INFO - Sync 1 DAGs
[2025-05-29T19:55:28.807+0000] {logging_mixin.py:188} INFO - [2025-05-29T19:55:28.807+0000] {dag.py:3954} INFO - Setting next_dagrun for latest_only_with_trigger to 2025-05-29 12:00:00+00:00, run_after=2025-05-29 16:00:00+00:00
[2025-05-29T19:55:28.839+0000] {processor.py:183} INFO - Processing /home/airflow/.local/lib/python3.12/site-packages/airflow/example_dags/example_latest_only_with_trigger.py took 0.108 seconds
[2025-05-29T19:55:59.042+0000] {processor.py:161} INFO - Started process (PID=272) to work on /home/airflow/.local/lib/python3.12/site-packages/airflow/example_dags/example_latest_only_with_trigger.py
[2025-05-29T19:55:59.044+0000] {processor.py:830} INFO - Processing file /home/airflow/.local/lib/python3.12/site-packages/airflow/example_dags/example_latest_only_with_trigger.py for tasks to queue
[2025-05-29T19:55:59.047+0000] {logging_mixin.py:188} INFO - [2025-05-29T19:55:59.046+0000] {dagbag.py:545} INFO - Filling up the DagBag from /home/airflow/.local/lib/python3.12/site-packages/airflow/example_dags/example_latest_only_with_trigger.py
[2025-05-29T19:55:59.054+0000] {processor.py:840} INFO - DAG(s) 'latest_only_with_trigger' retrieved from /home/airflow/.local/lib/python3.12/site-packages/airflow/example_dags/example_latest_only_with_trigger.py
[2025-05-29T19:55:59.082+0000] {logging_mixin.py:188} INFO - [2025-05-29T19:55:59.082+0000] {dag.py:3096} INFO - Sync 1 DAGs
[2025-05-29T19:55:59.116+0000] {logging_mixin.py:188} INFO - [2025-05-29T19:55:59.115+0000] {dag.py:3954} INFO - Setting next_dagrun for latest_only_with_trigger to 2025-05-29 12:00:00+00:00, run_after=2025-05-29 16:00:00+00:00
[2025-05-29T19:55:59.146+0000] {processor.py:183} INFO - Processing /home/airflow/.local/lib/python3.12/site-packages/airflow/example_dags/example_latest_only_with_trigger.py took 0.111 seconds
[2025-05-29T19:56:29.920+0000] {processor.py:161} INFO - Started process (PID=330) to work on /home/airflow/.local/lib/python3.12/site-packages/airflow/example_dags/example_latest_only_with_trigger.py
[2025-05-29T19:56:29.921+0000] {processor.py:830} INFO - Processing file /home/airflow/.local/lib/python3.12/site-packages/airflow/example_dags/example_latest_only_with_trigger.py for tasks to queue
[2025-05-29T19:56:29.927+0000] {logging_mixin.py:188} INFO - [2025-05-29T19:56:29.925+0000] {dagbag.py:545} INFO - Filling up the DagBag from /home/airflow/.local/lib/python3.12/site-packages/airflow/example_dags/example_latest_only_with_trigger.py
[2025-05-29T19:56:29.954+0000] {processor.py:840} INFO - DAG(s) 'latest_only_with_trigger' retrieved from /home/airflow/.local/lib/python3.12/site-packages/airflow/example_dags/example_latest_only_with_trigger.py
[2025-05-29T19:56:29.984+0000] {logging_mixin.py:188} INFO - [2025-05-29T19:56:29.984+0000] {dag.py:3096} INFO - Sync 1 DAGs
[2025-05-29T19:56:30.019+0000] {logging_mixin.py:188} INFO - [2025-05-29T19:56:30.018+0000] {dag.py:3954} INFO - Setting next_dagrun for latest_only_with_trigger to 2025-05-29 12:00:00+00:00, run_after=2025-05-29 16:00:00+00:00
[2025-05-29T19:56:30.045+0000] {processor.py:183} INFO - Processing /home/airflow/.local/lib/python3.12/site-packages/airflow/example_dags/example_latest_only_with_trigger.py took 0.135 seconds
[2025-05-29T19:57:00.623+0000] {processor.py:161} INFO - Started process (PID=388) to work on /home/airflow/.local/lib/python3.12/site-packages/airflow/example_dags/example_latest_only_with_trigger.py
[2025-05-29T19:57:00.625+0000] {processor.py:830} INFO - Processing file /home/airflow/.local/lib/python3.12/site-packages/airflow/example_dags/example_latest_only_with_trigger.py for tasks to queue
[2025-05-29T19:57:00.628+0000] {logging_mixin.py:188} INFO - [2025-05-29T19:57:00.627+0000] {dagbag.py:545} INFO - Filling up the DagBag from /home/airflow/.local/lib/python3.12/site-packages/airflow/example_dags/example_latest_only_with_trigger.py
[2025-05-29T19:57:00.635+0000] {processor.py:840} INFO - DAG(s) 'latest_only_with_trigger' retrieved from /home/airflow/.local/lib/python3.12/site-packages/airflow/example_dags/example_latest_only_with_trigger.py
[2025-05-29T19:57:00.665+0000] {logging_mixin.py:188} INFO - [2025-05-29T19:57:00.665+0000] {dag.py:3096} INFO - Sync 1 DAGs
[2025-05-29T19:57:00.700+0000] {logging_mixin.py:188} INFO - [2025-05-29T19:57:00.700+0000] {dag.py:3954} INFO - Setting next_dagrun for latest_only_with_trigger to 2025-05-29 12:00:00+00:00, run_after=2025-05-29 16:00:00+00:00
[2025-05-29T19:57:00.752+0000] {processor.py:183} INFO - Processing /home/airflow/.local/lib/python3.12/site-packages/airflow/example_dags/example_latest_only_with_trigger.py took 0.136 seconds
[2025-05-29T19:57:30.895+0000] {processor.py:161} INFO - Started process (PID=446) to work on /home/airflow/.local/lib/python3.12/site-packages/airflow/example_dags/example_latest_only_with_trigger.py
[2025-05-29T19:57:30.896+0000] {processor.py:830} INFO - Processing file /home/airflow/.local/lib/python3.12/site-packages/airflow/example_dags/example_latest_only_with_trigger.py for tasks to queue
[2025-05-29T19:57:30.900+0000] {logging_mixin.py:188} INFO - [2025-05-29T19:57:30.900+0000] {dagbag.py:545} INFO - Filling up the DagBag from /home/airflow/.local/lib/python3.12/site-packages/airflow/example_dags/example_latest_only_with_trigger.py
[2025-05-29T19:57:30.907+0000] {processor.py:840} INFO - DAG(s) 'latest_only_with_trigger' retrieved from /home/airflow/.local/lib/python3.12/site-packages/airflow/example_dags/example_latest_only_with_trigger.py
[2025-05-29T19:57:30.937+0000] {logging_mixin.py:188} INFO - [2025-05-29T19:57:30.936+0000] {dag.py:3096} INFO - Sync 1 DAGs
[2025-05-29T19:57:30.968+0000] {logging_mixin.py:188} INFO - [2025-05-29T19:57:30.967+0000] {dag.py:3954} INFO - Setting next_dagrun for latest_only_with_trigger to 2025-05-29 12:00:00+00:00, run_after=2025-05-29 16:00:00+00:00
[2025-05-29T19:57:30.994+0000] {processor.py:183} INFO - Processing /home/airflow/.local/lib/python3.12/site-packages/airflow/example_dags/example_latest_only_with_trigger.py took 0.106 seconds
[2025-05-29T19:58:01.135+0000] {processor.py:161} INFO - Started process (PID=504) to work on /home/airflow/.local/lib/python3.12/site-packages/airflow/example_dags/example_latest_only_with_trigger.py
[2025-05-29T19:58:01.137+0000] {processor.py:830} INFO - Processing file /home/airflow/.local/lib/python3.12/site-packages/airflow/example_dags/example_latest_only_with_trigger.py for tasks to queue
[2025-05-29T19:58:01.139+0000] {logging_mixin.py:188} INFO - [2025-05-29T19:58:01.139+0000] {dagbag.py:545} INFO - Filling up the DagBag from /home/airflow/.local/lib/python3.12/site-packages/airflow/example_dags/example_latest_only_with_trigger.py
[2025-05-29T19:58:01.146+0000] {processor.py:840} INFO - DAG(s) 'latest_only_with_trigger' retrieved from /home/airflow/.local/lib/python3.12/site-packages/airflow/example_dags/example_latest_only_with_trigger.py
[2025-05-29T19:58:01.174+0000] {logging_mixin.py:188} INFO - [2025-05-29T19:58:01.174+0000] {dag.py:3096} INFO - Sync 1 DAGs
[2025-05-29T19:58:01.206+0000] {logging_mixin.py:188} INFO - [2025-05-29T19:58:01.206+0000] {dag.py:3954} INFO - Setting next_dagrun for latest_only_with_trigger to 2025-05-29 12:00:00+00:00, run_after=2025-05-29 16:00:00+00:00
[2025-05-29T19:58:01.234+0000] {processor.py:183} INFO - Processing /home/airflow/.local/lib/python3.12/site-packages/airflow/example_dags/example_latest_only_with_trigger.py took 0.106 seconds
[2025-05-29T19:58:31.877+0000] {processor.py:161} INFO - Started process (PID=562) to work on /home/airflow/.local/lib/python3.12/site-packages/airflow/example_dags/example_latest_only_with_trigger.py
[2025-05-29T19:58:31.879+0000] {processor.py:830} INFO - Processing file /home/airflow/.local/lib/python3.12/site-packages/airflow/example_dags/example_latest_only_with_trigger.py for tasks to queue
[2025-05-29T19:58:31.882+0000] {logging_mixin.py:188} INFO - [2025-05-29T19:58:31.881+0000] {dagbag.py:545} INFO - Filling up the DagBag from /home/airflow/.local/lib/python3.12/site-packages/airflow/example_dags/example_latest_only_with_trigger.py
[2025-05-29T19:58:31.891+0000] {processor.py:840} INFO - DAG(s) 'latest_only_with_trigger' retrieved from /home/airflow/.local/lib/python3.12/site-packages/airflow/example_dags/example_latest_only_with_trigger.py
[2025-05-29T19:58:31.921+0000] {logging_mixin.py:188} INFO - [2025-05-29T19:58:31.920+0000] {dag.py:3096} INFO - Sync 1 DAGs
[2025-05-29T19:58:31.957+0000] {logging_mixin.py:188} INFO - [2025-05-29T19:58:31.956+0000] {dag.py:3954} INFO - Setting next_dagrun for latest_only_with_trigger to 2025-05-29 12:00:00+00:00, run_after=2025-05-29 16:00:00+00:00
[2025-05-29T19:58:31.992+0000] {processor.py:183} INFO - Processing /home/airflow/.local/lib/python3.12/site-packages/airflow/example_dags/example_latest_only_with_trigger.py took 0.123 seconds
[2025-05-29T19:59:02.471+0000] {processor.py:161} INFO - Started process (PID=620) to work on /home/airflow/.local/lib/python3.12/site-packages/airflow/example_dags/example_latest_only_with_trigger.py
[2025-05-29T19:59:02.472+0000] {processor.py:830} INFO - Processing file /home/airflow/.local/lib/python3.12/site-packages/airflow/example_dags/example_latest_only_with_trigger.py for tasks to queue
[2025-05-29T19:59:02.475+0000] {logging_mixin.py:188} INFO - [2025-05-29T19:59:02.474+0000] {dagbag.py:545} INFO - Filling up the DagBag from /home/airflow/.local/lib/python3.12/site-packages/airflow/example_dags/example_latest_only_with_trigger.py
[2025-05-29T19:59:02.482+0000] {processor.py:840} INFO - DAG(s) 'latest_only_with_trigger' retrieved from /home/airflow/.local/lib/python3.12/site-packages/airflow/example_dags/example_latest_only_with_trigger.py
[2025-05-29T19:59:02.512+0000] {logging_mixin.py:188} INFO - [2025-05-29T19:59:02.512+0000] {dag.py:3096} INFO - Sync 1 DAGs
[2025-05-29T19:59:02.552+0000] {logging_mixin.py:188} INFO - [2025-05-29T19:59:02.552+0000] {dag.py:3954} INFO - Setting next_dagrun for latest_only_with_trigger to 2025-05-29 12:00:00+00:00, run_after=2025-05-29 16:00:00+00:00
[2025-05-29T19:59:02.585+0000] {processor.py:183} INFO - Processing /home/airflow/.local/lib/python3.12/site-packages/airflow/example_dags/example_latest_only_with_trigger.py took 0.122 seconds
[2025-05-29T19:59:32.900+0000] {processor.py:161} INFO - Started process (PID=678) to work on /home/airflow/.local/lib/python3.12/site-packages/airflow/example_dags/example_latest_only_with_trigger.py
[2025-05-29T19:59:32.902+0000] {processor.py:830} INFO - Processing file /home/airflow/.local/lib/python3.12/site-packages/airflow/example_dags/example_latest_only_with_trigger.py for tasks to queue
[2025-05-29T19:59:32.904+0000] {logging_mixin.py:188} INFO - [2025-05-29T19:59:32.904+0000] {dagbag.py:545} INFO - Filling up the DagBag from /home/airflow/.local/lib/python3.12/site-packages/airflow/example_dags/example_latest_only_with_trigger.py
[2025-05-29T19:59:32.911+0000] {processor.py:840} INFO - DAG(s) 'latest_only_with_trigger' retrieved from /home/airflow/.local/lib/python3.12/site-packages/airflow/example_dags/example_latest_only_with_trigger.py
[2025-05-29T19:59:32.941+0000] {logging_mixin.py:188} INFO - [2025-05-29T19:59:32.941+0000] {dag.py:3096} INFO - Sync 1 DAGs
[2025-05-29T19:59:32.973+0000] {logging_mixin.py:188} INFO - [2025-05-29T19:59:32.973+0000] {dag.py:3954} INFO - Setting next_dagrun for latest_only_with_trigger to 2025-05-29 12:00:00+00:00, run_after=2025-05-29 16:00:00+00:00
[2025-05-29T19:59:33.001+0000] {processor.py:183} INFO - Processing /home/airflow/.local/lib/python3.12/site-packages/airflow/example_dags/example_latest_only_with_trigger.py took 0.108 seconds
[2025-05-29T20:00:03.498+0000] {processor.py:161} INFO - Started process (PID=736) to work on /home/airflow/.local/lib/python3.12/site-packages/airflow/example_dags/example_latest_only_with_trigger.py
[2025-05-29T20:00:03.499+0000] {processor.py:830} INFO - Processing file /home/airflow/.local/lib/python3.12/site-packages/airflow/example_dags/example_latest_only_with_trigger.py for tasks to queue
[2025-05-29T20:00:03.503+0000] {logging_mixin.py:188} INFO - [2025-05-29T20:00:03.502+0000] {dagbag.py:545} INFO - Filling up the DagBag from /home/airflow/.local/lib/python3.12/site-packages/airflow/example_dags/example_latest_only_with_trigger.py
[2025-05-29T20:00:03.511+0000] {processor.py:840} INFO - DAG(s) 'latest_only_with_trigger' retrieved from /home/airflow/.local/lib/python3.12/site-packages/airflow/example_dags/example_latest_only_with_trigger.py
[2025-05-29T20:00:03.543+0000] {logging_mixin.py:188} INFO - [2025-05-29T20:00:03.543+0000] {dag.py:3096} INFO - Sync 1 DAGs
[2025-05-29T20:00:03.609+0000] {logging_mixin.py:188} INFO - [2025-05-29T20:00:03.608+0000] {dag.py:3954} INFO - Setting next_dagrun for latest_only_with_trigger to 2025-05-29 16:00:00+00:00, run_after=2025-05-29 20:00:00+00:00
[2025-05-29T20:00:03.662+0000] {processor.py:183} INFO - Processing /home/airflow/.local/lib/python3.12/site-packages/airflow/example_dags/example_latest_only_with_trigger.py took 0.170 seconds
[2025-05-29T20:00:34.407+0000] {processor.py:161} INFO - Started process (PID=794) to work on /home/airflow/.local/lib/python3.12/site-packages/airflow/example_dags/example_latest_only_with_trigger.py
[2025-05-29T20:00:34.408+0000] {processor.py:830} INFO - Processing file /home/airflow/.local/lib/python3.12/site-packages/airflow/example_dags/example_latest_only_with_trigger.py for tasks to queue
[2025-05-29T20:00:34.411+0000] {logging_mixin.py:188} INFO - [2025-05-29T20:00:34.411+0000] {dagbag.py:545} INFO - Filling up the DagBag from /home/airflow/.local/lib/python3.12/site-packages/airflow/example_dags/example_latest_only_with_trigger.py
[2025-05-29T20:00:34.418+0000] {processor.py:840} INFO - DAG(s) 'latest_only_with_trigger' retrieved from /home/airflow/.local/lib/python3.12/site-packages/airflow/example_dags/example_latest_only_with_trigger.py
[2025-05-29T20:00:34.446+0000] {logging_mixin.py:188} INFO - [2025-05-29T20:00:34.445+0000] {dag.py:3096} INFO - Sync 1 DAGs
[2025-05-29T20:00:34.479+0000] {logging_mixin.py:188} INFO - [2025-05-29T20:00:34.479+0000] {dag.py:3954} INFO - Setting next_dagrun for latest_only_with_trigger to 2025-05-29 16:00:00+00:00, run_after=2025-05-29 20:00:00+00:00
[2025-05-29T20:00:34.507+0000] {processor.py:183} INFO - Processing /home/airflow/.local/lib/python3.12/site-packages/airflow/example_dags/example_latest_only_with_trigger.py took 0.107 seconds
[2025-05-29T20:01:05.045+0000] {processor.py:161} INFO - Started process (PID=852) to work on /home/airflow/.local/lib/python3.12/site-packages/airflow/example_dags/example_latest_only_with_trigger.py
[2025-05-29T20:01:05.046+0000] {processor.py:830} INFO - Processing file /home/airflow/.local/lib/python3.12/site-packages/airflow/example_dags/example_latest_only_with_trigger.py for tasks to queue
[2025-05-29T20:01:05.051+0000] {logging_mixin.py:188} INFO - [2025-05-29T20:01:05.049+0000] {dagbag.py:545} INFO - Filling up the DagBag from /home/airflow/.local/lib/python3.12/site-packages/airflow/example_dags/example_latest_only_with_trigger.py
[2025-05-29T20:01:05.065+0000] {processor.py:840} INFO - DAG(s) 'latest_only_with_trigger' retrieved from /home/airflow/.local/lib/python3.12/site-packages/airflow/example_dags/example_latest_only_with_trigger.py
[2025-05-29T20:01:05.096+0000] {logging_mixin.py:188} INFO - [2025-05-29T20:01:05.096+0000] {dag.py:3096} INFO - Sync 1 DAGs
[2025-05-29T20:01:05.129+0000] {logging_mixin.py:188} INFO - [2025-05-29T20:01:05.129+0000] {dag.py:3954} INFO - Setting next_dagrun for latest_only_with_trigger to 2025-05-29 16:00:00+00:00, run_after=2025-05-29 20:00:00+00:00
[2025-05-29T20:01:05.159+0000] {processor.py:183} INFO - Processing /home/airflow/.local/lib/python3.12/site-packages/airflow/example_dags/example_latest_only_with_trigger.py took 0.126 seconds
