[2025-05-29T19:54:30.357+0000] {processor.py:161} INFO - Started process (PID=112) to work on /home/airflow/.local/lib/python3.12/site-packages/airflow/example_dags/example_task_group.py
[2025-05-29T19:54:30.358+0000] {processor.py:830} INFO - Processing file /home/airflow/.local/lib/python3.12/site-packages/airflow/example_dags/example_task_group.py for tasks to queue
[2025-05-29T19:54:30.361+0000] {logging_mixin.py:188} INFO - [2025-05-29T19:54:30.360+0000] {dagbag.py:545} INFO - Filling up the DagBag from /home/airflow/.local/lib/python3.12/site-packages/airflow/example_dags/example_task_group.py
[2025-05-29T19:54:30.373+0000] {processor.py:840} INFO - DAG(s) 'example_task_group' retrieved from /home/airflow/.local/lib/python3.12/site-packages/airflow/example_dags/example_task_group.py
[2025-05-29T19:54:30.531+0000] {logging_mixin.py:188} INFO - [2025-05-29T19:54:30.530+0000] {dag.py:3096} INFO - Sync 1 DAGs
[2025-05-29T19:54:30.562+0000] {logging_mixin.py:188} INFO - [2025-05-29T19:54:30.561+0000] {dag.py:3954} INFO - Setting next_dagrun for example_task_group to 2025-05-28 00:00:00+00:00, run_after=2025-05-29 00:00:00+00:00
[2025-05-29T19:54:30.597+0000] {processor.py:183} INFO - Processing /home/airflow/.local/lib/python3.12/site-packages/airflow/example_dags/example_task_group.py took 0.248 seconds
[2025-05-29T19:55:00.814+0000] {processor.py:161} INFO - Started process (PID=170) to work on /home/airflow/.local/lib/python3.12/site-packages/airflow/example_dags/example_task_group.py
[2025-05-29T19:55:00.815+0000] {processor.py:830} INFO - Processing file /home/airflow/.local/lib/python3.12/site-packages/airflow/example_dags/example_task_group.py for tasks to queue
[2025-05-29T19:55:00.817+0000] {logging_mixin.py:188} INFO - [2025-05-29T19:55:00.817+0000] {dagbag.py:545} INFO - Filling up the DagBag from /home/airflow/.local/lib/python3.12/site-packages/airflow/example_dags/example_task_group.py
[2025-05-29T19:55:00.827+0000] {processor.py:840} INFO - DAG(s) 'example_task_group' retrieved from /home/airflow/.local/lib/python3.12/site-packages/airflow/example_dags/example_task_group.py
[2025-05-29T19:55:00.858+0000] {logging_mixin.py:188} INFO - [2025-05-29T19:55:00.857+0000] {dag.py:3096} INFO - Sync 1 DAGs
[2025-05-29T19:55:00.888+0000] {logging_mixin.py:188} INFO - [2025-05-29T19:55:00.888+0000] {dag.py:3954} INFO - Setting next_dagrun for example_task_group to 2025-05-28 00:00:00+00:00, run_after=2025-05-29 00:00:00+00:00
[2025-05-29T19:55:00.916+0000] {processor.py:183} INFO - Processing /home/airflow/.local/lib/python3.12/site-packages/airflow/example_dags/example_task_group.py took 0.112 seconds
[2025-05-29T19:55:31.236+0000] {processor.py:161} INFO - Started process (PID=228) to work on /home/airflow/.local/lib/python3.12/site-packages/airflow/example_dags/example_task_group.py
[2025-05-29T19:55:31.238+0000] {processor.py:830} INFO - Processing file /home/airflow/.local/lib/python3.12/site-packages/airflow/example_dags/example_task_group.py for tasks to queue
[2025-05-29T19:55:31.240+0000] {logging_mixin.py:188} INFO - [2025-05-29T19:55:31.240+0000] {dagbag.py:545} INFO - Filling up the DagBag from /home/airflow/.local/lib/python3.12/site-packages/airflow/example_dags/example_task_group.py
[2025-05-29T19:55:31.256+0000] {processor.py:840} INFO - DAG(s) 'example_task_group' retrieved from /home/airflow/.local/lib/python3.12/site-packages/airflow/example_dags/example_task_group.py
[2025-05-29T19:55:31.296+0000] {logging_mixin.py:188} INFO - [2025-05-29T19:55:31.296+0000] {dag.py:3096} INFO - Sync 1 DAGs
[2025-05-29T19:55:31.339+0000] {logging_mixin.py:188} INFO - [2025-05-29T19:55:31.338+0000] {dag.py:3954} INFO - Setting next_dagrun for example_task_group to 2025-05-28 00:00:00+00:00, run_after=2025-05-29 00:00:00+00:00
[2025-05-29T19:55:31.374+0000] {processor.py:183} INFO - Processing /home/airflow/.local/lib/python3.12/site-packages/airflow/example_dags/example_task_group.py took 0.147 seconds
[2025-05-29T19:56:01.658+0000] {processor.py:161} INFO - Started process (PID=286) to work on /home/airflow/.local/lib/python3.12/site-packages/airflow/example_dags/example_task_group.py
[2025-05-29T19:56:01.660+0000] {processor.py:830} INFO - Processing file /home/airflow/.local/lib/python3.12/site-packages/airflow/example_dags/example_task_group.py for tasks to queue
[2025-05-29T19:56:01.665+0000] {logging_mixin.py:188} INFO - [2025-05-29T19:56:01.664+0000] {dagbag.py:545} INFO - Filling up the DagBag from /home/airflow/.local/lib/python3.12/site-packages/airflow/example_dags/example_task_group.py
[2025-05-29T19:56:01.680+0000] {processor.py:840} INFO - DAG(s) 'example_task_group' retrieved from /home/airflow/.local/lib/python3.12/site-packages/airflow/example_dags/example_task_group.py
[2025-05-29T19:56:01.728+0000] {logging_mixin.py:188} INFO - [2025-05-29T19:56:01.727+0000] {dag.py:3096} INFO - Sync 1 DAGs
[2025-05-29T19:56:01.775+0000] {logging_mixin.py:188} INFO - [2025-05-29T19:56:01.774+0000] {dag.py:3954} INFO - Setting next_dagrun for example_task_group to 2025-05-28 00:00:00+00:00, run_after=2025-05-29 00:00:00+00:00
[2025-05-29T19:56:01.812+0000] {processor.py:183} INFO - Processing /home/airflow/.local/lib/python3.12/site-packages/airflow/example_dags/example_task_group.py took 0.163 seconds
[2025-05-29T19:56:32.215+0000] {processor.py:161} INFO - Started process (PID=344) to work on /home/airflow/.local/lib/python3.12/site-packages/airflow/example_dags/example_task_group.py
[2025-05-29T19:56:32.216+0000] {processor.py:830} INFO - Processing file /home/airflow/.local/lib/python3.12/site-packages/airflow/example_dags/example_task_group.py for tasks to queue
[2025-05-29T19:56:32.220+0000] {logging_mixin.py:188} INFO - [2025-05-29T19:56:32.219+0000] {dagbag.py:545} INFO - Filling up the DagBag from /home/airflow/.local/lib/python3.12/site-packages/airflow/example_dags/example_task_group.py
[2025-05-29T19:56:32.230+0000] {processor.py:840} INFO - DAG(s) 'example_task_group' retrieved from /home/airflow/.local/lib/python3.12/site-packages/airflow/example_dags/example_task_group.py
[2025-05-29T19:56:32.262+0000] {logging_mixin.py:188} INFO - [2025-05-29T19:56:32.261+0000] {dag.py:3096} INFO - Sync 1 DAGs
[2025-05-29T19:56:32.302+0000] {logging_mixin.py:188} INFO - [2025-05-29T19:56:32.302+0000] {dag.py:3954} INFO - Setting next_dagrun for example_task_group to 2025-05-28 00:00:00+00:00, run_after=2025-05-29 00:00:00+00:00
[2025-05-29T19:56:32.334+0000] {processor.py:183} INFO - Processing /home/airflow/.local/lib/python3.12/site-packages/airflow/example_dags/example_task_group.py took 0.128 seconds
[2025-05-29T19:57:03.381+0000] {processor.py:161} INFO - Started process (PID=402) to work on /home/airflow/.local/lib/python3.12/site-packages/airflow/example_dags/example_task_group.py
[2025-05-29T19:57:03.383+0000] {processor.py:830} INFO - Processing file /home/airflow/.local/lib/python3.12/site-packages/airflow/example_dags/example_task_group.py for tasks to queue
[2025-05-29T19:57:03.386+0000] {logging_mixin.py:188} INFO - [2025-05-29T19:57:03.385+0000] {dagbag.py:545} INFO - Filling up the DagBag from /home/airflow/.local/lib/python3.12/site-packages/airflow/example_dags/example_task_group.py
[2025-05-29T19:57:03.397+0000] {processor.py:840} INFO - DAG(s) 'example_task_group' retrieved from /home/airflow/.local/lib/python3.12/site-packages/airflow/example_dags/example_task_group.py
[2025-05-29T19:57:03.426+0000] {logging_mixin.py:188} INFO - [2025-05-29T19:57:03.425+0000] {dag.py:3096} INFO - Sync 1 DAGs
[2025-05-29T19:57:03.457+0000] {logging_mixin.py:188} INFO - [2025-05-29T19:57:03.457+0000] {dag.py:3954} INFO - Setting next_dagrun for example_task_group to 2025-05-28 00:00:00+00:00, run_after=2025-05-29 00:00:00+00:00
[2025-05-29T19:57:03.489+0000] {processor.py:183} INFO - Processing /home/airflow/.local/lib/python3.12/site-packages/airflow/example_dags/example_task_group.py took 0.115 seconds
[2025-05-29T19:57:34.263+0000] {processor.py:161} INFO - Started process (PID=460) to work on /home/airflow/.local/lib/python3.12/site-packages/airflow/example_dags/example_task_group.py
[2025-05-29T19:57:34.265+0000] {processor.py:830} INFO - Processing file /home/airflow/.local/lib/python3.12/site-packages/airflow/example_dags/example_task_group.py for tasks to queue
[2025-05-29T19:57:34.268+0000] {logging_mixin.py:188} INFO - [2025-05-29T19:57:34.267+0000] {dagbag.py:545} INFO - Filling up the DagBag from /home/airflow/.local/lib/python3.12/site-packages/airflow/example_dags/example_task_group.py
[2025-05-29T19:57:34.286+0000] {processor.py:840} INFO - DAG(s) 'example_task_group' retrieved from /home/airflow/.local/lib/python3.12/site-packages/airflow/example_dags/example_task_group.py
[2025-05-29T19:57:34.349+0000] {logging_mixin.py:188} INFO - [2025-05-29T19:57:34.348+0000] {dag.py:3096} INFO - Sync 1 DAGs
[2025-05-29T19:57:34.401+0000] {logging_mixin.py:188} INFO - [2025-05-29T19:57:34.401+0000] {dag.py:3954} INFO - Setting next_dagrun for example_task_group to 2025-05-28 00:00:00+00:00, run_after=2025-05-29 00:00:00+00:00
[2025-05-29T19:57:34.434+0000] {processor.py:183} INFO - Processing /home/airflow/.local/lib/python3.12/site-packages/airflow/example_dags/example_task_group.py took 0.182 seconds
[2025-05-29T19:58:04.507+0000] {processor.py:161} INFO - Started process (PID=518) to work on /home/airflow/.local/lib/python3.12/site-packages/airflow/example_dags/example_task_group.py
[2025-05-29T19:58:04.508+0000] {processor.py:830} INFO - Processing file /home/airflow/.local/lib/python3.12/site-packages/airflow/example_dags/example_task_group.py for tasks to queue
[2025-05-29T19:58:04.511+0000] {logging_mixin.py:188} INFO - [2025-05-29T19:58:04.510+0000] {dagbag.py:545} INFO - Filling up the DagBag from /home/airflow/.local/lib/python3.12/site-packages/airflow/example_dags/example_task_group.py
[2025-05-29T19:58:04.521+0000] {processor.py:840} INFO - DAG(s) 'example_task_group' retrieved from /home/airflow/.local/lib/python3.12/site-packages/airflow/example_dags/example_task_group.py
[2025-05-29T19:58:04.554+0000] {logging_mixin.py:188} INFO - [2025-05-29T19:58:04.553+0000] {dag.py:3096} INFO - Sync 1 DAGs
[2025-05-29T19:58:04.594+0000] {logging_mixin.py:188} INFO - [2025-05-29T19:58:04.593+0000] {dag.py:3954} INFO - Setting next_dagrun for example_task_group to 2025-05-28 00:00:00+00:00, run_after=2025-05-29 00:00:00+00:00
[2025-05-29T19:58:04.636+0000] {processor.py:183} INFO - Processing /home/airflow/.local/lib/python3.12/site-packages/airflow/example_dags/example_task_group.py took 0.137 seconds
[2025-05-29T19:58:35.097+0000] {processor.py:161} INFO - Started process (PID=576) to work on /home/airflow/.local/lib/python3.12/site-packages/airflow/example_dags/example_task_group.py
[2025-05-29T19:58:35.098+0000] {processor.py:830} INFO - Processing file /home/airflow/.local/lib/python3.12/site-packages/airflow/example_dags/example_task_group.py for tasks to queue
[2025-05-29T19:58:35.101+0000] {logging_mixin.py:188} INFO - [2025-05-29T19:58:35.101+0000] {dagbag.py:545} INFO - Filling up the DagBag from /home/airflow/.local/lib/python3.12/site-packages/airflow/example_dags/example_task_group.py
[2025-05-29T19:58:35.112+0000] {processor.py:840} INFO - DAG(s) 'example_task_group' retrieved from /home/airflow/.local/lib/python3.12/site-packages/airflow/example_dags/example_task_group.py
[2025-05-29T19:58:35.155+0000] {logging_mixin.py:188} INFO - [2025-05-29T19:58:35.154+0000] {dag.py:3096} INFO - Sync 1 DAGs
[2025-05-29T19:58:35.194+0000] {logging_mixin.py:188} INFO - [2025-05-29T19:58:35.194+0000] {dag.py:3954} INFO - Setting next_dagrun for example_task_group to 2025-05-28 00:00:00+00:00, run_after=2025-05-29 00:00:00+00:00
[2025-05-29T19:58:35.232+0000] {processor.py:183} INFO - Processing /home/airflow/.local/lib/python3.12/site-packages/airflow/example_dags/example_task_group.py took 0.142 seconds
[2025-05-29T19:59:05.728+0000] {processor.py:161} INFO - Started process (PID=634) to work on /home/airflow/.local/lib/python3.12/site-packages/airflow/example_dags/example_task_group.py
[2025-05-29T19:59:05.730+0000] {processor.py:830} INFO - Processing file /home/airflow/.local/lib/python3.12/site-packages/airflow/example_dags/example_task_group.py for tasks to queue
[2025-05-29T19:59:05.732+0000] {logging_mixin.py:188} INFO - [2025-05-29T19:59:05.732+0000] {dagbag.py:545} INFO - Filling up the DagBag from /home/airflow/.local/lib/python3.12/site-packages/airflow/example_dags/example_task_group.py
[2025-05-29T19:59:05.743+0000] {processor.py:840} INFO - DAG(s) 'example_task_group' retrieved from /home/airflow/.local/lib/python3.12/site-packages/airflow/example_dags/example_task_group.py
[2025-05-29T19:59:05.776+0000] {logging_mixin.py:188} INFO - [2025-05-29T19:59:05.776+0000] {dag.py:3096} INFO - Sync 1 DAGs
[2025-05-29T19:59:05.809+0000] {logging_mixin.py:188} INFO - [2025-05-29T19:59:05.809+0000] {dag.py:3954} INFO - Setting next_dagrun for example_task_group to 2025-05-28 00:00:00+00:00, run_after=2025-05-29 00:00:00+00:00
[2025-05-29T19:59:05.846+0000] {processor.py:183} INFO - Processing /home/airflow/.local/lib/python3.12/site-packages/airflow/example_dags/example_task_group.py took 0.127 seconds
[2025-05-29T19:59:36.170+0000] {processor.py:161} INFO - Started process (PID=692) to work on /home/airflow/.local/lib/python3.12/site-packages/airflow/example_dags/example_task_group.py
[2025-05-29T19:59:36.172+0000] {processor.py:830} INFO - Processing file /home/airflow/.local/lib/python3.12/site-packages/airflow/example_dags/example_task_group.py for tasks to queue
[2025-05-29T19:59:36.174+0000] {logging_mixin.py:188} INFO - [2025-05-29T19:59:36.174+0000] {dagbag.py:545} INFO - Filling up the DagBag from /home/airflow/.local/lib/python3.12/site-packages/airflow/example_dags/example_task_group.py
[2025-05-29T19:59:36.186+0000] {processor.py:840} INFO - DAG(s) 'example_task_group' retrieved from /home/airflow/.local/lib/python3.12/site-packages/airflow/example_dags/example_task_group.py
[2025-05-29T19:59:36.221+0000] {logging_mixin.py:188} INFO - [2025-05-29T19:59:36.220+0000] {dag.py:3096} INFO - Sync 1 DAGs
[2025-05-29T19:59:36.258+0000] {logging_mixin.py:188} INFO - [2025-05-29T19:59:36.257+0000] {dag.py:3954} INFO - Setting next_dagrun for example_task_group to 2025-05-28 00:00:00+00:00, run_after=2025-05-29 00:00:00+00:00
[2025-05-29T19:59:36.294+0000] {processor.py:183} INFO - Processing /home/airflow/.local/lib/python3.12/site-packages/airflow/example_dags/example_task_group.py took 0.134 seconds
[2025-05-29T20:00:07.018+0000] {processor.py:161} INFO - Started process (PID=750) to work on /home/airflow/.local/lib/python3.12/site-packages/airflow/example_dags/example_task_group.py
[2025-05-29T20:00:07.019+0000] {processor.py:830} INFO - Processing file /home/airflow/.local/lib/python3.12/site-packages/airflow/example_dags/example_task_group.py for tasks to queue
[2025-05-29T20:00:07.022+0000] {logging_mixin.py:188} INFO - [2025-05-29T20:00:07.022+0000] {dagbag.py:545} INFO - Filling up the DagBag from /home/airflow/.local/lib/python3.12/site-packages/airflow/example_dags/example_task_group.py
[2025-05-29T20:00:07.033+0000] {processor.py:840} INFO - DAG(s) 'example_task_group' retrieved from /home/airflow/.local/lib/python3.12/site-packages/airflow/example_dags/example_task_group.py
[2025-05-29T20:00:07.065+0000] {logging_mixin.py:188} INFO - [2025-05-29T20:00:07.065+0000] {dag.py:3096} INFO - Sync 1 DAGs
[2025-05-29T20:00:07.098+0000] {logging_mixin.py:188} INFO - [2025-05-29T20:00:07.098+0000] {dag.py:3954} INFO - Setting next_dagrun for example_task_group to 2025-05-28 00:00:00+00:00, run_after=2025-05-29 00:00:00+00:00
[2025-05-29T20:00:07.130+0000] {processor.py:183} INFO - Processing /home/airflow/.local/lib/python3.12/site-packages/airflow/example_dags/example_task_group.py took 0.121 seconds
[2025-05-29T20:00:37.496+0000] {processor.py:161} INFO - Started process (PID=808) to work on /home/airflow/.local/lib/python3.12/site-packages/airflow/example_dags/example_task_group.py
[2025-05-29T20:00:37.498+0000] {processor.py:830} INFO - Processing file /home/airflow/.local/lib/python3.12/site-packages/airflow/example_dags/example_task_group.py for tasks to queue
[2025-05-29T20:00:37.501+0000] {logging_mixin.py:188} INFO - [2025-05-29T20:00:37.501+0000] {dagbag.py:545} INFO - Filling up the DagBag from /home/airflow/.local/lib/python3.12/site-packages/airflow/example_dags/example_task_group.py
[2025-05-29T20:00:37.512+0000] {processor.py:840} INFO - DAG(s) 'example_task_group' retrieved from /home/airflow/.local/lib/python3.12/site-packages/airflow/example_dags/example_task_group.py
[2025-05-29T20:00:37.540+0000] {logging_mixin.py:188} INFO - [2025-05-29T20:00:37.539+0000] {dag.py:3096} INFO - Sync 1 DAGs
[2025-05-29T20:00:37.580+0000] {logging_mixin.py:188} INFO - [2025-05-29T20:00:37.579+0000] {dag.py:3954} INFO - Setting next_dagrun for example_task_group to 2025-05-28 00:00:00+00:00, run_after=2025-05-29 00:00:00+00:00
[2025-05-29T20:00:37.615+0000] {processor.py:183} INFO - Processing /home/airflow/.local/lib/python3.12/site-packages/airflow/example_dags/example_task_group.py took 0.125 seconds
[2025-05-29T20:01:08.374+0000] {processor.py:161} INFO - Started process (PID=866) to work on /home/airflow/.local/lib/python3.12/site-packages/airflow/example_dags/example_task_group.py
[2025-05-29T20:01:08.376+0000] {processor.py:830} INFO - Processing file /home/airflow/.local/lib/python3.12/site-packages/airflow/example_dags/example_task_group.py for tasks to queue
[2025-05-29T20:01:08.379+0000] {logging_mixin.py:188} INFO - [2025-05-29T20:01:08.379+0000] {dagbag.py:545} INFO - Filling up the DagBag from /home/airflow/.local/lib/python3.12/site-packages/airflow/example_dags/example_task_group.py
[2025-05-29T20:01:08.389+0000] {processor.py:840} INFO - DAG(s) 'example_task_group' retrieved from /home/airflow/.local/lib/python3.12/site-packages/airflow/example_dags/example_task_group.py
[2025-05-29T20:01:08.422+0000] {logging_mixin.py:188} INFO - [2025-05-29T20:01:08.421+0000] {dag.py:3096} INFO - Sync 1 DAGs
[2025-05-29T20:01:08.459+0000] {logging_mixin.py:188} INFO - [2025-05-29T20:01:08.459+0000] {dag.py:3954} INFO - Setting next_dagrun for example_task_group to 2025-05-28 00:00:00+00:00, run_after=2025-05-29 00:00:00+00:00
[2025-05-29T20:01:08.491+0000] {processor.py:183} INFO - Processing /home/airflow/.local/lib/python3.12/site-packages/airflow/example_dags/example_task_group.py took 0.125 seconds
