[2025-05-29T19:54:24.947+0000] {processor.py:161} INFO - Started process (PID=86) to work on /home/airflow/.local/lib/python3.12/site-packages/airflow/example_dags/example_branch_labels.py
[2025-05-29T19:54:24.949+0000] {processor.py:830} INFO - Processing file /home/airflow/.local/lib/python3.12/site-packages/airflow/example_dags/example_branch_labels.py for tasks to queue
[2025-05-29T19:54:24.951+0000] {logging_mixin.py:188} INFO - [2025-05-29T19:54:24.951+0000] {dagbag.py:545} INFO - Filling up the DagBag from /home/airflow/.local/lib/python3.12/site-packages/airflow/example_dags/example_branch_labels.py
[2025-05-29T19:54:24.968+0000] {processor.py:840} INFO - DAG(s) 'example_branch_labels' retrieved from /home/airflow/.local/lib/python3.12/site-packages/airflow/example_dags/example_branch_labels.py
[2025-05-29T19:54:25.123+0000] {logging_mixin.py:188} INFO - [2025-05-29T19:54:25.122+0000] {dag.py:3096} INFO - Sync 1 DAGs
[2025-05-29T19:54:25.156+0000] {logging_mixin.py:188} INFO - [2025-05-29T19:54:25.155+0000] {dag.py:3954} INFO - Setting next_dagrun for example_branch_labels to 2025-05-28 00:00:00+00:00, run_after=2025-05-29 00:00:00+00:00
[2025-05-29T19:54:25.189+0000] {processor.py:183} INFO - Processing /home/airflow/.local/lib/python3.12/site-packages/airflow/example_dags/example_branch_labels.py took 0.251 seconds
[2025-05-29T19:54:55.894+0000] {processor.py:161} INFO - Started process (PID=144) to work on /home/airflow/.local/lib/python3.12/site-packages/airflow/example_dags/example_branch_labels.py
[2025-05-29T19:54:55.895+0000] {processor.py:830} INFO - Processing file /home/airflow/.local/lib/python3.12/site-packages/airflow/example_dags/example_branch_labels.py for tasks to queue
[2025-05-29T19:54:55.898+0000] {logging_mixin.py:188} INFO - [2025-05-29T19:54:55.897+0000] {dagbag.py:545} INFO - Filling up the DagBag from /home/airflow/.local/lib/python3.12/site-packages/airflow/example_dags/example_branch_labels.py
[2025-05-29T19:54:55.908+0000] {processor.py:840} INFO - DAG(s) 'example_branch_labels' retrieved from /home/airflow/.local/lib/python3.12/site-packages/airflow/example_dags/example_branch_labels.py
[2025-05-29T19:54:55.937+0000] {logging_mixin.py:188} INFO - [2025-05-29T19:54:55.936+0000] {dag.py:3096} INFO - Sync 1 DAGs
[2025-05-29T19:54:55.971+0000] {logging_mixin.py:188} INFO - [2025-05-29T19:54:55.971+0000] {dag.py:3954} INFO - Setting next_dagrun for example_branch_labels to 2025-05-28 00:00:00+00:00, run_after=2025-05-29 00:00:00+00:00
[2025-05-29T19:54:55.998+0000] {processor.py:183} INFO - Processing /home/airflow/.local/lib/python3.12/site-packages/airflow/example_dags/example_branch_labels.py took 0.112 seconds
[2025-05-29T19:55:26.248+0000] {processor.py:161} INFO - Started process (PID=202) to work on /home/airflow/.local/lib/python3.12/site-packages/airflow/example_dags/example_branch_labels.py
[2025-05-29T19:55:26.250+0000] {processor.py:830} INFO - Processing file /home/airflow/.local/lib/python3.12/site-packages/airflow/example_dags/example_branch_labels.py for tasks to queue
[2025-05-29T19:55:26.253+0000] {logging_mixin.py:188} INFO - [2025-05-29T19:55:26.252+0000] {dagbag.py:545} INFO - Filling up the DagBag from /home/airflow/.local/lib/python3.12/site-packages/airflow/example_dags/example_branch_labels.py
[2025-05-29T19:55:26.263+0000] {processor.py:840} INFO - DAG(s) 'example_branch_labels' retrieved from /home/airflow/.local/lib/python3.12/site-packages/airflow/example_dags/example_branch_labels.py
[2025-05-29T19:55:26.291+0000] {logging_mixin.py:188} INFO - [2025-05-29T19:55:26.291+0000] {dag.py:3096} INFO - Sync 1 DAGs
[2025-05-29T19:55:26.329+0000] {logging_mixin.py:188} INFO - [2025-05-29T19:55:26.328+0000] {dag.py:3954} INFO - Setting next_dagrun for example_branch_labels to 2025-05-28 00:00:00+00:00, run_after=2025-05-29 00:00:00+00:00
[2025-05-29T19:55:26.360+0000] {processor.py:183} INFO - Processing /home/airflow/.local/lib/python3.12/site-packages/airflow/example_dags/example_branch_labels.py took 0.121 seconds
[2025-05-29T19:55:56.740+0000] {processor.py:161} INFO - Started process (PID=260) to work on /home/airflow/.local/lib/python3.12/site-packages/airflow/example_dags/example_branch_labels.py
[2025-05-29T19:55:56.741+0000] {processor.py:830} INFO - Processing file /home/airflow/.local/lib/python3.12/site-packages/airflow/example_dags/example_branch_labels.py for tasks to queue
[2025-05-29T19:55:56.744+0000] {logging_mixin.py:188} INFO - [2025-05-29T19:55:56.743+0000] {dagbag.py:545} INFO - Filling up the DagBag from /home/airflow/.local/lib/python3.12/site-packages/airflow/example_dags/example_branch_labels.py
[2025-05-29T19:55:56.755+0000] {processor.py:840} INFO - DAG(s) 'example_branch_labels' retrieved from /home/airflow/.local/lib/python3.12/site-packages/airflow/example_dags/example_branch_labels.py
[2025-05-29T19:55:56.786+0000] {logging_mixin.py:188} INFO - [2025-05-29T19:55:56.785+0000] {dag.py:3096} INFO - Sync 1 DAGs
[2025-05-29T19:55:56.819+0000] {logging_mixin.py:188} INFO - [2025-05-29T19:55:56.819+0000] {dag.py:3954} INFO - Setting next_dagrun for example_branch_labels to 2025-05-28 00:00:00+00:00, run_after=2025-05-29 00:00:00+00:00
[2025-05-29T19:55:56.850+0000] {processor.py:183} INFO - Processing /home/airflow/.local/lib/python3.12/site-packages/airflow/example_dags/example_branch_labels.py took 0.118 seconds
[2025-05-29T19:56:27.797+0000] {processor.py:161} INFO - Started process (PID=318) to work on /home/airflow/.local/lib/python3.12/site-packages/airflow/example_dags/example_branch_labels.py
[2025-05-29T19:56:27.798+0000] {processor.py:830} INFO - Processing file /home/airflow/.local/lib/python3.12/site-packages/airflow/example_dags/example_branch_labels.py for tasks to queue
[2025-05-29T19:56:27.800+0000] {logging_mixin.py:188} INFO - [2025-05-29T19:56:27.800+0000] {dagbag.py:545} INFO - Filling up the DagBag from /home/airflow/.local/lib/python3.12/site-packages/airflow/example_dags/example_branch_labels.py
[2025-05-29T19:56:27.810+0000] {processor.py:840} INFO - DAG(s) 'example_branch_labels' retrieved from /home/airflow/.local/lib/python3.12/site-packages/airflow/example_dags/example_branch_labels.py
[2025-05-29T19:56:27.839+0000] {logging_mixin.py:188} INFO - [2025-05-29T19:56:27.839+0000] {dag.py:3096} INFO - Sync 1 DAGs
[2025-05-29T19:56:27.871+0000] {logging_mixin.py:188} INFO - [2025-05-29T19:56:27.870+0000] {dag.py:3954} INFO - Setting next_dagrun for example_branch_labels to 2025-05-28 00:00:00+00:00, run_after=2025-05-29 00:00:00+00:00
[2025-05-29T19:56:27.897+0000] {processor.py:183} INFO - Processing /home/airflow/.local/lib/python3.12/site-packages/airflow/example_dags/example_branch_labels.py took 0.106 seconds
[2025-05-29T19:56:58.141+0000] {processor.py:161} INFO - Started process (PID=376) to work on /home/airflow/.local/lib/python3.12/site-packages/airflow/example_dags/example_branch_labels.py
[2025-05-29T19:56:58.143+0000] {processor.py:830} INFO - Processing file /home/airflow/.local/lib/python3.12/site-packages/airflow/example_dags/example_branch_labels.py for tasks to queue
[2025-05-29T19:56:58.146+0000] {logging_mixin.py:188} INFO - [2025-05-29T19:56:58.145+0000] {dagbag.py:545} INFO - Filling up the DagBag from /home/airflow/.local/lib/python3.12/site-packages/airflow/example_dags/example_branch_labels.py
[2025-05-29T19:56:58.157+0000] {processor.py:840} INFO - DAG(s) 'example_branch_labels' retrieved from /home/airflow/.local/lib/python3.12/site-packages/airflow/example_dags/example_branch_labels.py
[2025-05-29T19:56:58.192+0000] {logging_mixin.py:188} INFO - [2025-05-29T19:56:58.191+0000] {dag.py:3096} INFO - Sync 1 DAGs
[2025-05-29T19:56:58.231+0000] {logging_mixin.py:188} INFO - [2025-05-29T19:56:58.230+0000] {dag.py:3954} INFO - Setting next_dagrun for example_branch_labels to 2025-05-28 00:00:00+00:00, run_after=2025-05-29 00:00:00+00:00
[2025-05-29T19:56:58.258+0000] {processor.py:183} INFO - Processing /home/airflow/.local/lib/python3.12/site-packages/airflow/example_dags/example_branch_labels.py took 0.126 seconds
[2025-05-29T19:57:28.556+0000] {processor.py:161} INFO - Started process (PID=434) to work on /home/airflow/.local/lib/python3.12/site-packages/airflow/example_dags/example_branch_labels.py
[2025-05-29T19:57:28.558+0000] {processor.py:830} INFO - Processing file /home/airflow/.local/lib/python3.12/site-packages/airflow/example_dags/example_branch_labels.py for tasks to queue
[2025-05-29T19:57:28.561+0000] {logging_mixin.py:188} INFO - [2025-05-29T19:57:28.561+0000] {dagbag.py:545} INFO - Filling up the DagBag from /home/airflow/.local/lib/python3.12/site-packages/airflow/example_dags/example_branch_labels.py
[2025-05-29T19:57:28.573+0000] {processor.py:840} INFO - DAG(s) 'example_branch_labels' retrieved from /home/airflow/.local/lib/python3.12/site-packages/airflow/example_dags/example_branch_labels.py
[2025-05-29T19:57:28.605+0000] {logging_mixin.py:188} INFO - [2025-05-29T19:57:28.605+0000] {dag.py:3096} INFO - Sync 1 DAGs
[2025-05-29T19:57:28.649+0000] {logging_mixin.py:188} INFO - [2025-05-29T19:57:28.649+0000] {dag.py:3954} INFO - Setting next_dagrun for example_branch_labels to 2025-05-28 00:00:00+00:00, run_after=2025-05-29 00:00:00+00:00
[2025-05-29T19:57:28.685+0000] {processor.py:183} INFO - Processing /home/airflow/.local/lib/python3.12/site-packages/airflow/example_dags/example_branch_labels.py took 0.137 seconds
[2025-05-29T19:57:58.884+0000] {processor.py:161} INFO - Started process (PID=492) to work on /home/airflow/.local/lib/python3.12/site-packages/airflow/example_dags/example_branch_labels.py
[2025-05-29T19:57:58.885+0000] {processor.py:830} INFO - Processing file /home/airflow/.local/lib/python3.12/site-packages/airflow/example_dags/example_branch_labels.py for tasks to queue
[2025-05-29T19:57:58.888+0000] {logging_mixin.py:188} INFO - [2025-05-29T19:57:58.887+0000] {dagbag.py:545} INFO - Filling up the DagBag from /home/airflow/.local/lib/python3.12/site-packages/airflow/example_dags/example_branch_labels.py
[2025-05-29T19:57:58.898+0000] {processor.py:840} INFO - DAG(s) 'example_branch_labels' retrieved from /home/airflow/.local/lib/python3.12/site-packages/airflow/example_dags/example_branch_labels.py
[2025-05-29T19:57:58.939+0000] {logging_mixin.py:188} INFO - [2025-05-29T19:57:58.939+0000] {dag.py:3096} INFO - Sync 1 DAGs
[2025-05-29T19:57:58.977+0000] {logging_mixin.py:188} INFO - [2025-05-29T19:57:58.977+0000] {dag.py:3954} INFO - Setting next_dagrun for example_branch_labels to 2025-05-28 00:00:00+00:00, run_after=2025-05-29 00:00:00+00:00
[2025-05-29T19:57:59.008+0000] {processor.py:183} INFO - Processing /home/airflow/.local/lib/python3.12/site-packages/airflow/example_dags/example_branch_labels.py took 0.132 seconds
[2025-05-29T19:58:29.891+0000] {processor.py:161} INFO - Started process (PID=550) to work on /home/airflow/.local/lib/python3.12/site-packages/airflow/example_dags/example_branch_labels.py
[2025-05-29T19:58:29.893+0000] {processor.py:830} INFO - Processing file /home/airflow/.local/lib/python3.12/site-packages/airflow/example_dags/example_branch_labels.py for tasks to queue
[2025-05-29T19:58:29.897+0000] {logging_mixin.py:188} INFO - [2025-05-29T19:58:29.897+0000] {dagbag.py:545} INFO - Filling up the DagBag from /home/airflow/.local/lib/python3.12/site-packages/airflow/example_dags/example_branch_labels.py
[2025-05-29T19:58:29.917+0000] {processor.py:840} INFO - DAG(s) 'example_branch_labels' retrieved from /home/airflow/.local/lib/python3.12/site-packages/airflow/example_dags/example_branch_labels.py
[2025-05-29T19:58:29.954+0000] {logging_mixin.py:188} INFO - [2025-05-29T19:58:29.953+0000] {dag.py:3096} INFO - Sync 1 DAGs
[2025-05-29T19:58:30.001+0000] {logging_mixin.py:188} INFO - [2025-05-29T19:58:30.001+0000] {dag.py:3954} INFO - Setting next_dagrun for example_branch_labels to 2025-05-28 00:00:00+00:00, run_after=2025-05-29 00:00:00+00:00
[2025-05-29T19:58:30.037+0000] {processor.py:183} INFO - Processing /home/airflow/.local/lib/python3.12/site-packages/airflow/example_dags/example_branch_labels.py took 0.168 seconds
[2025-05-29T19:59:00.315+0000] {processor.py:161} INFO - Started process (PID=608) to work on /home/airflow/.local/lib/python3.12/site-packages/airflow/example_dags/example_branch_labels.py
[2025-05-29T19:59:00.317+0000] {processor.py:830} INFO - Processing file /home/airflow/.local/lib/python3.12/site-packages/airflow/example_dags/example_branch_labels.py for tasks to queue
[2025-05-29T19:59:00.320+0000] {logging_mixin.py:188} INFO - [2025-05-29T19:59:00.319+0000] {dagbag.py:545} INFO - Filling up the DagBag from /home/airflow/.local/lib/python3.12/site-packages/airflow/example_dags/example_branch_labels.py
[2025-05-29T19:59:00.332+0000] {processor.py:840} INFO - DAG(s) 'example_branch_labels' retrieved from /home/airflow/.local/lib/python3.12/site-packages/airflow/example_dags/example_branch_labels.py
[2025-05-29T19:59:00.363+0000] {logging_mixin.py:188} INFO - [2025-05-29T19:59:00.362+0000] {dag.py:3096} INFO - Sync 1 DAGs
[2025-05-29T19:59:00.400+0000] {logging_mixin.py:188} INFO - [2025-05-29T19:59:00.400+0000] {dag.py:3954} INFO - Setting next_dagrun for example_branch_labels to 2025-05-28 00:00:00+00:00, run_after=2025-05-29 00:00:00+00:00
[2025-05-29T19:59:00.434+0000] {processor.py:183} INFO - Processing /home/airflow/.local/lib/python3.12/site-packages/airflow/example_dags/example_branch_labels.py took 0.127 seconds
[2025-05-29T19:59:30.805+0000] {processor.py:161} INFO - Started process (PID=666) to work on /home/airflow/.local/lib/python3.12/site-packages/airflow/example_dags/example_branch_labels.py
[2025-05-29T19:59:30.807+0000] {processor.py:830} INFO - Processing file /home/airflow/.local/lib/python3.12/site-packages/airflow/example_dags/example_branch_labels.py for tasks to queue
[2025-05-29T19:59:30.810+0000] {logging_mixin.py:188} INFO - [2025-05-29T19:59:30.810+0000] {dagbag.py:545} INFO - Filling up the DagBag from /home/airflow/.local/lib/python3.12/site-packages/airflow/example_dags/example_branch_labels.py
[2025-05-29T19:59:30.823+0000] {processor.py:840} INFO - DAG(s) 'example_branch_labels' retrieved from /home/airflow/.local/lib/python3.12/site-packages/airflow/example_dags/example_branch_labels.py
[2025-05-29T19:59:30.858+0000] {logging_mixin.py:188} INFO - [2025-05-29T19:59:30.857+0000] {dag.py:3096} INFO - Sync 1 DAGs
[2025-05-29T19:59:30.910+0000] {logging_mixin.py:188} INFO - [2025-05-29T19:59:30.909+0000] {dag.py:3954} INFO - Setting next_dagrun for example_branch_labels to 2025-05-28 00:00:00+00:00, run_after=2025-05-29 00:00:00+00:00
[2025-05-29T19:59:30.936+0000] {processor.py:183} INFO - Processing /home/airflow/.local/lib/python3.12/site-packages/airflow/example_dags/example_branch_labels.py took 0.141 seconds
[2025-05-29T20:00:01.061+0000] {processor.py:161} INFO - Started process (PID=724) to work on /home/airflow/.local/lib/python3.12/site-packages/airflow/example_dags/example_branch_labels.py
[2025-05-29T20:00:01.062+0000] {processor.py:830} INFO - Processing file /home/airflow/.local/lib/python3.12/site-packages/airflow/example_dags/example_branch_labels.py for tasks to queue
[2025-05-29T20:00:01.064+0000] {logging_mixin.py:188} INFO - [2025-05-29T20:00:01.064+0000] {dagbag.py:545} INFO - Filling up the DagBag from /home/airflow/.local/lib/python3.12/site-packages/airflow/example_dags/example_branch_labels.py
[2025-05-29T20:00:01.074+0000] {processor.py:840} INFO - DAG(s) 'example_branch_labels' retrieved from /home/airflow/.local/lib/python3.12/site-packages/airflow/example_dags/example_branch_labels.py
[2025-05-29T20:00:01.100+0000] {logging_mixin.py:188} INFO - [2025-05-29T20:00:01.099+0000] {dag.py:3096} INFO - Sync 1 DAGs
[2025-05-29T20:00:01.130+0000] {logging_mixin.py:188} INFO - [2025-05-29T20:00:01.130+0000] {dag.py:3954} INFO - Setting next_dagrun for example_branch_labels to 2025-05-28 00:00:00+00:00, run_after=2025-05-29 00:00:00+00:00
[2025-05-29T20:00:01.156+0000] {processor.py:183} INFO - Processing /home/airflow/.local/lib/python3.12/site-packages/airflow/example_dags/example_branch_labels.py took 0.102 seconds
[2025-05-29T20:00:31.259+0000] {processor.py:161} INFO - Started process (PID=781) to work on /home/airflow/.local/lib/python3.12/site-packages/airflow/example_dags/example_branch_labels.py
[2025-05-29T20:00:31.260+0000] {processor.py:830} INFO - Processing file /home/airflow/.local/lib/python3.12/site-packages/airflow/example_dags/example_branch_labels.py for tasks to queue
[2025-05-29T20:00:31.263+0000] {logging_mixin.py:188} INFO - [2025-05-29T20:00:31.262+0000] {dagbag.py:545} INFO - Filling up the DagBag from /home/airflow/.local/lib/python3.12/site-packages/airflow/example_dags/example_branch_labels.py
[2025-05-29T20:00:31.272+0000] {processor.py:840} INFO - DAG(s) 'example_branch_labels' retrieved from /home/airflow/.local/lib/python3.12/site-packages/airflow/example_dags/example_branch_labels.py
[2025-05-29T20:00:31.302+0000] {logging_mixin.py:188} INFO - [2025-05-29T20:00:31.302+0000] {dag.py:3096} INFO - Sync 1 DAGs
[2025-05-29T20:00:31.339+0000] {logging_mixin.py:188} INFO - [2025-05-29T20:00:31.338+0000] {dag.py:3954} INFO - Setting next_dagrun for example_branch_labels to 2025-05-28 00:00:00+00:00, run_after=2025-05-29 00:00:00+00:00
[2025-05-29T20:00:31.370+0000] {processor.py:183} INFO - Processing /home/airflow/.local/lib/python3.12/site-packages/airflow/example_dags/example_branch_labels.py took 0.118 seconds
[2025-05-29T20:01:01.923+0000] {processor.py:161} INFO - Started process (PID=839) to work on /home/airflow/.local/lib/python3.12/site-packages/airflow/example_dags/example_branch_labels.py
[2025-05-29T20:01:01.924+0000] {processor.py:830} INFO - Processing file /home/airflow/.local/lib/python3.12/site-packages/airflow/example_dags/example_branch_labels.py for tasks to queue
[2025-05-29T20:01:01.927+0000] {logging_mixin.py:188} INFO - [2025-05-29T20:01:01.927+0000] {dagbag.py:545} INFO - Filling up the DagBag from /home/airflow/.local/lib/python3.12/site-packages/airflow/example_dags/example_branch_labels.py
[2025-05-29T20:01:01.939+0000] {processor.py:840} INFO - DAG(s) 'example_branch_labels' retrieved from /home/airflow/.local/lib/python3.12/site-packages/airflow/example_dags/example_branch_labels.py
[2025-05-29T20:01:01.976+0000] {logging_mixin.py:188} INFO - [2025-05-29T20:01:01.975+0000] {dag.py:3096} INFO - Sync 1 DAGs
[2025-05-29T20:01:02.014+0000] {logging_mixin.py:188} INFO - [2025-05-29T20:01:02.014+0000] {dag.py:3954} INFO - Setting next_dagrun for example_branch_labels to 2025-05-28 00:00:00+00:00, run_after=2025-05-29 00:00:00+00:00
[2025-05-29T20:01:02.044+0000] {processor.py:183} INFO - Processing /home/airflow/.local/lib/python3.12/site-packages/airflow/example_dags/example_branch_labels.py took 0.129 seconds
