[2025-05-29T19:54:29.185+0000] {processor.py:161} INFO - Started process (PID=106) to work on /home/airflow/.local/lib/python3.12/site-packages/airflow/example_dags/example_branch_python_dop_operator_3.py
[2025-05-29T19:54:29.187+0000] {processor.py:830} INFO - Processing file /home/airflow/.local/lib/python3.12/site-packages/airflow/example_dags/example_branch_python_dop_operator_3.py for tasks to queue
[2025-05-29T19:54:29.190+0000] {logging_mixin.py:188} INFO - [2025-05-29T19:54:29.190+0000] {dagbag.py:545} INFO - Filling up the DagBag from /home/airflow/.local/lib/python3.12/site-packages/airflow/example_dags/example_branch_python_dop_operator_3.py
[2025-05-29T19:54:29.207+0000] {processor.py:840} INFO - DAG(s) 'example_branch_dop_operator_v3' retrieved from /home/airflow/.local/lib/python3.12/site-packages/airflow/example_dags/example_branch_python_dop_operator_3.py
[2025-05-29T19:54:29.384+0000] {logging_mixin.py:188} INFO - [2025-05-29T19:54:29.384+0000] {dag.py:3096} INFO - Sync 1 DAGs
[2025-05-29T19:54:29.420+0000] {logging_mixin.py:188} INFO - [2025-05-29T19:54:29.420+0000] {dag.py:3954} INFO - Setting next_dagrun for example_branch_dop_operator_v3 to 2025-05-29 19:53:00+00:00, run_after=2025-05-29 19:54:00+00:00
[2025-05-29T19:54:29.450+0000] {processor.py:183} INFO - Processing /home/airflow/.local/lib/python3.12/site-packages/airflow/example_dags/example_branch_python_dop_operator_3.py took 0.273 seconds
[2025-05-29T19:55:00.193+0000] {processor.py:161} INFO - Started process (PID=164) to work on /home/airflow/.local/lib/python3.12/site-packages/airflow/example_dags/example_branch_python_dop_operator_3.py
[2025-05-29T19:55:00.196+0000] {processor.py:830} INFO - Processing file /home/airflow/.local/lib/python3.12/site-packages/airflow/example_dags/example_branch_python_dop_operator_3.py for tasks to queue
[2025-05-29T19:55:00.200+0000] {logging_mixin.py:188} INFO - [2025-05-29T19:55:00.199+0000] {dagbag.py:545} INFO - Filling up the DagBag from /home/airflow/.local/lib/python3.12/site-packages/airflow/example_dags/example_branch_python_dop_operator_3.py
[2025-05-29T19:55:00.217+0000] {processor.py:840} INFO - DAG(s) 'example_branch_dop_operator_v3' retrieved from /home/airflow/.local/lib/python3.12/site-packages/airflow/example_dags/example_branch_python_dop_operator_3.py
[2025-05-29T19:55:00.245+0000] {logging_mixin.py:188} INFO - [2025-05-29T19:55:00.245+0000] {dag.py:3096} INFO - Sync 1 DAGs
[2025-05-29T19:55:00.283+0000] {logging_mixin.py:188} INFO - [2025-05-29T19:55:00.283+0000] {dag.py:3954} INFO - Setting next_dagrun for example_branch_dop_operator_v3 to 2025-05-29 19:54:00+00:00, run_after=2025-05-29 19:55:00+00:00
[2025-05-29T19:55:00.312+0000] {processor.py:183} INFO - Processing /home/airflow/.local/lib/python3.12/site-packages/airflow/example_dags/example_branch_python_dop_operator_3.py took 0.127 seconds
[2025-05-29T19:55:30.415+0000] {processor.py:161} INFO - Started process (PID=222) to work on /home/airflow/.local/lib/python3.12/site-packages/airflow/example_dags/example_branch_python_dop_operator_3.py
[2025-05-29T19:55:30.416+0000] {processor.py:830} INFO - Processing file /home/airflow/.local/lib/python3.12/site-packages/airflow/example_dags/example_branch_python_dop_operator_3.py for tasks to queue
[2025-05-29T19:55:30.420+0000] {logging_mixin.py:188} INFO - [2025-05-29T19:55:30.419+0000] {dagbag.py:545} INFO - Filling up the DagBag from /home/airflow/.local/lib/python3.12/site-packages/airflow/example_dags/example_branch_python_dop_operator_3.py
[2025-05-29T19:55:30.434+0000] {processor.py:840} INFO - DAG(s) 'example_branch_dop_operator_v3' retrieved from /home/airflow/.local/lib/python3.12/site-packages/airflow/example_dags/example_branch_python_dop_operator_3.py
[2025-05-29T19:55:30.467+0000] {logging_mixin.py:188} INFO - [2025-05-29T19:55:30.467+0000] {dag.py:3096} INFO - Sync 1 DAGs
[2025-05-29T19:55:30.534+0000] {logging_mixin.py:188} INFO - [2025-05-29T19:55:30.533+0000] {dag.py:3954} INFO - Setting next_dagrun for example_branch_dop_operator_v3 to 2025-05-29 19:54:00+00:00, run_after=2025-05-29 19:55:00+00:00
[2025-05-29T19:55:30.586+0000] {processor.py:183} INFO - Processing /home/airflow/.local/lib/python3.12/site-packages/airflow/example_dags/example_branch_python_dop_operator_3.py took 0.182 seconds
[2025-05-29T19:56:00.729+0000] {processor.py:161} INFO - Started process (PID=280) to work on /home/airflow/.local/lib/python3.12/site-packages/airflow/example_dags/example_branch_python_dop_operator_3.py
[2025-05-29T19:56:00.731+0000] {processor.py:830} INFO - Processing file /home/airflow/.local/lib/python3.12/site-packages/airflow/example_dags/example_branch_python_dop_operator_3.py for tasks to queue
[2025-05-29T19:56:00.734+0000] {logging_mixin.py:188} INFO - [2025-05-29T19:56:00.733+0000] {dagbag.py:545} INFO - Filling up the DagBag from /home/airflow/.local/lib/python3.12/site-packages/airflow/example_dags/example_branch_python_dop_operator_3.py
[2025-05-29T19:56:00.746+0000] {processor.py:840} INFO - DAG(s) 'example_branch_dop_operator_v3' retrieved from /home/airflow/.local/lib/python3.12/site-packages/airflow/example_dags/example_branch_python_dop_operator_3.py
[2025-05-29T19:56:00.775+0000] {logging_mixin.py:188} INFO - [2025-05-29T19:56:00.775+0000] {dag.py:3096} INFO - Sync 1 DAGs
[2025-05-29T19:56:00.814+0000] {logging_mixin.py:188} INFO - [2025-05-29T19:56:00.814+0000] {dag.py:3954} INFO - Setting next_dagrun for example_branch_dop_operator_v3 to 2025-05-29 19:55:00+00:00, run_after=2025-05-29 19:56:00+00:00
[2025-05-29T19:56:00.847+0000] {processor.py:183} INFO - Processing /home/airflow/.local/lib/python3.12/site-packages/airflow/example_dags/example_branch_python_dop_operator_3.py took 0.125 seconds
[2025-05-29T19:56:31.669+0000] {processor.py:161} INFO - Started process (PID=338) to work on /home/airflow/.local/lib/python3.12/site-packages/airflow/example_dags/example_branch_python_dop_operator_3.py
[2025-05-29T19:56:31.670+0000] {processor.py:830} INFO - Processing file /home/airflow/.local/lib/python3.12/site-packages/airflow/example_dags/example_branch_python_dop_operator_3.py for tasks to queue
[2025-05-29T19:56:31.673+0000] {logging_mixin.py:188} INFO - [2025-05-29T19:56:31.673+0000] {dagbag.py:545} INFO - Filling up the DagBag from /home/airflow/.local/lib/python3.12/site-packages/airflow/example_dags/example_branch_python_dop_operator_3.py
[2025-05-29T19:56:31.687+0000] {processor.py:840} INFO - DAG(s) 'example_branch_dop_operator_v3' retrieved from /home/airflow/.local/lib/python3.12/site-packages/airflow/example_dags/example_branch_python_dop_operator_3.py
[2025-05-29T19:56:31.715+0000] {logging_mixin.py:188} INFO - [2025-05-29T19:56:31.714+0000] {dag.py:3096} INFO - Sync 1 DAGs
[2025-05-29T19:56:31.757+0000] {logging_mixin.py:188} INFO - [2025-05-29T19:56:31.757+0000] {dag.py:3954} INFO - Setting next_dagrun for example_branch_dop_operator_v3 to 2025-05-29 19:55:00+00:00, run_after=2025-05-29 19:56:00+00:00
[2025-05-29T19:56:31.790+0000] {processor.py:183} INFO - Processing /home/airflow/.local/lib/python3.12/site-packages/airflow/example_dags/example_branch_python_dop_operator_3.py took 0.133 seconds
[2025-05-29T19:57:02.724+0000] {processor.py:161} INFO - Started process (PID=396) to work on /home/airflow/.local/lib/python3.12/site-packages/airflow/example_dags/example_branch_python_dop_operator_3.py
[2025-05-29T19:57:02.726+0000] {processor.py:830} INFO - Processing file /home/airflow/.local/lib/python3.12/site-packages/airflow/example_dags/example_branch_python_dop_operator_3.py for tasks to queue
[2025-05-29T19:57:02.729+0000] {logging_mixin.py:188} INFO - [2025-05-29T19:57:02.728+0000] {dagbag.py:545} INFO - Filling up the DagBag from /home/airflow/.local/lib/python3.12/site-packages/airflow/example_dags/example_branch_python_dop_operator_3.py
[2025-05-29T19:57:02.746+0000] {processor.py:840} INFO - DAG(s) 'example_branch_dop_operator_v3' retrieved from /home/airflow/.local/lib/python3.12/site-packages/airflow/example_dags/example_branch_python_dop_operator_3.py
[2025-05-29T19:57:02.778+0000] {logging_mixin.py:188} INFO - [2025-05-29T19:57:02.778+0000] {dag.py:3096} INFO - Sync 1 DAGs
[2025-05-29T19:57:02.827+0000] {logging_mixin.py:188} INFO - [2025-05-29T19:57:02.827+0000] {dag.py:3954} INFO - Setting next_dagrun for example_branch_dop_operator_v3 to 2025-05-29 19:56:00+00:00, run_after=2025-05-29 19:57:00+00:00
[2025-05-29T19:57:02.853+0000] {processor.py:183} INFO - Processing /home/airflow/.local/lib/python3.12/site-packages/airflow/example_dags/example_branch_python_dop_operator_3.py took 0.140 seconds
[2025-05-29T19:57:33.579+0000] {processor.py:161} INFO - Started process (PID=454) to work on /home/airflow/.local/lib/python3.12/site-packages/airflow/example_dags/example_branch_python_dop_operator_3.py
[2025-05-29T19:57:33.581+0000] {processor.py:830} INFO - Processing file /home/airflow/.local/lib/python3.12/site-packages/airflow/example_dags/example_branch_python_dop_operator_3.py for tasks to queue
[2025-05-29T19:57:33.584+0000] {logging_mixin.py:188} INFO - [2025-05-29T19:57:33.583+0000] {dagbag.py:545} INFO - Filling up the DagBag from /home/airflow/.local/lib/python3.12/site-packages/airflow/example_dags/example_branch_python_dop_operator_3.py
[2025-05-29T19:57:33.596+0000] {processor.py:840} INFO - DAG(s) 'example_branch_dop_operator_v3' retrieved from /home/airflow/.local/lib/python3.12/site-packages/airflow/example_dags/example_branch_python_dop_operator_3.py
[2025-05-29T19:57:33.626+0000] {logging_mixin.py:188} INFO - [2025-05-29T19:57:33.625+0000] {dag.py:3096} INFO - Sync 1 DAGs
[2025-05-29T19:57:33.665+0000] {logging_mixin.py:188} INFO - [2025-05-29T19:57:33.665+0000] {dag.py:3954} INFO - Setting next_dagrun for example_branch_dop_operator_v3 to 2025-05-29 19:56:00+00:00, run_after=2025-05-29 19:57:00+00:00
[2025-05-29T19:57:33.693+0000] {processor.py:183} INFO - Processing /home/airflow/.local/lib/python3.12/site-packages/airflow/example_dags/example_branch_python_dop_operator_3.py took 0.120 seconds
[2025-05-29T19:58:03.841+0000] {processor.py:161} INFO - Started process (PID=512) to work on /home/airflow/.local/lib/python3.12/site-packages/airflow/example_dags/example_branch_python_dop_operator_3.py
[2025-05-29T19:58:03.842+0000] {processor.py:830} INFO - Processing file /home/airflow/.local/lib/python3.12/site-packages/airflow/example_dags/example_branch_python_dop_operator_3.py for tasks to queue
[2025-05-29T19:58:03.845+0000] {logging_mixin.py:188} INFO - [2025-05-29T19:58:03.844+0000] {dagbag.py:545} INFO - Filling up the DagBag from /home/airflow/.local/lib/python3.12/site-packages/airflow/example_dags/example_branch_python_dop_operator_3.py
[2025-05-29T19:58:03.856+0000] {processor.py:840} INFO - DAG(s) 'example_branch_dop_operator_v3' retrieved from /home/airflow/.local/lib/python3.12/site-packages/airflow/example_dags/example_branch_python_dop_operator_3.py
[2025-05-29T19:58:03.884+0000] {logging_mixin.py:188} INFO - [2025-05-29T19:58:03.883+0000] {dag.py:3096} INFO - Sync 1 DAGs
[2025-05-29T19:58:03.924+0000] {logging_mixin.py:188} INFO - [2025-05-29T19:58:03.924+0000] {dag.py:3954} INFO - Setting next_dagrun for example_branch_dop_operator_v3 to 2025-05-29 19:57:00+00:00, run_after=2025-05-29 19:58:00+00:00
[2025-05-29T19:58:03.953+0000] {processor.py:183} INFO - Processing /home/airflow/.local/lib/python3.12/site-packages/airflow/example_dags/example_branch_python_dop_operator_3.py took 0.119 seconds
[2025-05-29T19:58:34.546+0000] {processor.py:161} INFO - Started process (PID=570) to work on /home/airflow/.local/lib/python3.12/site-packages/airflow/example_dags/example_branch_python_dop_operator_3.py
[2025-05-29T19:58:34.547+0000] {processor.py:830} INFO - Processing file /home/airflow/.local/lib/python3.12/site-packages/airflow/example_dags/example_branch_python_dop_operator_3.py for tasks to queue
[2025-05-29T19:58:34.550+0000] {logging_mixin.py:188} INFO - [2025-05-29T19:58:34.550+0000] {dagbag.py:545} INFO - Filling up the DagBag from /home/airflow/.local/lib/python3.12/site-packages/airflow/example_dags/example_branch_python_dop_operator_3.py
[2025-05-29T19:58:34.565+0000] {processor.py:840} INFO - DAG(s) 'example_branch_dop_operator_v3' retrieved from /home/airflow/.local/lib/python3.12/site-packages/airflow/example_dags/example_branch_python_dop_operator_3.py
[2025-05-29T19:58:34.593+0000] {logging_mixin.py:188} INFO - [2025-05-29T19:58:34.592+0000] {dag.py:3096} INFO - Sync 1 DAGs
[2025-05-29T19:58:34.629+0000] {logging_mixin.py:188} INFO - [2025-05-29T19:58:34.629+0000] {dag.py:3954} INFO - Setting next_dagrun for example_branch_dop_operator_v3 to 2025-05-29 19:57:00+00:00, run_after=2025-05-29 19:58:00+00:00
[2025-05-29T19:58:34.658+0000] {processor.py:183} INFO - Processing /home/airflow/.local/lib/python3.12/site-packages/airflow/example_dags/example_branch_python_dop_operator_3.py took 0.124 seconds
[2025-05-29T19:59:05.057+0000] {processor.py:161} INFO - Started process (PID=628) to work on /home/airflow/.local/lib/python3.12/site-packages/airflow/example_dags/example_branch_python_dop_operator_3.py
[2025-05-29T19:59:05.059+0000] {processor.py:830} INFO - Processing file /home/airflow/.local/lib/python3.12/site-packages/airflow/example_dags/example_branch_python_dop_operator_3.py for tasks to queue
[2025-05-29T19:59:05.062+0000] {logging_mixin.py:188} INFO - [2025-05-29T19:59:05.062+0000] {dagbag.py:545} INFO - Filling up the DagBag from /home/airflow/.local/lib/python3.12/site-packages/airflow/example_dags/example_branch_python_dop_operator_3.py
[2025-05-29T19:59:05.075+0000] {processor.py:840} INFO - DAG(s) 'example_branch_dop_operator_v3' retrieved from /home/airflow/.local/lib/python3.12/site-packages/airflow/example_dags/example_branch_python_dop_operator_3.py
[2025-05-29T19:59:05.104+0000] {logging_mixin.py:188} INFO - [2025-05-29T19:59:05.104+0000] {dag.py:3096} INFO - Sync 1 DAGs
[2025-05-29T19:59:05.144+0000] {logging_mixin.py:188} INFO - [2025-05-29T19:59:05.144+0000] {dag.py:3954} INFO - Setting next_dagrun for example_branch_dop_operator_v3 to 2025-05-29 19:58:00+00:00, run_after=2025-05-29 19:59:00+00:00
[2025-05-29T19:59:05.180+0000] {processor.py:183} INFO - Processing /home/airflow/.local/lib/python3.12/site-packages/airflow/example_dags/example_branch_python_dop_operator_3.py took 0.131 seconds
[2025-05-29T19:59:35.499+0000] {processor.py:161} INFO - Started process (PID=686) to work on /home/airflow/.local/lib/python3.12/site-packages/airflow/example_dags/example_branch_python_dop_operator_3.py
[2025-05-29T19:59:35.501+0000] {processor.py:830} INFO - Processing file /home/airflow/.local/lib/python3.12/site-packages/airflow/example_dags/example_branch_python_dop_operator_3.py for tasks to queue
[2025-05-29T19:59:35.504+0000] {logging_mixin.py:188} INFO - [2025-05-29T19:59:35.503+0000] {dagbag.py:545} INFO - Filling up the DagBag from /home/airflow/.local/lib/python3.12/site-packages/airflow/example_dags/example_branch_python_dop_operator_3.py
[2025-05-29T19:59:35.517+0000] {processor.py:840} INFO - DAG(s) 'example_branch_dop_operator_v3' retrieved from /home/airflow/.local/lib/python3.12/site-packages/airflow/example_dags/example_branch_python_dop_operator_3.py
[2025-05-29T19:59:35.545+0000] {logging_mixin.py:188} INFO - [2025-05-29T19:59:35.545+0000] {dag.py:3096} INFO - Sync 1 DAGs
[2025-05-29T19:59:35.583+0000] {logging_mixin.py:188} INFO - [2025-05-29T19:59:35.583+0000] {dag.py:3954} INFO - Setting next_dagrun for example_branch_dop_operator_v3 to 2025-05-29 19:58:00+00:00, run_after=2025-05-29 19:59:00+00:00
[2025-05-29T19:59:35.611+0000] {processor.py:183} INFO - Processing /home/airflow/.local/lib/python3.12/site-packages/airflow/example_dags/example_branch_python_dop_operator_3.py took 0.121 seconds
[2025-05-29T20:00:06.252+0000] {processor.py:161} INFO - Started process (PID=744) to work on /home/airflow/.local/lib/python3.12/site-packages/airflow/example_dags/example_branch_python_dop_operator_3.py
[2025-05-29T20:00:06.254+0000] {processor.py:830} INFO - Processing file /home/airflow/.local/lib/python3.12/site-packages/airflow/example_dags/example_branch_python_dop_operator_3.py for tasks to queue
[2025-05-29T20:00:06.258+0000] {logging_mixin.py:188} INFO - [2025-05-29T20:00:06.257+0000] {dagbag.py:545} INFO - Filling up the DagBag from /home/airflow/.local/lib/python3.12/site-packages/airflow/example_dags/example_branch_python_dop_operator_3.py
[2025-05-29T20:00:06.272+0000] {processor.py:840} INFO - DAG(s) 'example_branch_dop_operator_v3' retrieved from /home/airflow/.local/lib/python3.12/site-packages/airflow/example_dags/example_branch_python_dop_operator_3.py
[2025-05-29T20:00:06.302+0000] {logging_mixin.py:188} INFO - [2025-05-29T20:00:06.302+0000] {dag.py:3096} INFO - Sync 1 DAGs
[2025-05-29T20:00:06.345+0000] {logging_mixin.py:188} INFO - [2025-05-29T20:00:06.345+0000] {dag.py:3954} INFO - Setting next_dagrun for example_branch_dop_operator_v3 to 2025-05-29 19:59:00+00:00, run_after=2025-05-29 20:00:00+00:00
[2025-05-29T20:00:06.379+0000] {processor.py:183} INFO - Processing /home/airflow/.local/lib/python3.12/site-packages/airflow/example_dags/example_branch_python_dop_operator_3.py took 0.136 seconds
[2025-05-29T20:00:36.958+0000] {processor.py:161} INFO - Started process (PID=802) to work on /home/airflow/.local/lib/python3.12/site-packages/airflow/example_dags/example_branch_python_dop_operator_3.py
[2025-05-29T20:00:36.959+0000] {processor.py:830} INFO - Processing file /home/airflow/.local/lib/python3.12/site-packages/airflow/example_dags/example_branch_python_dop_operator_3.py for tasks to queue
[2025-05-29T20:00:36.961+0000] {logging_mixin.py:188} INFO - [2025-05-29T20:00:36.961+0000] {dagbag.py:545} INFO - Filling up the DagBag from /home/airflow/.local/lib/python3.12/site-packages/airflow/example_dags/example_branch_python_dop_operator_3.py
[2025-05-29T20:00:36.971+0000] {processor.py:840} INFO - DAG(s) 'example_branch_dop_operator_v3' retrieved from /home/airflow/.local/lib/python3.12/site-packages/airflow/example_dags/example_branch_python_dop_operator_3.py
[2025-05-29T20:00:36.996+0000] {logging_mixin.py:188} INFO - [2025-05-29T20:00:36.996+0000] {dag.py:3096} INFO - Sync 1 DAGs
[2025-05-29T20:00:37.027+0000] {logging_mixin.py:188} INFO - [2025-05-29T20:00:37.027+0000] {dag.py:3954} INFO - Setting next_dagrun for example_branch_dop_operator_v3 to 2025-05-29 19:59:00+00:00, run_after=2025-05-29 20:00:00+00:00
[2025-05-29T20:00:37.052+0000] {processor.py:183} INFO - Processing /home/airflow/.local/lib/python3.12/site-packages/airflow/example_dags/example_branch_python_dop_operator_3.py took 0.101 seconds
[2025-05-29T20:01:07.756+0000] {processor.py:161} INFO - Started process (PID=860) to work on /home/airflow/.local/lib/python3.12/site-packages/airflow/example_dags/example_branch_python_dop_operator_3.py
[2025-05-29T20:01:07.758+0000] {processor.py:830} INFO - Processing file /home/airflow/.local/lib/python3.12/site-packages/airflow/example_dags/example_branch_python_dop_operator_3.py for tasks to queue
[2025-05-29T20:01:07.763+0000] {logging_mixin.py:188} INFO - [2025-05-29T20:01:07.762+0000] {dagbag.py:545} INFO - Filling up the DagBag from /home/airflow/.local/lib/python3.12/site-packages/airflow/example_dags/example_branch_python_dop_operator_3.py
[2025-05-29T20:01:07.785+0000] {processor.py:840} INFO - DAG(s) 'example_branch_dop_operator_v3' retrieved from /home/airflow/.local/lib/python3.12/site-packages/airflow/example_dags/example_branch_python_dop_operator_3.py
[2025-05-29T20:01:07.830+0000] {logging_mixin.py:188} INFO - [2025-05-29T20:01:07.829+0000] {dag.py:3096} INFO - Sync 1 DAGs
[2025-05-29T20:01:07.892+0000] {logging_mixin.py:188} INFO - [2025-05-29T20:01:07.892+0000] {dag.py:3954} INFO - Setting next_dagrun for example_branch_dop_operator_v3 to 2025-05-29 20:00:00+00:00, run_after=2025-05-29 20:01:00+00:00
[2025-05-29T20:01:07.936+0000] {processor.py:183} INFO - Processing /home/airflow/.local/lib/python3.12/site-packages/airflow/example_dags/example_branch_python_dop_operator_3.py took 0.195 seconds
