[2025-05-29T19:54:29.241+0000] {processor.py:161} INFO - Started process (PID=107) to work on /home/airflow/.local/lib/python3.12/site-packages/airflow/example_dags/example_branch_day_of_week_operator.py
[2025-05-29T19:54:29.242+0000] {processor.py:830} INFO - Processing file /home/airflow/.local/lib/python3.12/site-packages/airflow/example_dags/example_branch_day_of_week_operator.py for tasks to queue
[2025-05-29T19:54:29.245+0000] {logging_mixin.py:188} INFO - [2025-05-29T19:54:29.245+0000] {dagbag.py:545} INFO - Filling up the DagBag from /home/airflow/.local/lib/python3.12/site-packages/airflow/example_dags/example_branch_day_of_week_operator.py
[2025-05-29T19:54:29.258+0000] {processor.py:840} INFO - DAG(s) 'example_weekday_branch_operator' retrieved from /home/airflow/.local/lib/python3.12/site-packages/airflow/example_dags/example_branch_day_of_week_operator.py
[2025-05-29T19:54:29.418+0000] {logging_mixin.py:188} INFO - [2025-05-29T19:54:29.418+0000] {dag.py:3096} INFO - Sync 1 DAGs
[2025-05-29T19:54:29.448+0000] {logging_mixin.py:188} INFO - [2025-05-29T19:54:29.448+0000] {dag.py:3954} INFO - Setting next_dagrun for example_weekday_branch_operator to 2025-05-28 00:00:00+00:00, run_after=2025-05-29 00:00:00+00:00
[2025-05-29T19:54:29.484+0000] {processor.py:183} INFO - Processing /home/airflow/.local/lib/python3.12/site-packages/airflow/example_dags/example_branch_day_of_week_operator.py took 0.251 seconds
[2025-05-29T19:55:00.222+0000] {processor.py:161} INFO - Started process (PID=165) to work on /home/airflow/.local/lib/python3.12/site-packages/airflow/example_dags/example_branch_day_of_week_operator.py
[2025-05-29T19:55:00.223+0000] {processor.py:830} INFO - Processing file /home/airflow/.local/lib/python3.12/site-packages/airflow/example_dags/example_branch_day_of_week_operator.py for tasks to queue
[2025-05-29T19:55:00.226+0000] {logging_mixin.py:188} INFO - [2025-05-29T19:55:00.226+0000] {dagbag.py:545} INFO - Filling up the DagBag from /home/airflow/.local/lib/python3.12/site-packages/airflow/example_dags/example_branch_day_of_week_operator.py
[2025-05-29T19:55:00.236+0000] {processor.py:840} INFO - DAG(s) 'example_weekday_branch_operator' retrieved from /home/airflow/.local/lib/python3.12/site-packages/airflow/example_dags/example_branch_day_of_week_operator.py
[2025-05-29T19:55:00.266+0000] {logging_mixin.py:188} INFO - [2025-05-29T19:55:00.265+0000] {dag.py:3096} INFO - Sync 1 DAGs
[2025-05-29T19:55:00.298+0000] {logging_mixin.py:188} INFO - [2025-05-29T19:55:00.298+0000] {dag.py:3954} INFO - Setting next_dagrun for example_weekday_branch_operator to 2025-05-28 00:00:00+00:00, run_after=2025-05-29 00:00:00+00:00
[2025-05-29T19:55:00.329+0000] {processor.py:183} INFO - Processing /home/airflow/.local/lib/python3.12/site-packages/airflow/example_dags/example_branch_day_of_week_operator.py took 0.115 seconds
[2025-05-29T19:55:30.547+0000] {processor.py:161} INFO - Started process (PID=223) to work on /home/airflow/.local/lib/python3.12/site-packages/airflow/example_dags/example_branch_day_of_week_operator.py
[2025-05-29T19:55:30.549+0000] {processor.py:830} INFO - Processing file /home/airflow/.local/lib/python3.12/site-packages/airflow/example_dags/example_branch_day_of_week_operator.py for tasks to queue
[2025-05-29T19:55:30.556+0000] {logging_mixin.py:188} INFO - [2025-05-29T19:55:30.555+0000] {dagbag.py:545} INFO - Filling up the DagBag from /home/airflow/.local/lib/python3.12/site-packages/airflow/example_dags/example_branch_day_of_week_operator.py
[2025-05-29T19:55:30.575+0000] {processor.py:840} INFO - DAG(s) 'example_weekday_branch_operator' retrieved from /home/airflow/.local/lib/python3.12/site-packages/airflow/example_dags/example_branch_day_of_week_operator.py
[2025-05-29T19:55:30.621+0000] {logging_mixin.py:188} INFO - [2025-05-29T19:55:30.620+0000] {dag.py:3096} INFO - Sync 1 DAGs
[2025-05-29T19:55:30.666+0000] {logging_mixin.py:188} INFO - [2025-05-29T19:55:30.665+0000] {dag.py:3954} INFO - Setting next_dagrun for example_weekday_branch_operator to 2025-05-28 00:00:00+00:00, run_after=2025-05-29 00:00:00+00:00
[2025-05-29T19:55:30.705+0000] {processor.py:183} INFO - Processing /home/airflow/.local/lib/python3.12/site-packages/airflow/example_dags/example_branch_day_of_week_operator.py took 0.169 seconds
[2025-05-29T19:56:00.906+0000] {processor.py:161} INFO - Started process (PID=281) to work on /home/airflow/.local/lib/python3.12/site-packages/airflow/example_dags/example_branch_day_of_week_operator.py
[2025-05-29T19:56:00.907+0000] {processor.py:830} INFO - Processing file /home/airflow/.local/lib/python3.12/site-packages/airflow/example_dags/example_branch_day_of_week_operator.py for tasks to queue
[2025-05-29T19:56:00.910+0000] {logging_mixin.py:188} INFO - [2025-05-29T19:56:00.910+0000] {dagbag.py:545} INFO - Filling up the DagBag from /home/airflow/.local/lib/python3.12/site-packages/airflow/example_dags/example_branch_day_of_week_operator.py
[2025-05-29T19:56:00.921+0000] {processor.py:840} INFO - DAG(s) 'example_weekday_branch_operator' retrieved from /home/airflow/.local/lib/python3.12/site-packages/airflow/example_dags/example_branch_day_of_week_operator.py
[2025-05-29T19:56:00.956+0000] {logging_mixin.py:188} INFO - [2025-05-29T19:56:00.955+0000] {dag.py:3096} INFO - Sync 1 DAGs
[2025-05-29T19:56:00.995+0000] {logging_mixin.py:188} INFO - [2025-05-29T19:56:00.994+0000] {dag.py:3954} INFO - Setting next_dagrun for example_weekday_branch_operator to 2025-05-28 00:00:00+00:00, run_after=2025-05-29 00:00:00+00:00
[2025-05-29T19:56:01.027+0000] {processor.py:183} INFO - Processing /home/airflow/.local/lib/python3.12/site-packages/airflow/example_dags/example_branch_day_of_week_operator.py took 0.130 seconds
[2025-05-29T19:56:31.690+0000] {processor.py:161} INFO - Started process (PID=339) to work on /home/airflow/.local/lib/python3.12/site-packages/airflow/example_dags/example_branch_day_of_week_operator.py
[2025-05-29T19:56:31.692+0000] {processor.py:830} INFO - Processing file /home/airflow/.local/lib/python3.12/site-packages/airflow/example_dags/example_branch_day_of_week_operator.py for tasks to queue
[2025-05-29T19:56:31.695+0000] {logging_mixin.py:188} INFO - [2025-05-29T19:56:31.694+0000] {dagbag.py:545} INFO - Filling up the DagBag from /home/airflow/.local/lib/python3.12/site-packages/airflow/example_dags/example_branch_day_of_week_operator.py
[2025-05-29T19:56:31.706+0000] {processor.py:840} INFO - DAG(s) 'example_weekday_branch_operator' retrieved from /home/airflow/.local/lib/python3.12/site-packages/airflow/example_dags/example_branch_day_of_week_operator.py
[2025-05-29T19:56:31.740+0000] {logging_mixin.py:188} INFO - [2025-05-29T19:56:31.740+0000] {dag.py:3096} INFO - Sync 1 DAGs
[2025-05-29T19:56:31.777+0000] {logging_mixin.py:188} INFO - [2025-05-29T19:56:31.777+0000] {dag.py:3954} INFO - Setting next_dagrun for example_weekday_branch_operator to 2025-05-28 00:00:00+00:00, run_after=2025-05-29 00:00:00+00:00
[2025-05-29T19:56:31.810+0000] {processor.py:183} INFO - Processing /home/airflow/.local/lib/python3.12/site-packages/airflow/example_dags/example_branch_day_of_week_operator.py took 0.128 seconds
[2025-05-29T19:57:02.910+0000] {processor.py:161} INFO - Started process (PID=397) to work on /home/airflow/.local/lib/python3.12/site-packages/airflow/example_dags/example_branch_day_of_week_operator.py
[2025-05-29T19:57:02.913+0000] {processor.py:830} INFO - Processing file /home/airflow/.local/lib/python3.12/site-packages/airflow/example_dags/example_branch_day_of_week_operator.py for tasks to queue
[2025-05-29T19:57:02.916+0000] {logging_mixin.py:188} INFO - [2025-05-29T19:57:02.916+0000] {dagbag.py:545} INFO - Filling up the DagBag from /home/airflow/.local/lib/python3.12/site-packages/airflow/example_dags/example_branch_day_of_week_operator.py
[2025-05-29T19:57:02.937+0000] {processor.py:840} INFO - DAG(s) 'example_weekday_branch_operator' retrieved from /home/airflow/.local/lib/python3.12/site-packages/airflow/example_dags/example_branch_day_of_week_operator.py
[2025-05-29T19:57:02.971+0000] {logging_mixin.py:188} INFO - [2025-05-29T19:57:02.971+0000] {dag.py:3096} INFO - Sync 1 DAGs
[2025-05-29T19:57:03.000+0000] {logging_mixin.py:188} INFO - [2025-05-29T19:57:03.000+0000] {dag.py:3954} INFO - Setting next_dagrun for example_weekday_branch_operator to 2025-05-28 00:00:00+00:00, run_after=2025-05-29 00:00:00+00:00
[2025-05-29T19:57:03.026+0000] {processor.py:183} INFO - Processing /home/airflow/.local/lib/python3.12/site-packages/airflow/example_dags/example_branch_day_of_week_operator.py took 0.131 seconds
[2025-05-29T19:57:33.748+0000] {processor.py:161} INFO - Started process (PID=455) to work on /home/airflow/.local/lib/python3.12/site-packages/airflow/example_dags/example_branch_day_of_week_operator.py
[2025-05-29T19:57:33.750+0000] {processor.py:830} INFO - Processing file /home/airflow/.local/lib/python3.12/site-packages/airflow/example_dags/example_branch_day_of_week_operator.py for tasks to queue
[2025-05-29T19:57:33.753+0000] {logging_mixin.py:188} INFO - [2025-05-29T19:57:33.752+0000] {dagbag.py:545} INFO - Filling up the DagBag from /home/airflow/.local/lib/python3.12/site-packages/airflow/example_dags/example_branch_day_of_week_operator.py
[2025-05-29T19:57:33.763+0000] {processor.py:840} INFO - DAG(s) 'example_weekday_branch_operator' retrieved from /home/airflow/.local/lib/python3.12/site-packages/airflow/example_dags/example_branch_day_of_week_operator.py
[2025-05-29T19:57:33.791+0000] {logging_mixin.py:188} INFO - [2025-05-29T19:57:33.791+0000] {dag.py:3096} INFO - Sync 1 DAGs
[2025-05-29T19:57:33.831+0000] {logging_mixin.py:188} INFO - [2025-05-29T19:57:33.830+0000] {dag.py:3954} INFO - Setting next_dagrun for example_weekday_branch_operator to 2025-05-28 00:00:00+00:00, run_after=2025-05-29 00:00:00+00:00
[2025-05-29T19:57:33.872+0000] {processor.py:183} INFO - Processing /home/airflow/.local/lib/python3.12/site-packages/airflow/example_dags/example_branch_day_of_week_operator.py took 0.135 seconds
[2025-05-29T19:58:04.014+0000] {processor.py:161} INFO - Started process (PID=513) to work on /home/airflow/.local/lib/python3.12/site-packages/airflow/example_dags/example_branch_day_of_week_operator.py
[2025-05-29T19:58:04.015+0000] {processor.py:830} INFO - Processing file /home/airflow/.local/lib/python3.12/site-packages/airflow/example_dags/example_branch_day_of_week_operator.py for tasks to queue
[2025-05-29T19:58:04.018+0000] {logging_mixin.py:188} INFO - [2025-05-29T19:58:04.018+0000] {dagbag.py:545} INFO - Filling up the DagBag from /home/airflow/.local/lib/python3.12/site-packages/airflow/example_dags/example_branch_day_of_week_operator.py
[2025-05-29T19:58:04.029+0000] {processor.py:840} INFO - DAG(s) 'example_weekday_branch_operator' retrieved from /home/airflow/.local/lib/python3.12/site-packages/airflow/example_dags/example_branch_day_of_week_operator.py
[2025-05-29T19:58:04.058+0000] {logging_mixin.py:188} INFO - [2025-05-29T19:58:04.058+0000] {dag.py:3096} INFO - Sync 1 DAGs
[2025-05-29T19:58:04.100+0000] {logging_mixin.py:188} INFO - [2025-05-29T19:58:04.099+0000] {dag.py:3954} INFO - Setting next_dagrun for example_weekday_branch_operator to 2025-05-28 00:00:00+00:00, run_after=2025-05-29 00:00:00+00:00
[2025-05-29T19:58:04.128+0000] {processor.py:183} INFO - Processing /home/airflow/.local/lib/python3.12/site-packages/airflow/example_dags/example_branch_day_of_week_operator.py took 0.122 seconds
[2025-05-29T19:58:34.570+0000] {processor.py:161} INFO - Started process (PID=571) to work on /home/airflow/.local/lib/python3.12/site-packages/airflow/example_dags/example_branch_day_of_week_operator.py
[2025-05-29T19:58:34.572+0000] {processor.py:830} INFO - Processing file /home/airflow/.local/lib/python3.12/site-packages/airflow/example_dags/example_branch_day_of_week_operator.py for tasks to queue
[2025-05-29T19:58:34.574+0000] {logging_mixin.py:188} INFO - [2025-05-29T19:58:34.574+0000] {dagbag.py:545} INFO - Filling up the DagBag from /home/airflow/.local/lib/python3.12/site-packages/airflow/example_dags/example_branch_day_of_week_operator.py
[2025-05-29T19:58:34.585+0000] {processor.py:840} INFO - DAG(s) 'example_weekday_branch_operator' retrieved from /home/airflow/.local/lib/python3.12/site-packages/airflow/example_dags/example_branch_day_of_week_operator.py
[2025-05-29T19:58:34.614+0000] {logging_mixin.py:188} INFO - [2025-05-29T19:58:34.614+0000] {dag.py:3096} INFO - Sync 1 DAGs
[2025-05-29T19:58:34.647+0000] {logging_mixin.py:188} INFO - [2025-05-29T19:58:34.646+0000] {dag.py:3954} INFO - Setting next_dagrun for example_weekday_branch_operator to 2025-05-28 00:00:00+00:00, run_after=2025-05-29 00:00:00+00:00
[2025-05-29T19:58:34.676+0000] {processor.py:183} INFO - Processing /home/airflow/.local/lib/python3.12/site-packages/airflow/example_dags/example_branch_day_of_week_operator.py took 0.113 seconds
[2025-05-29T19:59:05.235+0000] {processor.py:161} INFO - Started process (PID=629) to work on /home/airflow/.local/lib/python3.12/site-packages/airflow/example_dags/example_branch_day_of_week_operator.py
[2025-05-29T19:59:05.237+0000] {processor.py:830} INFO - Processing file /home/airflow/.local/lib/python3.12/site-packages/airflow/example_dags/example_branch_day_of_week_operator.py for tasks to queue
[2025-05-29T19:59:05.241+0000] {logging_mixin.py:188} INFO - [2025-05-29T19:59:05.240+0000] {dagbag.py:545} INFO - Filling up the DagBag from /home/airflow/.local/lib/python3.12/site-packages/airflow/example_dags/example_branch_day_of_week_operator.py
[2025-05-29T19:59:05.253+0000] {processor.py:840} INFO - DAG(s) 'example_weekday_branch_operator' retrieved from /home/airflow/.local/lib/python3.12/site-packages/airflow/example_dags/example_branch_day_of_week_operator.py
[2025-05-29T19:59:05.286+0000] {logging_mixin.py:188} INFO - [2025-05-29T19:59:05.285+0000] {dag.py:3096} INFO - Sync 1 DAGs
[2025-05-29T19:59:05.328+0000] {logging_mixin.py:188} INFO - [2025-05-29T19:59:05.328+0000] {dag.py:3954} INFO - Setting next_dagrun for example_weekday_branch_operator to 2025-05-28 00:00:00+00:00, run_after=2025-05-29 00:00:00+00:00
[2025-05-29T19:59:05.365+0000] {processor.py:183} INFO - Processing /home/airflow/.local/lib/python3.12/site-packages/airflow/example_dags/example_branch_day_of_week_operator.py took 0.138 seconds
[2025-05-29T19:59:35.665+0000] {processor.py:161} INFO - Started process (PID=687) to work on /home/airflow/.local/lib/python3.12/site-packages/airflow/example_dags/example_branch_day_of_week_operator.py
[2025-05-29T19:59:35.667+0000] {processor.py:830} INFO - Processing file /home/airflow/.local/lib/python3.12/site-packages/airflow/example_dags/example_branch_day_of_week_operator.py for tasks to queue
[2025-05-29T19:59:35.669+0000] {logging_mixin.py:188} INFO - [2025-05-29T19:59:35.669+0000] {dagbag.py:545} INFO - Filling up the DagBag from /home/airflow/.local/lib/python3.12/site-packages/airflow/example_dags/example_branch_day_of_week_operator.py
[2025-05-29T19:59:35.683+0000] {processor.py:840} INFO - DAG(s) 'example_weekday_branch_operator' retrieved from /home/airflow/.local/lib/python3.12/site-packages/airflow/example_dags/example_branch_day_of_week_operator.py
[2025-05-29T19:59:35.722+0000] {logging_mixin.py:188} INFO - [2025-05-29T19:59:35.721+0000] {dag.py:3096} INFO - Sync 1 DAGs
[2025-05-29T19:59:35.759+0000] {logging_mixin.py:188} INFO - [2025-05-29T19:59:35.759+0000] {dag.py:3954} INFO - Setting next_dagrun for example_weekday_branch_operator to 2025-05-28 00:00:00+00:00, run_after=2025-05-29 00:00:00+00:00
[2025-05-29T19:59:35.790+0000] {processor.py:183} INFO - Processing /home/airflow/.local/lib/python3.12/site-packages/airflow/example_dags/example_branch_day_of_week_operator.py took 0.135 seconds
[2025-05-29T20:00:06.276+0000] {processor.py:161} INFO - Started process (PID=745) to work on /home/airflow/.local/lib/python3.12/site-packages/airflow/example_dags/example_branch_day_of_week_operator.py
[2025-05-29T20:00:06.277+0000] {processor.py:830} INFO - Processing file /home/airflow/.local/lib/python3.12/site-packages/airflow/example_dags/example_branch_day_of_week_operator.py for tasks to queue
[2025-05-29T20:00:06.281+0000] {logging_mixin.py:188} INFO - [2025-05-29T20:00:06.280+0000] {dagbag.py:545} INFO - Filling up the DagBag from /home/airflow/.local/lib/python3.12/site-packages/airflow/example_dags/example_branch_day_of_week_operator.py
[2025-05-29T20:00:06.292+0000] {processor.py:840} INFO - DAG(s) 'example_weekday_branch_operator' retrieved from /home/airflow/.local/lib/python3.12/site-packages/airflow/example_dags/example_branch_day_of_week_operator.py
[2025-05-29T20:00:06.322+0000] {logging_mixin.py:188} INFO - [2025-05-29T20:00:06.321+0000] {dag.py:3096} INFO - Sync 1 DAGs
[2025-05-29T20:00:06.360+0000] {logging_mixin.py:188} INFO - [2025-05-29T20:00:06.359+0000] {dag.py:3954} INFO - Setting next_dagrun for example_weekday_branch_operator to 2025-05-28 00:00:00+00:00, run_after=2025-05-29 00:00:00+00:00
[2025-05-29T20:00:06.393+0000] {processor.py:183} INFO - Processing /home/airflow/.local/lib/python3.12/site-packages/airflow/example_dags/example_branch_day_of_week_operator.py took 0.126 seconds
[2025-05-29T20:00:37.097+0000] {processor.py:161} INFO - Started process (PID=803) to work on /home/airflow/.local/lib/python3.12/site-packages/airflow/example_dags/example_branch_day_of_week_operator.py
[2025-05-29T20:00:37.098+0000] {processor.py:830} INFO - Processing file /home/airflow/.local/lib/python3.12/site-packages/airflow/example_dags/example_branch_day_of_week_operator.py for tasks to queue
[2025-05-29T20:00:37.101+0000] {logging_mixin.py:188} INFO - [2025-05-29T20:00:37.101+0000] {dagbag.py:545} INFO - Filling up the DagBag from /home/airflow/.local/lib/python3.12/site-packages/airflow/example_dags/example_branch_day_of_week_operator.py
[2025-05-29T20:00:37.111+0000] {processor.py:840} INFO - DAG(s) 'example_weekday_branch_operator' retrieved from /home/airflow/.local/lib/python3.12/site-packages/airflow/example_dags/example_branch_day_of_week_operator.py
[2025-05-29T20:00:37.139+0000] {logging_mixin.py:188} INFO - [2025-05-29T20:00:37.139+0000] {dag.py:3096} INFO - Sync 1 DAGs
[2025-05-29T20:00:37.169+0000] {logging_mixin.py:188} INFO - [2025-05-29T20:00:37.169+0000] {dag.py:3954} INFO - Setting next_dagrun for example_weekday_branch_operator to 2025-05-28 00:00:00+00:00, run_after=2025-05-29 00:00:00+00:00
[2025-05-29T20:00:37.194+0000] {processor.py:183} INFO - Processing /home/airflow/.local/lib/python3.12/site-packages/airflow/example_dags/example_branch_day_of_week_operator.py took 0.106 seconds
[2025-05-29T20:01:07.794+0000] {processor.py:161} INFO - Started process (PID=861) to work on /home/airflow/.local/lib/python3.12/site-packages/airflow/example_dags/example_branch_day_of_week_operator.py
[2025-05-29T20:01:07.796+0000] {processor.py:830} INFO - Processing file /home/airflow/.local/lib/python3.12/site-packages/airflow/example_dags/example_branch_day_of_week_operator.py for tasks to queue
[2025-05-29T20:01:07.801+0000] {logging_mixin.py:188} INFO - [2025-05-29T20:01:07.800+0000] {dagbag.py:545} INFO - Filling up the DagBag from /home/airflow/.local/lib/python3.12/site-packages/airflow/example_dags/example_branch_day_of_week_operator.py
[2025-05-29T20:01:07.818+0000] {processor.py:840} INFO - DAG(s) 'example_weekday_branch_operator' retrieved from /home/airflow/.local/lib/python3.12/site-packages/airflow/example_dags/example_branch_day_of_week_operator.py
[2025-05-29T20:01:07.862+0000] {logging_mixin.py:188} INFO - [2025-05-29T20:01:07.861+0000] {dag.py:3096} INFO - Sync 1 DAGs
[2025-05-29T20:01:07.916+0000] {logging_mixin.py:188} INFO - [2025-05-29T20:01:07.915+0000] {dag.py:3954} INFO - Setting next_dagrun for example_weekday_branch_operator to 2025-05-28 00:00:00+00:00, run_after=2025-05-29 00:00:00+00:00
[2025-05-29T20:01:07.969+0000] {processor.py:183} INFO - Processing /home/airflow/.local/lib/python3.12/site-packages/airflow/example_dags/example_branch_day_of_week_operator.py took 0.189 seconds
