[2025-05-29T19:54:25.930+0000] {processor.py:161} INFO - Started process (PID=92) to work on /home/airflow/.local/lib/python3.12/site-packages/airflow/example_dags/example_sla_dag.py
[2025-05-29T19:54:25.932+0000] {processor.py:830} INFO - Processing file /home/airflow/.local/lib/python3.12/site-packages/airflow/example_dags/example_sla_dag.py for tasks to queue
[2025-05-29T19:54:25.935+0000] {logging_mixin.py:188} INFO - [2025-05-29T19:54:25.935+0000] {dagbag.py:545} INFO - Filling up the DagBag from /home/airflow/.local/lib/python3.12/site-packages/airflow/example_dags/example_sla_dag.py
[2025-05-29T19:54:25.957+0000] {processor.py:840} INFO - DAG(s) 'example_sla_dag' retrieved from /home/airflow/.local/lib/python3.12/site-packages/airflow/example_dags/example_sla_dag.py
[2025-05-29T19:54:26.326+0000] {logging_mixin.py:188} INFO - [2025-05-29T19:54:26.325+0000] {dag.py:3096} INFO - Sync 1 DAGs
[2025-05-29T19:54:26.393+0000] {logging_mixin.py:188} INFO - [2025-05-29T19:54:26.392+0000] {dag.py:3954} INFO - Setting next_dagrun for example_sla_dag to 2025-05-29 19:52:00+00:00, run_after=2025-05-29 19:54:00+00:00
[2025-05-29T19:54:26.459+0000] {processor.py:183} INFO - Processing /home/airflow/.local/lib/python3.12/site-packages/airflow/example_dags/example_sla_dag.py took 0.540 seconds
[2025-05-29T19:54:56.530+0000] {processor.py:161} INFO - Started process (PID=150) to work on /home/airflow/.local/lib/python3.12/site-packages/airflow/example_dags/example_sla_dag.py
[2025-05-29T19:54:56.531+0000] {processor.py:830} INFO - Processing file /home/airflow/.local/lib/python3.12/site-packages/airflow/example_dags/example_sla_dag.py for tasks to queue
[2025-05-29T19:54:56.534+0000] {logging_mixin.py:188} INFO - [2025-05-29T19:54:56.534+0000] {dagbag.py:545} INFO - Filling up the DagBag from /home/airflow/.local/lib/python3.12/site-packages/airflow/example_dags/example_sla_dag.py
[2025-05-29T19:54:56.545+0000] {processor.py:840} INFO - DAG(s) 'example_sla_dag' retrieved from /home/airflow/.local/lib/python3.12/site-packages/airflow/example_dags/example_sla_dag.py
[2025-05-29T19:54:56.570+0000] {logging_mixin.py:188} INFO - [2025-05-29T19:54:56.570+0000] {dag.py:3096} INFO - Sync 1 DAGs
[2025-05-29T19:54:56.605+0000] {logging_mixin.py:188} INFO - [2025-05-29T19:54:56.605+0000] {dag.py:3954} INFO - Setting next_dagrun for example_sla_dag to 2025-05-29 19:52:00+00:00, run_after=2025-05-29 19:54:00+00:00
[2025-05-29T19:54:56.631+0000] {processor.py:183} INFO - Processing /home/airflow/.local/lib/python3.12/site-packages/airflow/example_dags/example_sla_dag.py took 0.110 seconds
[2025-05-29T19:55:26.906+0000] {processor.py:161} INFO - Started process (PID=208) to work on /home/airflow/.local/lib/python3.12/site-packages/airflow/example_dags/example_sla_dag.py
[2025-05-29T19:55:26.907+0000] {processor.py:830} INFO - Processing file /home/airflow/.local/lib/python3.12/site-packages/airflow/example_dags/example_sla_dag.py for tasks to queue
[2025-05-29T19:55:26.911+0000] {logging_mixin.py:188} INFO - [2025-05-29T19:55:26.910+0000] {dagbag.py:545} INFO - Filling up the DagBag from /home/airflow/.local/lib/python3.12/site-packages/airflow/example_dags/example_sla_dag.py
[2025-05-29T19:55:26.922+0000] {processor.py:840} INFO - DAG(s) 'example_sla_dag' retrieved from /home/airflow/.local/lib/python3.12/site-packages/airflow/example_dags/example_sla_dag.py
[2025-05-29T19:55:26.948+0000] {logging_mixin.py:188} INFO - [2025-05-29T19:55:26.947+0000] {dag.py:3096} INFO - Sync 1 DAGs
[2025-05-29T19:55:26.984+0000] {logging_mixin.py:188} INFO - [2025-05-29T19:55:26.983+0000] {dag.py:3954} INFO - Setting next_dagrun for example_sla_dag to 2025-05-29 19:52:00+00:00, run_after=2025-05-29 19:54:00+00:00
[2025-05-29T19:55:27.010+0000] {processor.py:183} INFO - Processing /home/airflow/.local/lib/python3.12/site-packages/airflow/example_dags/example_sla_dag.py took 0.113 seconds
[2025-05-29T19:55:57.484+0000] {processor.py:161} INFO - Started process (PID=266) to work on /home/airflow/.local/lib/python3.12/site-packages/airflow/example_dags/example_sla_dag.py
[2025-05-29T19:55:57.486+0000] {processor.py:830} INFO - Processing file /home/airflow/.local/lib/python3.12/site-packages/airflow/example_dags/example_sla_dag.py for tasks to queue
[2025-05-29T19:55:57.491+0000] {logging_mixin.py:188} INFO - [2025-05-29T19:55:57.490+0000] {dagbag.py:545} INFO - Filling up the DagBag from /home/airflow/.local/lib/python3.12/site-packages/airflow/example_dags/example_sla_dag.py
[2025-05-29T19:55:57.506+0000] {processor.py:840} INFO - DAG(s) 'example_sla_dag' retrieved from /home/airflow/.local/lib/python3.12/site-packages/airflow/example_dags/example_sla_dag.py
[2025-05-29T19:55:57.536+0000] {logging_mixin.py:188} INFO - [2025-05-29T19:55:57.536+0000] {dag.py:3096} INFO - Sync 1 DAGs
[2025-05-29T19:55:57.579+0000] {logging_mixin.py:188} INFO - [2025-05-29T19:55:57.579+0000] {dag.py:3954} INFO - Setting next_dagrun for example_sla_dag to 2025-05-29 19:52:00+00:00, run_after=2025-05-29 19:54:00+00:00
[2025-05-29T19:55:57.610+0000] {processor.py:183} INFO - Processing /home/airflow/.local/lib/python3.12/site-packages/airflow/example_dags/example_sla_dag.py took 0.137 seconds
[2025-05-29T19:56:28.347+0000] {processor.py:161} INFO - Started process (PID=324) to work on /home/airflow/.local/lib/python3.12/site-packages/airflow/example_dags/example_sla_dag.py
[2025-05-29T19:56:28.348+0000] {processor.py:830} INFO - Processing file /home/airflow/.local/lib/python3.12/site-packages/airflow/example_dags/example_sla_dag.py for tasks to queue
[2025-05-29T19:56:28.353+0000] {logging_mixin.py:188} INFO - [2025-05-29T19:56:28.352+0000] {dagbag.py:545} INFO - Filling up the DagBag from /home/airflow/.local/lib/python3.12/site-packages/airflow/example_dags/example_sla_dag.py
[2025-05-29T19:56:28.366+0000] {processor.py:840} INFO - DAG(s) 'example_sla_dag' retrieved from /home/airflow/.local/lib/python3.12/site-packages/airflow/example_dags/example_sla_dag.py
[2025-05-29T19:56:28.397+0000] {logging_mixin.py:188} INFO - [2025-05-29T19:56:28.396+0000] {dag.py:3096} INFO - Sync 1 DAGs
[2025-05-29T19:56:28.438+0000] {logging_mixin.py:188} INFO - [2025-05-29T19:56:28.437+0000] {dag.py:3954} INFO - Setting next_dagrun for example_sla_dag to 2025-05-29 19:54:00+00:00, run_after=2025-05-29 19:56:00+00:00
[2025-05-29T19:56:28.477+0000] {processor.py:183} INFO - Processing /home/airflow/.local/lib/python3.12/site-packages/airflow/example_dags/example_sla_dag.py took 0.140 seconds
[2025-05-29T19:56:58.867+0000] {processor.py:161} INFO - Started process (PID=382) to work on /home/airflow/.local/lib/python3.12/site-packages/airflow/example_dags/example_sla_dag.py
[2025-05-29T19:56:58.870+0000] {processor.py:830} INFO - Processing file /home/airflow/.local/lib/python3.12/site-packages/airflow/example_dags/example_sla_dag.py for tasks to queue
[2025-05-29T19:56:58.876+0000] {logging_mixin.py:188} INFO - [2025-05-29T19:56:58.875+0000] {dagbag.py:545} INFO - Filling up the DagBag from /home/airflow/.local/lib/python3.12/site-packages/airflow/example_dags/example_sla_dag.py
[2025-05-29T19:56:58.891+0000] {processor.py:840} INFO - DAG(s) 'example_sla_dag' retrieved from /home/airflow/.local/lib/python3.12/site-packages/airflow/example_dags/example_sla_dag.py
[2025-05-29T19:56:58.924+0000] {logging_mixin.py:188} INFO - [2025-05-29T19:56:58.924+0000] {dag.py:3096} INFO - Sync 1 DAGs
[2025-05-29T19:56:58.975+0000] {logging_mixin.py:188} INFO - [2025-05-29T19:56:58.974+0000] {dag.py:3954} INFO - Setting next_dagrun for example_sla_dag to 2025-05-29 19:54:00+00:00, run_after=2025-05-29 19:56:00+00:00
[2025-05-29T19:56:59.024+0000] {processor.py:183} INFO - Processing /home/airflow/.local/lib/python3.12/site-packages/airflow/example_dags/example_sla_dag.py took 0.169 seconds
[2025-05-29T19:57:29.088+0000] {processor.py:161} INFO - Started process (PID=439) to work on /home/airflow/.local/lib/python3.12/site-packages/airflow/example_dags/example_sla_dag.py
[2025-05-29T19:57:29.090+0000] {processor.py:830} INFO - Processing file /home/airflow/.local/lib/python3.12/site-packages/airflow/example_dags/example_sla_dag.py for tasks to queue
[2025-05-29T19:57:29.093+0000] {logging_mixin.py:188} INFO - [2025-05-29T19:57:29.093+0000] {dagbag.py:545} INFO - Filling up the DagBag from /home/airflow/.local/lib/python3.12/site-packages/airflow/example_dags/example_sla_dag.py
[2025-05-29T19:57:29.106+0000] {processor.py:840} INFO - DAG(s) 'example_sla_dag' retrieved from /home/airflow/.local/lib/python3.12/site-packages/airflow/example_dags/example_sla_dag.py
[2025-05-29T19:57:29.133+0000] {logging_mixin.py:188} INFO - [2025-05-29T19:57:29.133+0000] {dag.py:3096} INFO - Sync 1 DAGs
[2025-05-29T19:57:29.168+0000] {logging_mixin.py:188} INFO - [2025-05-29T19:57:29.167+0000] {dag.py:3954} INFO - Setting next_dagrun for example_sla_dag to 2025-05-29 19:54:00+00:00, run_after=2025-05-29 19:56:00+00:00
[2025-05-29T19:57:29.201+0000] {processor.py:183} INFO - Processing /home/airflow/.local/lib/python3.12/site-packages/airflow/example_dags/example_sla_dag.py took 0.124 seconds
[2025-05-29T19:57:59.349+0000] {processor.py:161} INFO - Started process (PID=497) to work on /home/airflow/.local/lib/python3.12/site-packages/airflow/example_dags/example_sla_dag.py
[2025-05-29T19:57:59.350+0000] {processor.py:830} INFO - Processing file /home/airflow/.local/lib/python3.12/site-packages/airflow/example_dags/example_sla_dag.py for tasks to queue
[2025-05-29T19:57:59.353+0000] {logging_mixin.py:188} INFO - [2025-05-29T19:57:59.353+0000] {dagbag.py:545} INFO - Filling up the DagBag from /home/airflow/.local/lib/python3.12/site-packages/airflow/example_dags/example_sla_dag.py
[2025-05-29T19:57:59.366+0000] {processor.py:840} INFO - DAG(s) 'example_sla_dag' retrieved from /home/airflow/.local/lib/python3.12/site-packages/airflow/example_dags/example_sla_dag.py
[2025-05-29T19:57:59.395+0000] {logging_mixin.py:188} INFO - [2025-05-29T19:57:59.395+0000] {dag.py:3096} INFO - Sync 1 DAGs
[2025-05-29T19:57:59.430+0000] {logging_mixin.py:188} INFO - [2025-05-29T19:57:59.429+0000] {dag.py:3954} INFO - Setting next_dagrun for example_sla_dag to 2025-05-29 19:54:00+00:00, run_after=2025-05-29 19:56:00+00:00
[2025-05-29T19:57:59.461+0000] {processor.py:183} INFO - Processing /home/airflow/.local/lib/python3.12/site-packages/airflow/example_dags/example_sla_dag.py took 0.120 seconds
[2025-05-29T19:58:30.410+0000] {processor.py:161} INFO - Started process (PID=556) to work on /home/airflow/.local/lib/python3.12/site-packages/airflow/example_dags/example_sla_dag.py
[2025-05-29T19:58:30.411+0000] {processor.py:830} INFO - Processing file /home/airflow/.local/lib/python3.12/site-packages/airflow/example_dags/example_sla_dag.py for tasks to queue
[2025-05-29T19:58:30.414+0000] {logging_mixin.py:188} INFO - [2025-05-29T19:58:30.414+0000] {dagbag.py:545} INFO - Filling up the DagBag from /home/airflow/.local/lib/python3.12/site-packages/airflow/example_dags/example_sla_dag.py
[2025-05-29T19:58:30.424+0000] {processor.py:840} INFO - DAG(s) 'example_sla_dag' retrieved from /home/airflow/.local/lib/python3.12/site-packages/airflow/example_dags/example_sla_dag.py
[2025-05-29T19:58:30.452+0000] {logging_mixin.py:188} INFO - [2025-05-29T19:58:30.451+0000] {dag.py:3096} INFO - Sync 1 DAGs
[2025-05-29T19:58:30.486+0000] {logging_mixin.py:188} INFO - [2025-05-29T19:58:30.485+0000] {dag.py:3954} INFO - Setting next_dagrun for example_sla_dag to 2025-05-29 19:56:00+00:00, run_after=2025-05-29 19:58:00+00:00
[2025-05-29T19:58:30.520+0000] {processor.py:183} INFO - Processing /home/airflow/.local/lib/python3.12/site-packages/airflow/example_dags/example_sla_dag.py took 0.117 seconds
[2025-05-29T19:59:00.819+0000] {processor.py:161} INFO - Started process (PID=614) to work on /home/airflow/.local/lib/python3.12/site-packages/airflow/example_dags/example_sla_dag.py
[2025-05-29T19:59:00.821+0000] {processor.py:830} INFO - Processing file /home/airflow/.local/lib/python3.12/site-packages/airflow/example_dags/example_sla_dag.py for tasks to queue
[2025-05-29T19:59:00.823+0000] {logging_mixin.py:188} INFO - [2025-05-29T19:59:00.823+0000] {dagbag.py:545} INFO - Filling up the DagBag from /home/airflow/.local/lib/python3.12/site-packages/airflow/example_dags/example_sla_dag.py
[2025-05-29T19:59:00.832+0000] {processor.py:840} INFO - DAG(s) 'example_sla_dag' retrieved from /home/airflow/.local/lib/python3.12/site-packages/airflow/example_dags/example_sla_dag.py
[2025-05-29T19:59:00.859+0000] {logging_mixin.py:188} INFO - [2025-05-29T19:59:00.858+0000] {dag.py:3096} INFO - Sync 1 DAGs
[2025-05-29T19:59:00.896+0000] {logging_mixin.py:188} INFO - [2025-05-29T19:59:00.896+0000] {dag.py:3954} INFO - Setting next_dagrun for example_sla_dag to 2025-05-29 19:56:00+00:00, run_after=2025-05-29 19:58:00+00:00
[2025-05-29T19:59:00.947+0000] {processor.py:183} INFO - Processing /home/airflow/.local/lib/python3.12/site-packages/airflow/example_dags/example_sla_dag.py took 0.134 seconds
[2025-05-29T19:59:31.403+0000] {processor.py:161} INFO - Started process (PID=672) to work on /home/airflow/.local/lib/python3.12/site-packages/airflow/example_dags/example_sla_dag.py
[2025-05-29T19:59:31.404+0000] {processor.py:830} INFO - Processing file /home/airflow/.local/lib/python3.12/site-packages/airflow/example_dags/example_sla_dag.py for tasks to queue
[2025-05-29T19:59:31.407+0000] {logging_mixin.py:188} INFO - [2025-05-29T19:59:31.406+0000] {dagbag.py:545} INFO - Filling up the DagBag from /home/airflow/.local/lib/python3.12/site-packages/airflow/example_dags/example_sla_dag.py
[2025-05-29T19:59:31.417+0000] {processor.py:840} INFO - DAG(s) 'example_sla_dag' retrieved from /home/airflow/.local/lib/python3.12/site-packages/airflow/example_dags/example_sla_dag.py
[2025-05-29T19:59:31.440+0000] {logging_mixin.py:188} INFO - [2025-05-29T19:59:31.440+0000] {dag.py:3096} INFO - Sync 1 DAGs
[2025-05-29T19:59:31.479+0000] {logging_mixin.py:188} INFO - [2025-05-29T19:59:31.478+0000] {dag.py:3954} INFO - Setting next_dagrun for example_sla_dag to 2025-05-29 19:56:00+00:00, run_after=2025-05-29 19:58:00+00:00
[2025-05-29T19:59:31.508+0000] {processor.py:183} INFO - Processing /home/airflow/.local/lib/python3.12/site-packages/airflow/example_dags/example_sla_dag.py took 0.113 seconds
[2025-05-29T20:00:01.913+0000] {processor.py:161} INFO - Started process (PID=730) to work on /home/airflow/.local/lib/python3.12/site-packages/airflow/example_dags/example_sla_dag.py
[2025-05-29T20:00:01.914+0000] {processor.py:830} INFO - Processing file /home/airflow/.local/lib/python3.12/site-packages/airflow/example_dags/example_sla_dag.py for tasks to queue
[2025-05-29T20:00:01.918+0000] {logging_mixin.py:188} INFO - [2025-05-29T20:00:01.918+0000] {dagbag.py:545} INFO - Filling up the DagBag from /home/airflow/.local/lib/python3.12/site-packages/airflow/example_dags/example_sla_dag.py
[2025-05-29T20:00:01.933+0000] {processor.py:840} INFO - DAG(s) 'example_sla_dag' retrieved from /home/airflow/.local/lib/python3.12/site-packages/airflow/example_dags/example_sla_dag.py
[2025-05-29T20:00:01.965+0000] {logging_mixin.py:188} INFO - [2025-05-29T20:00:01.965+0000] {dag.py:3096} INFO - Sync 1 DAGs
[2025-05-29T20:00:02.007+0000] {logging_mixin.py:188} INFO - [2025-05-29T20:00:02.007+0000] {dag.py:3954} INFO - Setting next_dagrun for example_sla_dag to 2025-05-29 19:58:00+00:00, run_after=2025-05-29 20:00:00+00:00
[2025-05-29T20:00:02.037+0000] {processor.py:183} INFO - Processing /home/airflow/.local/lib/python3.12/site-packages/airflow/example_dags/example_sla_dag.py took 0.135 seconds
[2025-05-29T20:00:32.852+0000] {processor.py:161} INFO - Started process (PID=788) to work on /home/airflow/.local/lib/python3.12/site-packages/airflow/example_dags/example_sla_dag.py
[2025-05-29T20:00:32.854+0000] {processor.py:830} INFO - Processing file /home/airflow/.local/lib/python3.12/site-packages/airflow/example_dags/example_sla_dag.py for tasks to queue
[2025-05-29T20:00:32.857+0000] {logging_mixin.py:188} INFO - [2025-05-29T20:00:32.856+0000] {dagbag.py:545} INFO - Filling up the DagBag from /home/airflow/.local/lib/python3.12/site-packages/airflow/example_dags/example_sla_dag.py
[2025-05-29T20:00:32.868+0000] {processor.py:840} INFO - DAG(s) 'example_sla_dag' retrieved from /home/airflow/.local/lib/python3.12/site-packages/airflow/example_dags/example_sla_dag.py
[2025-05-29T20:00:32.895+0000] {logging_mixin.py:188} INFO - [2025-05-29T20:00:32.895+0000] {dag.py:3096} INFO - Sync 1 DAGs
[2025-05-29T20:00:32.931+0000] {logging_mixin.py:188} INFO - [2025-05-29T20:00:32.930+0000] {dag.py:3954} INFO - Setting next_dagrun for example_sla_dag to 2025-05-29 19:58:00+00:00, run_after=2025-05-29 20:00:00+00:00
[2025-05-29T20:00:32.958+0000] {processor.py:183} INFO - Processing /home/airflow/.local/lib/python3.12/site-packages/airflow/example_dags/example_sla_dag.py took 0.113 seconds
[2025-05-29T20:01:03.592+0000] {processor.py:161} INFO - Started process (PID=846) to work on /home/airflow/.local/lib/python3.12/site-packages/airflow/example_dags/example_sla_dag.py
[2025-05-29T20:01:03.594+0000] {processor.py:830} INFO - Processing file /home/airflow/.local/lib/python3.12/site-packages/airflow/example_dags/example_sla_dag.py for tasks to queue
[2025-05-29T20:01:03.597+0000] {logging_mixin.py:188} INFO - [2025-05-29T20:01:03.596+0000] {dagbag.py:545} INFO - Filling up the DagBag from /home/airflow/.local/lib/python3.12/site-packages/airflow/example_dags/example_sla_dag.py
[2025-05-29T20:01:03.609+0000] {processor.py:840} INFO - DAG(s) 'example_sla_dag' retrieved from /home/airflow/.local/lib/python3.12/site-packages/airflow/example_dags/example_sla_dag.py
[2025-05-29T20:01:03.635+0000] {logging_mixin.py:188} INFO - [2025-05-29T20:01:03.635+0000] {dag.py:3096} INFO - Sync 1 DAGs
[2025-05-29T20:01:03.676+0000] {logging_mixin.py:188} INFO - [2025-05-29T20:01:03.675+0000] {dag.py:3954} INFO - Setting next_dagrun for example_sla_dag to 2025-05-29 19:58:00+00:00, run_after=2025-05-29 20:00:00+00:00
[2025-05-29T20:01:03.702+0000] {processor.py:183} INFO - Processing /home/airflow/.local/lib/python3.12/site-packages/airflow/example_dags/example_sla_dag.py took 0.117 seconds
