[2025-05-29T19:54:27.874+0000] {processor.py:161} INFO - Started process (PID=99) to work on /home/airflow/.local/lib/python3.12/site-packages/airflow/example_dags/example_setup_teardown.py
[2025-05-29T19:54:27.875+0000] {processor.py:830} INFO - Processing file /home/airflow/.local/lib/python3.12/site-packages/airflow/example_dags/example_setup_teardown.py for tasks to queue
[2025-05-29T19:54:27.879+0000] {logging_mixin.py:188} INFO - [2025-05-29T19:54:27.877+0000] {dagbag.py:545} INFO - Filling up the DagBag from /home/airflow/.local/lib/python3.12/site-packages/airflow/example_dags/example_setup_teardown.py
[2025-05-29T19:54:27.891+0000] {processor.py:840} INFO - DAG(s) 'example_setup_teardown' retrieved from /home/airflow/.local/lib/python3.12/site-packages/airflow/example_dags/example_setup_teardown.py
[2025-05-29T19:54:28.083+0000] {logging_mixin.py:188} INFO - [2025-05-29T19:54:28.082+0000] {dag.py:3096} INFO - Sync 1 DAGs
[2025-05-29T19:54:28.125+0000] {logging_mixin.py:188} INFO - [2025-05-29T19:54:28.125+0000] {dag.py:3954} INFO - Setting next_dagrun for example_setup_teardown to 2025-05-28 00:00:00+00:00, run_after=2025-05-29 00:00:00+00:00
[2025-05-29T19:54:28.163+0000] {processor.py:183} INFO - Processing /home/airflow/.local/lib/python3.12/site-packages/airflow/example_dags/example_setup_teardown.py took 0.296 seconds
[2025-05-29T19:54:58.701+0000] {processor.py:161} INFO - Started process (PID=157) to work on /home/airflow/.local/lib/python3.12/site-packages/airflow/example_dags/example_setup_teardown.py
[2025-05-29T19:54:58.703+0000] {processor.py:830} INFO - Processing file /home/airflow/.local/lib/python3.12/site-packages/airflow/example_dags/example_setup_teardown.py for tasks to queue
[2025-05-29T19:54:58.705+0000] {logging_mixin.py:188} INFO - [2025-05-29T19:54:58.705+0000] {dagbag.py:545} INFO - Filling up the DagBag from /home/airflow/.local/lib/python3.12/site-packages/airflow/example_dags/example_setup_teardown.py
[2025-05-29T19:54:58.715+0000] {processor.py:840} INFO - DAG(s) 'example_setup_teardown' retrieved from /home/airflow/.local/lib/python3.12/site-packages/airflow/example_dags/example_setup_teardown.py
[2025-05-29T19:54:58.742+0000] {logging_mixin.py:188} INFO - [2025-05-29T19:54:58.741+0000] {dag.py:3096} INFO - Sync 1 DAGs
[2025-05-29T19:54:58.770+0000] {logging_mixin.py:188} INFO - [2025-05-29T19:54:58.769+0000] {dag.py:3954} INFO - Setting next_dagrun for example_setup_teardown to 2025-05-28 00:00:00+00:00, run_after=2025-05-29 00:00:00+00:00
[2025-05-29T19:54:58.798+0000] {processor.py:183} INFO - Processing /home/airflow/.local/lib/python3.12/site-packages/airflow/example_dags/example_setup_teardown.py took 0.105 seconds
[2025-05-29T19:55:28.884+0000] {processor.py:161} INFO - Started process (PID=215) to work on /home/airflow/.local/lib/python3.12/site-packages/airflow/example_dags/example_setup_teardown.py
[2025-05-29T19:55:28.885+0000] {processor.py:830} INFO - Processing file /home/airflow/.local/lib/python3.12/site-packages/airflow/example_dags/example_setup_teardown.py for tasks to queue
[2025-05-29T19:55:28.888+0000] {logging_mixin.py:188} INFO - [2025-05-29T19:55:28.887+0000] {dagbag.py:545} INFO - Filling up the DagBag from /home/airflow/.local/lib/python3.12/site-packages/airflow/example_dags/example_setup_teardown.py
[2025-05-29T19:55:28.896+0000] {processor.py:840} INFO - DAG(s) 'example_setup_teardown' retrieved from /home/airflow/.local/lib/python3.12/site-packages/airflow/example_dags/example_setup_teardown.py
[2025-05-29T19:55:28.928+0000] {logging_mixin.py:188} INFO - [2025-05-29T19:55:28.928+0000] {dag.py:3096} INFO - Sync 1 DAGs
[2025-05-29T19:55:28.956+0000] {logging_mixin.py:188} INFO - [2025-05-29T19:55:28.956+0000] {dag.py:3954} INFO - Setting next_dagrun for example_setup_teardown to 2025-05-28 00:00:00+00:00, run_after=2025-05-29 00:00:00+00:00
[2025-05-29T19:55:28.986+0000] {processor.py:183} INFO - Processing /home/airflow/.local/lib/python3.12/site-packages/airflow/example_dags/example_setup_teardown.py took 0.109 seconds
[2025-05-29T19:55:59.151+0000] {processor.py:161} INFO - Started process (PID=273) to work on /home/airflow/.local/lib/python3.12/site-packages/airflow/example_dags/example_setup_teardown.py
[2025-05-29T19:55:59.152+0000] {processor.py:830} INFO - Processing file /home/airflow/.local/lib/python3.12/site-packages/airflow/example_dags/example_setup_teardown.py for tasks to queue
[2025-05-29T19:55:59.155+0000] {logging_mixin.py:188} INFO - [2025-05-29T19:55:59.155+0000] {dagbag.py:545} INFO - Filling up the DagBag from /home/airflow/.local/lib/python3.12/site-packages/airflow/example_dags/example_setup_teardown.py
[2025-05-29T19:55:59.171+0000] {processor.py:840} INFO - DAG(s) 'example_setup_teardown' retrieved from /home/airflow/.local/lib/python3.12/site-packages/airflow/example_dags/example_setup_teardown.py
[2025-05-29T19:55:59.201+0000] {logging_mixin.py:188} INFO - [2025-05-29T19:55:59.200+0000] {dag.py:3096} INFO - Sync 1 DAGs
[2025-05-29T19:55:59.231+0000] {logging_mixin.py:188} INFO - [2025-05-29T19:55:59.231+0000] {dag.py:3954} INFO - Setting next_dagrun for example_setup_teardown to 2025-05-28 00:00:00+00:00, run_after=2025-05-29 00:00:00+00:00
[2025-05-29T19:55:59.259+0000] {processor.py:183} INFO - Processing /home/airflow/.local/lib/python3.12/site-packages/airflow/example_dags/example_setup_teardown.py took 0.115 seconds
[2025-05-29T19:56:30.086+0000] {processor.py:161} INFO - Started process (PID=331) to work on /home/airflow/.local/lib/python3.12/site-packages/airflow/example_dags/example_setup_teardown.py
[2025-05-29T19:56:30.087+0000] {processor.py:830} INFO - Processing file /home/airflow/.local/lib/python3.12/site-packages/airflow/example_dags/example_setup_teardown.py for tasks to queue
[2025-05-29T19:56:30.089+0000] {logging_mixin.py:188} INFO - [2025-05-29T19:56:30.089+0000] {dagbag.py:545} INFO - Filling up the DagBag from /home/airflow/.local/lib/python3.12/site-packages/airflow/example_dags/example_setup_teardown.py
[2025-05-29T19:56:30.096+0000] {processor.py:840} INFO - DAG(s) 'example_setup_teardown' retrieved from /home/airflow/.local/lib/python3.12/site-packages/airflow/example_dags/example_setup_teardown.py
[2025-05-29T19:56:30.122+0000] {logging_mixin.py:188} INFO - [2025-05-29T19:56:30.121+0000] {dag.py:3096} INFO - Sync 1 DAGs
[2025-05-29T19:56:30.150+0000] {logging_mixin.py:188} INFO - [2025-05-29T19:56:30.149+0000] {dag.py:3954} INFO - Setting next_dagrun for example_setup_teardown to 2025-05-28 00:00:00+00:00, run_after=2025-05-29 00:00:00+00:00
[2025-05-29T19:56:30.174+0000] {processor.py:183} INFO - Processing /home/airflow/.local/lib/python3.12/site-packages/airflow/example_dags/example_setup_teardown.py took 0.095 seconds
[2025-05-29T19:57:00.935+0000] {processor.py:161} INFO - Started process (PID=389) to work on /home/airflow/.local/lib/python3.12/site-packages/airflow/example_dags/example_setup_teardown.py
[2025-05-29T19:57:00.938+0000] {processor.py:830} INFO - Processing file /home/airflow/.local/lib/python3.12/site-packages/airflow/example_dags/example_setup_teardown.py for tasks to queue
[2025-05-29T19:57:00.943+0000] {logging_mixin.py:188} INFO - [2025-05-29T19:57:00.942+0000] {dagbag.py:545} INFO - Filling up the DagBag from /home/airflow/.local/lib/python3.12/site-packages/airflow/example_dags/example_setup_teardown.py
[2025-05-29T19:57:00.963+0000] {processor.py:840} INFO - DAG(s) 'example_setup_teardown' retrieved from /home/airflow/.local/lib/python3.12/site-packages/airflow/example_dags/example_setup_teardown.py
[2025-05-29T19:57:01.018+0000] {logging_mixin.py:188} INFO - [2025-05-29T19:57:01.018+0000] {dag.py:3096} INFO - Sync 1 DAGs
[2025-05-29T19:57:01.093+0000] {logging_mixin.py:188} INFO - [2025-05-29T19:57:01.091+0000] {dag.py:3954} INFO - Setting next_dagrun for example_setup_teardown to 2025-05-28 00:00:00+00:00, run_after=2025-05-29 00:00:00+00:00
[2025-05-29T19:57:01.147+0000] {processor.py:183} INFO - Processing /home/airflow/.local/lib/python3.12/site-packages/airflow/example_dags/example_setup_teardown.py took 0.232 seconds
[2025-05-29T19:57:31.924+0000] {processor.py:161} INFO - Started process (PID=447) to work on /home/airflow/.local/lib/python3.12/site-packages/airflow/example_dags/example_setup_teardown.py
[2025-05-29T19:57:31.926+0000] {processor.py:830} INFO - Processing file /home/airflow/.local/lib/python3.12/site-packages/airflow/example_dags/example_setup_teardown.py for tasks to queue
[2025-05-29T19:57:31.929+0000] {logging_mixin.py:188} INFO - [2025-05-29T19:57:31.928+0000] {dagbag.py:545} INFO - Filling up the DagBag from /home/airflow/.local/lib/python3.12/site-packages/airflow/example_dags/example_setup_teardown.py
[2025-05-29T19:57:31.940+0000] {processor.py:840} INFO - DAG(s) 'example_setup_teardown' retrieved from /home/airflow/.local/lib/python3.12/site-packages/airflow/example_dags/example_setup_teardown.py
[2025-05-29T19:57:31.974+0000] {logging_mixin.py:188} INFO - [2025-05-29T19:57:31.973+0000] {dag.py:3096} INFO - Sync 1 DAGs
[2025-05-29T19:57:32.043+0000] {logging_mixin.py:188} INFO - [2025-05-29T19:57:32.043+0000] {dag.py:3954} INFO - Setting next_dagrun for example_setup_teardown to 2025-05-28 00:00:00+00:00, run_after=2025-05-29 00:00:00+00:00
[2025-05-29T19:57:32.099+0000] {processor.py:183} INFO - Processing /home/airflow/.local/lib/python3.12/site-packages/airflow/example_dags/example_setup_teardown.py took 0.182 seconds
[2025-05-29T19:58:02.287+0000] {processor.py:161} INFO - Started process (PID=505) to work on /home/airflow/.local/lib/python3.12/site-packages/airflow/example_dags/example_setup_teardown.py
[2025-05-29T19:58:02.288+0000] {processor.py:830} INFO - Processing file /home/airflow/.local/lib/python3.12/site-packages/airflow/example_dags/example_setup_teardown.py for tasks to queue
[2025-05-29T19:58:02.291+0000] {logging_mixin.py:188} INFO - [2025-05-29T19:58:02.291+0000] {dagbag.py:545} INFO - Filling up the DagBag from /home/airflow/.local/lib/python3.12/site-packages/airflow/example_dags/example_setup_teardown.py
[2025-05-29T19:58:02.300+0000] {processor.py:840} INFO - DAG(s) 'example_setup_teardown' retrieved from /home/airflow/.local/lib/python3.12/site-packages/airflow/example_dags/example_setup_teardown.py
[2025-05-29T19:58:02.329+0000] {logging_mixin.py:188} INFO - [2025-05-29T19:58:02.329+0000] {dag.py:3096} INFO - Sync 1 DAGs
[2025-05-29T19:58:02.362+0000] {logging_mixin.py:188} INFO - [2025-05-29T19:58:02.362+0000] {dag.py:3954} INFO - Setting next_dagrun for example_setup_teardown to 2025-05-28 00:00:00+00:00, run_after=2025-05-29 00:00:00+00:00
[2025-05-29T19:58:02.403+0000] {processor.py:183} INFO - Processing /home/airflow/.local/lib/python3.12/site-packages/airflow/example_dags/example_setup_teardown.py took 0.124 seconds
[2025-05-29T19:58:33.041+0000] {processor.py:161} INFO - Started process (PID=563) to work on /home/airflow/.local/lib/python3.12/site-packages/airflow/example_dags/example_setup_teardown.py
[2025-05-29T19:58:33.042+0000] {processor.py:830} INFO - Processing file /home/airflow/.local/lib/python3.12/site-packages/airflow/example_dags/example_setup_teardown.py for tasks to queue
[2025-05-29T19:58:33.046+0000] {logging_mixin.py:188} INFO - [2025-05-29T19:58:33.046+0000] {dagbag.py:545} INFO - Filling up the DagBag from /home/airflow/.local/lib/python3.12/site-packages/airflow/example_dags/example_setup_teardown.py
[2025-05-29T19:58:33.058+0000] {processor.py:840} INFO - DAG(s) 'example_setup_teardown' retrieved from /home/airflow/.local/lib/python3.12/site-packages/airflow/example_dags/example_setup_teardown.py
[2025-05-29T19:58:33.088+0000] {logging_mixin.py:188} INFO - [2025-05-29T19:58:33.088+0000] {dag.py:3096} INFO - Sync 1 DAGs
[2025-05-29T19:58:33.121+0000] {logging_mixin.py:188} INFO - [2025-05-29T19:58:33.121+0000] {dag.py:3954} INFO - Setting next_dagrun for example_setup_teardown to 2025-05-28 00:00:00+00:00, run_after=2025-05-29 00:00:00+00:00
[2025-05-29T19:58:33.150+0000] {processor.py:183} INFO - Processing /home/airflow/.local/lib/python3.12/site-packages/airflow/example_dags/example_setup_teardown.py took 0.117 seconds
[2025-05-29T19:59:03.502+0000] {processor.py:161} INFO - Started process (PID=621) to work on /home/airflow/.local/lib/python3.12/site-packages/airflow/example_dags/example_setup_teardown.py
[2025-05-29T19:59:03.504+0000] {processor.py:830} INFO - Processing file /home/airflow/.local/lib/python3.12/site-packages/airflow/example_dags/example_setup_teardown.py for tasks to queue
[2025-05-29T19:59:03.508+0000] {logging_mixin.py:188} INFO - [2025-05-29T19:59:03.508+0000] {dagbag.py:545} INFO - Filling up the DagBag from /home/airflow/.local/lib/python3.12/site-packages/airflow/example_dags/example_setup_teardown.py
[2025-05-29T19:59:03.518+0000] {processor.py:840} INFO - DAG(s) 'example_setup_teardown' retrieved from /home/airflow/.local/lib/python3.12/site-packages/airflow/example_dags/example_setup_teardown.py
[2025-05-29T19:59:03.552+0000] {logging_mixin.py:188} INFO - [2025-05-29T19:59:03.551+0000] {dag.py:3096} INFO - Sync 1 DAGs
[2025-05-29T19:59:03.592+0000] {logging_mixin.py:188} INFO - [2025-05-29T19:59:03.592+0000] {dag.py:3954} INFO - Setting next_dagrun for example_setup_teardown to 2025-05-28 00:00:00+00:00, run_after=2025-05-29 00:00:00+00:00
[2025-05-29T19:59:03.621+0000] {processor.py:183} INFO - Processing /home/airflow/.local/lib/python3.12/site-packages/airflow/example_dags/example_setup_teardown.py took 0.127 seconds
[2025-05-29T19:59:33.915+0000] {processor.py:161} INFO - Started process (PID=679) to work on /home/airflow/.local/lib/python3.12/site-packages/airflow/example_dags/example_setup_teardown.py
[2025-05-29T19:59:33.916+0000] {processor.py:830} INFO - Processing file /home/airflow/.local/lib/python3.12/site-packages/airflow/example_dags/example_setup_teardown.py for tasks to queue
[2025-05-29T19:59:33.920+0000] {logging_mixin.py:188} INFO - [2025-05-29T19:59:33.919+0000] {dagbag.py:545} INFO - Filling up the DagBag from /home/airflow/.local/lib/python3.12/site-packages/airflow/example_dags/example_setup_teardown.py
[2025-05-29T19:59:33.936+0000] {processor.py:840} INFO - DAG(s) 'example_setup_teardown' retrieved from /home/airflow/.local/lib/python3.12/site-packages/airflow/example_dags/example_setup_teardown.py
[2025-05-29T19:59:33.979+0000] {logging_mixin.py:188} INFO - [2025-05-29T19:59:33.978+0000] {dag.py:3096} INFO - Sync 1 DAGs
[2025-05-29T19:59:34.013+0000] {logging_mixin.py:188} INFO - [2025-05-29T19:59:34.013+0000] {dag.py:3954} INFO - Setting next_dagrun for example_setup_teardown to 2025-05-28 00:00:00+00:00, run_after=2025-05-29 00:00:00+00:00
[2025-05-29T19:59:34.039+0000] {processor.py:183} INFO - Processing /home/airflow/.local/lib/python3.12/site-packages/airflow/example_dags/example_setup_teardown.py took 0.132 seconds
[2025-05-29T20:00:04.518+0000] {processor.py:161} INFO - Started process (PID=737) to work on /home/airflow/.local/lib/python3.12/site-packages/airflow/example_dags/example_setup_teardown.py
[2025-05-29T20:00:04.520+0000] {processor.py:830} INFO - Processing file /home/airflow/.local/lib/python3.12/site-packages/airflow/example_dags/example_setup_teardown.py for tasks to queue
[2025-05-29T20:00:04.524+0000] {logging_mixin.py:188} INFO - [2025-05-29T20:00:04.523+0000] {dagbag.py:545} INFO - Filling up the DagBag from /home/airflow/.local/lib/python3.12/site-packages/airflow/example_dags/example_setup_teardown.py
[2025-05-29T20:00:04.536+0000] {processor.py:840} INFO - DAG(s) 'example_setup_teardown' retrieved from /home/airflow/.local/lib/python3.12/site-packages/airflow/example_dags/example_setup_teardown.py
[2025-05-29T20:00:04.588+0000] {logging_mixin.py:188} INFO - [2025-05-29T20:00:04.587+0000] {dag.py:3096} INFO - Sync 1 DAGs
[2025-05-29T20:00:04.637+0000] {logging_mixin.py:188} INFO - [2025-05-29T20:00:04.636+0000] {dag.py:3954} INFO - Setting next_dagrun for example_setup_teardown to 2025-05-28 00:00:00+00:00, run_after=2025-05-29 00:00:00+00:00
[2025-05-29T20:00:04.675+0000] {processor.py:183} INFO - Processing /home/airflow/.local/lib/python3.12/site-packages/airflow/example_dags/example_setup_teardown.py took 0.166 seconds
[2025-05-29T20:00:35.421+0000] {processor.py:161} INFO - Started process (PID=795) to work on /home/airflow/.local/lib/python3.12/site-packages/airflow/example_dags/example_setup_teardown.py
[2025-05-29T20:00:35.423+0000] {processor.py:830} INFO - Processing file /home/airflow/.local/lib/python3.12/site-packages/airflow/example_dags/example_setup_teardown.py for tasks to queue
[2025-05-29T20:00:35.425+0000] {logging_mixin.py:188} INFO - [2025-05-29T20:00:35.425+0000] {dagbag.py:545} INFO - Filling up the DagBag from /home/airflow/.local/lib/python3.12/site-packages/airflow/example_dags/example_setup_teardown.py
[2025-05-29T20:00:35.434+0000] {processor.py:840} INFO - DAG(s) 'example_setup_teardown' retrieved from /home/airflow/.local/lib/python3.12/site-packages/airflow/example_dags/example_setup_teardown.py
[2025-05-29T20:00:35.482+0000] {logging_mixin.py:188} INFO - [2025-05-29T20:00:35.482+0000] {dag.py:3096} INFO - Sync 1 DAGs
[2025-05-29T20:00:35.517+0000] {logging_mixin.py:188} INFO - [2025-05-29T20:00:35.517+0000] {dag.py:3954} INFO - Setting next_dagrun for example_setup_teardown to 2025-05-28 00:00:00+00:00, run_after=2025-05-29 00:00:00+00:00
[2025-05-29T20:00:35.549+0000] {processor.py:183} INFO - Processing /home/airflow/.local/lib/python3.12/site-packages/airflow/example_dags/example_setup_teardown.py took 0.135 seconds
[2025-05-29T20:01:06.215+0000] {processor.py:161} INFO - Started process (PID=853) to work on /home/airflow/.local/lib/python3.12/site-packages/airflow/example_dags/example_setup_teardown.py
[2025-05-29T20:01:06.216+0000] {processor.py:830} INFO - Processing file /home/airflow/.local/lib/python3.12/site-packages/airflow/example_dags/example_setup_teardown.py for tasks to queue
[2025-05-29T20:01:06.219+0000] {logging_mixin.py:188} INFO - [2025-05-29T20:01:06.219+0000] {dagbag.py:545} INFO - Filling up the DagBag from /home/airflow/.local/lib/python3.12/site-packages/airflow/example_dags/example_setup_teardown.py
[2025-05-29T20:01:06.228+0000] {processor.py:840} INFO - DAG(s) 'example_setup_teardown' retrieved from /home/airflow/.local/lib/python3.12/site-packages/airflow/example_dags/example_setup_teardown.py
[2025-05-29T20:01:06.257+0000] {logging_mixin.py:188} INFO - [2025-05-29T20:01:06.257+0000] {dag.py:3096} INFO - Sync 1 DAGs
[2025-05-29T20:01:06.288+0000] {logging_mixin.py:188} INFO - [2025-05-29T20:01:06.288+0000] {dag.py:3954} INFO - Setting next_dagrun for example_setup_teardown to 2025-05-28 00:00:00+00:00, run_after=2025-05-29 00:00:00+00:00
[2025-05-29T20:01:06.332+0000] {processor.py:183} INFO - Processing /home/airflow/.local/lib/python3.12/site-packages/airflow/example_dags/example_setup_teardown.py took 0.125 seconds
