[2025-05-29T19:54:27.570+0000] {processor.py:161} INFO - Started process (PID=97) to work on /home/airflow/.local/lib/python3.12/site-packages/airflow/example_dags/example_skip_dag.py
[2025-05-29T19:54:27.571+0000] {processor.py:830} INFO - Processing file /home/airflow/.local/lib/python3.12/site-packages/airflow/example_dags/example_skip_dag.py for tasks to queue
[2025-05-29T19:54:27.574+0000] {logging_mixin.py:188} INFO - [2025-05-29T19:54:27.573+0000] {dagbag.py:545} INFO - Filling up the DagBag from /home/airflow/.local/lib/python3.12/site-packages/airflow/example_dags/example_skip_dag.py
[2025-05-29T19:54:27.588+0000] {processor.py:840} INFO - DAG(s) 'example_skip_dag' retrieved from /home/airflow/.local/lib/python3.12/site-packages/airflow/example_dags/example_skip_dag.py
[2025-05-29T19:54:27.770+0000] {logging_mixin.py:188} INFO - [2025-05-29T19:54:27.769+0000] {dag.py:3096} INFO - Sync 1 DAGs
[2025-05-29T19:54:27.801+0000] {logging_mixin.py:188} INFO - [2025-05-29T19:54:27.801+0000] {dag.py:3954} INFO - Setting next_dagrun for example_skip_dag to 2025-05-28 00:00:00+00:00, run_after=2025-05-29 00:00:00+00:00
[2025-05-29T19:54:27.832+0000] {processor.py:183} INFO - Processing /home/airflow/.local/lib/python3.12/site-packages/airflow/example_dags/example_skip_dag.py took 0.270 seconds
[2025-05-29T19:54:58.363+0000] {processor.py:161} INFO - Started process (PID=155) to work on /home/airflow/.local/lib/python3.12/site-packages/airflow/example_dags/example_skip_dag.py
[2025-05-29T19:54:58.365+0000] {processor.py:830} INFO - Processing file /home/airflow/.local/lib/python3.12/site-packages/airflow/example_dags/example_skip_dag.py for tasks to queue
[2025-05-29T19:54:58.367+0000] {logging_mixin.py:188} INFO - [2025-05-29T19:54:58.366+0000] {dagbag.py:545} INFO - Filling up the DagBag from /home/airflow/.local/lib/python3.12/site-packages/airflow/example_dags/example_skip_dag.py
[2025-05-29T19:54:58.379+0000] {processor.py:840} INFO - DAG(s) 'example_skip_dag' retrieved from /home/airflow/.local/lib/python3.12/site-packages/airflow/example_dags/example_skip_dag.py
[2025-05-29T19:54:58.418+0000] {logging_mixin.py:188} INFO - [2025-05-29T19:54:58.417+0000] {dag.py:3096} INFO - Sync 1 DAGs
[2025-05-29T19:54:58.469+0000] {logging_mixin.py:188} INFO - [2025-05-29T19:54:58.468+0000] {dag.py:3954} INFO - Setting next_dagrun for example_skip_dag to 2025-05-28 00:00:00+00:00, run_after=2025-05-29 00:00:00+00:00
[2025-05-29T19:54:58.497+0000] {processor.py:183} INFO - Processing /home/airflow/.local/lib/python3.12/site-packages/airflow/example_dags/example_skip_dag.py took 0.147 seconds
[2025-05-29T19:55:28.560+0000] {processor.py:161} INFO - Started process (PID=213) to work on /home/airflow/.local/lib/python3.12/site-packages/airflow/example_dags/example_skip_dag.py
[2025-05-29T19:55:28.561+0000] {processor.py:830} INFO - Processing file /home/airflow/.local/lib/python3.12/site-packages/airflow/example_dags/example_skip_dag.py for tasks to queue
[2025-05-29T19:55:28.563+0000] {logging_mixin.py:188} INFO - [2025-05-29T19:55:28.563+0000] {dagbag.py:545} INFO - Filling up the DagBag from /home/airflow/.local/lib/python3.12/site-packages/airflow/example_dags/example_skip_dag.py
[2025-05-29T19:55:28.572+0000] {processor.py:840} INFO - DAG(s) 'example_skip_dag' retrieved from /home/airflow/.local/lib/python3.12/site-packages/airflow/example_dags/example_skip_dag.py
[2025-05-29T19:55:28.602+0000] {logging_mixin.py:188} INFO - [2025-05-29T19:55:28.602+0000] {dag.py:3096} INFO - Sync 1 DAGs
[2025-05-29T19:55:28.639+0000] {logging_mixin.py:188} INFO - [2025-05-29T19:55:28.638+0000] {dag.py:3954} INFO - Setting next_dagrun for example_skip_dag to 2025-05-28 00:00:00+00:00, run_after=2025-05-29 00:00:00+00:00
[2025-05-29T19:55:28.678+0000] {processor.py:183} INFO - Processing /home/airflow/.local/lib/python3.12/site-packages/airflow/example_dags/example_skip_dag.py took 0.126 seconds
[2025-05-29T19:55:59.000+0000] {processor.py:161} INFO - Started process (PID=271) to work on /home/airflow/.local/lib/python3.12/site-packages/airflow/example_dags/example_skip_dag.py
[2025-05-29T19:55:59.002+0000] {processor.py:830} INFO - Processing file /home/airflow/.local/lib/python3.12/site-packages/airflow/example_dags/example_skip_dag.py for tasks to queue
[2025-05-29T19:55:59.005+0000] {logging_mixin.py:188} INFO - [2025-05-29T19:55:59.005+0000] {dagbag.py:545} INFO - Filling up the DagBag from /home/airflow/.local/lib/python3.12/site-packages/airflow/example_dags/example_skip_dag.py
[2025-05-29T19:55:59.016+0000] {processor.py:840} INFO - DAG(s) 'example_skip_dag' retrieved from /home/airflow/.local/lib/python3.12/site-packages/airflow/example_dags/example_skip_dag.py
[2025-05-29T19:55:59.047+0000] {logging_mixin.py:188} INFO - [2025-05-29T19:55:59.046+0000] {dag.py:3096} INFO - Sync 1 DAGs
[2025-05-29T19:55:59.076+0000] {logging_mixin.py:188} INFO - [2025-05-29T19:55:59.076+0000] {dag.py:3954} INFO - Setting next_dagrun for example_skip_dag to 2025-05-28 00:00:00+00:00, run_after=2025-05-29 00:00:00+00:00
[2025-05-29T19:55:59.104+0000] {processor.py:183} INFO - Processing /home/airflow/.local/lib/python3.12/site-packages/airflow/example_dags/example_skip_dag.py took 0.114 seconds
[2025-05-29T19:56:29.712+0000] {processor.py:161} INFO - Started process (PID=329) to work on /home/airflow/.local/lib/python3.12/site-packages/airflow/example_dags/example_skip_dag.py
[2025-05-29T19:56:29.714+0000] {processor.py:830} INFO - Processing file /home/airflow/.local/lib/python3.12/site-packages/airflow/example_dags/example_skip_dag.py for tasks to queue
[2025-05-29T19:56:29.718+0000] {logging_mixin.py:188} INFO - [2025-05-29T19:56:29.717+0000] {dagbag.py:545} INFO - Filling up the DagBag from /home/airflow/.local/lib/python3.12/site-packages/airflow/example_dags/example_skip_dag.py
[2025-05-29T19:56:29.730+0000] {processor.py:840} INFO - DAG(s) 'example_skip_dag' retrieved from /home/airflow/.local/lib/python3.12/site-packages/airflow/example_dags/example_skip_dag.py
[2025-05-29T19:56:29.765+0000] {logging_mixin.py:188} INFO - [2025-05-29T19:56:29.765+0000] {dag.py:3096} INFO - Sync 1 DAGs
[2025-05-29T19:56:29.807+0000] {logging_mixin.py:188} INFO - [2025-05-29T19:56:29.807+0000] {dag.py:3954} INFO - Setting next_dagrun for example_skip_dag to 2025-05-28 00:00:00+00:00, run_after=2025-05-29 00:00:00+00:00
[2025-05-29T19:56:29.859+0000] {processor.py:183} INFO - Processing /home/airflow/.local/lib/python3.12/site-packages/airflow/example_dags/example_skip_dag.py took 0.154 seconds
[2025-05-29T19:57:00.448+0000] {processor.py:161} INFO - Started process (PID=387) to work on /home/airflow/.local/lib/python3.12/site-packages/airflow/example_dags/example_skip_dag.py
[2025-05-29T19:57:00.450+0000] {processor.py:830} INFO - Processing file /home/airflow/.local/lib/python3.12/site-packages/airflow/example_dags/example_skip_dag.py for tasks to queue
[2025-05-29T19:57:00.453+0000] {logging_mixin.py:188} INFO - [2025-05-29T19:57:00.452+0000] {dagbag.py:545} INFO - Filling up the DagBag from /home/airflow/.local/lib/python3.12/site-packages/airflow/example_dags/example_skip_dag.py
[2025-05-29T19:57:00.461+0000] {processor.py:840} INFO - DAG(s) 'example_skip_dag' retrieved from /home/airflow/.local/lib/python3.12/site-packages/airflow/example_dags/example_skip_dag.py
[2025-05-29T19:57:00.492+0000] {logging_mixin.py:188} INFO - [2025-05-29T19:57:00.491+0000] {dag.py:3096} INFO - Sync 1 DAGs
[2025-05-29T19:57:00.538+0000] {logging_mixin.py:188} INFO - [2025-05-29T19:57:00.537+0000] {dag.py:3954} INFO - Setting next_dagrun for example_skip_dag to 2025-05-28 00:00:00+00:00, run_after=2025-05-29 00:00:00+00:00
[2025-05-29T19:57:00.577+0000] {processor.py:183} INFO - Processing /home/airflow/.local/lib/python3.12/site-packages/airflow/example_dags/example_skip_dag.py took 0.135 seconds
[2025-05-29T19:57:30.752+0000] {processor.py:161} INFO - Started process (PID=445) to work on /home/airflow/.local/lib/python3.12/site-packages/airflow/example_dags/example_skip_dag.py
[2025-05-29T19:57:30.754+0000] {processor.py:830} INFO - Processing file /home/airflow/.local/lib/python3.12/site-packages/airflow/example_dags/example_skip_dag.py for tasks to queue
[2025-05-29T19:57:30.756+0000] {logging_mixin.py:188} INFO - [2025-05-29T19:57:30.756+0000] {dagbag.py:545} INFO - Filling up the DagBag from /home/airflow/.local/lib/python3.12/site-packages/airflow/example_dags/example_skip_dag.py
[2025-05-29T19:57:30.765+0000] {processor.py:840} INFO - DAG(s) 'example_skip_dag' retrieved from /home/airflow/.local/lib/python3.12/site-packages/airflow/example_dags/example_skip_dag.py
[2025-05-29T19:57:30.793+0000] {logging_mixin.py:188} INFO - [2025-05-29T19:57:30.792+0000] {dag.py:3096} INFO - Sync 1 DAGs
[2025-05-29T19:57:30.827+0000] {logging_mixin.py:188} INFO - [2025-05-29T19:57:30.827+0000] {dag.py:3954} INFO - Setting next_dagrun for example_skip_dag to 2025-05-28 00:00:00+00:00, run_after=2025-05-29 00:00:00+00:00
[2025-05-29T19:57:30.858+0000] {processor.py:183} INFO - Processing /home/airflow/.local/lib/python3.12/site-packages/airflow/example_dags/example_skip_dag.py took 0.114 seconds
[2025-05-29T19:58:00.983+0000] {processor.py:161} INFO - Started process (PID=503) to work on /home/airflow/.local/lib/python3.12/site-packages/airflow/example_dags/example_skip_dag.py
[2025-05-29T19:58:00.984+0000] {processor.py:830} INFO - Processing file /home/airflow/.local/lib/python3.12/site-packages/airflow/example_dags/example_skip_dag.py for tasks to queue
[2025-05-29T19:58:00.987+0000] {logging_mixin.py:188} INFO - [2025-05-29T19:58:00.987+0000] {dagbag.py:545} INFO - Filling up the DagBag from /home/airflow/.local/lib/python3.12/site-packages/airflow/example_dags/example_skip_dag.py
[2025-05-29T19:58:00.996+0000] {processor.py:840} INFO - DAG(s) 'example_skip_dag' retrieved from /home/airflow/.local/lib/python3.12/site-packages/airflow/example_dags/example_skip_dag.py
[2025-05-29T19:58:01.029+0000] {logging_mixin.py:188} INFO - [2025-05-29T19:58:01.029+0000] {dag.py:3096} INFO - Sync 1 DAGs
[2025-05-29T19:58:01.061+0000] {logging_mixin.py:188} INFO - [2025-05-29T19:58:01.061+0000] {dag.py:3954} INFO - Setting next_dagrun for example_skip_dag to 2025-05-28 00:00:00+00:00, run_after=2025-05-29 00:00:00+00:00
[2025-05-29T19:58:01.090+0000] {processor.py:183} INFO - Processing /home/airflow/.local/lib/python3.12/site-packages/airflow/example_dags/example_skip_dag.py took 0.115 seconds
[2025-05-29T19:58:31.870+0000] {processor.py:161} INFO - Started process (PID=561) to work on /home/airflow/.local/lib/python3.12/site-packages/airflow/example_dags/example_skip_dag.py
[2025-05-29T19:58:31.871+0000] {processor.py:830} INFO - Processing file /home/airflow/.local/lib/python3.12/site-packages/airflow/example_dags/example_skip_dag.py for tasks to queue
[2025-05-29T19:58:31.874+0000] {logging_mixin.py:188} INFO - [2025-05-29T19:58:31.873+0000] {dagbag.py:545} INFO - Filling up the DagBag from /home/airflow/.local/lib/python3.12/site-packages/airflow/example_dags/example_skip_dag.py
[2025-05-29T19:58:31.883+0000] {processor.py:840} INFO - DAG(s) 'example_skip_dag' retrieved from /home/airflow/.local/lib/python3.12/site-packages/airflow/example_dags/example_skip_dag.py
[2025-05-29T19:58:31.914+0000] {logging_mixin.py:188} INFO - [2025-05-29T19:58:31.914+0000] {dag.py:3096} INFO - Sync 1 DAGs
[2025-05-29T19:58:31.946+0000] {logging_mixin.py:188} INFO - [2025-05-29T19:58:31.945+0000] {dag.py:3954} INFO - Setting next_dagrun for example_skip_dag to 2025-05-28 00:00:00+00:00, run_after=2025-05-29 00:00:00+00:00
[2025-05-29T19:58:31.982+0000] {processor.py:183} INFO - Processing /home/airflow/.local/lib/python3.12/site-packages/airflow/example_dags/example_skip_dag.py took 0.119 seconds
[2025-05-29T19:59:02.471+0000] {processor.py:161} INFO - Started process (PID=619) to work on /home/airflow/.local/lib/python3.12/site-packages/airflow/example_dags/example_skip_dag.py
[2025-05-29T19:59:02.472+0000] {processor.py:830} INFO - Processing file /home/airflow/.local/lib/python3.12/site-packages/airflow/example_dags/example_skip_dag.py for tasks to queue
[2025-05-29T19:59:02.475+0000] {logging_mixin.py:188} INFO - [2025-05-29T19:59:02.474+0000] {dagbag.py:545} INFO - Filling up the DagBag from /home/airflow/.local/lib/python3.12/site-packages/airflow/example_dags/example_skip_dag.py
[2025-05-29T19:59:02.483+0000] {processor.py:840} INFO - DAG(s) 'example_skip_dag' retrieved from /home/airflow/.local/lib/python3.12/site-packages/airflow/example_dags/example_skip_dag.py
[2025-05-29T19:59:02.513+0000] {logging_mixin.py:188} INFO - [2025-05-29T19:59:02.513+0000] {dag.py:3096} INFO - Sync 1 DAGs
[2025-05-29T19:59:02.553+0000] {logging_mixin.py:188} INFO - [2025-05-29T19:59:02.552+0000] {dag.py:3954} INFO - Setting next_dagrun for example_skip_dag to 2025-05-28 00:00:00+00:00, run_after=2025-05-29 00:00:00+00:00
[2025-05-29T19:59:02.583+0000] {processor.py:183} INFO - Processing /home/airflow/.local/lib/python3.12/site-packages/airflow/example_dags/example_skip_dag.py took 0.120 seconds
[2025-05-29T19:59:32.748+0000] {processor.py:161} INFO - Started process (PID=677) to work on /home/airflow/.local/lib/python3.12/site-packages/airflow/example_dags/example_skip_dag.py
[2025-05-29T19:59:32.749+0000] {processor.py:830} INFO - Processing file /home/airflow/.local/lib/python3.12/site-packages/airflow/example_dags/example_skip_dag.py for tasks to queue
[2025-05-29T19:59:32.752+0000] {logging_mixin.py:188} INFO - [2025-05-29T19:59:32.751+0000] {dagbag.py:545} INFO - Filling up the DagBag from /home/airflow/.local/lib/python3.12/site-packages/airflow/example_dags/example_skip_dag.py
[2025-05-29T19:59:32.761+0000] {processor.py:840} INFO - DAG(s) 'example_skip_dag' retrieved from /home/airflow/.local/lib/python3.12/site-packages/airflow/example_dags/example_skip_dag.py
[2025-05-29T19:59:32.792+0000] {logging_mixin.py:188} INFO - [2025-05-29T19:59:32.791+0000] {dag.py:3096} INFO - Sync 1 DAGs
[2025-05-29T19:59:32.824+0000] {logging_mixin.py:188} INFO - [2025-05-29T19:59:32.824+0000] {dag.py:3954} INFO - Setting next_dagrun for example_skip_dag to 2025-05-28 00:00:00+00:00, run_after=2025-05-29 00:00:00+00:00
[2025-05-29T19:59:32.852+0000] {processor.py:183} INFO - Processing /home/airflow/.local/lib/python3.12/site-packages/airflow/example_dags/example_skip_dag.py took 0.111 seconds
[2025-05-29T20:00:03.336+0000] {processor.py:161} INFO - Started process (PID=735) to work on /home/airflow/.local/lib/python3.12/site-packages/airflow/example_dags/example_skip_dag.py
[2025-05-29T20:00:03.338+0000] {processor.py:830} INFO - Processing file /home/airflow/.local/lib/python3.12/site-packages/airflow/example_dags/example_skip_dag.py for tasks to queue
[2025-05-29T20:00:03.341+0000] {logging_mixin.py:188} INFO - [2025-05-29T20:00:03.341+0000] {dagbag.py:545} INFO - Filling up the DagBag from /home/airflow/.local/lib/python3.12/site-packages/airflow/example_dags/example_skip_dag.py
[2025-05-29T20:00:03.356+0000] {processor.py:840} INFO - DAG(s) 'example_skip_dag' retrieved from /home/airflow/.local/lib/python3.12/site-packages/airflow/example_dags/example_skip_dag.py
[2025-05-29T20:00:03.385+0000] {logging_mixin.py:188} INFO - [2025-05-29T20:00:03.385+0000] {dag.py:3096} INFO - Sync 1 DAGs
[2025-05-29T20:00:03.420+0000] {logging_mixin.py:188} INFO - [2025-05-29T20:00:03.419+0000] {dag.py:3954} INFO - Setting next_dagrun for example_skip_dag to 2025-05-28 00:00:00+00:00, run_after=2025-05-29 00:00:00+00:00
[2025-05-29T20:00:03.446+0000] {processor.py:183} INFO - Processing /home/airflow/.local/lib/python3.12/site-packages/airflow/example_dags/example_skip_dag.py took 0.119 seconds
[2025-05-29T20:00:34.260+0000] {processor.py:161} INFO - Started process (PID=793) to work on /home/airflow/.local/lib/python3.12/site-packages/airflow/example_dags/example_skip_dag.py
[2025-05-29T20:00:34.261+0000] {processor.py:830} INFO - Processing file /home/airflow/.local/lib/python3.12/site-packages/airflow/example_dags/example_skip_dag.py for tasks to queue
[2025-05-29T20:00:34.264+0000] {logging_mixin.py:188} INFO - [2025-05-29T20:00:34.263+0000] {dagbag.py:545} INFO - Filling up the DagBag from /home/airflow/.local/lib/python3.12/site-packages/airflow/example_dags/example_skip_dag.py
[2025-05-29T20:00:34.272+0000] {processor.py:840} INFO - DAG(s) 'example_skip_dag' retrieved from /home/airflow/.local/lib/python3.12/site-packages/airflow/example_dags/example_skip_dag.py
[2025-05-29T20:00:34.301+0000] {logging_mixin.py:188} INFO - [2025-05-29T20:00:34.300+0000] {dag.py:3096} INFO - Sync 1 DAGs
[2025-05-29T20:00:34.331+0000] {logging_mixin.py:188} INFO - [2025-05-29T20:00:34.331+0000] {dag.py:3954} INFO - Setting next_dagrun for example_skip_dag to 2025-05-28 00:00:00+00:00, run_after=2025-05-29 00:00:00+00:00
[2025-05-29T20:00:34.359+0000] {processor.py:183} INFO - Processing /home/airflow/.local/lib/python3.12/site-packages/airflow/example_dags/example_skip_dag.py took 0.106 seconds
[2025-05-29T20:01:05.031+0000] {processor.py:161} INFO - Started process (PID=851) to work on /home/airflow/.local/lib/python3.12/site-packages/airflow/example_dags/example_skip_dag.py
[2025-05-29T20:01:05.033+0000] {processor.py:830} INFO - Processing file /home/airflow/.local/lib/python3.12/site-packages/airflow/example_dags/example_skip_dag.py for tasks to queue
[2025-05-29T20:01:05.036+0000] {logging_mixin.py:188} INFO - [2025-05-29T20:01:05.036+0000] {dagbag.py:545} INFO - Filling up the DagBag from /home/airflow/.local/lib/python3.12/site-packages/airflow/example_dags/example_skip_dag.py
[2025-05-29T20:01:05.047+0000] {processor.py:840} INFO - DAG(s) 'example_skip_dag' retrieved from /home/airflow/.local/lib/python3.12/site-packages/airflow/example_dags/example_skip_dag.py
[2025-05-29T20:01:05.086+0000] {logging_mixin.py:188} INFO - [2025-05-29T20:01:05.085+0000] {dag.py:3096} INFO - Sync 1 DAGs
[2025-05-29T20:01:05.121+0000] {logging_mixin.py:188} INFO - [2025-05-29T20:01:05.121+0000] {dag.py:3954} INFO - Setting next_dagrun for example_skip_dag to 2025-05-28 00:00:00+00:00, run_after=2025-05-29 00:00:00+00:00
[2025-05-29T20:01:05.153+0000] {processor.py:183} INFO - Processing /home/airflow/.local/lib/python3.12/site-packages/airflow/example_dags/example_skip_dag.py took 0.130 seconds
