[2025-05-29T19:54:29.534+0000] {processor.py:161} INFO - Started process (PID=109) to work on /home/airflow/.local/lib/python3.12/site-packages/airflow/example_dags/example_trigger_target_dag.py
[2025-05-29T19:54:29.535+0000] {processor.py:830} INFO - Processing file /home/airflow/.local/lib/python3.12/site-packages/airflow/example_dags/example_trigger_target_dag.py for tasks to queue
[2025-05-29T19:54:29.538+0000] {logging_mixin.py:188} INFO - [2025-05-29T19:54:29.537+0000] {dagbag.py:545} INFO - Filling up the DagBag from /home/airflow/.local/lib/python3.12/site-packages/airflow/example_dags/example_trigger_target_dag.py
[2025-05-29T19:54:29.549+0000] {processor.py:840} INFO - DAG(s) 'example_trigger_target_dag' retrieved from /home/airflow/.local/lib/python3.12/site-packages/airflow/example_dags/example_trigger_target_dag.py
[2025-05-29T19:54:29.716+0000] {logging_mixin.py:188} INFO - [2025-05-29T19:54:29.715+0000] {dag.py:3096} INFO - Sync 1 DAGs
[2025-05-29T19:54:29.733+0000] {logging_mixin.py:188} INFO - [2025-05-29T19:54:29.732+0000] {dag.py:3954} INFO - Setting next_dagrun for example_trigger_target_dag to None, run_after=None
[2025-05-29T19:54:29.769+0000] {processor.py:183} INFO - Processing /home/airflow/.local/lib/python3.12/site-packages/airflow/example_dags/example_trigger_target_dag.py took 0.244 seconds
[2025-05-29T19:55:00.374+0000] {processor.py:161} INFO - Started process (PID=167) to work on /home/airflow/.local/lib/python3.12/site-packages/airflow/example_dags/example_trigger_target_dag.py
[2025-05-29T19:55:00.376+0000] {processor.py:830} INFO - Processing file /home/airflow/.local/lib/python3.12/site-packages/airflow/example_dags/example_trigger_target_dag.py for tasks to queue
[2025-05-29T19:55:00.379+0000] {logging_mixin.py:188} INFO - [2025-05-29T19:55:00.378+0000] {dagbag.py:545} INFO - Filling up the DagBag from /home/airflow/.local/lib/python3.12/site-packages/airflow/example_dags/example_trigger_target_dag.py
[2025-05-29T19:55:00.387+0000] {processor.py:840} INFO - DAG(s) 'example_trigger_target_dag' retrieved from /home/airflow/.local/lib/python3.12/site-packages/airflow/example_dags/example_trigger_target_dag.py
[2025-05-29T19:55:00.417+0000] {logging_mixin.py:188} INFO - [2025-05-29T19:55:00.416+0000] {dag.py:3096} INFO - Sync 1 DAGs
[2025-05-29T19:55:00.436+0000] {logging_mixin.py:188} INFO - [2025-05-29T19:55:00.436+0000] {dag.py:3954} INFO - Setting next_dagrun for example_trigger_target_dag to None, run_after=None
[2025-05-29T19:55:00.473+0000] {processor.py:183} INFO - Processing /home/airflow/.local/lib/python3.12/site-packages/airflow/example_dags/example_trigger_target_dag.py took 0.107 seconds
[2025-05-29T19:55:30.761+0000] {processor.py:161} INFO - Started process (PID=225) to work on /home/airflow/.local/lib/python3.12/site-packages/airflow/example_dags/example_trigger_target_dag.py
[2025-05-29T19:55:30.763+0000] {processor.py:830} INFO - Processing file /home/airflow/.local/lib/python3.12/site-packages/airflow/example_dags/example_trigger_target_dag.py for tasks to queue
[2025-05-29T19:55:30.768+0000] {logging_mixin.py:188} INFO - [2025-05-29T19:55:30.767+0000] {dagbag.py:545} INFO - Filling up the DagBag from /home/airflow/.local/lib/python3.12/site-packages/airflow/example_dags/example_trigger_target_dag.py
[2025-05-29T19:55:30.777+0000] {processor.py:840} INFO - DAG(s) 'example_trigger_target_dag' retrieved from /home/airflow/.local/lib/python3.12/site-packages/airflow/example_dags/example_trigger_target_dag.py
[2025-05-29T19:55:30.811+0000] {logging_mixin.py:188} INFO - [2025-05-29T19:55:30.811+0000] {dag.py:3096} INFO - Sync 1 DAGs
[2025-05-29T19:55:30.835+0000] {logging_mixin.py:188} INFO - [2025-05-29T19:55:30.834+0000] {dag.py:3954} INFO - Setting next_dagrun for example_trigger_target_dag to None, run_after=None
[2025-05-29T19:55:30.872+0000] {processor.py:183} INFO - Processing /home/airflow/.local/lib/python3.12/site-packages/airflow/example_dags/example_trigger_target_dag.py took 0.125 seconds
[2025-05-29T19:56:01.077+0000] {processor.py:161} INFO - Started process (PID=283) to work on /home/airflow/.local/lib/python3.12/site-packages/airflow/example_dags/example_trigger_target_dag.py
[2025-05-29T19:56:01.079+0000] {processor.py:830} INFO - Processing file /home/airflow/.local/lib/python3.12/site-packages/airflow/example_dags/example_trigger_target_dag.py for tasks to queue
[2025-05-29T19:56:01.082+0000] {logging_mixin.py:188} INFO - [2025-05-29T19:56:01.082+0000] {dagbag.py:545} INFO - Filling up the DagBag from /home/airflow/.local/lib/python3.12/site-packages/airflow/example_dags/example_trigger_target_dag.py
[2025-05-29T19:56:01.092+0000] {processor.py:840} INFO - DAG(s) 'example_trigger_target_dag' retrieved from /home/airflow/.local/lib/python3.12/site-packages/airflow/example_dags/example_trigger_target_dag.py
[2025-05-29T19:56:01.132+0000] {logging_mixin.py:188} INFO - [2025-05-29T19:56:01.131+0000] {dag.py:3096} INFO - Sync 1 DAGs
[2025-05-29T19:56:01.154+0000] {logging_mixin.py:188} INFO - [2025-05-29T19:56:01.153+0000] {dag.py:3954} INFO - Setting next_dagrun for example_trigger_target_dag to None, run_after=None
[2025-05-29T19:56:01.189+0000] {processor.py:183} INFO - Processing /home/airflow/.local/lib/python3.12/site-packages/airflow/example_dags/example_trigger_target_dag.py took 0.121 seconds
[2025-05-29T19:56:31.861+0000] {processor.py:161} INFO - Started process (PID=341) to work on /home/airflow/.local/lib/python3.12/site-packages/airflow/example_dags/example_trigger_target_dag.py
[2025-05-29T19:56:31.862+0000] {processor.py:830} INFO - Processing file /home/airflow/.local/lib/python3.12/site-packages/airflow/example_dags/example_trigger_target_dag.py for tasks to queue
[2025-05-29T19:56:31.865+0000] {logging_mixin.py:188} INFO - [2025-05-29T19:56:31.864+0000] {dagbag.py:545} INFO - Filling up the DagBag from /home/airflow/.local/lib/python3.12/site-packages/airflow/example_dags/example_trigger_target_dag.py
[2025-05-29T19:56:31.873+0000] {processor.py:840} INFO - DAG(s) 'example_trigger_target_dag' retrieved from /home/airflow/.local/lib/python3.12/site-packages/airflow/example_dags/example_trigger_target_dag.py
[2025-05-29T19:56:31.900+0000] {logging_mixin.py:188} INFO - [2025-05-29T19:56:31.900+0000] {dag.py:3096} INFO - Sync 1 DAGs
[2025-05-29T19:56:31.921+0000] {logging_mixin.py:188} INFO - [2025-05-29T19:56:31.921+0000] {dag.py:3954} INFO - Setting next_dagrun for example_trigger_target_dag to None, run_after=None
[2025-05-29T19:56:31.955+0000] {processor.py:183} INFO - Processing /home/airflow/.local/lib/python3.12/site-packages/airflow/example_dags/example_trigger_target_dag.py took 0.101 seconds
[2025-05-29T19:57:03.069+0000] {processor.py:161} INFO - Started process (PID=399) to work on /home/airflow/.local/lib/python3.12/site-packages/airflow/example_dags/example_trigger_target_dag.py
[2025-05-29T19:57:03.070+0000] {processor.py:830} INFO - Processing file /home/airflow/.local/lib/python3.12/site-packages/airflow/example_dags/example_trigger_target_dag.py for tasks to queue
[2025-05-29T19:57:03.073+0000] {logging_mixin.py:188} INFO - [2025-05-29T19:57:03.072+0000] {dagbag.py:545} INFO - Filling up the DagBag from /home/airflow/.local/lib/python3.12/site-packages/airflow/example_dags/example_trigger_target_dag.py
[2025-05-29T19:57:03.083+0000] {processor.py:840} INFO - DAG(s) 'example_trigger_target_dag' retrieved from /home/airflow/.local/lib/python3.12/site-packages/airflow/example_dags/example_trigger_target_dag.py
[2025-05-29T19:57:03.115+0000] {logging_mixin.py:188} INFO - [2025-05-29T19:57:03.115+0000] {dag.py:3096} INFO - Sync 1 DAGs
[2025-05-29T19:57:03.140+0000] {logging_mixin.py:188} INFO - [2025-05-29T19:57:03.139+0000] {dag.py:3954} INFO - Setting next_dagrun for example_trigger_target_dag to None, run_after=None
[2025-05-29T19:57:03.171+0000] {processor.py:183} INFO - Processing /home/airflow/.local/lib/python3.12/site-packages/airflow/example_dags/example_trigger_target_dag.py took 0.109 seconds
[2025-05-29T19:57:33.919+0000] {processor.py:161} INFO - Started process (PID=457) to work on /home/airflow/.local/lib/python3.12/site-packages/airflow/example_dags/example_trigger_target_dag.py
[2025-05-29T19:57:33.921+0000] {processor.py:830} INFO - Processing file /home/airflow/.local/lib/python3.12/site-packages/airflow/example_dags/example_trigger_target_dag.py for tasks to queue
[2025-05-29T19:57:33.924+0000] {logging_mixin.py:188} INFO - [2025-05-29T19:57:33.923+0000] {dagbag.py:545} INFO - Filling up the DagBag from /home/airflow/.local/lib/python3.12/site-packages/airflow/example_dags/example_trigger_target_dag.py
[2025-05-29T19:57:33.935+0000] {processor.py:840} INFO - DAG(s) 'example_trigger_target_dag' retrieved from /home/airflow/.local/lib/python3.12/site-packages/airflow/example_dags/example_trigger_target_dag.py
[2025-05-29T19:57:33.974+0000] {logging_mixin.py:188} INFO - [2025-05-29T19:57:33.973+0000] {dag.py:3096} INFO - Sync 1 DAGs
[2025-05-29T19:57:33.993+0000] {logging_mixin.py:188} INFO - [2025-05-29T19:57:33.992+0000] {dag.py:3954} INFO - Setting next_dagrun for example_trigger_target_dag to None, run_after=None
[2025-05-29T19:57:34.029+0000] {processor.py:183} INFO - Processing /home/airflow/.local/lib/python3.12/site-packages/airflow/example_dags/example_trigger_target_dag.py took 0.117 seconds
[2025-05-29T19:58:04.180+0000] {processor.py:161} INFO - Started process (PID=515) to work on /home/airflow/.local/lib/python3.12/site-packages/airflow/example_dags/example_trigger_target_dag.py
[2025-05-29T19:58:04.181+0000] {processor.py:830} INFO - Processing file /home/airflow/.local/lib/python3.12/site-packages/airflow/example_dags/example_trigger_target_dag.py for tasks to queue
[2025-05-29T19:58:04.184+0000] {logging_mixin.py:188} INFO - [2025-05-29T19:58:04.184+0000] {dagbag.py:545} INFO - Filling up the DagBag from /home/airflow/.local/lib/python3.12/site-packages/airflow/example_dags/example_trigger_target_dag.py
[2025-05-29T19:58:04.193+0000] {processor.py:840} INFO - DAG(s) 'example_trigger_target_dag' retrieved from /home/airflow/.local/lib/python3.12/site-packages/airflow/example_dags/example_trigger_target_dag.py
[2025-05-29T19:58:04.221+0000] {logging_mixin.py:188} INFO - [2025-05-29T19:58:04.221+0000] {dag.py:3096} INFO - Sync 1 DAGs
[2025-05-29T19:58:04.241+0000] {logging_mixin.py:188} INFO - [2025-05-29T19:58:04.240+0000] {dag.py:3954} INFO - Setting next_dagrun for example_trigger_target_dag to None, run_after=None
[2025-05-29T19:58:04.275+0000] {processor.py:183} INFO - Processing /home/airflow/.local/lib/python3.12/site-packages/airflow/example_dags/example_trigger_target_dag.py took 0.106 seconds
[2025-05-29T19:58:34.723+0000] {processor.py:161} INFO - Started process (PID=573) to work on /home/airflow/.local/lib/python3.12/site-packages/airflow/example_dags/example_trigger_target_dag.py
[2025-05-29T19:58:34.724+0000] {processor.py:830} INFO - Processing file /home/airflow/.local/lib/python3.12/site-packages/airflow/example_dags/example_trigger_target_dag.py for tasks to queue
[2025-05-29T19:58:34.727+0000] {logging_mixin.py:188} INFO - [2025-05-29T19:58:34.727+0000] {dagbag.py:545} INFO - Filling up the DagBag from /home/airflow/.local/lib/python3.12/site-packages/airflow/example_dags/example_trigger_target_dag.py
[2025-05-29T19:58:34.735+0000] {processor.py:840} INFO - DAG(s) 'example_trigger_target_dag' retrieved from /home/airflow/.local/lib/python3.12/site-packages/airflow/example_dags/example_trigger_target_dag.py
[2025-05-29T19:58:34.763+0000] {logging_mixin.py:188} INFO - [2025-05-29T19:58:34.763+0000] {dag.py:3096} INFO - Sync 1 DAGs
[2025-05-29T19:58:34.783+0000] {logging_mixin.py:188} INFO - [2025-05-29T19:58:34.782+0000] {dag.py:3954} INFO - Setting next_dagrun for example_trigger_target_dag to None, run_after=None
[2025-05-29T19:58:34.812+0000] {processor.py:183} INFO - Processing /home/airflow/.local/lib/python3.12/site-packages/airflow/example_dags/example_trigger_target_dag.py took 0.096 seconds
[2025-05-29T19:59:05.236+0000] {processor.py:161} INFO - Started process (PID=630) to work on /home/airflow/.local/lib/python3.12/site-packages/airflow/example_dags/example_trigger_target_dag.py
[2025-05-29T19:59:05.238+0000] {processor.py:830} INFO - Processing file /home/airflow/.local/lib/python3.12/site-packages/airflow/example_dags/example_trigger_target_dag.py for tasks to queue
[2025-05-29T19:59:05.243+0000] {logging_mixin.py:188} INFO - [2025-05-29T19:59:05.242+0000] {dagbag.py:545} INFO - Filling up the DagBag from /home/airflow/.local/lib/python3.12/site-packages/airflow/example_dags/example_trigger_target_dag.py
[2025-05-29T19:59:05.252+0000] {processor.py:840} INFO - DAG(s) 'example_trigger_target_dag' retrieved from /home/airflow/.local/lib/python3.12/site-packages/airflow/example_dags/example_trigger_target_dag.py
[2025-05-29T19:59:05.283+0000] {logging_mixin.py:188} INFO - [2025-05-29T19:59:05.282+0000] {dag.py:3096} INFO - Sync 1 DAGs
[2025-05-29T19:59:05.305+0000] {logging_mixin.py:188} INFO - [2025-05-29T19:59:05.304+0000] {dag.py:3954} INFO - Setting next_dagrun for example_trigger_target_dag to None, run_after=None
[2025-05-29T19:59:05.338+0000] {processor.py:183} INFO - Processing /home/airflow/.local/lib/python3.12/site-packages/airflow/example_dags/example_trigger_target_dag.py took 0.110 seconds
[2025-05-29T19:59:35.836+0000] {processor.py:161} INFO - Started process (PID=689) to work on /home/airflow/.local/lib/python3.12/site-packages/airflow/example_dags/example_trigger_target_dag.py
[2025-05-29T19:59:35.837+0000] {processor.py:830} INFO - Processing file /home/airflow/.local/lib/python3.12/site-packages/airflow/example_dags/example_trigger_target_dag.py for tasks to queue
[2025-05-29T19:59:35.841+0000] {logging_mixin.py:188} INFO - [2025-05-29T19:59:35.840+0000] {dagbag.py:545} INFO - Filling up the DagBag from /home/airflow/.local/lib/python3.12/site-packages/airflow/example_dags/example_trigger_target_dag.py
[2025-05-29T19:59:35.851+0000] {processor.py:840} INFO - DAG(s) 'example_trigger_target_dag' retrieved from /home/airflow/.local/lib/python3.12/site-packages/airflow/example_dags/example_trigger_target_dag.py
[2025-05-29T19:59:35.887+0000] {logging_mixin.py:188} INFO - [2025-05-29T19:59:35.886+0000] {dag.py:3096} INFO - Sync 1 DAGs
[2025-05-29T19:59:35.910+0000] {logging_mixin.py:188} INFO - [2025-05-29T19:59:35.910+0000] {dag.py:3954} INFO - Setting next_dagrun for example_trigger_target_dag to None, run_after=None
[2025-05-29T19:59:35.944+0000] {processor.py:183} INFO - Processing /home/airflow/.local/lib/python3.12/site-packages/airflow/example_dags/example_trigger_target_dag.py took 0.117 seconds
[2025-05-29T20:00:06.682+0000] {processor.py:161} INFO - Started process (PID=747) to work on /home/airflow/.local/lib/python3.12/site-packages/airflow/example_dags/example_trigger_target_dag.py
[2025-05-29T20:00:06.684+0000] {processor.py:830} INFO - Processing file /home/airflow/.local/lib/python3.12/site-packages/airflow/example_dags/example_trigger_target_dag.py for tasks to queue
[2025-05-29T20:00:06.686+0000] {logging_mixin.py:188} INFO - [2025-05-29T20:00:06.686+0000] {dagbag.py:545} INFO - Filling up the DagBag from /home/airflow/.local/lib/python3.12/site-packages/airflow/example_dags/example_trigger_target_dag.py
[2025-05-29T20:00:06.695+0000] {processor.py:840} INFO - DAG(s) 'example_trigger_target_dag' retrieved from /home/airflow/.local/lib/python3.12/site-packages/airflow/example_dags/example_trigger_target_dag.py
[2025-05-29T20:00:06.723+0000] {logging_mixin.py:188} INFO - [2025-05-29T20:00:06.722+0000] {dag.py:3096} INFO - Sync 1 DAGs
[2025-05-29T20:00:06.742+0000] {logging_mixin.py:188} INFO - [2025-05-29T20:00:06.741+0000] {dag.py:3954} INFO - Setting next_dagrun for example_trigger_target_dag to None, run_after=None
[2025-05-29T20:00:06.774+0000] {processor.py:183} INFO - Processing /home/airflow/.local/lib/python3.12/site-packages/airflow/example_dags/example_trigger_target_dag.py took 0.099 seconds
[2025-05-29T20:00:37.234+0000] {processor.py:161} INFO - Started process (PID=805) to work on /home/airflow/.local/lib/python3.12/site-packages/airflow/example_dags/example_trigger_target_dag.py
[2025-05-29T20:00:37.235+0000] {processor.py:830} INFO - Processing file /home/airflow/.local/lib/python3.12/site-packages/airflow/example_dags/example_trigger_target_dag.py for tasks to queue
[2025-05-29T20:00:37.238+0000] {logging_mixin.py:188} INFO - [2025-05-29T20:00:37.237+0000] {dagbag.py:545} INFO - Filling up the DagBag from /home/airflow/.local/lib/python3.12/site-packages/airflow/example_dags/example_trigger_target_dag.py
[2025-05-29T20:00:37.245+0000] {processor.py:840} INFO - DAG(s) 'example_trigger_target_dag' retrieved from /home/airflow/.local/lib/python3.12/site-packages/airflow/example_dags/example_trigger_target_dag.py
[2025-05-29T20:00:37.271+0000] {logging_mixin.py:188} INFO - [2025-05-29T20:00:37.271+0000] {dag.py:3096} INFO - Sync 1 DAGs
[2025-05-29T20:00:37.289+0000] {logging_mixin.py:188} INFO - [2025-05-29T20:00:37.288+0000] {dag.py:3954} INFO - Setting next_dagrun for example_trigger_target_dag to None, run_after=None
[2025-05-29T20:00:37.314+0000] {processor.py:183} INFO - Processing /home/airflow/.local/lib/python3.12/site-packages/airflow/example_dags/example_trigger_target_dag.py took 0.087 seconds
[2025-05-29T20:01:08.027+0000] {processor.py:161} INFO - Started process (PID=863) to work on /home/airflow/.local/lib/python3.12/site-packages/airflow/example_dags/example_trigger_target_dag.py
[2025-05-29T20:01:08.029+0000] {processor.py:830} INFO - Processing file /home/airflow/.local/lib/python3.12/site-packages/airflow/example_dags/example_trigger_target_dag.py for tasks to queue
[2025-05-29T20:01:08.032+0000] {logging_mixin.py:188} INFO - [2025-05-29T20:01:08.031+0000] {dagbag.py:545} INFO - Filling up the DagBag from /home/airflow/.local/lib/python3.12/site-packages/airflow/example_dags/example_trigger_target_dag.py
[2025-05-29T20:01:08.040+0000] {processor.py:840} INFO - DAG(s) 'example_trigger_target_dag' retrieved from /home/airflow/.local/lib/python3.12/site-packages/airflow/example_dags/example_trigger_target_dag.py
[2025-05-29T20:01:08.069+0000] {logging_mixin.py:188} INFO - [2025-05-29T20:01:08.069+0000] {dag.py:3096} INFO - Sync 1 DAGs
[2025-05-29T20:01:08.090+0000] {logging_mixin.py:188} INFO - [2025-05-29T20:01:08.090+0000] {dag.py:3954} INFO - Setting next_dagrun for example_trigger_target_dag to None, run_after=None
[2025-05-29T20:01:08.122+0000] {processor.py:183} INFO - Processing /home/airflow/.local/lib/python3.12/site-packages/airflow/example_dags/example_trigger_target_dag.py took 0.103 seconds
