[2025-05-29T19:54:20.115+0000] {processor.py:161} INFO - Started process (PID=74) to work on /home/airflow/.local/lib/python3.12/site-packages/airflow/example_dags/example_bash_operator.py
[2025-05-29T19:54:20.120+0000] {processor.py:830} INFO - Processing file /home/airflow/.local/lib/python3.12/site-packages/airflow/example_dags/example_bash_operator.py for tasks to queue
[2025-05-29T19:54:20.132+0000] {logging_mixin.py:188} INFO - [2025-05-29T19:54:20.131+0000] {dagbag.py:545} INFO - Filling up the DagBag from /home/airflow/.local/lib/python3.12/site-packages/airflow/example_dags/example_bash_operator.py
[2025-05-29T19:54:20.189+0000] {processor.py:840} INFO - DAG(s) 'example_bash_operator' retrieved from /home/airflow/.local/lib/python3.12/site-packages/airflow/example_dags/example_bash_operator.py
[2025-05-29T19:54:20.777+0000] {logging_mixin.py:188} INFO - [2025-05-29T19:54:20.776+0000] {dag.py:3096} INFO - Sync 1 DAGs
[2025-05-29T19:54:20.876+0000] {logging_mixin.py:188} INFO - [2025-05-29T19:54:20.875+0000] {dag.py:3954} INFO - Setting next_dagrun for example_bash_operator to 2025-05-28 00:00:00+00:00, run_after=2025-05-29 00:00:00+00:00
[2025-05-29T19:54:21.000+0000] {processor.py:183} INFO - Processing /home/airflow/.local/lib/python3.12/site-packages/airflow/example_dags/example_bash_operator.py took 0.905 seconds
[2025-05-29T19:54:51.492+0000] {processor.py:161} INFO - Started process (PID=132) to work on /home/airflow/.local/lib/python3.12/site-packages/airflow/example_dags/example_bash_operator.py
[2025-05-29T19:54:51.494+0000] {processor.py:830} INFO - Processing file /home/airflow/.local/lib/python3.12/site-packages/airflow/example_dags/example_bash_operator.py for tasks to queue
[2025-05-29T19:54:51.498+0000] {logging_mixin.py:188} INFO - [2025-05-29T19:54:51.497+0000] {dagbag.py:545} INFO - Filling up the DagBag from /home/airflow/.local/lib/python3.12/site-packages/airflow/example_dags/example_bash_operator.py
[2025-05-29T19:54:51.516+0000] {processor.py:840} INFO - DAG(s) 'example_bash_operator' retrieved from /home/airflow/.local/lib/python3.12/site-packages/airflow/example_dags/example_bash_operator.py
[2025-05-29T19:54:51.566+0000] {logging_mixin.py:188} INFO - [2025-05-29T19:54:51.565+0000] {dag.py:3096} INFO - Sync 1 DAGs
[2025-05-29T19:54:51.604+0000] {logging_mixin.py:188} INFO - [2025-05-29T19:54:51.603+0000] {dag.py:3954} INFO - Setting next_dagrun for example_bash_operator to 2025-05-28 00:00:00+00:00, run_after=2025-05-29 00:00:00+00:00
[2025-05-29T19:54:51.646+0000] {processor.py:183} INFO - Processing /home/airflow/.local/lib/python3.12/site-packages/airflow/example_dags/example_bash_operator.py took 0.161 seconds
[2025-05-29T19:55:21.837+0000] {processor.py:161} INFO - Started process (PID=190) to work on /home/airflow/.local/lib/python3.12/site-packages/airflow/example_dags/example_bash_operator.py
[2025-05-29T19:55:21.840+0000] {processor.py:830} INFO - Processing file /home/airflow/.local/lib/python3.12/site-packages/airflow/example_dags/example_bash_operator.py for tasks to queue
[2025-05-29T19:55:21.844+0000] {logging_mixin.py:188} INFO - [2025-05-29T19:55:21.843+0000] {dagbag.py:545} INFO - Filling up the DagBag from /home/airflow/.local/lib/python3.12/site-packages/airflow/example_dags/example_bash_operator.py
[2025-05-29T19:55:21.866+0000] {processor.py:840} INFO - DAG(s) 'example_bash_operator' retrieved from /home/airflow/.local/lib/python3.12/site-packages/airflow/example_dags/example_bash_operator.py
[2025-05-29T19:55:21.922+0000] {logging_mixin.py:188} INFO - [2025-05-29T19:55:21.922+0000] {dag.py:3096} INFO - Sync 1 DAGs
[2025-05-29T19:55:21.959+0000] {logging_mixin.py:188} INFO - [2025-05-29T19:55:21.959+0000] {dag.py:3954} INFO - Setting next_dagrun for example_bash_operator to 2025-05-28 00:00:00+00:00, run_after=2025-05-29 00:00:00+00:00
[2025-05-29T19:55:21.989+0000] {processor.py:183} INFO - Processing /home/airflow/.local/lib/python3.12/site-packages/airflow/example_dags/example_bash_operator.py took 0.169 seconds
[2025-05-29T19:55:52.118+0000] {processor.py:161} INFO - Started process (PID=248) to work on /home/airflow/.local/lib/python3.12/site-packages/airflow/example_dags/example_bash_operator.py
[2025-05-29T19:55:52.120+0000] {processor.py:830} INFO - Processing file /home/airflow/.local/lib/python3.12/site-packages/airflow/example_dags/example_bash_operator.py for tasks to queue
[2025-05-29T19:55:52.124+0000] {logging_mixin.py:188} INFO - [2025-05-29T19:55:52.123+0000] {dagbag.py:545} INFO - Filling up the DagBag from /home/airflow/.local/lib/python3.12/site-packages/airflow/example_dags/example_bash_operator.py
[2025-05-29T19:55:52.142+0000] {processor.py:840} INFO - DAG(s) 'example_bash_operator' retrieved from /home/airflow/.local/lib/python3.12/site-packages/airflow/example_dags/example_bash_operator.py
[2025-05-29T19:55:52.190+0000] {logging_mixin.py:188} INFO - [2025-05-29T19:55:52.190+0000] {dag.py:3096} INFO - Sync 1 DAGs
[2025-05-29T19:55:52.234+0000] {logging_mixin.py:188} INFO - [2025-05-29T19:55:52.234+0000] {dag.py:3954} INFO - Setting next_dagrun for example_bash_operator to 2025-05-28 00:00:00+00:00, run_after=2025-05-29 00:00:00+00:00
[2025-05-29T19:55:52.270+0000] {processor.py:183} INFO - Processing /home/airflow/.local/lib/python3.12/site-packages/airflow/example_dags/example_bash_operator.py took 0.163 seconds
[2025-05-29T19:56:23.093+0000] {processor.py:161} INFO - Started process (PID=306) to work on /home/airflow/.local/lib/python3.12/site-packages/airflow/example_dags/example_bash_operator.py
[2025-05-29T19:56:23.096+0000] {processor.py:830} INFO - Processing file /home/airflow/.local/lib/python3.12/site-packages/airflow/example_dags/example_bash_operator.py for tasks to queue
[2025-05-29T19:56:23.108+0000] {logging_mixin.py:188} INFO - [2025-05-29T19:56:23.106+0000] {dagbag.py:545} INFO - Filling up the DagBag from /home/airflow/.local/lib/python3.12/site-packages/airflow/example_dags/example_bash_operator.py
[2025-05-29T19:56:23.173+0000] {processor.py:840} INFO - DAG(s) 'example_bash_operator' retrieved from /home/airflow/.local/lib/python3.12/site-packages/airflow/example_dags/example_bash_operator.py
[2025-05-29T19:56:23.267+0000] {logging_mixin.py:188} INFO - [2025-05-29T19:56:23.266+0000] {dag.py:3096} INFO - Sync 1 DAGs
[2025-05-29T19:56:23.336+0000] {logging_mixin.py:188} INFO - [2025-05-29T19:56:23.335+0000] {dag.py:3954} INFO - Setting next_dagrun for example_bash_operator to 2025-05-28 00:00:00+00:00, run_after=2025-05-29 00:00:00+00:00
[2025-05-29T19:56:23.404+0000] {processor.py:183} INFO - Processing /home/airflow/.local/lib/python3.12/site-packages/airflow/example_dags/example_bash_operator.py took 0.333 seconds
[2025-05-29T19:56:54.353+0000] {processor.py:161} INFO - Started process (PID=364) to work on /home/airflow/.local/lib/python3.12/site-packages/airflow/example_dags/example_bash_operator.py
[2025-05-29T19:56:54.355+0000] {processor.py:830} INFO - Processing file /home/airflow/.local/lib/python3.12/site-packages/airflow/example_dags/example_bash_operator.py for tasks to queue
[2025-05-29T19:56:54.359+0000] {logging_mixin.py:188} INFO - [2025-05-29T19:56:54.358+0000] {dagbag.py:545} INFO - Filling up the DagBag from /home/airflow/.local/lib/python3.12/site-packages/airflow/example_dags/example_bash_operator.py
[2025-05-29T19:56:54.380+0000] {processor.py:840} INFO - DAG(s) 'example_bash_operator' retrieved from /home/airflow/.local/lib/python3.12/site-packages/airflow/example_dags/example_bash_operator.py
[2025-05-29T19:56:54.443+0000] {logging_mixin.py:188} INFO - [2025-05-29T19:56:54.443+0000] {dag.py:3096} INFO - Sync 1 DAGs
[2025-05-29T19:56:54.503+0000] {logging_mixin.py:188} INFO - [2025-05-29T19:56:54.502+0000] {dag.py:3954} INFO - Setting next_dagrun for example_bash_operator to 2025-05-28 00:00:00+00:00, run_after=2025-05-29 00:00:00+00:00
[2025-05-29T19:56:54.570+0000] {processor.py:183} INFO - Processing /home/airflow/.local/lib/python3.12/site-packages/airflow/example_dags/example_bash_operator.py took 0.228 seconds
[2025-05-29T19:57:25.188+0000] {processor.py:161} INFO - Started process (PID=422) to work on /home/airflow/.local/lib/python3.12/site-packages/airflow/example_dags/example_bash_operator.py
[2025-05-29T19:57:25.190+0000] {processor.py:830} INFO - Processing file /home/airflow/.local/lib/python3.12/site-packages/airflow/example_dags/example_bash_operator.py for tasks to queue
[2025-05-29T19:57:25.192+0000] {logging_mixin.py:188} INFO - [2025-05-29T19:57:25.192+0000] {dagbag.py:545} INFO - Filling up the DagBag from /home/airflow/.local/lib/python3.12/site-packages/airflow/example_dags/example_bash_operator.py
[2025-05-29T19:57:25.208+0000] {processor.py:840} INFO - DAG(s) 'example_bash_operator' retrieved from /home/airflow/.local/lib/python3.12/site-packages/airflow/example_dags/example_bash_operator.py
[2025-05-29T19:57:25.256+0000] {logging_mixin.py:188} INFO - [2025-05-29T19:57:25.256+0000] {dag.py:3096} INFO - Sync 1 DAGs
[2025-05-29T19:57:25.297+0000] {logging_mixin.py:188} INFO - [2025-05-29T19:57:25.296+0000] {dag.py:3954} INFO - Setting next_dagrun for example_bash_operator to 2025-05-28 00:00:00+00:00, run_after=2025-05-29 00:00:00+00:00
[2025-05-29T19:57:25.343+0000] {processor.py:183} INFO - Processing /home/airflow/.local/lib/python3.12/site-packages/airflow/example_dags/example_bash_operator.py took 0.163 seconds
[2025-05-29T19:57:55.514+0000] {processor.py:161} INFO - Started process (PID=480) to work on /home/airflow/.local/lib/python3.12/site-packages/airflow/example_dags/example_bash_operator.py
[2025-05-29T19:57:55.516+0000] {processor.py:830} INFO - Processing file /home/airflow/.local/lib/python3.12/site-packages/airflow/example_dags/example_bash_operator.py for tasks to queue
[2025-05-29T19:57:55.520+0000] {logging_mixin.py:188} INFO - [2025-05-29T19:57:55.520+0000] {dagbag.py:545} INFO - Filling up the DagBag from /home/airflow/.local/lib/python3.12/site-packages/airflow/example_dags/example_bash_operator.py
[2025-05-29T19:57:55.540+0000] {processor.py:840} INFO - DAG(s) 'example_bash_operator' retrieved from /home/airflow/.local/lib/python3.12/site-packages/airflow/example_dags/example_bash_operator.py
[2025-05-29T19:57:55.616+0000] {logging_mixin.py:188} INFO - [2025-05-29T19:57:55.615+0000] {dag.py:3096} INFO - Sync 1 DAGs
[2025-05-29T19:57:55.664+0000] {logging_mixin.py:188} INFO - [2025-05-29T19:57:55.664+0000] {dag.py:3954} INFO - Setting next_dagrun for example_bash_operator to 2025-05-28 00:00:00+00:00, run_after=2025-05-29 00:00:00+00:00
[2025-05-29T19:57:55.719+0000] {processor.py:183} INFO - Processing /home/airflow/.local/lib/python3.12/site-packages/airflow/example_dags/example_bash_operator.py took 0.213 seconds
[2025-05-29T19:58:26.215+0000] {processor.py:161} INFO - Started process (PID=538) to work on /home/airflow/.local/lib/python3.12/site-packages/airflow/example_dags/example_bash_operator.py
[2025-05-29T19:58:26.217+0000] {processor.py:830} INFO - Processing file /home/airflow/.local/lib/python3.12/site-packages/airflow/example_dags/example_bash_operator.py for tasks to queue
[2025-05-29T19:58:26.222+0000] {logging_mixin.py:188} INFO - [2025-05-29T19:58:26.221+0000] {dagbag.py:545} INFO - Filling up the DagBag from /home/airflow/.local/lib/python3.12/site-packages/airflow/example_dags/example_bash_operator.py
[2025-05-29T19:58:26.263+0000] {processor.py:840} INFO - DAG(s) 'example_bash_operator' retrieved from /home/airflow/.local/lib/python3.12/site-packages/airflow/example_dags/example_bash_operator.py
[2025-05-29T19:58:26.349+0000] {logging_mixin.py:188} INFO - [2025-05-29T19:58:26.348+0000] {dag.py:3096} INFO - Sync 1 DAGs
[2025-05-29T19:58:26.456+0000] {logging_mixin.py:188} INFO - [2025-05-29T19:58:26.455+0000] {dag.py:3954} INFO - Setting next_dagrun for example_bash_operator to 2025-05-28 00:00:00+00:00, run_after=2025-05-29 00:00:00+00:00
[2025-05-29T19:58:26.511+0000] {processor.py:183} INFO - Processing /home/airflow/.local/lib/python3.12/site-packages/airflow/example_dags/example_bash_operator.py took 0.314 seconds
[2025-05-29T19:58:56.940+0000] {processor.py:161} INFO - Started process (PID=596) to work on /home/airflow/.local/lib/python3.12/site-packages/airflow/example_dags/example_bash_operator.py
[2025-05-29T19:58:56.942+0000] {processor.py:830} INFO - Processing file /home/airflow/.local/lib/python3.12/site-packages/airflow/example_dags/example_bash_operator.py for tasks to queue
[2025-05-29T19:58:56.945+0000] {logging_mixin.py:188} INFO - [2025-05-29T19:58:56.945+0000] {dagbag.py:545} INFO - Filling up the DagBag from /home/airflow/.local/lib/python3.12/site-packages/airflow/example_dags/example_bash_operator.py
[2025-05-29T19:58:56.966+0000] {processor.py:840} INFO - DAG(s) 'example_bash_operator' retrieved from /home/airflow/.local/lib/python3.12/site-packages/airflow/example_dags/example_bash_operator.py
[2025-05-29T19:58:57.018+0000] {logging_mixin.py:188} INFO - [2025-05-29T19:58:57.018+0000] {dag.py:3096} INFO - Sync 1 DAGs
[2025-05-29T19:58:57.064+0000] {logging_mixin.py:188} INFO - [2025-05-29T19:58:57.063+0000] {dag.py:3954} INFO - Setting next_dagrun for example_bash_operator to 2025-05-28 00:00:00+00:00, run_after=2025-05-29 00:00:00+00:00
[2025-05-29T19:58:57.102+0000] {processor.py:183} INFO - Processing /home/airflow/.local/lib/python3.12/site-packages/airflow/example_dags/example_bash_operator.py took 0.176 seconds
[2025-05-29T19:59:27.535+0000] {processor.py:161} INFO - Started process (PID=654) to work on /home/airflow/.local/lib/python3.12/site-packages/airflow/example_dags/example_bash_operator.py
[2025-05-29T19:59:27.536+0000] {processor.py:830} INFO - Processing file /home/airflow/.local/lib/python3.12/site-packages/airflow/example_dags/example_bash_operator.py for tasks to queue
[2025-05-29T19:59:27.539+0000] {logging_mixin.py:188} INFO - [2025-05-29T19:59:27.539+0000] {dagbag.py:545} INFO - Filling up the DagBag from /home/airflow/.local/lib/python3.12/site-packages/airflow/example_dags/example_bash_operator.py
[2025-05-29T19:59:27.555+0000] {processor.py:840} INFO - DAG(s) 'example_bash_operator' retrieved from /home/airflow/.local/lib/python3.12/site-packages/airflow/example_dags/example_bash_operator.py
[2025-05-29T19:59:27.604+0000] {logging_mixin.py:188} INFO - [2025-05-29T19:59:27.604+0000] {dag.py:3096} INFO - Sync 1 DAGs
[2025-05-29T19:59:27.645+0000] {logging_mixin.py:188} INFO - [2025-05-29T19:59:27.644+0000] {dag.py:3954} INFO - Setting next_dagrun for example_bash_operator to 2025-05-28 00:00:00+00:00, run_after=2025-05-29 00:00:00+00:00
[2025-05-29T19:59:27.675+0000] {processor.py:183} INFO - Processing /home/airflow/.local/lib/python3.12/site-packages/airflow/example_dags/example_bash_operator.py took 0.148 seconds
[2025-05-29T19:59:57.805+0000] {processor.py:161} INFO - Started process (PID=712) to work on /home/airflow/.local/lib/python3.12/site-packages/airflow/example_dags/example_bash_operator.py
[2025-05-29T19:59:57.807+0000] {processor.py:830} INFO - Processing file /home/airflow/.local/lib/python3.12/site-packages/airflow/example_dags/example_bash_operator.py for tasks to queue
[2025-05-29T19:59:57.811+0000] {logging_mixin.py:188} INFO - [2025-05-29T19:59:57.811+0000] {dagbag.py:545} INFO - Filling up the DagBag from /home/airflow/.local/lib/python3.12/site-packages/airflow/example_dags/example_bash_operator.py
[2025-05-29T19:59:57.832+0000] {processor.py:840} INFO - DAG(s) 'example_bash_operator' retrieved from /home/airflow/.local/lib/python3.12/site-packages/airflow/example_dags/example_bash_operator.py
[2025-05-29T19:59:57.930+0000] {logging_mixin.py:188} INFO - [2025-05-29T19:59:57.930+0000] {dag.py:3096} INFO - Sync 1 DAGs
[2025-05-29T19:59:57.988+0000] {logging_mixin.py:188} INFO - [2025-05-29T19:59:57.987+0000] {dag.py:3954} INFO - Setting next_dagrun for example_bash_operator to 2025-05-28 00:00:00+00:00, run_after=2025-05-29 00:00:00+00:00
[2025-05-29T19:59:58.039+0000] {processor.py:183} INFO - Processing /home/airflow/.local/lib/python3.12/site-packages/airflow/example_dags/example_bash_operator.py took 0.245 seconds
[2025-05-29T20:00:28.179+0000] {processor.py:161} INFO - Started process (PID=770) to work on /home/airflow/.local/lib/python3.12/site-packages/airflow/example_dags/example_bash_operator.py
[2025-05-29T20:00:28.180+0000] {processor.py:830} INFO - Processing file /home/airflow/.local/lib/python3.12/site-packages/airflow/example_dags/example_bash_operator.py for tasks to queue
[2025-05-29T20:00:28.183+0000] {logging_mixin.py:188} INFO - [2025-05-29T20:00:28.182+0000] {dagbag.py:545} INFO - Filling up the DagBag from /home/airflow/.local/lib/python3.12/site-packages/airflow/example_dags/example_bash_operator.py
[2025-05-29T20:00:28.198+0000] {processor.py:840} INFO - DAG(s) 'example_bash_operator' retrieved from /home/airflow/.local/lib/python3.12/site-packages/airflow/example_dags/example_bash_operator.py
[2025-05-29T20:00:28.241+0000] {logging_mixin.py:188} INFO - [2025-05-29T20:00:28.241+0000] {dag.py:3096} INFO - Sync 1 DAGs
[2025-05-29T20:00:28.280+0000] {logging_mixin.py:188} INFO - [2025-05-29T20:00:28.279+0000] {dag.py:3954} INFO - Setting next_dagrun for example_bash_operator to 2025-05-28 00:00:00+00:00, run_after=2025-05-29 00:00:00+00:00
[2025-05-29T20:00:28.330+0000] {processor.py:183} INFO - Processing /home/airflow/.local/lib/python3.12/site-packages/airflow/example_dags/example_bash_operator.py took 0.159 seconds
[2025-05-29T20:00:58.493+0000] {processor.py:161} INFO - Started process (PID=828) to work on /home/airflow/.local/lib/python3.12/site-packages/airflow/example_dags/example_bash_operator.py
[2025-05-29T20:00:58.495+0000] {processor.py:830} INFO - Processing file /home/airflow/.local/lib/python3.12/site-packages/airflow/example_dags/example_bash_operator.py for tasks to queue
[2025-05-29T20:00:58.499+0000] {logging_mixin.py:188} INFO - [2025-05-29T20:00:58.498+0000] {dagbag.py:545} INFO - Filling up the DagBag from /home/airflow/.local/lib/python3.12/site-packages/airflow/example_dags/example_bash_operator.py
[2025-05-29T20:00:58.525+0000] {processor.py:840} INFO - DAG(s) 'example_bash_operator' retrieved from /home/airflow/.local/lib/python3.12/site-packages/airflow/example_dags/example_bash_operator.py
[2025-05-29T20:00:58.577+0000] {logging_mixin.py:188} INFO - [2025-05-29T20:00:58.576+0000] {dag.py:3096} INFO - Sync 1 DAGs
[2025-05-29T20:00:58.623+0000] {logging_mixin.py:188} INFO - [2025-05-29T20:00:58.622+0000] {dag.py:3954} INFO - Setting next_dagrun for example_bash_operator to 2025-05-28 00:00:00+00:00, run_after=2025-05-29 00:00:00+00:00
[2025-05-29T20:00:58.665+0000] {processor.py:183} INFO - Processing /home/airflow/.local/lib/python3.12/site-packages/airflow/example_dags/example_bash_operator.py took 0.180 seconds
