[2025-05-29T19:54:18.036+0000] {processor.py:161} INFO - Started process (PID=68) to work on /home/airflow/.local/lib/python3.12/site-packages/airflow/example_dags/example_task_group_decorator.py
[2025-05-29T19:54:18.039+0000] {processor.py:830} INFO - Processing file /home/airflow/.local/lib/python3.12/site-packages/airflow/example_dags/example_task_group_decorator.py for tasks to queue
[2025-05-29T19:54:18.043+0000] {logging_mixin.py:188} INFO - [2025-05-29T19:54:18.043+0000] {dagbag.py:545} INFO - Filling up the DagBag from /home/airflow/.local/lib/python3.12/site-packages/airflow/example_dags/example_task_group_decorator.py
[2025-05-29T19:54:18.089+0000] {processor.py:840} INFO - DAG(s) 'example_task_group_decorator' retrieved from /home/airflow/.local/lib/python3.12/site-packages/airflow/example_dags/example_task_group_decorator.py
[2025-05-29T19:54:18.870+0000] {logging_mixin.py:188} INFO - [2025-05-29T19:54:18.869+0000] {dag.py:3096} INFO - Sync 1 DAGs
[2025-05-29T19:54:18.961+0000] {logging_mixin.py:188} INFO - [2025-05-29T19:54:18.960+0000] {dag.py:3954} INFO - Setting next_dagrun for example_task_group_decorator to 2025-05-28 00:00:00+00:00, run_after=2025-05-29 00:00:00+00:00
[2025-05-29T19:54:19.046+0000] {processor.py:183} INFO - Processing /home/airflow/.local/lib/python3.12/site-packages/airflow/example_dags/example_task_group_decorator.py took 1.025 seconds
[2025-05-29T19:54:49.189+0000] {processor.py:161} INFO - Started process (PID=126) to work on /home/airflow/.local/lib/python3.12/site-packages/airflow/example_dags/example_task_group_decorator.py
[2025-05-29T19:54:49.191+0000] {processor.py:830} INFO - Processing file /home/airflow/.local/lib/python3.12/site-packages/airflow/example_dags/example_task_group_decorator.py for tasks to queue
[2025-05-29T19:54:49.194+0000] {logging_mixin.py:188} INFO - [2025-05-29T19:54:49.193+0000] {dagbag.py:545} INFO - Filling up the DagBag from /home/airflow/.local/lib/python3.12/site-packages/airflow/example_dags/example_task_group_decorator.py
[2025-05-29T19:54:49.213+0000] {processor.py:840} INFO - DAG(s) 'example_task_group_decorator' retrieved from /home/airflow/.local/lib/python3.12/site-packages/airflow/example_dags/example_task_group_decorator.py
[2025-05-29T19:54:49.249+0000] {logging_mixin.py:188} INFO - [2025-05-29T19:54:49.249+0000] {dag.py:3096} INFO - Sync 1 DAGs
[2025-05-29T19:54:49.280+0000] {logging_mixin.py:188} INFO - [2025-05-29T19:54:49.280+0000] {dag.py:3954} INFO - Setting next_dagrun for example_task_group_decorator to 2025-05-28 00:00:00+00:00, run_after=2025-05-29 00:00:00+00:00
[2025-05-29T19:54:49.308+0000] {processor.py:183} INFO - Processing /home/airflow/.local/lib/python3.12/site-packages/airflow/example_dags/example_task_group_decorator.py took 0.125 seconds
[2025-05-29T19:55:19.443+0000] {processor.py:161} INFO - Started process (PID=184) to work on /home/airflow/.local/lib/python3.12/site-packages/airflow/example_dags/example_task_group_decorator.py
[2025-05-29T19:55:19.445+0000] {processor.py:830} INFO - Processing file /home/airflow/.local/lib/python3.12/site-packages/airflow/example_dags/example_task_group_decorator.py for tasks to queue
[2025-05-29T19:55:19.447+0000] {logging_mixin.py:188} INFO - [2025-05-29T19:55:19.446+0000] {dagbag.py:545} INFO - Filling up the DagBag from /home/airflow/.local/lib/python3.12/site-packages/airflow/example_dags/example_task_group_decorator.py
[2025-05-29T19:55:19.476+0000] {processor.py:840} INFO - DAG(s) 'example_task_group_decorator' retrieved from /home/airflow/.local/lib/python3.12/site-packages/airflow/example_dags/example_task_group_decorator.py
[2025-05-29T19:55:19.517+0000] {logging_mixin.py:188} INFO - [2025-05-29T19:55:19.516+0000] {dag.py:3096} INFO - Sync 1 DAGs
[2025-05-29T19:55:19.561+0000] {logging_mixin.py:188} INFO - [2025-05-29T19:55:19.560+0000] {dag.py:3954} INFO - Setting next_dagrun for example_task_group_decorator to 2025-05-28 00:00:00+00:00, run_after=2025-05-29 00:00:00+00:00
[2025-05-29T19:55:19.634+0000] {processor.py:183} INFO - Processing /home/airflow/.local/lib/python3.12/site-packages/airflow/example_dags/example_task_group_decorator.py took 0.197 seconds
[2025-05-29T19:55:49.736+0000] {processor.py:161} INFO - Started process (PID=242) to work on /home/airflow/.local/lib/python3.12/site-packages/airflow/example_dags/example_task_group_decorator.py
[2025-05-29T19:55:49.739+0000] {processor.py:830} INFO - Processing file /home/airflow/.local/lib/python3.12/site-packages/airflow/example_dags/example_task_group_decorator.py for tasks to queue
[2025-05-29T19:55:49.742+0000] {logging_mixin.py:188} INFO - [2025-05-29T19:55:49.742+0000] {dagbag.py:545} INFO - Filling up the DagBag from /home/airflow/.local/lib/python3.12/site-packages/airflow/example_dags/example_task_group_decorator.py
[2025-05-29T19:55:49.770+0000] {processor.py:840} INFO - DAG(s) 'example_task_group_decorator' retrieved from /home/airflow/.local/lib/python3.12/site-packages/airflow/example_dags/example_task_group_decorator.py
[2025-05-29T19:55:49.809+0000] {logging_mixin.py:188} INFO - [2025-05-29T19:55:49.809+0000] {dag.py:3096} INFO - Sync 1 DAGs
[2025-05-29T19:55:49.842+0000] {logging_mixin.py:188} INFO - [2025-05-29T19:55:49.842+0000] {dag.py:3954} INFO - Setting next_dagrun for example_task_group_decorator to 2025-05-28 00:00:00+00:00, run_after=2025-05-29 00:00:00+00:00
[2025-05-29T19:55:49.871+0000] {processor.py:183} INFO - Processing /home/airflow/.local/lib/python3.12/site-packages/airflow/example_dags/example_task_group_decorator.py took 0.147 seconds
[2025-05-29T19:56:20.231+0000] {processor.py:161} INFO - Started process (PID=300) to work on /home/airflow/.local/lib/python3.12/site-packages/airflow/example_dags/example_task_group_decorator.py
[2025-05-29T19:56:20.232+0000] {processor.py:830} INFO - Processing file /home/airflow/.local/lib/python3.12/site-packages/airflow/example_dags/example_task_group_decorator.py for tasks to queue
[2025-05-29T19:56:20.236+0000] {logging_mixin.py:188} INFO - [2025-05-29T19:56:20.235+0000] {dagbag.py:545} INFO - Filling up the DagBag from /home/airflow/.local/lib/python3.12/site-packages/airflow/example_dags/example_task_group_decorator.py
[2025-05-29T19:56:20.269+0000] {processor.py:840} INFO - DAG(s) 'example_task_group_decorator' retrieved from /home/airflow/.local/lib/python3.12/site-packages/airflow/example_dags/example_task_group_decorator.py
[2025-05-29T19:56:20.337+0000] {logging_mixin.py:188} INFO - [2025-05-29T19:56:20.337+0000] {dag.py:3096} INFO - Sync 1 DAGs
[2025-05-29T19:56:20.397+0000] {logging_mixin.py:188} INFO - [2025-05-29T19:56:20.396+0000] {dag.py:3954} INFO - Setting next_dagrun for example_task_group_decorator to 2025-05-28 00:00:00+00:00, run_after=2025-05-29 00:00:00+00:00
[2025-05-29T19:56:20.441+0000] {processor.py:183} INFO - Processing /home/airflow/.local/lib/python3.12/site-packages/airflow/example_dags/example_task_group_decorator.py took 0.222 seconds
[2025-05-29T19:56:50.656+0000] {processor.py:161} INFO - Started process (PID=358) to work on /home/airflow/.local/lib/python3.12/site-packages/airflow/example_dags/example_task_group_decorator.py
[2025-05-29T19:56:50.657+0000] {processor.py:830} INFO - Processing file /home/airflow/.local/lib/python3.12/site-packages/airflow/example_dags/example_task_group_decorator.py for tasks to queue
[2025-05-29T19:56:50.661+0000] {logging_mixin.py:188} INFO - [2025-05-29T19:56:50.661+0000] {dagbag.py:545} INFO - Filling up the DagBag from /home/airflow/.local/lib/python3.12/site-packages/airflow/example_dags/example_task_group_decorator.py
[2025-05-29T19:56:50.689+0000] {processor.py:840} INFO - DAG(s) 'example_task_group_decorator' retrieved from /home/airflow/.local/lib/python3.12/site-packages/airflow/example_dags/example_task_group_decorator.py
[2025-05-29T19:56:50.734+0000] {logging_mixin.py:188} INFO - [2025-05-29T19:56:50.734+0000] {dag.py:3096} INFO - Sync 1 DAGs
[2025-05-29T19:56:50.774+0000] {logging_mixin.py:188} INFO - [2025-05-29T19:56:50.774+0000] {dag.py:3954} INFO - Setting next_dagrun for example_task_group_decorator to 2025-05-28 00:00:00+00:00, run_after=2025-05-29 00:00:00+00:00
[2025-05-29T19:56:50.805+0000] {processor.py:183} INFO - Processing /home/airflow/.local/lib/python3.12/site-packages/airflow/example_dags/example_task_group_decorator.py took 0.163 seconds
[2025-05-29T19:57:21.484+0000] {processor.py:161} INFO - Started process (PID=416) to work on /home/airflow/.local/lib/python3.12/site-packages/airflow/example_dags/example_task_group_decorator.py
[2025-05-29T19:57:21.487+0000] {processor.py:830} INFO - Processing file /home/airflow/.local/lib/python3.12/site-packages/airflow/example_dags/example_task_group_decorator.py for tasks to queue
[2025-05-29T19:57:21.494+0000] {logging_mixin.py:188} INFO - [2025-05-29T19:57:21.493+0000] {dagbag.py:545} INFO - Filling up the DagBag from /home/airflow/.local/lib/python3.12/site-packages/airflow/example_dags/example_task_group_decorator.py
[2025-05-29T19:57:21.549+0000] {processor.py:840} INFO - DAG(s) 'example_task_group_decorator' retrieved from /home/airflow/.local/lib/python3.12/site-packages/airflow/example_dags/example_task_group_decorator.py
[2025-05-29T19:57:21.633+0000] {logging_mixin.py:188} INFO - [2025-05-29T19:57:21.632+0000] {dag.py:3096} INFO - Sync 1 DAGs
[2025-05-29T19:57:21.709+0000] {logging_mixin.py:188} INFO - [2025-05-29T19:57:21.708+0000] {dag.py:3954} INFO - Setting next_dagrun for example_task_group_decorator to 2025-05-28 00:00:00+00:00, run_after=2025-05-29 00:00:00+00:00
[2025-05-29T19:57:21.745+0000] {processor.py:183} INFO - Processing /home/airflow/.local/lib/python3.12/site-packages/airflow/example_dags/example_task_group_decorator.py took 0.282 seconds
[2025-05-29T19:57:51.972+0000] {processor.py:161} INFO - Started process (PID=474) to work on /home/airflow/.local/lib/python3.12/site-packages/airflow/example_dags/example_task_group_decorator.py
[2025-05-29T19:57:51.974+0000] {processor.py:830} INFO - Processing file /home/airflow/.local/lib/python3.12/site-packages/airflow/example_dags/example_task_group_decorator.py for tasks to queue
[2025-05-29T19:57:51.978+0000] {logging_mixin.py:188} INFO - [2025-05-29T19:57:51.977+0000] {dagbag.py:545} INFO - Filling up the DagBag from /home/airflow/.local/lib/python3.12/site-packages/airflow/example_dags/example_task_group_decorator.py
[2025-05-29T19:57:52.001+0000] {processor.py:840} INFO - DAG(s) 'example_task_group_decorator' retrieved from /home/airflow/.local/lib/python3.12/site-packages/airflow/example_dags/example_task_group_decorator.py
[2025-05-29T19:57:52.038+0000] {logging_mixin.py:188} INFO - [2025-05-29T19:57:52.037+0000] {dag.py:3096} INFO - Sync 1 DAGs
[2025-05-29T19:57:52.072+0000] {logging_mixin.py:188} INFO - [2025-05-29T19:57:52.071+0000] {dag.py:3954} INFO - Setting next_dagrun for example_task_group_decorator to 2025-05-28 00:00:00+00:00, run_after=2025-05-29 00:00:00+00:00
[2025-05-29T19:57:52.099+0000] {processor.py:183} INFO - Processing /home/airflow/.local/lib/python3.12/site-packages/airflow/example_dags/example_task_group_decorator.py took 0.137 seconds
[2025-05-29T19:58:22.630+0000] {processor.py:161} INFO - Started process (PID=532) to work on /home/airflow/.local/lib/python3.12/site-packages/airflow/example_dags/example_task_group_decorator.py
[2025-05-29T19:58:22.632+0000] {processor.py:830} INFO - Processing file /home/airflow/.local/lib/python3.12/site-packages/airflow/example_dags/example_task_group_decorator.py for tasks to queue
[2025-05-29T19:58:22.636+0000] {logging_mixin.py:188} INFO - [2025-05-29T19:58:22.635+0000] {dagbag.py:545} INFO - Filling up the DagBag from /home/airflow/.local/lib/python3.12/site-packages/airflow/example_dags/example_task_group_decorator.py
[2025-05-29T19:58:22.664+0000] {processor.py:840} INFO - DAG(s) 'example_task_group_decorator' retrieved from /home/airflow/.local/lib/python3.12/site-packages/airflow/example_dags/example_task_group_decorator.py
[2025-05-29T19:58:22.712+0000] {logging_mixin.py:188} INFO - [2025-05-29T19:58:22.712+0000] {dag.py:3096} INFO - Sync 1 DAGs
[2025-05-29T19:58:22.753+0000] {logging_mixin.py:188} INFO - [2025-05-29T19:58:22.753+0000] {dag.py:3954} INFO - Setting next_dagrun for example_task_group_decorator to 2025-05-28 00:00:00+00:00, run_after=2025-05-29 00:00:00+00:00
[2025-05-29T19:58:22.788+0000] {processor.py:183} INFO - Processing /home/airflow/.local/lib/python3.12/site-packages/airflow/example_dags/example_task_group_decorator.py took 0.170 seconds
[2025-05-29T19:58:53.346+0000] {processor.py:161} INFO - Started process (PID=590) to work on /home/airflow/.local/lib/python3.12/site-packages/airflow/example_dags/example_task_group_decorator.py
[2025-05-29T19:58:53.347+0000] {processor.py:830} INFO - Processing file /home/airflow/.local/lib/python3.12/site-packages/airflow/example_dags/example_task_group_decorator.py for tasks to queue
[2025-05-29T19:58:53.351+0000] {logging_mixin.py:188} INFO - [2025-05-29T19:58:53.350+0000] {dagbag.py:545} INFO - Filling up the DagBag from /home/airflow/.local/lib/python3.12/site-packages/airflow/example_dags/example_task_group_decorator.py
[2025-05-29T19:58:53.377+0000] {processor.py:840} INFO - DAG(s) 'example_task_group_decorator' retrieved from /home/airflow/.local/lib/python3.12/site-packages/airflow/example_dags/example_task_group_decorator.py
[2025-05-29T19:58:53.428+0000] {logging_mixin.py:188} INFO - [2025-05-29T19:58:53.427+0000] {dag.py:3096} INFO - Sync 1 DAGs
[2025-05-29T19:58:53.466+0000] {logging_mixin.py:188} INFO - [2025-05-29T19:58:53.465+0000] {dag.py:3954} INFO - Setting next_dagrun for example_task_group_decorator to 2025-05-28 00:00:00+00:00, run_after=2025-05-29 00:00:00+00:00
[2025-05-29T19:58:53.506+0000] {processor.py:183} INFO - Processing /home/airflow/.local/lib/python3.12/site-packages/airflow/example_dags/example_task_group_decorator.py took 0.166 seconds
[2025-05-29T19:59:23.948+0000] {processor.py:161} INFO - Started process (PID=648) to work on /home/airflow/.local/lib/python3.12/site-packages/airflow/example_dags/example_task_group_decorator.py
[2025-05-29T19:59:23.950+0000] {processor.py:830} INFO - Processing file /home/airflow/.local/lib/python3.12/site-packages/airflow/example_dags/example_task_group_decorator.py for tasks to queue
[2025-05-29T19:59:23.954+0000] {logging_mixin.py:188} INFO - [2025-05-29T19:59:23.954+0000] {dagbag.py:545} INFO - Filling up the DagBag from /home/airflow/.local/lib/python3.12/site-packages/airflow/example_dags/example_task_group_decorator.py
[2025-05-29T19:59:23.984+0000] {processor.py:840} INFO - DAG(s) 'example_task_group_decorator' retrieved from /home/airflow/.local/lib/python3.12/site-packages/airflow/example_dags/example_task_group_decorator.py
[2025-05-29T19:59:24.060+0000] {logging_mixin.py:188} INFO - [2025-05-29T19:59:24.060+0000] {dag.py:3096} INFO - Sync 1 DAGs
[2025-05-29T19:59:24.108+0000] {logging_mixin.py:188} INFO - [2025-05-29T19:59:24.107+0000] {dag.py:3954} INFO - Setting next_dagrun for example_task_group_decorator to 2025-05-28 00:00:00+00:00, run_after=2025-05-29 00:00:00+00:00
[2025-05-29T19:59:24.141+0000] {processor.py:183} INFO - Processing /home/airflow/.local/lib/python3.12/site-packages/airflow/example_dags/example_task_group_decorator.py took 0.205 seconds
[2025-05-29T19:59:54.250+0000] {processor.py:161} INFO - Started process (PID=706) to work on /home/airflow/.local/lib/python3.12/site-packages/airflow/example_dags/example_task_group_decorator.py
[2025-05-29T19:59:54.252+0000] {processor.py:830} INFO - Processing file /home/airflow/.local/lib/python3.12/site-packages/airflow/example_dags/example_task_group_decorator.py for tasks to queue
[2025-05-29T19:59:54.254+0000] {logging_mixin.py:188} INFO - [2025-05-29T19:59:54.254+0000] {dagbag.py:545} INFO - Filling up the DagBag from /home/airflow/.local/lib/python3.12/site-packages/airflow/example_dags/example_task_group_decorator.py
[2025-05-29T19:59:54.275+0000] {processor.py:840} INFO - DAG(s) 'example_task_group_decorator' retrieved from /home/airflow/.local/lib/python3.12/site-packages/airflow/example_dags/example_task_group_decorator.py
[2025-05-29T19:59:54.333+0000] {logging_mixin.py:188} INFO - [2025-05-29T19:59:54.333+0000] {dag.py:3096} INFO - Sync 1 DAGs
[2025-05-29T19:59:54.366+0000] {logging_mixin.py:188} INFO - [2025-05-29T19:59:54.365+0000] {dag.py:3954} INFO - Setting next_dagrun for example_task_group_decorator to 2025-05-28 00:00:00+00:00, run_after=2025-05-29 00:00:00+00:00
[2025-05-29T19:59:54.406+0000] {processor.py:183} INFO - Processing /home/airflow/.local/lib/python3.12/site-packages/airflow/example_dags/example_task_group_decorator.py took 0.163 seconds
[2025-05-29T20:00:24.481+0000] {processor.py:161} INFO - Started process (PID=764) to work on /home/airflow/.local/lib/python3.12/site-packages/airflow/example_dags/example_task_group_decorator.py
[2025-05-29T20:00:24.483+0000] {processor.py:830} INFO - Processing file /home/airflow/.local/lib/python3.12/site-packages/airflow/example_dags/example_task_group_decorator.py for tasks to queue
[2025-05-29T20:00:24.487+0000] {logging_mixin.py:188} INFO - [2025-05-29T20:00:24.486+0000] {dagbag.py:545} INFO - Filling up the DagBag from /home/airflow/.local/lib/python3.12/site-packages/airflow/example_dags/example_task_group_decorator.py
[2025-05-29T20:00:24.534+0000] {processor.py:840} INFO - DAG(s) 'example_task_group_decorator' retrieved from /home/airflow/.local/lib/python3.12/site-packages/airflow/example_dags/example_task_group_decorator.py
[2025-05-29T20:00:24.604+0000] {logging_mixin.py:188} INFO - [2025-05-29T20:00:24.603+0000] {dag.py:3096} INFO - Sync 1 DAGs
[2025-05-29T20:00:24.651+0000] {logging_mixin.py:188} INFO - [2025-05-29T20:00:24.649+0000] {dag.py:3954} INFO - Setting next_dagrun for example_task_group_decorator to 2025-05-28 00:00:00+00:00, run_after=2025-05-29 00:00:00+00:00
[2025-05-29T20:00:24.691+0000] {processor.py:183} INFO - Processing /home/airflow/.local/lib/python3.12/site-packages/airflow/example_dags/example_task_group_decorator.py took 0.219 seconds
[2025-05-29T20:00:54.825+0000] {processor.py:161} INFO - Started process (PID=822) to work on /home/airflow/.local/lib/python3.12/site-packages/airflow/example_dags/example_task_group_decorator.py
[2025-05-29T20:00:54.826+0000] {processor.py:830} INFO - Processing file /home/airflow/.local/lib/python3.12/site-packages/airflow/example_dags/example_task_group_decorator.py for tasks to queue
[2025-05-29T20:00:54.829+0000] {logging_mixin.py:188} INFO - [2025-05-29T20:00:54.828+0000] {dagbag.py:545} INFO - Filling up the DagBag from /home/airflow/.local/lib/python3.12/site-packages/airflow/example_dags/example_task_group_decorator.py
[2025-05-29T20:00:54.871+0000] {processor.py:840} INFO - DAG(s) 'example_task_group_decorator' retrieved from /home/airflow/.local/lib/python3.12/site-packages/airflow/example_dags/example_task_group_decorator.py
[2025-05-29T20:00:54.922+0000] {logging_mixin.py:188} INFO - [2025-05-29T20:00:54.921+0000] {dag.py:3096} INFO - Sync 1 DAGs
[2025-05-29T20:00:54.968+0000] {logging_mixin.py:188} INFO - [2025-05-29T20:00:54.967+0000] {dag.py:3954} INFO - Setting next_dagrun for example_task_group_decorator to 2025-05-28 00:00:00+00:00, run_after=2025-05-29 00:00:00+00:00
[2025-05-29T20:00:54.999+0000] {processor.py:183} INFO - Processing /home/airflow/.local/lib/python3.12/site-packages/airflow/example_dags/example_task_group_decorator.py took 0.181 seconds
