[2025-05-29T19:54:25.379+0000] {processor.py:161} INFO - Started process (PID=89) to work on /home/airflow/.local/lib/python3.12/site-packages/airflow/example_dags/example_xcom.py
[2025-05-29T19:54:25.381+0000] {processor.py:830} INFO - Processing file /home/airflow/.local/lib/python3.12/site-packages/airflow/example_dags/example_xcom.py for tasks to queue
[2025-05-29T19:54:25.384+0000] {logging_mixin.py:188} INFO - [2025-05-29T19:54:25.383+0000] {dagbag.py:545} INFO - Filling up the DagBag from /home/airflow/.local/lib/python3.12/site-packages/airflow/example_dags/example_xcom.py
[2025-05-29T19:54:25.398+0000] {processor.py:840} INFO - DAG(s) 'example_xcom' retrieved from /home/airflow/.local/lib/python3.12/site-packages/airflow/example_dags/example_xcom.py
[2025-05-29T19:54:25.576+0000] {logging_mixin.py:188} INFO - [2025-05-29T19:54:25.575+0000] {dag.py:3096} INFO - Sync 1 DAGs
[2025-05-29T19:54:25.609+0000] {logging_mixin.py:188} INFO - [2025-05-29T19:54:25.609+0000] {dag.py:3954} INFO - Setting next_dagrun for example_xcom to 2021-01-01 00:00:00+00:00, run_after=2021-01-01 00:00:00+00:00
[2025-05-29T19:54:25.640+0000] {processor.py:183} INFO - Processing /home/airflow/.local/lib/python3.12/site-packages/airflow/example_dags/example_xcom.py took 0.268 seconds
[2025-05-29T19:54:56.208+0000] {processor.py:161} INFO - Started process (PID=147) to work on /home/airflow/.local/lib/python3.12/site-packages/airflow/example_dags/example_xcom.py
[2025-05-29T19:54:56.209+0000] {processor.py:830} INFO - Processing file /home/airflow/.local/lib/python3.12/site-packages/airflow/example_dags/example_xcom.py for tasks to queue
[2025-05-29T19:54:56.212+0000] {logging_mixin.py:188} INFO - [2025-05-29T19:54:56.212+0000] {dagbag.py:545} INFO - Filling up the DagBag from /home/airflow/.local/lib/python3.12/site-packages/airflow/example_dags/example_xcom.py
[2025-05-29T19:54:56.223+0000] {processor.py:840} INFO - DAG(s) 'example_xcom' retrieved from /home/airflow/.local/lib/python3.12/site-packages/airflow/example_dags/example_xcom.py
[2025-05-29T19:54:56.255+0000] {logging_mixin.py:188} INFO - [2025-05-29T19:54:56.254+0000] {dag.py:3096} INFO - Sync 1 DAGs
[2025-05-29T19:54:56.287+0000] {logging_mixin.py:188} INFO - [2025-05-29T19:54:56.286+0000] {dag.py:3954} INFO - Setting next_dagrun for example_xcom to 2021-01-01 00:00:00+00:00, run_after=2021-01-01 00:00:00+00:00
[2025-05-29T19:54:56.314+0000] {processor.py:183} INFO - Processing /home/airflow/.local/lib/python3.12/site-packages/airflow/example_dags/example_xcom.py took 0.113 seconds
[2025-05-29T19:55:26.577+0000] {processor.py:161} INFO - Started process (PID=205) to work on /home/airflow/.local/lib/python3.12/site-packages/airflow/example_dags/example_xcom.py
[2025-05-29T19:55:26.579+0000] {processor.py:830} INFO - Processing file /home/airflow/.local/lib/python3.12/site-packages/airflow/example_dags/example_xcom.py for tasks to queue
[2025-05-29T19:55:26.582+0000] {logging_mixin.py:188} INFO - [2025-05-29T19:55:26.581+0000] {dagbag.py:545} INFO - Filling up the DagBag from /home/airflow/.local/lib/python3.12/site-packages/airflow/example_dags/example_xcom.py
[2025-05-29T19:55:26.593+0000] {processor.py:840} INFO - DAG(s) 'example_xcom' retrieved from /home/airflow/.local/lib/python3.12/site-packages/airflow/example_dags/example_xcom.py
[2025-05-29T19:55:26.627+0000] {logging_mixin.py:188} INFO - [2025-05-29T19:55:26.626+0000] {dag.py:3096} INFO - Sync 1 DAGs
[2025-05-29T19:55:26.658+0000] {logging_mixin.py:188} INFO - [2025-05-29T19:55:26.658+0000] {dag.py:3954} INFO - Setting next_dagrun for example_xcom to 2021-01-01 00:00:00+00:00, run_after=2021-01-01 00:00:00+00:00
[2025-05-29T19:55:26.686+0000] {processor.py:183} INFO - Processing /home/airflow/.local/lib/python3.12/site-packages/airflow/example_dags/example_xcom.py took 0.117 seconds
[2025-05-29T19:55:57.065+0000] {processor.py:161} INFO - Started process (PID=263) to work on /home/airflow/.local/lib/python3.12/site-packages/airflow/example_dags/example_xcom.py
[2025-05-29T19:55:57.067+0000] {processor.py:830} INFO - Processing file /home/airflow/.local/lib/python3.12/site-packages/airflow/example_dags/example_xcom.py for tasks to queue
[2025-05-29T19:55:57.069+0000] {logging_mixin.py:188} INFO - [2025-05-29T19:55:57.069+0000] {dagbag.py:545} INFO - Filling up the DagBag from /home/airflow/.local/lib/python3.12/site-packages/airflow/example_dags/example_xcom.py
[2025-05-29T19:55:57.080+0000] {processor.py:840} INFO - DAG(s) 'example_xcom' retrieved from /home/airflow/.local/lib/python3.12/site-packages/airflow/example_dags/example_xcom.py
[2025-05-29T19:55:57.111+0000] {logging_mixin.py:188} INFO - [2025-05-29T19:55:57.110+0000] {dag.py:3096} INFO - Sync 1 DAGs
[2025-05-29T19:55:57.144+0000] {logging_mixin.py:188} INFO - [2025-05-29T19:55:57.144+0000] {dag.py:3954} INFO - Setting next_dagrun for example_xcom to 2021-01-01 00:00:00+00:00, run_after=2021-01-01 00:00:00+00:00
[2025-05-29T19:55:57.175+0000] {processor.py:183} INFO - Processing /home/airflow/.local/lib/python3.12/site-packages/airflow/example_dags/example_xcom.py took 0.116 seconds
[2025-05-29T19:56:28.109+0000] {processor.py:161} INFO - Started process (PID=321) to work on /home/airflow/.local/lib/python3.12/site-packages/airflow/example_dags/example_xcom.py
[2025-05-29T19:56:28.111+0000] {processor.py:830} INFO - Processing file /home/airflow/.local/lib/python3.12/site-packages/airflow/example_dags/example_xcom.py for tasks to queue
[2025-05-29T19:56:28.115+0000] {logging_mixin.py:188} INFO - [2025-05-29T19:56:28.114+0000] {dagbag.py:545} INFO - Filling up the DagBag from /home/airflow/.local/lib/python3.12/site-packages/airflow/example_dags/example_xcom.py
[2025-05-29T19:56:28.126+0000] {processor.py:840} INFO - DAG(s) 'example_xcom' retrieved from /home/airflow/.local/lib/python3.12/site-packages/airflow/example_dags/example_xcom.py
[2025-05-29T19:56:28.163+0000] {logging_mixin.py:188} INFO - [2025-05-29T19:56:28.162+0000] {dag.py:3096} INFO - Sync 1 DAGs
[2025-05-29T19:56:28.202+0000] {logging_mixin.py:188} INFO - [2025-05-29T19:56:28.202+0000] {dag.py:3954} INFO - Setting next_dagrun for example_xcom to 2021-01-01 00:00:00+00:00, run_after=2021-01-01 00:00:00+00:00
[2025-05-29T19:56:28.241+0000] {processor.py:183} INFO - Processing /home/airflow/.local/lib/python3.12/site-packages/airflow/example_dags/example_xcom.py took 0.141 seconds
[2025-05-29T19:56:58.503+0000] {processor.py:161} INFO - Started process (PID=379) to work on /home/airflow/.local/lib/python3.12/site-packages/airflow/example_dags/example_xcom.py
[2025-05-29T19:56:58.505+0000] {processor.py:830} INFO - Processing file /home/airflow/.local/lib/python3.12/site-packages/airflow/example_dags/example_xcom.py for tasks to queue
[2025-05-29T19:56:58.510+0000] {logging_mixin.py:188} INFO - [2025-05-29T19:56:58.509+0000] {dagbag.py:545} INFO - Filling up the DagBag from /home/airflow/.local/lib/python3.12/site-packages/airflow/example_dags/example_xcom.py
[2025-05-29T19:56:58.524+0000] {processor.py:840} INFO - DAG(s) 'example_xcom' retrieved from /home/airflow/.local/lib/python3.12/site-packages/airflow/example_dags/example_xcom.py
[2025-05-29T19:56:58.557+0000] {logging_mixin.py:188} INFO - [2025-05-29T19:56:58.556+0000] {dag.py:3096} INFO - Sync 1 DAGs
[2025-05-29T19:56:58.590+0000] {logging_mixin.py:188} INFO - [2025-05-29T19:56:58.589+0000] {dag.py:3954} INFO - Setting next_dagrun for example_xcom to 2021-01-01 00:00:00+00:00, run_after=2021-01-01 00:00:00+00:00
[2025-05-29T19:56:58.619+0000] {processor.py:183} INFO - Processing /home/airflow/.local/lib/python3.12/site-packages/airflow/example_dags/example_xcom.py took 0.123 seconds
[2025-05-29T19:57:28.846+0000] {processor.py:161} INFO - Started process (PID=437) to work on /home/airflow/.local/lib/python3.12/site-packages/airflow/example_dags/example_xcom.py
[2025-05-29T19:57:28.847+0000] {processor.py:830} INFO - Processing file /home/airflow/.local/lib/python3.12/site-packages/airflow/example_dags/example_xcom.py for tasks to queue
[2025-05-29T19:57:28.850+0000] {logging_mixin.py:188} INFO - [2025-05-29T19:57:28.850+0000] {dagbag.py:545} INFO - Filling up the DagBag from /home/airflow/.local/lib/python3.12/site-packages/airflow/example_dags/example_xcom.py
[2025-05-29T19:57:28.863+0000] {processor.py:840} INFO - DAG(s) 'example_xcom' retrieved from /home/airflow/.local/lib/python3.12/site-packages/airflow/example_dags/example_xcom.py
[2025-05-29T19:57:28.896+0000] {logging_mixin.py:188} INFO - [2025-05-29T19:57:28.896+0000] {dag.py:3096} INFO - Sync 1 DAGs
[2025-05-29T19:57:28.933+0000] {logging_mixin.py:188} INFO - [2025-05-29T19:57:28.933+0000] {dag.py:3954} INFO - Setting next_dagrun for example_xcom to 2021-01-01 00:00:00+00:00, run_after=2021-01-01 00:00:00+00:00
[2025-05-29T19:57:28.968+0000] {processor.py:183} INFO - Processing /home/airflow/.local/lib/python3.12/site-packages/airflow/example_dags/example_xcom.py took 0.130 seconds
[2025-05-29T19:57:59.140+0000] {processor.py:161} INFO - Started process (PID=495) to work on /home/airflow/.local/lib/python3.12/site-packages/airflow/example_dags/example_xcom.py
[2025-05-29T19:57:59.142+0000] {processor.py:830} INFO - Processing file /home/airflow/.local/lib/python3.12/site-packages/airflow/example_dags/example_xcom.py for tasks to queue
[2025-05-29T19:57:59.144+0000] {logging_mixin.py:188} INFO - [2025-05-29T19:57:59.144+0000] {dagbag.py:545} INFO - Filling up the DagBag from /home/airflow/.local/lib/python3.12/site-packages/airflow/example_dags/example_xcom.py
[2025-05-29T19:57:59.158+0000] {processor.py:840} INFO - DAG(s) 'example_xcom' retrieved from /home/airflow/.local/lib/python3.12/site-packages/airflow/example_dags/example_xcom.py
[2025-05-29T19:57:59.219+0000] {logging_mixin.py:188} INFO - [2025-05-29T19:57:59.218+0000] {dag.py:3096} INFO - Sync 1 DAGs
[2025-05-29T19:57:59.268+0000] {logging_mixin.py:188} INFO - [2025-05-29T19:57:59.268+0000] {dag.py:3954} INFO - Setting next_dagrun for example_xcom to 2021-01-01 00:00:00+00:00, run_after=2021-01-01 00:00:00+00:00
[2025-05-29T19:57:59.304+0000] {processor.py:183} INFO - Processing /home/airflow/.local/lib/python3.12/site-packages/airflow/example_dags/example_xcom.py took 0.172 seconds
[2025-05-29T19:58:30.205+0000] {processor.py:161} INFO - Started process (PID=553) to work on /home/airflow/.local/lib/python3.12/site-packages/airflow/example_dags/example_xcom.py
[2025-05-29T19:58:30.207+0000] {processor.py:830} INFO - Processing file /home/airflow/.local/lib/python3.12/site-packages/airflow/example_dags/example_xcom.py for tasks to queue
[2025-05-29T19:58:30.210+0000] {logging_mixin.py:188} INFO - [2025-05-29T19:58:30.210+0000] {dagbag.py:545} INFO - Filling up the DagBag from /home/airflow/.local/lib/python3.12/site-packages/airflow/example_dags/example_xcom.py
[2025-05-29T19:58:30.225+0000] {processor.py:840} INFO - DAG(s) 'example_xcom' retrieved from /home/airflow/.local/lib/python3.12/site-packages/airflow/example_dags/example_xcom.py
[2025-05-29T19:58:30.256+0000] {logging_mixin.py:188} INFO - [2025-05-29T19:58:30.255+0000] {dag.py:3096} INFO - Sync 1 DAGs
[2025-05-29T19:58:30.284+0000] {logging_mixin.py:188} INFO - [2025-05-29T19:58:30.283+0000] {dag.py:3954} INFO - Setting next_dagrun for example_xcom to 2021-01-01 00:00:00+00:00, run_after=2021-01-01 00:00:00+00:00
[2025-05-29T19:58:30.313+0000] {processor.py:183} INFO - Processing /home/airflow/.local/lib/python3.12/site-packages/airflow/example_dags/example_xcom.py took 0.115 seconds
[2025-05-29T19:59:00.603+0000] {processor.py:161} INFO - Started process (PID=611) to work on /home/airflow/.local/lib/python3.12/site-packages/airflow/example_dags/example_xcom.py
[2025-05-29T19:59:00.604+0000] {processor.py:830} INFO - Processing file /home/airflow/.local/lib/python3.12/site-packages/airflow/example_dags/example_xcom.py for tasks to queue
[2025-05-29T19:59:00.607+0000] {logging_mixin.py:188} INFO - [2025-05-29T19:59:00.607+0000] {dagbag.py:545} INFO - Filling up the DagBag from /home/airflow/.local/lib/python3.12/site-packages/airflow/example_dags/example_xcom.py
[2025-05-29T19:59:00.622+0000] {processor.py:840} INFO - DAG(s) 'example_xcom' retrieved from /home/airflow/.local/lib/python3.12/site-packages/airflow/example_dags/example_xcom.py
[2025-05-29T19:59:00.658+0000] {logging_mixin.py:188} INFO - [2025-05-29T19:59:00.658+0000] {dag.py:3096} INFO - Sync 1 DAGs
[2025-05-29T19:59:00.694+0000] {logging_mixin.py:188} INFO - [2025-05-29T19:59:00.694+0000] {dag.py:3954} INFO - Setting next_dagrun for example_xcom to 2021-01-01 00:00:00+00:00, run_after=2021-01-01 00:00:00+00:00
[2025-05-29T19:59:00.727+0000] {processor.py:183} INFO - Processing /home/airflow/.local/lib/python3.12/site-packages/airflow/example_dags/example_xcom.py took 0.134 seconds
[2025-05-29T19:59:31.118+0000] {processor.py:161} INFO - Started process (PID=669) to work on /home/airflow/.local/lib/python3.12/site-packages/airflow/example_dags/example_xcom.py
[2025-05-29T19:59:31.120+0000] {processor.py:830} INFO - Processing file /home/airflow/.local/lib/python3.12/site-packages/airflow/example_dags/example_xcom.py for tasks to queue
[2025-05-29T19:59:31.122+0000] {logging_mixin.py:188} INFO - [2025-05-29T19:59:31.122+0000] {dagbag.py:545} INFO - Filling up the DagBag from /home/airflow/.local/lib/python3.12/site-packages/airflow/example_dags/example_xcom.py
[2025-05-29T19:59:31.131+0000] {processor.py:840} INFO - DAG(s) 'example_xcom' retrieved from /home/airflow/.local/lib/python3.12/site-packages/airflow/example_dags/example_xcom.py
[2025-05-29T19:59:31.157+0000] {logging_mixin.py:188} INFO - [2025-05-29T19:59:31.157+0000] {dag.py:3096} INFO - Sync 1 DAGs
[2025-05-29T19:59:31.186+0000] {logging_mixin.py:188} INFO - [2025-05-29T19:59:31.185+0000] {dag.py:3954} INFO - Setting next_dagrun for example_xcom to 2021-01-01 00:00:00+00:00, run_after=2021-01-01 00:00:00+00:00
[2025-05-29T19:59:31.213+0000] {processor.py:183} INFO - Processing /home/airflow/.local/lib/python3.12/site-packages/airflow/example_dags/example_xcom.py took 0.102 seconds
[2025-05-29T20:00:01.548+0000] {processor.py:161} INFO - Started process (PID=727) to work on /home/airflow/.local/lib/python3.12/site-packages/airflow/example_dags/example_xcom.py
[2025-05-29T20:00:01.550+0000] {processor.py:830} INFO - Processing file /home/airflow/.local/lib/python3.12/site-packages/airflow/example_dags/example_xcom.py for tasks to queue
[2025-05-29T20:00:01.554+0000] {logging_mixin.py:188} INFO - [2025-05-29T20:00:01.554+0000] {dagbag.py:545} INFO - Filling up the DagBag from /home/airflow/.local/lib/python3.12/site-packages/airflow/example_dags/example_xcom.py
[2025-05-29T20:00:01.567+0000] {processor.py:840} INFO - DAG(s) 'example_xcom' retrieved from /home/airflow/.local/lib/python3.12/site-packages/airflow/example_dags/example_xcom.py
[2025-05-29T20:00:01.604+0000] {logging_mixin.py:188} INFO - [2025-05-29T20:00:01.603+0000] {dag.py:3096} INFO - Sync 1 DAGs
[2025-05-29T20:00:01.640+0000] {logging_mixin.py:188} INFO - [2025-05-29T20:00:01.639+0000] {dag.py:3954} INFO - Setting next_dagrun for example_xcom to 2021-01-01 00:00:00+00:00, run_after=2021-01-01 00:00:00+00:00
[2025-05-29T20:00:01.704+0000] {processor.py:183} INFO - Processing /home/airflow/.local/lib/python3.12/site-packages/airflow/example_dags/example_xcom.py took 0.163 seconds
[2025-05-29T20:00:32.592+0000] {processor.py:161} INFO - Started process (PID=785) to work on /home/airflow/.local/lib/python3.12/site-packages/airflow/example_dags/example_xcom.py
[2025-05-29T20:00:32.593+0000] {processor.py:830} INFO - Processing file /home/airflow/.local/lib/python3.12/site-packages/airflow/example_dags/example_xcom.py for tasks to queue
[2025-05-29T20:00:32.596+0000] {logging_mixin.py:188} INFO - [2025-05-29T20:00:32.596+0000] {dagbag.py:545} INFO - Filling up the DagBag from /home/airflow/.local/lib/python3.12/site-packages/airflow/example_dags/example_xcom.py
[2025-05-29T20:00:32.607+0000] {processor.py:840} INFO - DAG(s) 'example_xcom' retrieved from /home/airflow/.local/lib/python3.12/site-packages/airflow/example_dags/example_xcom.py
[2025-05-29T20:00:32.637+0000] {logging_mixin.py:188} INFO - [2025-05-29T20:00:32.636+0000] {dag.py:3096} INFO - Sync 1 DAGs
[2025-05-29T20:00:32.669+0000] {logging_mixin.py:188} INFO - [2025-05-29T20:00:32.668+0000] {dag.py:3954} INFO - Setting next_dagrun for example_xcom to 2021-01-01 00:00:00+00:00, run_after=2021-01-01 00:00:00+00:00
[2025-05-29T20:00:32.703+0000] {processor.py:183} INFO - Processing /home/airflow/.local/lib/python3.12/site-packages/airflow/example_dags/example_xcom.py took 0.118 seconds
[2025-05-29T20:01:03.263+0000] {processor.py:161} INFO - Started process (PID=843) to work on /home/airflow/.local/lib/python3.12/site-packages/airflow/example_dags/example_xcom.py
[2025-05-29T20:01:03.264+0000] {processor.py:830} INFO - Processing file /home/airflow/.local/lib/python3.12/site-packages/airflow/example_dags/example_xcom.py for tasks to queue
[2025-05-29T20:01:03.268+0000] {logging_mixin.py:188} INFO - [2025-05-29T20:01:03.267+0000] {dagbag.py:545} INFO - Filling up the DagBag from /home/airflow/.local/lib/python3.12/site-packages/airflow/example_dags/example_xcom.py
[2025-05-29T20:01:03.279+0000] {processor.py:840} INFO - DAG(s) 'example_xcom' retrieved from /home/airflow/.local/lib/python3.12/site-packages/airflow/example_dags/example_xcom.py
[2025-05-29T20:01:03.312+0000] {logging_mixin.py:188} INFO - [2025-05-29T20:01:03.311+0000] {dag.py:3096} INFO - Sync 1 DAGs
[2025-05-29T20:01:03.348+0000] {logging_mixin.py:188} INFO - [2025-05-29T20:01:03.348+0000] {dag.py:3954} INFO - Setting next_dagrun for example_xcom to 2021-01-01 00:00:00+00:00, run_after=2021-01-01 00:00:00+00:00
[2025-05-29T20:01:03.383+0000] {processor.py:183} INFO - Processing /home/airflow/.local/lib/python3.12/site-packages/airflow/example_dags/example_xcom.py took 0.129 seconds
