[2025-05-29T19:54:28.905+0000] {processor.py:161} INFO - Started process (PID=105) to work on /home/airflow/.local/lib/python3.12/site-packages/airflow/example_dags/example_bash_decorator.py
[2025-05-29T19:54:28.906+0000] {processor.py:830} INFO - Processing file /home/airflow/.local/lib/python3.12/site-packages/airflow/example_dags/example_bash_decorator.py for tasks to queue
[2025-05-29T19:54:28.909+0000] {logging_mixin.py:188} INFO - [2025-05-29T19:54:28.908+0000] {dagbag.py:545} INFO - Filling up the DagBag from /home/airflow/.local/lib/python3.12/site-packages/airflow/example_dags/example_bash_decorator.py
[2025-05-29T19:54:28.932+0000] {processor.py:840} INFO - DAG(s) 'example_bash_decorator' retrieved from /home/airflow/.local/lib/python3.12/site-packages/airflow/example_dags/example_bash_decorator.py
[2025-05-29T19:54:29.119+0000] {logging_mixin.py:188} INFO - [2025-05-29T19:54:29.118+0000] {dag.py:3096} INFO - Sync 1 DAGs
[2025-05-29T19:54:29.139+0000] {logging_mixin.py:188} INFO - [2025-05-29T19:54:29.138+0000] {dag.py:3954} INFO - Setting next_dagrun for example_bash_decorator to None, run_after=None
[2025-05-29T19:54:29.180+0000] {processor.py:183} INFO - Processing /home/airflow/.local/lib/python3.12/site-packages/airflow/example_dags/example_bash_decorator.py took 0.285 seconds
[2025-05-29T19:55:00.020+0000] {processor.py:161} INFO - Started process (PID=163) to work on /home/airflow/.local/lib/python3.12/site-packages/airflow/example_dags/example_bash_decorator.py
[2025-05-29T19:55:00.022+0000] {processor.py:830} INFO - Processing file /home/airflow/.local/lib/python3.12/site-packages/airflow/example_dags/example_bash_decorator.py for tasks to queue
[2025-05-29T19:55:00.025+0000] {logging_mixin.py:188} INFO - [2025-05-29T19:55:00.024+0000] {dagbag.py:545} INFO - Filling up the DagBag from /home/airflow/.local/lib/python3.12/site-packages/airflow/example_dags/example_bash_decorator.py
[2025-05-29T19:55:00.044+0000] {processor.py:840} INFO - DAG(s) 'example_bash_decorator' retrieved from /home/airflow/.local/lib/python3.12/site-packages/airflow/example_dags/example_bash_decorator.py
[2025-05-29T19:55:00.083+0000] {logging_mixin.py:188} INFO - [2025-05-29T19:55:00.083+0000] {dag.py:3096} INFO - Sync 1 DAGs
[2025-05-29T19:55:00.109+0000] {logging_mixin.py:188} INFO - [2025-05-29T19:55:00.108+0000] {dag.py:3954} INFO - Setting next_dagrun for example_bash_decorator to None, run_after=None
[2025-05-29T19:55:00.142+0000] {processor.py:183} INFO - Processing /home/airflow/.local/lib/python3.12/site-packages/airflow/example_dags/example_bash_decorator.py took 0.131 seconds
[2025-05-29T19:55:30.223+0000] {processor.py:161} INFO - Started process (PID=220) to work on /home/airflow/.local/lib/python3.12/site-packages/airflow/example_dags/example_bash_decorator.py
[2025-05-29T19:55:30.225+0000] {processor.py:830} INFO - Processing file /home/airflow/.local/lib/python3.12/site-packages/airflow/example_dags/example_bash_decorator.py for tasks to queue
[2025-05-29T19:55:30.228+0000] {logging_mixin.py:188} INFO - [2025-05-29T19:55:30.227+0000] {dagbag.py:545} INFO - Filling up the DagBag from /home/airflow/.local/lib/python3.12/site-packages/airflow/example_dags/example_bash_decorator.py
[2025-05-29T19:55:30.249+0000] {processor.py:840} INFO - DAG(s) 'example_bash_decorator' retrieved from /home/airflow/.local/lib/python3.12/site-packages/airflow/example_dags/example_bash_decorator.py
[2025-05-29T19:55:30.289+0000] {logging_mixin.py:188} INFO - [2025-05-29T19:55:30.288+0000] {dag.py:3096} INFO - Sync 1 DAGs
[2025-05-29T19:55:30.313+0000] {logging_mixin.py:188} INFO - [2025-05-29T19:55:30.313+0000] {dag.py:3954} INFO - Setting next_dagrun for example_bash_decorator to None, run_after=None
[2025-05-29T19:55:30.360+0000] {processor.py:183} INFO - Processing /home/airflow/.local/lib/python3.12/site-packages/airflow/example_dags/example_bash_decorator.py took 0.146 seconds
[2025-05-29T19:56:00.554+0000] {processor.py:161} INFO - Started process (PID=279) to work on /home/airflow/.local/lib/python3.12/site-packages/airflow/example_dags/example_bash_decorator.py
[2025-05-29T19:56:00.556+0000] {processor.py:830} INFO - Processing file /home/airflow/.local/lib/python3.12/site-packages/airflow/example_dags/example_bash_decorator.py for tasks to queue
[2025-05-29T19:56:00.558+0000] {logging_mixin.py:188} INFO - [2025-05-29T19:56:00.558+0000] {dagbag.py:545} INFO - Filling up the DagBag from /home/airflow/.local/lib/python3.12/site-packages/airflow/example_dags/example_bash_decorator.py
[2025-05-29T19:56:00.578+0000] {processor.py:840} INFO - DAG(s) 'example_bash_decorator' retrieved from /home/airflow/.local/lib/python3.12/site-packages/airflow/example_dags/example_bash_decorator.py
[2025-05-29T19:56:00.613+0000] {logging_mixin.py:188} INFO - [2025-05-29T19:56:00.613+0000] {dag.py:3096} INFO - Sync 1 DAGs
[2025-05-29T19:56:00.632+0000] {logging_mixin.py:188} INFO - [2025-05-29T19:56:00.631+0000] {dag.py:3954} INFO - Setting next_dagrun for example_bash_decorator to None, run_after=None
[2025-05-29T19:56:00.677+0000] {processor.py:183} INFO - Processing /home/airflow/.local/lib/python3.12/site-packages/airflow/example_dags/example_bash_decorator.py took 0.130 seconds
[2025-05-29T19:56:31.512+0000] {processor.py:161} INFO - Started process (PID=337) to work on /home/airflow/.local/lib/python3.12/site-packages/airflow/example_dags/example_bash_decorator.py
[2025-05-29T19:56:31.514+0000] {processor.py:830} INFO - Processing file /home/airflow/.local/lib/python3.12/site-packages/airflow/example_dags/example_bash_decorator.py for tasks to queue
[2025-05-29T19:56:31.517+0000] {logging_mixin.py:188} INFO - [2025-05-29T19:56:31.517+0000] {dagbag.py:545} INFO - Filling up the DagBag from /home/airflow/.local/lib/python3.12/site-packages/airflow/example_dags/example_bash_decorator.py
[2025-05-29T19:56:31.535+0000] {processor.py:840} INFO - DAG(s) 'example_bash_decorator' retrieved from /home/airflow/.local/lib/python3.12/site-packages/airflow/example_dags/example_bash_decorator.py
[2025-05-29T19:56:31.568+0000] {logging_mixin.py:188} INFO - [2025-05-29T19:56:31.568+0000] {dag.py:3096} INFO - Sync 1 DAGs
[2025-05-29T19:56:31.589+0000] {logging_mixin.py:188} INFO - [2025-05-29T19:56:31.588+0000] {dag.py:3954} INFO - Setting next_dagrun for example_bash_decorator to None, run_after=None
[2025-05-29T19:56:31.622+0000] {processor.py:183} INFO - Processing /home/airflow/.local/lib/python3.12/site-packages/airflow/example_dags/example_bash_decorator.py took 0.117 seconds
[2025-05-29T19:57:02.509+0000] {processor.py:161} INFO - Started process (PID=395) to work on /home/airflow/.local/lib/python3.12/site-packages/airflow/example_dags/example_bash_decorator.py
[2025-05-29T19:57:02.511+0000] {processor.py:830} INFO - Processing file /home/airflow/.local/lib/python3.12/site-packages/airflow/example_dags/example_bash_decorator.py for tasks to queue
[2025-05-29T19:57:02.515+0000] {logging_mixin.py:188} INFO - [2025-05-29T19:57:02.514+0000] {dagbag.py:545} INFO - Filling up the DagBag from /home/airflow/.local/lib/python3.12/site-packages/airflow/example_dags/example_bash_decorator.py
[2025-05-29T19:57:02.539+0000] {processor.py:840} INFO - DAG(s) 'example_bash_decorator' retrieved from /home/airflow/.local/lib/python3.12/site-packages/airflow/example_dags/example_bash_decorator.py
[2025-05-29T19:57:02.585+0000] {logging_mixin.py:188} INFO - [2025-05-29T19:57:02.585+0000] {dag.py:3096} INFO - Sync 1 DAGs
[2025-05-29T19:57:02.606+0000] {logging_mixin.py:188} INFO - [2025-05-29T19:57:02.606+0000] {dag.py:3954} INFO - Setting next_dagrun for example_bash_decorator to None, run_after=None
[2025-05-29T19:57:02.650+0000] {processor.py:183} INFO - Processing /home/airflow/.local/lib/python3.12/site-packages/airflow/example_dags/example_bash_decorator.py took 0.151 seconds
[2025-05-29T19:57:33.376+0000] {processor.py:161} INFO - Started process (PID=453) to work on /home/airflow/.local/lib/python3.12/site-packages/airflow/example_dags/example_bash_decorator.py
[2025-05-29T19:57:33.378+0000] {processor.py:830} INFO - Processing file /home/airflow/.local/lib/python3.12/site-packages/airflow/example_dags/example_bash_decorator.py for tasks to queue
[2025-05-29T19:57:33.382+0000] {logging_mixin.py:188} INFO - [2025-05-29T19:57:33.381+0000] {dagbag.py:545} INFO - Filling up the DagBag from /home/airflow/.local/lib/python3.12/site-packages/airflow/example_dags/example_bash_decorator.py
[2025-05-29T19:57:33.415+0000] {processor.py:840} INFO - DAG(s) 'example_bash_decorator' retrieved from /home/airflow/.local/lib/python3.12/site-packages/airflow/example_dags/example_bash_decorator.py
[2025-05-29T19:57:33.465+0000] {logging_mixin.py:188} INFO - [2025-05-29T19:57:33.465+0000] {dag.py:3096} INFO - Sync 1 DAGs
[2025-05-29T19:57:33.482+0000] {logging_mixin.py:188} INFO - [2025-05-29T19:57:33.482+0000] {dag.py:3954} INFO - Setting next_dagrun for example_bash_decorator to None, run_after=None
[2025-05-29T19:57:33.530+0000] {processor.py:183} INFO - Processing /home/airflow/.local/lib/python3.12/site-packages/airflow/example_dags/example_bash_decorator.py took 0.164 seconds
[2025-05-29T19:58:03.660+0000] {processor.py:161} INFO - Started process (PID=511) to work on /home/airflow/.local/lib/python3.12/site-packages/airflow/example_dags/example_bash_decorator.py
[2025-05-29T19:58:03.662+0000] {processor.py:830} INFO - Processing file /home/airflow/.local/lib/python3.12/site-packages/airflow/example_dags/example_bash_decorator.py for tasks to queue
[2025-05-29T19:58:03.664+0000] {logging_mixin.py:188} INFO - [2025-05-29T19:58:03.664+0000] {dagbag.py:545} INFO - Filling up the DagBag from /home/airflow/.local/lib/python3.12/site-packages/airflow/example_dags/example_bash_decorator.py
[2025-05-29T19:58:03.683+0000] {processor.py:840} INFO - DAG(s) 'example_bash_decorator' retrieved from /home/airflow/.local/lib/python3.12/site-packages/airflow/example_dags/example_bash_decorator.py
[2025-05-29T19:58:03.724+0000] {logging_mixin.py:188} INFO - [2025-05-29T19:58:03.724+0000] {dag.py:3096} INFO - Sync 1 DAGs
[2025-05-29T19:58:03.746+0000] {logging_mixin.py:188} INFO - [2025-05-29T19:58:03.745+0000] {dag.py:3954} INFO - Setting next_dagrun for example_bash_decorator to None, run_after=None
[2025-05-29T19:58:03.789+0000] {processor.py:183} INFO - Processing /home/airflow/.local/lib/python3.12/site-packages/airflow/example_dags/example_bash_decorator.py took 0.137 seconds
[2025-05-29T19:58:34.391+0000] {processor.py:161} INFO - Started process (PID=569) to work on /home/airflow/.local/lib/python3.12/site-packages/airflow/example_dags/example_bash_decorator.py
[2025-05-29T19:58:34.392+0000] {processor.py:830} INFO - Processing file /home/airflow/.local/lib/python3.12/site-packages/airflow/example_dags/example_bash_decorator.py for tasks to queue
[2025-05-29T19:58:34.395+0000] {logging_mixin.py:188} INFO - [2025-05-29T19:58:34.394+0000] {dagbag.py:545} INFO - Filling up the DagBag from /home/airflow/.local/lib/python3.12/site-packages/airflow/example_dags/example_bash_decorator.py
[2025-05-29T19:58:34.413+0000] {processor.py:840} INFO - DAG(s) 'example_bash_decorator' retrieved from /home/airflow/.local/lib/python3.12/site-packages/airflow/example_dags/example_bash_decorator.py
[2025-05-29T19:58:34.449+0000] {logging_mixin.py:188} INFO - [2025-05-29T19:58:34.448+0000] {dag.py:3096} INFO - Sync 1 DAGs
[2025-05-29T19:58:34.470+0000] {logging_mixin.py:188} INFO - [2025-05-29T19:58:34.469+0000] {dag.py:3954} INFO - Setting next_dagrun for example_bash_decorator to None, run_after=None
[2025-05-29T19:58:34.500+0000] {processor.py:183} INFO - Processing /home/airflow/.local/lib/python3.12/site-packages/airflow/example_dags/example_bash_decorator.py took 0.116 seconds
[2025-05-29T19:59:04.886+0000] {processor.py:161} INFO - Started process (PID=627) to work on /home/airflow/.local/lib/python3.12/site-packages/airflow/example_dags/example_bash_decorator.py
[2025-05-29T19:59:04.887+0000] {processor.py:830} INFO - Processing file /home/airflow/.local/lib/python3.12/site-packages/airflow/example_dags/example_bash_decorator.py for tasks to queue
[2025-05-29T19:59:04.890+0000] {logging_mixin.py:188} INFO - [2025-05-29T19:59:04.889+0000] {dagbag.py:545} INFO - Filling up the DagBag from /home/airflow/.local/lib/python3.12/site-packages/airflow/example_dags/example_bash_decorator.py
[2025-05-29T19:59:04.907+0000] {processor.py:840} INFO - DAG(s) 'example_bash_decorator' retrieved from /home/airflow/.local/lib/python3.12/site-packages/airflow/example_dags/example_bash_decorator.py
[2025-05-29T19:59:04.941+0000] {logging_mixin.py:188} INFO - [2025-05-29T19:59:04.940+0000] {dag.py:3096} INFO - Sync 1 DAGs
[2025-05-29T19:59:04.961+0000] {logging_mixin.py:188} INFO - [2025-05-29T19:59:04.961+0000] {dag.py:3954} INFO - Setting next_dagrun for example_bash_decorator to None, run_after=None
[2025-05-29T19:59:05.004+0000] {processor.py:183} INFO - Processing /home/airflow/.local/lib/python3.12/site-packages/airflow/example_dags/example_bash_decorator.py took 0.126 seconds
[2025-05-29T19:59:35.304+0000] {processor.py:161} INFO - Started process (PID=685) to work on /home/airflow/.local/lib/python3.12/site-packages/airflow/example_dags/example_bash_decorator.py
[2025-05-29T19:59:35.306+0000] {processor.py:830} INFO - Processing file /home/airflow/.local/lib/python3.12/site-packages/airflow/example_dags/example_bash_decorator.py for tasks to queue
[2025-05-29T19:59:35.309+0000] {logging_mixin.py:188} INFO - [2025-05-29T19:59:35.308+0000] {dagbag.py:545} INFO - Filling up the DagBag from /home/airflow/.local/lib/python3.12/site-packages/airflow/example_dags/example_bash_decorator.py
[2025-05-29T19:59:35.331+0000] {processor.py:840} INFO - DAG(s) 'example_bash_decorator' retrieved from /home/airflow/.local/lib/python3.12/site-packages/airflow/example_dags/example_bash_decorator.py
[2025-05-29T19:59:35.385+0000] {logging_mixin.py:188} INFO - [2025-05-29T19:59:35.384+0000] {dag.py:3096} INFO - Sync 1 DAGs
[2025-05-29T19:59:35.407+0000] {logging_mixin.py:188} INFO - [2025-05-29T19:59:35.406+0000] {dag.py:3954} INFO - Setting next_dagrun for example_bash_decorator to None, run_after=None
[2025-05-29T19:59:35.440+0000] {processor.py:183} INFO - Processing /home/airflow/.local/lib/python3.12/site-packages/airflow/example_dags/example_bash_decorator.py took 0.146 seconds
[2025-05-29T20:00:06.069+0000] {processor.py:161} INFO - Started process (PID=743) to work on /home/airflow/.local/lib/python3.12/site-packages/airflow/example_dags/example_bash_decorator.py
[2025-05-29T20:00:06.070+0000] {processor.py:830} INFO - Processing file /home/airflow/.local/lib/python3.12/site-packages/airflow/example_dags/example_bash_decorator.py for tasks to queue
[2025-05-29T20:00:06.073+0000] {logging_mixin.py:188} INFO - [2025-05-29T20:00:06.073+0000] {dagbag.py:545} INFO - Filling up the DagBag from /home/airflow/.local/lib/python3.12/site-packages/airflow/example_dags/example_bash_decorator.py
[2025-05-29T20:00:06.095+0000] {processor.py:840} INFO - DAG(s) 'example_bash_decorator' retrieved from /home/airflow/.local/lib/python3.12/site-packages/airflow/example_dags/example_bash_decorator.py
[2025-05-29T20:00:06.138+0000] {logging_mixin.py:188} INFO - [2025-05-29T20:00:06.138+0000] {dag.py:3096} INFO - Sync 1 DAGs
[2025-05-29T20:00:06.161+0000] {logging_mixin.py:188} INFO - [2025-05-29T20:00:06.161+0000] {dag.py:3954} INFO - Setting next_dagrun for example_bash_decorator to None, run_after=None
[2025-05-29T20:00:06.197+0000] {processor.py:183} INFO - Processing /home/airflow/.local/lib/python3.12/site-packages/airflow/example_dags/example_bash_decorator.py took 0.137 seconds
[2025-05-29T20:00:36.811+0000] {processor.py:161} INFO - Started process (PID=801) to work on /home/airflow/.local/lib/python3.12/site-packages/airflow/example_dags/example_bash_decorator.py
[2025-05-29T20:00:36.812+0000] {processor.py:830} INFO - Processing file /home/airflow/.local/lib/python3.12/site-packages/airflow/example_dags/example_bash_decorator.py for tasks to queue
[2025-05-29T20:00:36.815+0000] {logging_mixin.py:188} INFO - [2025-05-29T20:00:36.814+0000] {dagbag.py:545} INFO - Filling up the DagBag from /home/airflow/.local/lib/python3.12/site-packages/airflow/example_dags/example_bash_decorator.py
[2025-05-29T20:00:36.830+0000] {processor.py:840} INFO - DAG(s) 'example_bash_decorator' retrieved from /home/airflow/.local/lib/python3.12/site-packages/airflow/example_dags/example_bash_decorator.py
[2025-05-29T20:00:36.860+0000] {logging_mixin.py:188} INFO - [2025-05-29T20:00:36.859+0000] {dag.py:3096} INFO - Sync 1 DAGs
[2025-05-29T20:00:36.875+0000] {logging_mixin.py:188} INFO - [2025-05-29T20:00:36.875+0000] {dag.py:3954} INFO - Setting next_dagrun for example_bash_decorator to None, run_after=None
[2025-05-29T20:00:36.914+0000] {processor.py:183} INFO - Processing /home/airflow/.local/lib/python3.12/site-packages/airflow/example_dags/example_bash_decorator.py took 0.110 seconds
[2025-05-29T20:01:07.564+0000] {processor.py:161} INFO - Started process (PID=859) to work on /home/airflow/.local/lib/python3.12/site-packages/airflow/example_dags/example_bash_decorator.py
[2025-05-29T20:01:07.565+0000] {processor.py:830} INFO - Processing file /home/airflow/.local/lib/python3.12/site-packages/airflow/example_dags/example_bash_decorator.py for tasks to queue
[2025-05-29T20:01:07.568+0000] {logging_mixin.py:188} INFO - [2025-05-29T20:01:07.568+0000] {dagbag.py:545} INFO - Filling up the DagBag from /home/airflow/.local/lib/python3.12/site-packages/airflow/example_dags/example_bash_decorator.py
[2025-05-29T20:01:07.590+0000] {processor.py:840} INFO - DAG(s) 'example_bash_decorator' retrieved from /home/airflow/.local/lib/python3.12/site-packages/airflow/example_dags/example_bash_decorator.py
[2025-05-29T20:01:07.632+0000] {logging_mixin.py:188} INFO - [2025-05-29T20:01:07.631+0000] {dag.py:3096} INFO - Sync 1 DAGs
[2025-05-29T20:01:07.654+0000] {logging_mixin.py:188} INFO - [2025-05-29T20:01:07.653+0000] {dag.py:3954} INFO - Setting next_dagrun for example_bash_decorator to None, run_after=None
[2025-05-29T20:01:07.696+0000] {processor.py:183} INFO - Processing /home/airflow/.local/lib/python3.12/site-packages/airflow/example_dags/example_bash_decorator.py took 0.142 seconds
