[2025-05-29T19:54:21.220+0000] {processor.py:161} INFO - Started process (PID=75) to work on /home/airflow/.local/lib/python3.12/site-packages/airflow/example_dags/example_short_circuit_decorator.py
[2025-05-29T19:54:21.223+0000] {processor.py:830} INFO - Processing file /home/airflow/.local/lib/python3.12/site-packages/airflow/example_dags/example_short_circuit_decorator.py for tasks to queue
[2025-05-29T19:54:21.227+0000] {logging_mixin.py:188} INFO - [2025-05-29T19:54:21.226+0000] {dagbag.py:545} INFO - Filling up the DagBag from /home/airflow/.local/lib/python3.12/site-packages/airflow/example_dags/example_short_circuit_decorator.py
[2025-05-29T19:54:21.261+0000] {processor.py:840} INFO - DAG(s) 'example_short_circuit_decorator' retrieved from /home/airflow/.local/lib/python3.12/site-packages/airflow/example_dags/example_short_circuit_decorator.py
[2025-05-29T19:54:21.729+0000] {logging_mixin.py:188} INFO - [2025-05-29T19:54:21.728+0000] {dag.py:3096} INFO - Sync 1 DAGs
[2025-05-29T19:54:21.785+0000] {logging_mixin.py:188} INFO - [2025-05-29T19:54:21.785+0000] {dag.py:3954} INFO - Setting next_dagrun for example_short_circuit_decorator to 2025-05-28 00:00:00+00:00, run_after=2025-05-29 00:00:00+00:00
[2025-05-29T19:54:21.852+0000] {processor.py:183} INFO - Processing /home/airflow/.local/lib/python3.12/site-packages/airflow/example_dags/example_short_circuit_decorator.py took 0.646 seconds
[2025-05-29T19:54:52.724+0000] {processor.py:161} INFO - Started process (PID=133) to work on /home/airflow/.local/lib/python3.12/site-packages/airflow/example_dags/example_short_circuit_decorator.py
[2025-05-29T19:54:52.727+0000] {processor.py:830} INFO - Processing file /home/airflow/.local/lib/python3.12/site-packages/airflow/example_dags/example_short_circuit_decorator.py for tasks to queue
[2025-05-29T19:54:52.730+0000] {logging_mixin.py:188} INFO - [2025-05-29T19:54:52.730+0000] {dagbag.py:545} INFO - Filling up the DagBag from /home/airflow/.local/lib/python3.12/site-packages/airflow/example_dags/example_short_circuit_decorator.py
[2025-05-29T19:54:52.746+0000] {processor.py:840} INFO - DAG(s) 'example_short_circuit_decorator' retrieved from /home/airflow/.local/lib/python3.12/site-packages/airflow/example_dags/example_short_circuit_decorator.py
[2025-05-29T19:54:52.797+0000] {logging_mixin.py:188} INFO - [2025-05-29T19:54:52.796+0000] {dag.py:3096} INFO - Sync 1 DAGs
[2025-05-29T19:54:52.855+0000] {logging_mixin.py:188} INFO - [2025-05-29T19:54:52.854+0000] {dag.py:3954} INFO - Setting next_dagrun for example_short_circuit_decorator to 2025-05-28 00:00:00+00:00, run_after=2025-05-29 00:00:00+00:00
[2025-05-29T19:54:52.911+0000] {processor.py:183} INFO - Processing /home/airflow/.local/lib/python3.12/site-packages/airflow/example_dags/example_short_circuit_decorator.py took 0.198 seconds
[2025-05-29T19:55:23.047+0000] {processor.py:161} INFO - Started process (PID=191) to work on /home/airflow/.local/lib/python3.12/site-packages/airflow/example_dags/example_short_circuit_decorator.py
[2025-05-29T19:55:23.049+0000] {processor.py:830} INFO - Processing file /home/airflow/.local/lib/python3.12/site-packages/airflow/example_dags/example_short_circuit_decorator.py for tasks to queue
[2025-05-29T19:55:23.053+0000] {logging_mixin.py:188} INFO - [2025-05-29T19:55:23.052+0000] {dagbag.py:545} INFO - Filling up the DagBag from /home/airflow/.local/lib/python3.12/site-packages/airflow/example_dags/example_short_circuit_decorator.py
[2025-05-29T19:55:23.071+0000] {processor.py:840} INFO - DAG(s) 'example_short_circuit_decorator' retrieved from /home/airflow/.local/lib/python3.12/site-packages/airflow/example_dags/example_short_circuit_decorator.py
[2025-05-29T19:55:23.152+0000] {logging_mixin.py:188} INFO - [2025-05-29T19:55:23.151+0000] {dag.py:3096} INFO - Sync 1 DAGs
[2025-05-29T19:55:23.197+0000] {logging_mixin.py:188} INFO - [2025-05-29T19:55:23.197+0000] {dag.py:3954} INFO - Setting next_dagrun for example_short_circuit_decorator to 2025-05-28 00:00:00+00:00, run_after=2025-05-29 00:00:00+00:00
[2025-05-29T19:55:23.241+0000] {processor.py:183} INFO - Processing /home/airflow/.local/lib/python3.12/site-packages/airflow/example_dags/example_short_circuit_decorator.py took 0.203 seconds
[2025-05-29T19:55:53.329+0000] {processor.py:161} INFO - Started process (PID=249) to work on /home/airflow/.local/lib/python3.12/site-packages/airflow/example_dags/example_short_circuit_decorator.py
[2025-05-29T19:55:53.330+0000] {processor.py:830} INFO - Processing file /home/airflow/.local/lib/python3.12/site-packages/airflow/example_dags/example_short_circuit_decorator.py for tasks to queue
[2025-05-29T19:55:53.333+0000] {logging_mixin.py:188} INFO - [2025-05-29T19:55:53.332+0000] {dagbag.py:545} INFO - Filling up the DagBag from /home/airflow/.local/lib/python3.12/site-packages/airflow/example_dags/example_short_circuit_decorator.py
[2025-05-29T19:55:53.343+0000] {processor.py:840} INFO - DAG(s) 'example_short_circuit_decorator' retrieved from /home/airflow/.local/lib/python3.12/site-packages/airflow/example_dags/example_short_circuit_decorator.py
[2025-05-29T19:55:53.373+0000] {logging_mixin.py:188} INFO - [2025-05-29T19:55:53.373+0000] {dag.py:3096} INFO - Sync 1 DAGs
[2025-05-29T19:55:53.407+0000] {logging_mixin.py:188} INFO - [2025-05-29T19:55:53.407+0000] {dag.py:3954} INFO - Setting next_dagrun for example_short_circuit_decorator to 2025-05-28 00:00:00+00:00, run_after=2025-05-29 00:00:00+00:00
[2025-05-29T19:55:53.441+0000] {processor.py:183} INFO - Processing /home/airflow/.local/lib/python3.12/site-packages/airflow/example_dags/example_short_circuit_decorator.py took 0.121 seconds
[2025-05-29T19:56:24.105+0000] {processor.py:161} INFO - Started process (PID=307) to work on /home/airflow/.local/lib/python3.12/site-packages/airflow/example_dags/example_short_circuit_decorator.py
[2025-05-29T19:56:24.107+0000] {processor.py:830} INFO - Processing file /home/airflow/.local/lib/python3.12/site-packages/airflow/example_dags/example_short_circuit_decorator.py for tasks to queue
[2025-05-29T19:56:24.110+0000] {logging_mixin.py:188} INFO - [2025-05-29T19:56:24.109+0000] {dagbag.py:545} INFO - Filling up the DagBag from /home/airflow/.local/lib/python3.12/site-packages/airflow/example_dags/example_short_circuit_decorator.py
[2025-05-29T19:56:24.134+0000] {processor.py:840} INFO - DAG(s) 'example_short_circuit_decorator' retrieved from /home/airflow/.local/lib/python3.12/site-packages/airflow/example_dags/example_short_circuit_decorator.py
[2025-05-29T19:56:24.187+0000] {logging_mixin.py:188} INFO - [2025-05-29T19:56:24.187+0000] {dag.py:3096} INFO - Sync 1 DAGs
[2025-05-29T19:56:24.249+0000] {logging_mixin.py:188} INFO - [2025-05-29T19:56:24.249+0000] {dag.py:3954} INFO - Setting next_dagrun for example_short_circuit_decorator to 2025-05-28 00:00:00+00:00, run_after=2025-05-29 00:00:00+00:00
[2025-05-29T19:56:24.295+0000] {processor.py:183} INFO - Processing /home/airflow/.local/lib/python3.12/site-packages/airflow/example_dags/example_short_circuit_decorator.py took 0.201 seconds
[2025-05-29T19:56:54.647+0000] {processor.py:161} INFO - Started process (PID=365) to work on /home/airflow/.local/lib/python3.12/site-packages/airflow/example_dags/example_short_circuit_decorator.py
[2025-05-29T19:56:54.649+0000] {processor.py:830} INFO - Processing file /home/airflow/.local/lib/python3.12/site-packages/airflow/example_dags/example_short_circuit_decorator.py for tasks to queue
[2025-05-29T19:56:54.653+0000] {logging_mixin.py:188} INFO - [2025-05-29T19:56:54.652+0000] {dagbag.py:545} INFO - Filling up the DagBag from /home/airflow/.local/lib/python3.12/site-packages/airflow/example_dags/example_short_circuit_decorator.py
[2025-05-29T19:56:54.665+0000] {processor.py:840} INFO - DAG(s) 'example_short_circuit_decorator' retrieved from /home/airflow/.local/lib/python3.12/site-packages/airflow/example_dags/example_short_circuit_decorator.py
[2025-05-29T19:56:54.702+0000] {logging_mixin.py:188} INFO - [2025-05-29T19:56:54.702+0000] {dag.py:3096} INFO - Sync 1 DAGs
[2025-05-29T19:56:54.737+0000] {logging_mixin.py:188} INFO - [2025-05-29T19:56:54.736+0000] {dag.py:3954} INFO - Setting next_dagrun for example_short_circuit_decorator to 2025-05-28 00:00:00+00:00, run_after=2025-05-29 00:00:00+00:00
[2025-05-29T19:56:54.765+0000] {processor.py:183} INFO - Processing /home/airflow/.local/lib/python3.12/site-packages/airflow/example_dags/example_short_circuit_decorator.py took 0.128 seconds
[2025-05-29T19:57:25.394+0000] {processor.py:161} INFO - Started process (PID=423) to work on /home/airflow/.local/lib/python3.12/site-packages/airflow/example_dags/example_short_circuit_decorator.py
[2025-05-29T19:57:25.395+0000] {processor.py:830} INFO - Processing file /home/airflow/.local/lib/python3.12/site-packages/airflow/example_dags/example_short_circuit_decorator.py for tasks to queue
[2025-05-29T19:57:25.398+0000] {logging_mixin.py:188} INFO - [2025-05-29T19:57:25.398+0000] {dagbag.py:545} INFO - Filling up the DagBag from /home/airflow/.local/lib/python3.12/site-packages/airflow/example_dags/example_short_circuit_decorator.py
[2025-05-29T19:57:25.412+0000] {processor.py:840} INFO - DAG(s) 'example_short_circuit_decorator' retrieved from /home/airflow/.local/lib/python3.12/site-packages/airflow/example_dags/example_short_circuit_decorator.py
[2025-05-29T19:57:25.445+0000] {logging_mixin.py:188} INFO - [2025-05-29T19:57:25.445+0000] {dag.py:3096} INFO - Sync 1 DAGs
[2025-05-29T19:57:25.476+0000] {logging_mixin.py:188} INFO - [2025-05-29T19:57:25.476+0000] {dag.py:3954} INFO - Setting next_dagrun for example_short_circuit_decorator to 2025-05-28 00:00:00+00:00, run_after=2025-05-29 00:00:00+00:00
[2025-05-29T19:57:25.505+0000] {processor.py:183} INFO - Processing /home/airflow/.local/lib/python3.12/site-packages/airflow/example_dags/example_short_circuit_decorator.py took 0.118 seconds
[2025-05-29T19:57:55.771+0000] {processor.py:161} INFO - Started process (PID=481) to work on /home/airflow/.local/lib/python3.12/site-packages/airflow/example_dags/example_short_circuit_decorator.py
[2025-05-29T19:57:55.773+0000] {processor.py:830} INFO - Processing file /home/airflow/.local/lib/python3.12/site-packages/airflow/example_dags/example_short_circuit_decorator.py for tasks to queue
[2025-05-29T19:57:55.778+0000] {logging_mixin.py:188} INFO - [2025-05-29T19:57:55.778+0000] {dagbag.py:545} INFO - Filling up the DagBag from /home/airflow/.local/lib/python3.12/site-packages/airflow/example_dags/example_short_circuit_decorator.py
[2025-05-29T19:57:55.794+0000] {processor.py:840} INFO - DAG(s) 'example_short_circuit_decorator' retrieved from /home/airflow/.local/lib/python3.12/site-packages/airflow/example_dags/example_short_circuit_decorator.py
[2025-05-29T19:57:55.834+0000] {logging_mixin.py:188} INFO - [2025-05-29T19:57:55.834+0000] {dag.py:3096} INFO - Sync 1 DAGs
[2025-05-29T19:57:55.872+0000] {logging_mixin.py:188} INFO - [2025-05-29T19:57:55.872+0000] {dag.py:3954} INFO - Setting next_dagrun for example_short_circuit_decorator to 2025-05-28 00:00:00+00:00, run_after=2025-05-29 00:00:00+00:00
[2025-05-29T19:57:55.903+0000] {processor.py:183} INFO - Processing /home/airflow/.local/lib/python3.12/site-packages/airflow/example_dags/example_short_circuit_decorator.py took 0.143 seconds
[2025-05-29T19:58:26.604+0000] {processor.py:161} INFO - Started process (PID=539) to work on /home/airflow/.local/lib/python3.12/site-packages/airflow/example_dags/example_short_circuit_decorator.py
[2025-05-29T19:58:26.606+0000] {processor.py:830} INFO - Processing file /home/airflow/.local/lib/python3.12/site-packages/airflow/example_dags/example_short_circuit_decorator.py for tasks to queue
[2025-05-29T19:58:26.613+0000] {logging_mixin.py:188} INFO - [2025-05-29T19:58:26.612+0000] {dagbag.py:545} INFO - Filling up the DagBag from /home/airflow/.local/lib/python3.12/site-packages/airflow/example_dags/example_short_circuit_decorator.py
[2025-05-29T19:58:26.638+0000] {processor.py:840} INFO - DAG(s) 'example_short_circuit_decorator' retrieved from /home/airflow/.local/lib/python3.12/site-packages/airflow/example_dags/example_short_circuit_decorator.py
[2025-05-29T19:58:26.687+0000] {logging_mixin.py:188} INFO - [2025-05-29T19:58:26.687+0000] {dag.py:3096} INFO - Sync 1 DAGs
[2025-05-29T19:58:26.727+0000] {logging_mixin.py:188} INFO - [2025-05-29T19:58:26.727+0000] {dag.py:3954} INFO - Setting next_dagrun for example_short_circuit_decorator to 2025-05-28 00:00:00+00:00, run_after=2025-05-29 00:00:00+00:00
[2025-05-29T19:58:26.767+0000] {processor.py:183} INFO - Processing /home/airflow/.local/lib/python3.12/site-packages/airflow/example_dags/example_short_circuit_decorator.py took 0.176 seconds
[2025-05-29T19:58:57.154+0000] {processor.py:161} INFO - Started process (PID=597) to work on /home/airflow/.local/lib/python3.12/site-packages/airflow/example_dags/example_short_circuit_decorator.py
[2025-05-29T19:58:57.155+0000] {processor.py:830} INFO - Processing file /home/airflow/.local/lib/python3.12/site-packages/airflow/example_dags/example_short_circuit_decorator.py for tasks to queue
[2025-05-29T19:58:57.158+0000] {logging_mixin.py:188} INFO - [2025-05-29T19:58:57.158+0000] {dagbag.py:545} INFO - Filling up the DagBag from /home/airflow/.local/lib/python3.12/site-packages/airflow/example_dags/example_short_circuit_decorator.py
[2025-05-29T19:58:57.171+0000] {processor.py:840} INFO - DAG(s) 'example_short_circuit_decorator' retrieved from /home/airflow/.local/lib/python3.12/site-packages/airflow/example_dags/example_short_circuit_decorator.py
[2025-05-29T19:58:57.202+0000] {logging_mixin.py:188} INFO - [2025-05-29T19:58:57.201+0000] {dag.py:3096} INFO - Sync 1 DAGs
[2025-05-29T19:58:57.233+0000] {logging_mixin.py:188} INFO - [2025-05-29T19:58:57.232+0000] {dag.py:3954} INFO - Setting next_dagrun for example_short_circuit_decorator to 2025-05-28 00:00:00+00:00, run_after=2025-05-29 00:00:00+00:00
[2025-05-29T19:58:57.260+0000] {processor.py:183} INFO - Processing /home/airflow/.local/lib/python3.12/site-packages/airflow/example_dags/example_short_circuit_decorator.py took 0.116 seconds
[2025-05-29T19:59:27.718+0000] {processor.py:161} INFO - Started process (PID=655) to work on /home/airflow/.local/lib/python3.12/site-packages/airflow/example_dags/example_short_circuit_decorator.py
[2025-05-29T19:59:27.720+0000] {processor.py:830} INFO - Processing file /home/airflow/.local/lib/python3.12/site-packages/airflow/example_dags/example_short_circuit_decorator.py for tasks to queue
[2025-05-29T19:59:27.722+0000] {logging_mixin.py:188} INFO - [2025-05-29T19:59:27.722+0000] {dagbag.py:545} INFO - Filling up the DagBag from /home/airflow/.local/lib/python3.12/site-packages/airflow/example_dags/example_short_circuit_decorator.py
[2025-05-29T19:59:27.734+0000] {processor.py:840} INFO - DAG(s) 'example_short_circuit_decorator' retrieved from /home/airflow/.local/lib/python3.12/site-packages/airflow/example_dags/example_short_circuit_decorator.py
[2025-05-29T19:59:27.763+0000] {logging_mixin.py:188} INFO - [2025-05-29T19:59:27.763+0000] {dag.py:3096} INFO - Sync 1 DAGs
[2025-05-29T19:59:27.793+0000] {logging_mixin.py:188} INFO - [2025-05-29T19:59:27.793+0000] {dag.py:3954} INFO - Setting next_dagrun for example_short_circuit_decorator to 2025-05-28 00:00:00+00:00, run_after=2025-05-29 00:00:00+00:00
[2025-05-29T19:59:27.823+0000] {processor.py:183} INFO - Processing /home/airflow/.local/lib/python3.12/site-packages/airflow/example_dags/example_short_circuit_decorator.py took 0.111 seconds
[2025-05-29T19:59:58.105+0000] {processor.py:161} INFO - Started process (PID=713) to work on /home/airflow/.local/lib/python3.12/site-packages/airflow/example_dags/example_short_circuit_decorator.py
[2025-05-29T19:59:58.107+0000] {processor.py:830} INFO - Processing file /home/airflow/.local/lib/python3.12/site-packages/airflow/example_dags/example_short_circuit_decorator.py for tasks to queue
[2025-05-29T19:59:58.110+0000] {logging_mixin.py:188} INFO - [2025-05-29T19:59:58.109+0000] {dagbag.py:545} INFO - Filling up the DagBag from /home/airflow/.local/lib/python3.12/site-packages/airflow/example_dags/example_short_circuit_decorator.py
[2025-05-29T19:59:58.126+0000] {processor.py:840} INFO - DAG(s) 'example_short_circuit_decorator' retrieved from /home/airflow/.local/lib/python3.12/site-packages/airflow/example_dags/example_short_circuit_decorator.py
[2025-05-29T19:59:58.165+0000] {logging_mixin.py:188} INFO - [2025-05-29T19:59:58.165+0000] {dag.py:3096} INFO - Sync 1 DAGs
[2025-05-29T19:59:58.219+0000] {logging_mixin.py:188} INFO - [2025-05-29T19:59:58.218+0000] {dag.py:3954} INFO - Setting next_dagrun for example_short_circuit_decorator to 2025-05-28 00:00:00+00:00, run_after=2025-05-29 00:00:00+00:00
[2025-05-29T19:59:58.321+0000] {processor.py:183} INFO - Processing /home/airflow/.local/lib/python3.12/site-packages/airflow/example_dags/example_short_circuit_decorator.py took 0.224 seconds
[2025-05-29T20:00:28.394+0000] {processor.py:161} INFO - Started process (PID=771) to work on /home/airflow/.local/lib/python3.12/site-packages/airflow/example_dags/example_short_circuit_decorator.py
[2025-05-29T20:00:28.396+0000] {processor.py:830} INFO - Processing file /home/airflow/.local/lib/python3.12/site-packages/airflow/example_dags/example_short_circuit_decorator.py for tasks to queue
[2025-05-29T20:00:28.399+0000] {logging_mixin.py:188} INFO - [2025-05-29T20:00:28.398+0000] {dagbag.py:545} INFO - Filling up the DagBag from /home/airflow/.local/lib/python3.12/site-packages/airflow/example_dags/example_short_circuit_decorator.py
[2025-05-29T20:00:28.413+0000] {processor.py:840} INFO - DAG(s) 'example_short_circuit_decorator' retrieved from /home/airflow/.local/lib/python3.12/site-packages/airflow/example_dags/example_short_circuit_decorator.py
[2025-05-29T20:00:28.447+0000] {logging_mixin.py:188} INFO - [2025-05-29T20:00:28.447+0000] {dag.py:3096} INFO - Sync 1 DAGs
[2025-05-29T20:00:28.494+0000] {logging_mixin.py:188} INFO - [2025-05-29T20:00:28.494+0000] {dag.py:3954} INFO - Setting next_dagrun for example_short_circuit_decorator to 2025-05-28 00:00:00+00:00, run_after=2025-05-29 00:00:00+00:00
[2025-05-29T20:00:28.537+0000] {processor.py:183} INFO - Processing /home/airflow/.local/lib/python3.12/site-packages/airflow/example_dags/example_short_circuit_decorator.py took 0.150 seconds
[2025-05-29T20:00:58.735+0000] {processor.py:161} INFO - Started process (PID=829) to work on /home/airflow/.local/lib/python3.12/site-packages/airflow/example_dags/example_short_circuit_decorator.py
[2025-05-29T20:00:58.736+0000] {processor.py:830} INFO - Processing file /home/airflow/.local/lib/python3.12/site-packages/airflow/example_dags/example_short_circuit_decorator.py for tasks to queue
[2025-05-29T20:00:58.740+0000] {logging_mixin.py:188} INFO - [2025-05-29T20:00:58.739+0000] {dagbag.py:545} INFO - Filling up the DagBag from /home/airflow/.local/lib/python3.12/site-packages/airflow/example_dags/example_short_circuit_decorator.py
[2025-05-29T20:00:58.752+0000] {processor.py:840} INFO - DAG(s) 'example_short_circuit_decorator' retrieved from /home/airflow/.local/lib/python3.12/site-packages/airflow/example_dags/example_short_circuit_decorator.py
[2025-05-29T20:00:58.794+0000] {logging_mixin.py:188} INFO - [2025-05-29T20:00:58.794+0000] {dag.py:3096} INFO - Sync 1 DAGs
[2025-05-29T20:00:58.825+0000] {logging_mixin.py:188} INFO - [2025-05-29T20:00:58.825+0000] {dag.py:3954} INFO - Setting next_dagrun for example_short_circuit_decorator to 2025-05-28 00:00:00+00:00, run_after=2025-05-29 00:00:00+00:00
[2025-05-29T20:00:58.869+0000] {processor.py:183} INFO - Processing /home/airflow/.local/lib/python3.12/site-packages/airflow/example_dags/example_short_circuit_decorator.py took 0.145 seconds
