[2025-05-29T19:54:28.082+0000] {processor.py:161} INFO - Started process (PID=100) to work on /home/airflow/.local/lib/python3.12/site-packages/airflow/example_dags/example_subdag_operator.py
[2025-05-29T19:54:28.084+0000] {processor.py:830} INFO - Processing file /home/airflow/.local/lib/python3.12/site-packages/airflow/example_dags/example_subdag_operator.py for tasks to queue
[2025-05-29T19:54:28.088+0000] {logging_mixin.py:188} INFO - [2025-05-29T19:54:28.087+0000] {dagbag.py:545} INFO - Filling up the DagBag from /home/airflow/.local/lib/python3.12/site-packages/airflow/example_dags/example_subdag_operator.py
[2025-05-29T19:54:28.130+0000] {processor.py:840} INFO - DAG(s) 'example_subdag_operator.section-1', 'example_subdag_operator.section-2', 'example_subdag_operator' retrieved from /home/airflow/.local/lib/python3.12/site-packages/airflow/example_dags/example_subdag_operator.py
[2025-05-29T19:54:28.322+0000] {logging_mixin.py:188} INFO - [2025-05-29T19:54:28.322+0000] {dag.py:3096} INFO - Sync 3 DAGs
[2025-05-29T19:54:28.356+0000] {logging_mixin.py:188} INFO - [2025-05-29T19:54:28.355+0000] {dag.py:3954} INFO - Setting next_dagrun for example_subdag_operator to 2022-01-01 00:00:00+00:00, run_after=2022-01-01 00:00:00+00:00
[2025-05-29T19:54:28.361+0000] {logging_mixin.py:188} INFO - [2025-05-29T19:54:28.361+0000] {dag.py:3954} INFO - Setting next_dagrun for example_subdag_operator.section-1 to None, run_after=None
[2025-05-29T19:54:28.363+0000] {logging_mixin.py:188} INFO - [2025-05-29T19:54:28.363+0000] {dag.py:3954} INFO - Setting next_dagrun for example_subdag_operator.section-2 to None, run_after=None
[2025-05-29T19:54:28.380+0000] {logging_mixin.py:188} INFO - [2025-05-29T19:54:28.379+0000] {dag.py:3096} INFO - Sync 2 DAGs
[2025-05-29T19:54:28.389+0000] {logging_mixin.py:188} INFO - [2025-05-29T19:54:28.389+0000] {dag.py:3954} INFO - Setting next_dagrun for example_subdag_operator.section-1 to None, run_after=None
[2025-05-29T19:54:28.390+0000] {logging_mixin.py:188} INFO - [2025-05-29T19:54:28.390+0000] {dag.py:3954} INFO - Setting next_dagrun for example_subdag_operator.section-2 to None, run_after=None
[2025-05-29T19:54:28.413+0000] {processor.py:183} INFO - Processing /home/airflow/.local/lib/python3.12/site-packages/airflow/example_dags/example_subdag_operator.py took 0.344 seconds
[2025-05-29T19:54:58.703+0000] {processor.py:161} INFO - Started process (PID=158) to work on /home/airflow/.local/lib/python3.12/site-packages/airflow/example_dags/example_subdag_operator.py
[2025-05-29T19:54:58.704+0000] {processor.py:830} INFO - Processing file /home/airflow/.local/lib/python3.12/site-packages/airflow/example_dags/example_subdag_operator.py for tasks to queue
[2025-05-29T19:54:58.707+0000] {logging_mixin.py:188} INFO - [2025-05-29T19:54:58.706+0000] {dagbag.py:545} INFO - Filling up the DagBag from /home/airflow/.local/lib/python3.12/site-packages/airflow/example_dags/example_subdag_operator.py
[2025-05-29T19:54:58.737+0000] {processor.py:840} INFO - DAG(s) 'example_subdag_operator.section-1', 'example_subdag_operator.section-2', 'example_subdag_operator' retrieved from /home/airflow/.local/lib/python3.12/site-packages/airflow/example_dags/example_subdag_operator.py
[2025-05-29T19:54:58.757+0000] {logging_mixin.py:188} INFO - [2025-05-29T19:54:58.757+0000] {dag.py:3096} INFO - Sync 3 DAGs
[2025-05-29T19:54:58.787+0000] {logging_mixin.py:188} INFO - [2025-05-29T19:54:58.787+0000] {dag.py:3954} INFO - Setting next_dagrun for example_subdag_operator to 2022-01-01 00:00:00+00:00, run_after=2022-01-01 00:00:00+00:00
[2025-05-29T19:54:58.793+0000] {logging_mixin.py:188} INFO - [2025-05-29T19:54:58.793+0000] {dag.py:3954} INFO - Setting next_dagrun for example_subdag_operator.section-1 to None, run_after=None
[2025-05-29T19:54:58.796+0000] {logging_mixin.py:188} INFO - [2025-05-29T19:54:58.795+0000] {dag.py:3954} INFO - Setting next_dagrun for example_subdag_operator.section-2 to None, run_after=None
[2025-05-29T19:54:58.807+0000] {logging_mixin.py:188} INFO - [2025-05-29T19:54:58.806+0000] {dag.py:3096} INFO - Sync 2 DAGs
[2025-05-29T19:54:58.815+0000] {logging_mixin.py:188} INFO - [2025-05-29T19:54:58.815+0000] {dag.py:3954} INFO - Setting next_dagrun for example_subdag_operator.section-1 to None, run_after=None
[2025-05-29T19:54:58.816+0000] {logging_mixin.py:188} INFO - [2025-05-29T19:54:58.816+0000] {dag.py:3954} INFO - Setting next_dagrun for example_subdag_operator.section-2 to None, run_after=None
[2025-05-29T19:54:58.834+0000] {processor.py:183} INFO - Processing /home/airflow/.local/lib/python3.12/site-packages/airflow/example_dags/example_subdag_operator.py took 0.139 seconds
[2025-05-29T19:55:28.884+0000] {processor.py:161} INFO - Started process (PID=216) to work on /home/airflow/.local/lib/python3.12/site-packages/airflow/example_dags/example_subdag_operator.py
[2025-05-29T19:55:28.885+0000] {processor.py:830} INFO - Processing file /home/airflow/.local/lib/python3.12/site-packages/airflow/example_dags/example_subdag_operator.py for tasks to queue
[2025-05-29T19:55:28.888+0000] {logging_mixin.py:188} INFO - [2025-05-29T19:55:28.887+0000] {dagbag.py:545} INFO - Filling up the DagBag from /home/airflow/.local/lib/python3.12/site-packages/airflow/example_dags/example_subdag_operator.py
[2025-05-29T19:55:28.921+0000] {processor.py:840} INFO - DAG(s) 'example_subdag_operator.section-1', 'example_subdag_operator.section-2', 'example_subdag_operator' retrieved from /home/airflow/.local/lib/python3.12/site-packages/airflow/example_dags/example_subdag_operator.py
[2025-05-29T19:55:28.944+0000] {logging_mixin.py:188} INFO - [2025-05-29T19:55:28.943+0000] {dag.py:3096} INFO - Sync 3 DAGs
[2025-05-29T19:55:28.972+0000] {logging_mixin.py:188} INFO - [2025-05-29T19:55:28.972+0000] {dag.py:3954} INFO - Setting next_dagrun for example_subdag_operator to 2022-01-01 00:00:00+00:00, run_after=2022-01-01 00:00:00+00:00
[2025-05-29T19:55:28.977+0000] {logging_mixin.py:188} INFO - [2025-05-29T19:55:28.977+0000] {dag.py:3954} INFO - Setting next_dagrun for example_subdag_operator.section-1 to None, run_after=None
[2025-05-29T19:55:28.980+0000] {logging_mixin.py:188} INFO - [2025-05-29T19:55:28.979+0000] {dag.py:3954} INFO - Setting next_dagrun for example_subdag_operator.section-2 to None, run_after=None
[2025-05-29T19:55:28.990+0000] {logging_mixin.py:188} INFO - [2025-05-29T19:55:28.990+0000] {dag.py:3096} INFO - Sync 2 DAGs
[2025-05-29T19:55:28.998+0000] {logging_mixin.py:188} INFO - [2025-05-29T19:55:28.998+0000] {dag.py:3954} INFO - Setting next_dagrun for example_subdag_operator.section-1 to None, run_after=None
[2025-05-29T19:55:28.999+0000] {logging_mixin.py:188} INFO - [2025-05-29T19:55:28.999+0000] {dag.py:3954} INFO - Setting next_dagrun for example_subdag_operator.section-2 to None, run_after=None
[2025-05-29T19:55:29.023+0000] {processor.py:183} INFO - Processing /home/airflow/.local/lib/python3.12/site-packages/airflow/example_dags/example_subdag_operator.py took 0.145 seconds
[2025-05-29T19:55:59.192+0000] {processor.py:161} INFO - Started process (PID=274) to work on /home/airflow/.local/lib/python3.12/site-packages/airflow/example_dags/example_subdag_operator.py
[2025-05-29T19:55:59.193+0000] {processor.py:830} INFO - Processing file /home/airflow/.local/lib/python3.12/site-packages/airflow/example_dags/example_subdag_operator.py for tasks to queue
[2025-05-29T19:55:59.196+0000] {logging_mixin.py:188} INFO - [2025-05-29T19:55:59.195+0000] {dagbag.py:545} INFO - Filling up the DagBag from /home/airflow/.local/lib/python3.12/site-packages/airflow/example_dags/example_subdag_operator.py
[2025-05-29T19:55:59.227+0000] {processor.py:840} INFO - DAG(s) 'example_subdag_operator.section-1', 'example_subdag_operator.section-2', 'example_subdag_operator' retrieved from /home/airflow/.local/lib/python3.12/site-packages/airflow/example_dags/example_subdag_operator.py
[2025-05-29T19:55:59.250+0000] {logging_mixin.py:188} INFO - [2025-05-29T19:55:59.249+0000] {dag.py:3096} INFO - Sync 3 DAGs
[2025-05-29T19:55:59.303+0000] {logging_mixin.py:188} INFO - [2025-05-29T19:55:59.302+0000] {dag.py:3954} INFO - Setting next_dagrun for example_subdag_operator to 2022-01-01 00:00:00+00:00, run_after=2022-01-01 00:00:00+00:00
[2025-05-29T19:55:59.311+0000] {logging_mixin.py:188} INFO - [2025-05-29T19:55:59.310+0000] {dag.py:3954} INFO - Setting next_dagrun for example_subdag_operator.section-1 to None, run_after=None
[2025-05-29T19:55:59.314+0000] {logging_mixin.py:188} INFO - [2025-05-29T19:55:59.314+0000] {dag.py:3954} INFO - Setting next_dagrun for example_subdag_operator.section-2 to None, run_after=None
[2025-05-29T19:55:59.327+0000] {logging_mixin.py:188} INFO - [2025-05-29T19:55:59.326+0000] {dag.py:3096} INFO - Sync 2 DAGs
[2025-05-29T19:55:59.336+0000] {logging_mixin.py:188} INFO - [2025-05-29T19:55:59.336+0000] {dag.py:3954} INFO - Setting next_dagrun for example_subdag_operator.section-1 to None, run_after=None
[2025-05-29T19:55:59.337+0000] {logging_mixin.py:188} INFO - [2025-05-29T19:55:59.337+0000] {dag.py:3954} INFO - Setting next_dagrun for example_subdag_operator.section-2 to None, run_after=None
[2025-05-29T19:55:59.357+0000] {processor.py:183} INFO - Processing /home/airflow/.local/lib/python3.12/site-packages/airflow/example_dags/example_subdag_operator.py took 0.172 seconds
[2025-05-29T19:56:30.219+0000] {processor.py:161} INFO - Started process (PID=332) to work on /home/airflow/.local/lib/python3.12/site-packages/airflow/example_dags/example_subdag_operator.py
[2025-05-29T19:56:30.221+0000] {processor.py:830} INFO - Processing file /home/airflow/.local/lib/python3.12/site-packages/airflow/example_dags/example_subdag_operator.py for tasks to queue
[2025-05-29T19:56:30.223+0000] {logging_mixin.py:188} INFO - [2025-05-29T19:56:30.223+0000] {dagbag.py:545} INFO - Filling up the DagBag from /home/airflow/.local/lib/python3.12/site-packages/airflow/example_dags/example_subdag_operator.py
[2025-05-29T19:56:30.254+0000] {processor.py:840} INFO - DAG(s) 'example_subdag_operator.section-1', 'example_subdag_operator.section-2', 'example_subdag_operator' retrieved from /home/airflow/.local/lib/python3.12/site-packages/airflow/example_dags/example_subdag_operator.py
[2025-05-29T19:56:30.274+0000] {logging_mixin.py:188} INFO - [2025-05-29T19:56:30.274+0000] {dag.py:3096} INFO - Sync 3 DAGs
[2025-05-29T19:56:30.303+0000] {logging_mixin.py:188} INFO - [2025-05-29T19:56:30.302+0000] {dag.py:3954} INFO - Setting next_dagrun for example_subdag_operator to 2022-01-01 00:00:00+00:00, run_after=2022-01-01 00:00:00+00:00
[2025-05-29T19:56:30.309+0000] {logging_mixin.py:188} INFO - [2025-05-29T19:56:30.309+0000] {dag.py:3954} INFO - Setting next_dagrun for example_subdag_operator.section-1 to None, run_after=None
[2025-05-29T19:56:30.311+0000] {logging_mixin.py:188} INFO - [2025-05-29T19:56:30.311+0000] {dag.py:3954} INFO - Setting next_dagrun for example_subdag_operator.section-2 to None, run_after=None
[2025-05-29T19:56:30.325+0000] {logging_mixin.py:188} INFO - [2025-05-29T19:56:30.325+0000] {dag.py:3096} INFO - Sync 2 DAGs
[2025-05-29T19:56:30.334+0000] {logging_mixin.py:188} INFO - [2025-05-29T19:56:30.333+0000] {dag.py:3954} INFO - Setting next_dagrun for example_subdag_operator.section-1 to None, run_after=None
[2025-05-29T19:56:30.335+0000] {logging_mixin.py:188} INFO - [2025-05-29T19:56:30.335+0000] {dag.py:3954} INFO - Setting next_dagrun for example_subdag_operator.section-2 to None, run_after=None
[2025-05-29T19:56:30.354+0000] {processor.py:183} INFO - Processing /home/airflow/.local/lib/python3.12/site-packages/airflow/example_dags/example_subdag_operator.py took 0.141 seconds
[2025-05-29T19:57:00.933+0000] {processor.py:161} INFO - Started process (PID=390) to work on /home/airflow/.local/lib/python3.12/site-packages/airflow/example_dags/example_subdag_operator.py
[2025-05-29T19:57:00.936+0000] {processor.py:830} INFO - Processing file /home/airflow/.local/lib/python3.12/site-packages/airflow/example_dags/example_subdag_operator.py for tasks to queue
[2025-05-29T19:57:00.945+0000] {logging_mixin.py:188} INFO - [2025-05-29T19:57:00.940+0000] {dagbag.py:545} INFO - Filling up the DagBag from /home/airflow/.local/lib/python3.12/site-packages/airflow/example_dags/example_subdag_operator.py
[2025-05-29T19:57:01.006+0000] {processor.py:840} INFO - DAG(s) 'example_subdag_operator.section-1', 'example_subdag_operator.section-2', 'example_subdag_operator' retrieved from /home/airflow/.local/lib/python3.12/site-packages/airflow/example_dags/example_subdag_operator.py
[2025-05-29T19:57:01.059+0000] {logging_mixin.py:188} INFO - [2025-05-29T19:57:01.058+0000] {dag.py:3096} INFO - Sync 3 DAGs
[2025-05-29T19:57:01.123+0000] {logging_mixin.py:188} INFO - [2025-05-29T19:57:01.123+0000] {dag.py:3954} INFO - Setting next_dagrun for example_subdag_operator to 2022-01-01 00:00:00+00:00, run_after=2022-01-01 00:00:00+00:00
[2025-05-29T19:57:01.135+0000] {logging_mixin.py:188} INFO - [2025-05-29T19:57:01.134+0000] {dag.py:3954} INFO - Setting next_dagrun for example_subdag_operator.section-1 to None, run_after=None
[2025-05-29T19:57:01.138+0000] {logging_mixin.py:188} INFO - [2025-05-29T19:57:01.138+0000] {dag.py:3954} INFO - Setting next_dagrun for example_subdag_operator.section-2 to None, run_after=None
[2025-05-29T19:57:01.158+0000] {logging_mixin.py:188} INFO - [2025-05-29T19:57:01.158+0000] {dag.py:3096} INFO - Sync 2 DAGs
[2025-05-29T19:57:01.172+0000] {logging_mixin.py:188} INFO - [2025-05-29T19:57:01.171+0000] {dag.py:3954} INFO - Setting next_dagrun for example_subdag_operator.section-1 to None, run_after=None
[2025-05-29T19:57:01.173+0000] {logging_mixin.py:188} INFO - [2025-05-29T19:57:01.173+0000] {dag.py:3954} INFO - Setting next_dagrun for example_subdag_operator.section-2 to None, run_after=None
[2025-05-29T19:57:01.202+0000] {processor.py:183} INFO - Processing /home/airflow/.local/lib/python3.12/site-packages/airflow/example_dags/example_subdag_operator.py took 0.287 seconds
[2025-05-29T19:57:31.925+0000] {processor.py:161} INFO - Started process (PID=448) to work on /home/airflow/.local/lib/python3.12/site-packages/airflow/example_dags/example_subdag_operator.py
[2025-05-29T19:57:31.927+0000] {processor.py:830} INFO - Processing file /home/airflow/.local/lib/python3.12/site-packages/airflow/example_dags/example_subdag_operator.py for tasks to queue
[2025-05-29T19:57:31.930+0000] {logging_mixin.py:188} INFO - [2025-05-29T19:57:31.929+0000] {dagbag.py:545} INFO - Filling up the DagBag from /home/airflow/.local/lib/python3.12/site-packages/airflow/example_dags/example_subdag_operator.py
[2025-05-29T19:57:31.967+0000] {processor.py:840} INFO - DAG(s) 'example_subdag_operator.section-1', 'example_subdag_operator.section-2', 'example_subdag_operator' retrieved from /home/airflow/.local/lib/python3.12/site-packages/airflow/example_dags/example_subdag_operator.py
[2025-05-29T19:57:32.017+0000] {logging_mixin.py:188} INFO - [2025-05-29T19:57:32.016+0000] {dag.py:3096} INFO - Sync 3 DAGs
[2025-05-29T19:57:32.059+0000] {logging_mixin.py:188} INFO - [2025-05-29T19:57:32.058+0000] {dag.py:3954} INFO - Setting next_dagrun for example_subdag_operator to 2022-01-01 00:00:00+00:00, run_after=2022-01-01 00:00:00+00:00
[2025-05-29T19:57:32.066+0000] {logging_mixin.py:188} INFO - [2025-05-29T19:57:32.066+0000] {dag.py:3954} INFO - Setting next_dagrun for example_subdag_operator.section-1 to None, run_after=None
[2025-05-29T19:57:32.069+0000] {logging_mixin.py:188} INFO - [2025-05-29T19:57:32.069+0000] {dag.py:3954} INFO - Setting next_dagrun for example_subdag_operator.section-2 to None, run_after=None
[2025-05-29T19:57:32.083+0000] {logging_mixin.py:188} INFO - [2025-05-29T19:57:32.082+0000] {dag.py:3096} INFO - Sync 2 DAGs
[2025-05-29T19:57:32.096+0000] {logging_mixin.py:188} INFO - [2025-05-29T19:57:32.095+0000] {dag.py:3954} INFO - Setting next_dagrun for example_subdag_operator.section-1 to None, run_after=None
[2025-05-29T19:57:32.097+0000] {logging_mixin.py:188} INFO - [2025-05-29T19:57:32.097+0000] {dag.py:3954} INFO - Setting next_dagrun for example_subdag_operator.section-2 to None, run_after=None
[2025-05-29T19:57:32.128+0000] {processor.py:183} INFO - Processing /home/airflow/.local/lib/python3.12/site-packages/airflow/example_dags/example_subdag_operator.py took 0.211 seconds
[2025-05-29T19:58:02.287+0000] {processor.py:161} INFO - Started process (PID=506) to work on /home/airflow/.local/lib/python3.12/site-packages/airflow/example_dags/example_subdag_operator.py
[2025-05-29T19:58:02.288+0000] {processor.py:830} INFO - Processing file /home/airflow/.local/lib/python3.12/site-packages/airflow/example_dags/example_subdag_operator.py for tasks to queue
[2025-05-29T19:58:02.291+0000] {logging_mixin.py:188} INFO - [2025-05-29T19:58:02.291+0000] {dagbag.py:545} INFO - Filling up the DagBag from /home/airflow/.local/lib/python3.12/site-packages/airflow/example_dags/example_subdag_operator.py
[2025-05-29T19:58:02.324+0000] {processor.py:840} INFO - DAG(s) 'example_subdag_operator.section-1', 'example_subdag_operator.section-2', 'example_subdag_operator' retrieved from /home/airflow/.local/lib/python3.12/site-packages/airflow/example_dags/example_subdag_operator.py
[2025-05-29T19:58:02.351+0000] {logging_mixin.py:188} INFO - [2025-05-29T19:58:02.351+0000] {dag.py:3096} INFO - Sync 3 DAGs
[2025-05-29T19:58:02.382+0000] {logging_mixin.py:188} INFO - [2025-05-29T19:58:02.382+0000] {dag.py:3954} INFO - Setting next_dagrun for example_subdag_operator to 2022-01-01 00:00:00+00:00, run_after=2022-01-01 00:00:00+00:00
[2025-05-29T19:58:02.387+0000] {logging_mixin.py:188} INFO - [2025-05-29T19:58:02.387+0000] {dag.py:3954} INFO - Setting next_dagrun for example_subdag_operator.section-1 to None, run_after=None
[2025-05-29T19:58:02.390+0000] {logging_mixin.py:188} INFO - [2025-05-29T19:58:02.389+0000] {dag.py:3954} INFO - Setting next_dagrun for example_subdag_operator.section-2 to None, run_after=None
[2025-05-29T19:58:02.400+0000] {logging_mixin.py:188} INFO - [2025-05-29T19:58:02.400+0000] {dag.py:3096} INFO - Sync 2 DAGs
[2025-05-29T19:58:02.408+0000] {logging_mixin.py:188} INFO - [2025-05-29T19:58:02.408+0000] {dag.py:3954} INFO - Setting next_dagrun for example_subdag_operator.section-1 to None, run_after=None
[2025-05-29T19:58:02.409+0000] {logging_mixin.py:188} INFO - [2025-05-29T19:58:02.409+0000] {dag.py:3954} INFO - Setting next_dagrun for example_subdag_operator.section-2 to None, run_after=None
[2025-05-29T19:58:02.430+0000] {processor.py:183} INFO - Processing /home/airflow/.local/lib/python3.12/site-packages/airflow/example_dags/example_subdag_operator.py took 0.151 seconds
[2025-05-29T19:58:33.041+0000] {processor.py:161} INFO - Started process (PID=564) to work on /home/airflow/.local/lib/python3.12/site-packages/airflow/example_dags/example_subdag_operator.py
[2025-05-29T19:58:33.042+0000] {processor.py:830} INFO - Processing file /home/airflow/.local/lib/python3.12/site-packages/airflow/example_dags/example_subdag_operator.py for tasks to queue
[2025-05-29T19:58:33.046+0000] {logging_mixin.py:188} INFO - [2025-05-29T19:58:33.045+0000] {dagbag.py:545} INFO - Filling up the DagBag from /home/airflow/.local/lib/python3.12/site-packages/airflow/example_dags/example_subdag_operator.py
[2025-05-29T19:58:33.083+0000] {processor.py:840} INFO - DAG(s) 'example_subdag_operator.section-1', 'example_subdag_operator.section-2', 'example_subdag_operator' retrieved from /home/airflow/.local/lib/python3.12/site-packages/airflow/example_dags/example_subdag_operator.py
[2025-05-29T19:58:33.106+0000] {logging_mixin.py:188} INFO - [2025-05-29T19:58:33.106+0000] {dag.py:3096} INFO - Sync 3 DAGs
[2025-05-29T19:58:33.138+0000] {logging_mixin.py:188} INFO - [2025-05-29T19:58:33.138+0000] {dag.py:3954} INFO - Setting next_dagrun for example_subdag_operator to 2022-01-01 00:00:00+00:00, run_after=2022-01-01 00:00:00+00:00
[2025-05-29T19:58:33.144+0000] {logging_mixin.py:188} INFO - [2025-05-29T19:58:33.144+0000] {dag.py:3954} INFO - Setting next_dagrun for example_subdag_operator.section-1 to None, run_after=None
[2025-05-29T19:58:33.146+0000] {logging_mixin.py:188} INFO - [2025-05-29T19:58:33.146+0000] {dag.py:3954} INFO - Setting next_dagrun for example_subdag_operator.section-2 to None, run_after=None
[2025-05-29T19:58:33.158+0000] {logging_mixin.py:188} INFO - [2025-05-29T19:58:33.158+0000] {dag.py:3096} INFO - Sync 2 DAGs
[2025-05-29T19:58:33.167+0000] {logging_mixin.py:188} INFO - [2025-05-29T19:58:33.167+0000] {dag.py:3954} INFO - Setting next_dagrun for example_subdag_operator.section-1 to None, run_after=None
[2025-05-29T19:58:33.168+0000] {logging_mixin.py:188} INFO - [2025-05-29T19:58:33.168+0000] {dag.py:3954} INFO - Setting next_dagrun for example_subdag_operator.section-2 to None, run_after=None
[2025-05-29T19:58:33.191+0000] {processor.py:183} INFO - Processing /home/airflow/.local/lib/python3.12/site-packages/airflow/example_dags/example_subdag_operator.py took 0.157 seconds
[2025-05-29T19:59:03.503+0000] {processor.py:161} INFO - Started process (PID=622) to work on /home/airflow/.local/lib/python3.12/site-packages/airflow/example_dags/example_subdag_operator.py
[2025-05-29T19:59:03.506+0000] {processor.py:830} INFO - Processing file /home/airflow/.local/lib/python3.12/site-packages/airflow/example_dags/example_subdag_operator.py for tasks to queue
[2025-05-29T19:59:03.509+0000] {logging_mixin.py:188} INFO - [2025-05-29T19:59:03.509+0000] {dagbag.py:545} INFO - Filling up the DagBag from /home/airflow/.local/lib/python3.12/site-packages/airflow/example_dags/example_subdag_operator.py
[2025-05-29T19:59:03.546+0000] {processor.py:840} INFO - DAG(s) 'example_subdag_operator.section-1', 'example_subdag_operator.section-2', 'example_subdag_operator' retrieved from /home/airflow/.local/lib/python3.12/site-packages/airflow/example_dags/example_subdag_operator.py
[2025-05-29T19:59:03.571+0000] {logging_mixin.py:188} INFO - [2025-05-29T19:59:03.570+0000] {dag.py:3096} INFO - Sync 3 DAGs
[2025-05-29T19:59:03.610+0000] {logging_mixin.py:188} INFO - [2025-05-29T19:59:03.610+0000] {dag.py:3954} INFO - Setting next_dagrun for example_subdag_operator to 2022-01-01 00:00:00+00:00, run_after=2022-01-01 00:00:00+00:00
[2025-05-29T19:59:03.616+0000] {logging_mixin.py:188} INFO - [2025-05-29T19:59:03.616+0000] {dag.py:3954} INFO - Setting next_dagrun for example_subdag_operator.section-1 to None, run_after=None
[2025-05-29T19:59:03.619+0000] {logging_mixin.py:188} INFO - [2025-05-29T19:59:03.619+0000] {dag.py:3954} INFO - Setting next_dagrun for example_subdag_operator.section-2 to None, run_after=None
[2025-05-29T19:59:03.631+0000] {logging_mixin.py:188} INFO - [2025-05-29T19:59:03.631+0000] {dag.py:3096} INFO - Sync 2 DAGs
[2025-05-29T19:59:03.642+0000] {logging_mixin.py:188} INFO - [2025-05-29T19:59:03.642+0000] {dag.py:3954} INFO - Setting next_dagrun for example_subdag_operator.section-1 to None, run_after=None
[2025-05-29T19:59:03.644+0000] {logging_mixin.py:188} INFO - [2025-05-29T19:59:03.643+0000] {dag.py:3954} INFO - Setting next_dagrun for example_subdag_operator.section-2 to None, run_after=None
[2025-05-29T19:59:03.663+0000] {processor.py:183} INFO - Processing /home/airflow/.local/lib/python3.12/site-packages/airflow/example_dags/example_subdag_operator.py took 0.169 seconds
[2025-05-29T19:59:33.916+0000] {processor.py:161} INFO - Started process (PID=680) to work on /home/airflow/.local/lib/python3.12/site-packages/airflow/example_dags/example_subdag_operator.py
[2025-05-29T19:59:33.917+0000] {processor.py:830} INFO - Processing file /home/airflow/.local/lib/python3.12/site-packages/airflow/example_dags/example_subdag_operator.py for tasks to queue
[2025-05-29T19:59:33.921+0000] {logging_mixin.py:188} INFO - [2025-05-29T19:59:33.920+0000] {dagbag.py:545} INFO - Filling up the DagBag from /home/airflow/.local/lib/python3.12/site-packages/airflow/example_dags/example_subdag_operator.py
[2025-05-29T19:59:33.968+0000] {processor.py:840} INFO - DAG(s) 'example_subdag_operator.section-1', 'example_subdag_operator.section-2', 'example_subdag_operator' retrieved from /home/airflow/.local/lib/python3.12/site-packages/airflow/example_dags/example_subdag_operator.py
[2025-05-29T19:59:33.997+0000] {logging_mixin.py:188} INFO - [2025-05-29T19:59:33.997+0000] {dag.py:3096} INFO - Sync 3 DAGs
[2025-05-29T19:59:34.027+0000] {logging_mixin.py:188} INFO - [2025-05-29T19:59:34.026+0000] {dag.py:3954} INFO - Setting next_dagrun for example_subdag_operator to 2022-01-01 00:00:00+00:00, run_after=2022-01-01 00:00:00+00:00
[2025-05-29T19:59:34.032+0000] {logging_mixin.py:188} INFO - [2025-05-29T19:59:34.032+0000] {dag.py:3954} INFO - Setting next_dagrun for example_subdag_operator.section-1 to None, run_after=None
[2025-05-29T19:59:34.034+0000] {logging_mixin.py:188} INFO - [2025-05-29T19:59:34.034+0000] {dag.py:3954} INFO - Setting next_dagrun for example_subdag_operator.section-2 to None, run_after=None
[2025-05-29T19:59:34.046+0000] {logging_mixin.py:188} INFO - [2025-05-29T19:59:34.045+0000] {dag.py:3096} INFO - Sync 2 DAGs
[2025-05-29T19:59:34.054+0000] {logging_mixin.py:188} INFO - [2025-05-29T19:59:34.054+0000] {dag.py:3954} INFO - Setting next_dagrun for example_subdag_operator.section-1 to None, run_after=None
[2025-05-29T19:59:34.055+0000] {logging_mixin.py:188} INFO - [2025-05-29T19:59:34.055+0000] {dag.py:3954} INFO - Setting next_dagrun for example_subdag_operator.section-2 to None, run_after=None
[2025-05-29T19:59:34.074+0000] {processor.py:183} INFO - Processing /home/airflow/.local/lib/python3.12/site-packages/airflow/example_dags/example_subdag_operator.py took 0.166 seconds
[2025-05-29T20:00:04.516+0000] {processor.py:161} INFO - Started process (PID=738) to work on /home/airflow/.local/lib/python3.12/site-packages/airflow/example_dags/example_subdag_operator.py
[2025-05-29T20:00:04.517+0000] {processor.py:830} INFO - Processing file /home/airflow/.local/lib/python3.12/site-packages/airflow/example_dags/example_subdag_operator.py for tasks to queue
[2025-05-29T20:00:04.522+0000] {logging_mixin.py:188} INFO - [2025-05-29T20:00:04.521+0000] {dagbag.py:545} INFO - Filling up the DagBag from /home/airflow/.local/lib/python3.12/site-packages/airflow/example_dags/example_subdag_operator.py
[2025-05-29T20:00:04.569+0000] {processor.py:840} INFO - DAG(s) 'example_subdag_operator.section-1', 'example_subdag_operator.section-2', 'example_subdag_operator' retrieved from /home/airflow/.local/lib/python3.12/site-packages/airflow/example_dags/example_subdag_operator.py
[2025-05-29T20:00:04.610+0000] {logging_mixin.py:188} INFO - [2025-05-29T20:00:04.609+0000] {dag.py:3096} INFO - Sync 3 DAGs
[2025-05-29T20:00:04.654+0000] {logging_mixin.py:188} INFO - [2025-05-29T20:00:04.654+0000] {dag.py:3954} INFO - Setting next_dagrun for example_subdag_operator to 2022-01-01 00:00:00+00:00, run_after=2022-01-01 00:00:00+00:00
[2025-05-29T20:00:04.662+0000] {logging_mixin.py:188} INFO - [2025-05-29T20:00:04.662+0000] {dag.py:3954} INFO - Setting next_dagrun for example_subdag_operator.section-1 to None, run_after=None
[2025-05-29T20:00:04.665+0000] {logging_mixin.py:188} INFO - [2025-05-29T20:00:04.664+0000] {dag.py:3954} INFO - Setting next_dagrun for example_subdag_operator.section-2 to None, run_after=None
[2025-05-29T20:00:04.679+0000] {logging_mixin.py:188} INFO - [2025-05-29T20:00:04.678+0000] {dag.py:3096} INFO - Sync 2 DAGs
[2025-05-29T20:00:04.689+0000] {logging_mixin.py:188} INFO - [2025-05-29T20:00:04.689+0000] {dag.py:3954} INFO - Setting next_dagrun for example_subdag_operator.section-1 to None, run_after=None
[2025-05-29T20:00:04.690+0000] {logging_mixin.py:188} INFO - [2025-05-29T20:00:04.690+0000] {dag.py:3954} INFO - Setting next_dagrun for example_subdag_operator.section-2 to None, run_after=None
[2025-05-29T20:00:04.725+0000] {processor.py:183} INFO - Processing /home/airflow/.local/lib/python3.12/site-packages/airflow/example_dags/example_subdag_operator.py took 0.215 seconds
[2025-05-29T20:00:35.421+0000] {processor.py:161} INFO - Started process (PID=796) to work on /home/airflow/.local/lib/python3.12/site-packages/airflow/example_dags/example_subdag_operator.py
[2025-05-29T20:00:35.423+0000] {processor.py:830} INFO - Processing file /home/airflow/.local/lib/python3.12/site-packages/airflow/example_dags/example_subdag_operator.py for tasks to queue
[2025-05-29T20:00:35.425+0000] {logging_mixin.py:188} INFO - [2025-05-29T20:00:35.425+0000] {dagbag.py:545} INFO - Filling up the DagBag from /home/airflow/.local/lib/python3.12/site-packages/airflow/example_dags/example_subdag_operator.py
[2025-05-29T20:00:35.457+0000] {processor.py:840} INFO - DAG(s) 'example_subdag_operator.section-1', 'example_subdag_operator.section-2', 'example_subdag_operator' retrieved from /home/airflow/.local/lib/python3.12/site-packages/airflow/example_dags/example_subdag_operator.py
[2025-05-29T20:00:35.484+0000] {logging_mixin.py:188} INFO - [2025-05-29T20:00:35.483+0000] {dag.py:3096} INFO - Sync 3 DAGs
[2025-05-29T20:00:35.518+0000] {logging_mixin.py:188} INFO - [2025-05-29T20:00:35.517+0000] {dag.py:3954} INFO - Setting next_dagrun for example_subdag_operator to 2022-01-01 00:00:00+00:00, run_after=2022-01-01 00:00:00+00:00
[2025-05-29T20:00:35.523+0000] {logging_mixin.py:188} INFO - [2025-05-29T20:00:35.523+0000] {dag.py:3954} INFO - Setting next_dagrun for example_subdag_operator.section-1 to None, run_after=None
[2025-05-29T20:00:35.526+0000] {logging_mixin.py:188} INFO - [2025-05-29T20:00:35.525+0000] {dag.py:3954} INFO - Setting next_dagrun for example_subdag_operator.section-2 to None, run_after=None
[2025-05-29T20:00:35.537+0000] {logging_mixin.py:188} INFO - [2025-05-29T20:00:35.537+0000] {dag.py:3096} INFO - Sync 2 DAGs
[2025-05-29T20:00:35.546+0000] {logging_mixin.py:188} INFO - [2025-05-29T20:00:35.545+0000] {dag.py:3954} INFO - Setting next_dagrun for example_subdag_operator.section-1 to None, run_after=None
[2025-05-29T20:00:35.547+0000] {logging_mixin.py:188} INFO - [2025-05-29T20:00:35.547+0000] {dag.py:3954} INFO - Setting next_dagrun for example_subdag_operator.section-2 to None, run_after=None
[2025-05-29T20:00:35.566+0000] {processor.py:183} INFO - Processing /home/airflow/.local/lib/python3.12/site-packages/airflow/example_dags/example_subdag_operator.py took 0.151 seconds
[2025-05-29T20:01:06.216+0000] {processor.py:161} INFO - Started process (PID=854) to work on /home/airflow/.local/lib/python3.12/site-packages/airflow/example_dags/example_subdag_operator.py
[2025-05-29T20:01:06.217+0000] {processor.py:830} INFO - Processing file /home/airflow/.local/lib/python3.12/site-packages/airflow/example_dags/example_subdag_operator.py for tasks to queue
[2025-05-29T20:01:06.219+0000] {logging_mixin.py:188} INFO - [2025-05-29T20:01:06.219+0000] {dagbag.py:545} INFO - Filling up the DagBag from /home/airflow/.local/lib/python3.12/site-packages/airflow/example_dags/example_subdag_operator.py
[2025-05-29T20:01:06.252+0000] {processor.py:840} INFO - DAG(s) 'example_subdag_operator.section-1', 'example_subdag_operator.section-2', 'example_subdag_operator' retrieved from /home/airflow/.local/lib/python3.12/site-packages/airflow/example_dags/example_subdag_operator.py
[2025-05-29T20:01:06.275+0000] {logging_mixin.py:188} INFO - [2025-05-29T20:01:06.274+0000] {dag.py:3096} INFO - Sync 3 DAGs
[2025-05-29T20:01:06.306+0000] {logging_mixin.py:188} INFO - [2025-05-29T20:01:06.306+0000] {dag.py:3954} INFO - Setting next_dagrun for example_subdag_operator to 2022-01-01 00:00:00+00:00, run_after=2022-01-01 00:00:00+00:00
[2025-05-29T20:01:06.312+0000] {logging_mixin.py:188} INFO - [2025-05-29T20:01:06.311+0000] {dag.py:3954} INFO - Setting next_dagrun for example_subdag_operator.section-1 to None, run_after=None
[2025-05-29T20:01:06.314+0000] {logging_mixin.py:188} INFO - [2025-05-29T20:01:06.314+0000] {dag.py:3954} INFO - Setting next_dagrun for example_subdag_operator.section-2 to None, run_after=None
[2025-05-29T20:01:06.326+0000] {logging_mixin.py:188} INFO - [2025-05-29T20:01:06.325+0000] {dag.py:3096} INFO - Sync 2 DAGs
[2025-05-29T20:01:06.334+0000] {logging_mixin.py:188} INFO - [2025-05-29T20:01:06.334+0000] {dag.py:3954} INFO - Setting next_dagrun for example_subdag_operator.section-1 to None, run_after=None
[2025-05-29T20:01:06.336+0000] {logging_mixin.py:188} INFO - [2025-05-29T20:01:06.335+0000] {dag.py:3954} INFO - Setting next_dagrun for example_subdag_operator.section-2 to None, run_after=None
[2025-05-29T20:01:06.358+0000] {processor.py:183} INFO - Processing /home/airflow/.local/lib/python3.12/site-packages/airflow/example_dags/example_subdag_operator.py took 0.149 seconds
