[2025-05-29T19:54:27.395+0000] {processor.py:161} INFO - Started process (PID=96) to work on /home/airflow/.local/lib/python3.12/site-packages/airflow/example_dags/example_external_task_marker_dag.py
[2025-05-29T19:54:27.397+0000] {processor.py:830} INFO - Processing file /home/airflow/.local/lib/python3.12/site-packages/airflow/example_dags/example_external_task_marker_dag.py for tasks to queue
[2025-05-29T19:54:27.400+0000] {logging_mixin.py:188} INFO - [2025-05-29T19:54:27.399+0000] {dagbag.py:545} INFO - Filling up the DagBag from /home/airflow/.local/lib/python3.12/site-packages/airflow/example_dags/example_external_task_marker_dag.py
[2025-05-29T19:54:27.420+0000] {processor.py:840} INFO - DAG(s) 'example_external_task_marker_child', 'example_external_task_marker_parent' retrieved from /home/airflow/.local/lib/python3.12/site-packages/airflow/example_dags/example_external_task_marker_dag.py
[2025-05-29T19:54:27.613+0000] {logging_mixin.py:188} INFO - [2025-05-29T19:54:27.613+0000] {dag.py:3096} INFO - Sync 2 DAGs
[2025-05-29T19:54:27.631+0000] {logging_mixin.py:188} INFO - [2025-05-29T19:54:27.630+0000] {dag.py:3954} INFO - Setting next_dagrun for example_external_task_marker_child to None, run_after=None
[2025-05-29T19:54:27.637+0000] {logging_mixin.py:188} INFO - [2025-05-29T19:54:27.636+0000] {dag.py:3954} INFO - Setting next_dagrun for example_external_task_marker_parent to None, run_after=None
[2025-05-29T19:54:27.667+0000] {processor.py:183} INFO - Processing /home/airflow/.local/lib/python3.12/site-packages/airflow/example_dags/example_external_task_marker_dag.py took 0.281 seconds
[2025-05-29T19:54:58.119+0000] {processor.py:161} INFO - Started process (PID=154) to work on /home/airflow/.local/lib/python3.12/site-packages/airflow/example_dags/example_external_task_marker_dag.py
[2025-05-29T19:54:58.121+0000] {processor.py:830} INFO - Processing file /home/airflow/.local/lib/python3.12/site-packages/airflow/example_dags/example_external_task_marker_dag.py for tasks to queue
[2025-05-29T19:54:58.125+0000] {logging_mixin.py:188} INFO - [2025-05-29T19:54:58.125+0000] {dagbag.py:545} INFO - Filling up the DagBag from /home/airflow/.local/lib/python3.12/site-packages/airflow/example_dags/example_external_task_marker_dag.py
[2025-05-29T19:54:58.140+0000] {processor.py:840} INFO - DAG(s) 'example_external_task_marker_parent', 'example_external_task_marker_child' retrieved from /home/airflow/.local/lib/python3.12/site-packages/airflow/example_dags/example_external_task_marker_dag.py
[2025-05-29T19:54:58.217+0000] {logging_mixin.py:188} INFO - [2025-05-29T19:54:58.216+0000] {dag.py:3096} INFO - Sync 2 DAGs
[2025-05-29T19:54:58.253+0000] {logging_mixin.py:188} INFO - [2025-05-29T19:54:58.253+0000] {dag.py:3954} INFO - Setting next_dagrun for example_external_task_marker_child to None, run_after=None
[2025-05-29T19:54:58.260+0000] {logging_mixin.py:188} INFO - [2025-05-29T19:54:58.260+0000] {dag.py:3954} INFO - Setting next_dagrun for example_external_task_marker_parent to None, run_after=None
[2025-05-29T19:54:58.297+0000] {processor.py:183} INFO - Processing /home/airflow/.local/lib/python3.12/site-packages/airflow/example_dags/example_external_task_marker_dag.py took 0.194 seconds
[2025-05-29T19:55:28.390+0000] {processor.py:161} INFO - Started process (PID=211) to work on /home/airflow/.local/lib/python3.12/site-packages/airflow/example_dags/example_external_task_marker_dag.py
[2025-05-29T19:55:28.393+0000] {processor.py:830} INFO - Processing file /home/airflow/.local/lib/python3.12/site-packages/airflow/example_dags/example_external_task_marker_dag.py for tasks to queue
[2025-05-29T19:55:28.397+0000] {logging_mixin.py:188} INFO - [2025-05-29T19:55:28.396+0000] {dagbag.py:545} INFO - Filling up the DagBag from /home/airflow/.local/lib/python3.12/site-packages/airflow/example_dags/example_external_task_marker_dag.py
[2025-05-29T19:55:28.411+0000] {processor.py:840} INFO - DAG(s) 'example_external_task_marker_parent', 'example_external_task_marker_child' retrieved from /home/airflow/.local/lib/python3.12/site-packages/airflow/example_dags/example_external_task_marker_dag.py
[2025-05-29T19:55:28.446+0000] {logging_mixin.py:188} INFO - [2025-05-29T19:55:28.445+0000] {dag.py:3096} INFO - Sync 2 DAGs
[2025-05-29T19:55:28.473+0000] {logging_mixin.py:188} INFO - [2025-05-29T19:55:28.473+0000] {dag.py:3954} INFO - Setting next_dagrun for example_external_task_marker_child to None, run_after=None
[2025-05-29T19:55:28.480+0000] {logging_mixin.py:188} INFO - [2025-05-29T19:55:28.479+0000] {dag.py:3954} INFO - Setting next_dagrun for example_external_task_marker_parent to None, run_after=None
[2025-05-29T19:55:28.507+0000] {processor.py:183} INFO - Processing /home/airflow/.local/lib/python3.12/site-packages/airflow/example_dags/example_external_task_marker_dag.py took 0.130 seconds
[2025-05-29T19:55:58.845+0000] {processor.py:161} INFO - Started process (PID=269) to work on /home/airflow/.local/lib/python3.12/site-packages/airflow/example_dags/example_external_task_marker_dag.py
[2025-05-29T19:55:58.847+0000] {processor.py:830} INFO - Processing file /home/airflow/.local/lib/python3.12/site-packages/airflow/example_dags/example_external_task_marker_dag.py for tasks to queue
[2025-05-29T19:55:58.850+0000] {logging_mixin.py:188} INFO - [2025-05-29T19:55:58.849+0000] {dagbag.py:545} INFO - Filling up the DagBag from /home/airflow/.local/lib/python3.12/site-packages/airflow/example_dags/example_external_task_marker_dag.py
[2025-05-29T19:55:58.858+0000] {processor.py:840} INFO - DAG(s) 'example_external_task_marker_child', 'example_external_task_marker_parent' retrieved from /home/airflow/.local/lib/python3.12/site-packages/airflow/example_dags/example_external_task_marker_dag.py
[2025-05-29T19:55:58.892+0000] {logging_mixin.py:188} INFO - [2025-05-29T19:55:58.892+0000] {dag.py:3096} INFO - Sync 2 DAGs
[2025-05-29T19:55:58.911+0000] {logging_mixin.py:188} INFO - [2025-05-29T19:55:58.911+0000] {dag.py:3954} INFO - Setting next_dagrun for example_external_task_marker_child to None, run_after=None
[2025-05-29T19:55:58.916+0000] {logging_mixin.py:188} INFO - [2025-05-29T19:55:58.916+0000] {dag.py:3954} INFO - Setting next_dagrun for example_external_task_marker_parent to None, run_after=None
[2025-05-29T19:55:58.953+0000] {processor.py:183} INFO - Processing /home/airflow/.local/lib/python3.12/site-packages/airflow/example_dags/example_external_task_marker_dag.py took 0.116 seconds
[2025-05-29T19:56:29.711+0000] {processor.py:161} INFO - Started process (PID=328) to work on /home/airflow/.local/lib/python3.12/site-packages/airflow/example_dags/example_external_task_marker_dag.py
[2025-05-29T19:56:29.712+0000] {processor.py:830} INFO - Processing file /home/airflow/.local/lib/python3.12/site-packages/airflow/example_dags/example_external_task_marker_dag.py for tasks to queue
[2025-05-29T19:56:29.715+0000] {logging_mixin.py:188} INFO - [2025-05-29T19:56:29.714+0000] {dagbag.py:545} INFO - Filling up the DagBag from /home/airflow/.local/lib/python3.12/site-packages/airflow/example_dags/example_external_task_marker_dag.py
[2025-05-29T19:56:29.724+0000] {processor.py:840} INFO - DAG(s) 'example_external_task_marker_child', 'example_external_task_marker_parent' retrieved from /home/airflow/.local/lib/python3.12/site-packages/airflow/example_dags/example_external_task_marker_dag.py
[2025-05-29T19:56:29.773+0000] {logging_mixin.py:188} INFO - [2025-05-29T19:56:29.772+0000] {dag.py:3096} INFO - Sync 2 DAGs
[2025-05-29T19:56:29.808+0000] {logging_mixin.py:188} INFO - [2025-05-29T19:56:29.808+0000] {dag.py:3954} INFO - Setting next_dagrun for example_external_task_marker_child to None, run_after=None
[2025-05-29T19:56:29.815+0000] {logging_mixin.py:188} INFO - [2025-05-29T19:56:29.815+0000] {dag.py:3954} INFO - Setting next_dagrun for example_external_task_marker_parent to None, run_after=None
[2025-05-29T19:56:29.857+0000] {processor.py:183} INFO - Processing /home/airflow/.local/lib/python3.12/site-packages/airflow/example_dags/example_external_task_marker_dag.py took 0.155 seconds
[2025-05-29T19:57:00.450+0000] {processor.py:161} INFO - Started process (PID=386) to work on /home/airflow/.local/lib/python3.12/site-packages/airflow/example_dags/example_external_task_marker_dag.py
[2025-05-29T19:57:00.452+0000] {processor.py:830} INFO - Processing file /home/airflow/.local/lib/python3.12/site-packages/airflow/example_dags/example_external_task_marker_dag.py for tasks to queue
[2025-05-29T19:57:00.454+0000] {logging_mixin.py:188} INFO - [2025-05-29T19:57:00.454+0000] {dagbag.py:545} INFO - Filling up the DagBag from /home/airflow/.local/lib/python3.12/site-packages/airflow/example_dags/example_external_task_marker_dag.py
[2025-05-29T19:57:00.461+0000] {processor.py:840} INFO - DAG(s) 'example_external_task_marker_child', 'example_external_task_marker_parent' retrieved from /home/airflow/.local/lib/python3.12/site-packages/airflow/example_dags/example_external_task_marker_dag.py
[2025-05-29T19:57:00.503+0000] {logging_mixin.py:188} INFO - [2025-05-29T19:57:00.502+0000] {dag.py:3096} INFO - Sync 2 DAGs
[2025-05-29T19:57:00.524+0000] {logging_mixin.py:188} INFO - [2025-05-29T19:57:00.524+0000] {dag.py:3954} INFO - Setting next_dagrun for example_external_task_marker_child to None, run_after=None
[2025-05-29T19:57:00.531+0000] {logging_mixin.py:188} INFO - [2025-05-29T19:57:00.531+0000] {dag.py:3954} INFO - Setting next_dagrun for example_external_task_marker_parent to None, run_after=None
[2025-05-29T19:57:00.562+0000] {processor.py:183} INFO - Processing /home/airflow/.local/lib/python3.12/site-packages/airflow/example_dags/example_external_task_marker_dag.py took 0.122 seconds
[2025-05-29T19:57:30.753+0000] {processor.py:161} INFO - Started process (PID=444) to work on /home/airflow/.local/lib/python3.12/site-packages/airflow/example_dags/example_external_task_marker_dag.py
[2025-05-29T19:57:30.754+0000] {processor.py:830} INFO - Processing file /home/airflow/.local/lib/python3.12/site-packages/airflow/example_dags/example_external_task_marker_dag.py for tasks to queue
[2025-05-29T19:57:30.756+0000] {logging_mixin.py:188} INFO - [2025-05-29T19:57:30.756+0000] {dagbag.py:545} INFO - Filling up the DagBag from /home/airflow/.local/lib/python3.12/site-packages/airflow/example_dags/example_external_task_marker_dag.py
[2025-05-29T19:57:30.764+0000] {processor.py:840} INFO - DAG(s) 'example_external_task_marker_child', 'example_external_task_marker_parent' retrieved from /home/airflow/.local/lib/python3.12/site-packages/airflow/example_dags/example_external_task_marker_dag.py
[2025-05-29T19:57:30.796+0000] {logging_mixin.py:188} INFO - [2025-05-29T19:57:30.795+0000] {dag.py:3096} INFO - Sync 2 DAGs
[2025-05-29T19:57:30.813+0000] {logging_mixin.py:188} INFO - [2025-05-29T19:57:30.812+0000] {dag.py:3954} INFO - Setting next_dagrun for example_external_task_marker_child to None, run_after=None
[2025-05-29T19:57:30.820+0000] {logging_mixin.py:188} INFO - [2025-05-29T19:57:30.819+0000] {dag.py:3954} INFO - Setting next_dagrun for example_external_task_marker_parent to None, run_after=None
[2025-05-29T19:57:30.845+0000] {processor.py:183} INFO - Processing /home/airflow/.local/lib/python3.12/site-packages/airflow/example_dags/example_external_task_marker_dag.py took 0.102 seconds
[2025-05-29T19:58:00.981+0000] {processor.py:161} INFO - Started process (PID=502) to work on /home/airflow/.local/lib/python3.12/site-packages/airflow/example_dags/example_external_task_marker_dag.py
[2025-05-29T19:58:00.983+0000] {processor.py:830} INFO - Processing file /home/airflow/.local/lib/python3.12/site-packages/airflow/example_dags/example_external_task_marker_dag.py for tasks to queue
[2025-05-29T19:58:00.986+0000] {logging_mixin.py:188} INFO - [2025-05-29T19:58:00.986+0000] {dagbag.py:545} INFO - Filling up the DagBag from /home/airflow/.local/lib/python3.12/site-packages/airflow/example_dags/example_external_task_marker_dag.py
[2025-05-29T19:58:00.994+0000] {processor.py:840} INFO - DAG(s) 'example_external_task_marker_child', 'example_external_task_marker_parent' retrieved from /home/airflow/.local/lib/python3.12/site-packages/airflow/example_dags/example_external_task_marker_dag.py
[2025-05-29T19:58:01.032+0000] {logging_mixin.py:188} INFO - [2025-05-29T19:58:01.032+0000] {dag.py:3096} INFO - Sync 2 DAGs
[2025-05-29T19:58:01.051+0000] {logging_mixin.py:188} INFO - [2025-05-29T19:58:01.050+0000] {dag.py:3954} INFO - Setting next_dagrun for example_external_task_marker_child to None, run_after=None
[2025-05-29T19:58:01.057+0000] {logging_mixin.py:188} INFO - [2025-05-29T19:58:01.057+0000] {dag.py:3954} INFO - Setting next_dagrun for example_external_task_marker_parent to None, run_after=None
[2025-05-29T19:58:01.083+0000] {processor.py:183} INFO - Processing /home/airflow/.local/lib/python3.12/site-packages/airflow/example_dags/example_external_task_marker_dag.py took 0.109 seconds
[2025-05-29T19:58:31.704+0000] {processor.py:161} INFO - Started process (PID=560) to work on /home/airflow/.local/lib/python3.12/site-packages/airflow/example_dags/example_external_task_marker_dag.py
[2025-05-29T19:58:31.705+0000] {processor.py:830} INFO - Processing file /home/airflow/.local/lib/python3.12/site-packages/airflow/example_dags/example_external_task_marker_dag.py for tasks to queue
[2025-05-29T19:58:31.709+0000] {logging_mixin.py:188} INFO - [2025-05-29T19:58:31.708+0000] {dagbag.py:545} INFO - Filling up the DagBag from /home/airflow/.local/lib/python3.12/site-packages/airflow/example_dags/example_external_task_marker_dag.py
[2025-05-29T19:58:31.717+0000] {processor.py:840} INFO - DAG(s) 'example_external_task_marker_parent', 'example_external_task_marker_child' retrieved from /home/airflow/.local/lib/python3.12/site-packages/airflow/example_dags/example_external_task_marker_dag.py
[2025-05-29T19:58:31.751+0000] {logging_mixin.py:188} INFO - [2025-05-29T19:58:31.751+0000] {dag.py:3096} INFO - Sync 2 DAGs
[2025-05-29T19:58:31.775+0000] {logging_mixin.py:188} INFO - [2025-05-29T19:58:31.775+0000] {dag.py:3954} INFO - Setting next_dagrun for example_external_task_marker_child to None, run_after=None
[2025-05-29T19:58:31.782+0000] {logging_mixin.py:188} INFO - [2025-05-29T19:58:31.781+0000] {dag.py:3954} INFO - Setting next_dagrun for example_external_task_marker_parent to None, run_after=None
[2025-05-29T19:58:31.810+0000] {processor.py:183} INFO - Processing /home/airflow/.local/lib/python3.12/site-packages/airflow/example_dags/example_external_task_marker_dag.py took 0.114 seconds
[2025-05-29T19:59:02.321+0000] {processor.py:161} INFO - Started process (PID=618) to work on /home/airflow/.local/lib/python3.12/site-packages/airflow/example_dags/example_external_task_marker_dag.py
[2025-05-29T19:59:02.322+0000] {processor.py:830} INFO - Processing file /home/airflow/.local/lib/python3.12/site-packages/airflow/example_dags/example_external_task_marker_dag.py for tasks to queue
[2025-05-29T19:59:02.325+0000] {logging_mixin.py:188} INFO - [2025-05-29T19:59:02.325+0000] {dagbag.py:545} INFO - Filling up the DagBag from /home/airflow/.local/lib/python3.12/site-packages/airflow/example_dags/example_external_task_marker_dag.py
[2025-05-29T19:59:02.333+0000] {processor.py:840} INFO - DAG(s) 'example_external_task_marker_parent', 'example_external_task_marker_child' retrieved from /home/airflow/.local/lib/python3.12/site-packages/airflow/example_dags/example_external_task_marker_dag.py
[2025-05-29T19:59:02.367+0000] {logging_mixin.py:188} INFO - [2025-05-29T19:59:02.366+0000] {dag.py:3096} INFO - Sync 2 DAGs
[2025-05-29T19:59:02.388+0000] {logging_mixin.py:188} INFO - [2025-05-29T19:59:02.387+0000] {dag.py:3954} INFO - Setting next_dagrun for example_external_task_marker_child to None, run_after=None
[2025-05-29T19:59:02.394+0000] {logging_mixin.py:188} INFO - [2025-05-29T19:59:02.394+0000] {dag.py:3954} INFO - Setting next_dagrun for example_external_task_marker_parent to None, run_after=None
[2025-05-29T19:59:02.419+0000] {processor.py:183} INFO - Processing /home/airflow/.local/lib/python3.12/site-packages/airflow/example_dags/example_external_task_marker_dag.py took 0.105 seconds
[2025-05-29T19:59:32.605+0000] {processor.py:161} INFO - Started process (PID=676) to work on /home/airflow/.local/lib/python3.12/site-packages/airflow/example_dags/example_external_task_marker_dag.py
[2025-05-29T19:59:32.606+0000] {processor.py:830} INFO - Processing file /home/airflow/.local/lib/python3.12/site-packages/airflow/example_dags/example_external_task_marker_dag.py for tasks to queue
[2025-05-29T19:59:32.609+0000] {logging_mixin.py:188} INFO - [2025-05-29T19:59:32.609+0000] {dagbag.py:545} INFO - Filling up the DagBag from /home/airflow/.local/lib/python3.12/site-packages/airflow/example_dags/example_external_task_marker_dag.py
[2025-05-29T19:59:32.618+0000] {processor.py:840} INFO - DAG(s) 'example_external_task_marker_child', 'example_external_task_marker_parent' retrieved from /home/airflow/.local/lib/python3.12/site-packages/airflow/example_dags/example_external_task_marker_dag.py
[2025-05-29T19:59:32.651+0000] {logging_mixin.py:188} INFO - [2025-05-29T19:59:32.650+0000] {dag.py:3096} INFO - Sync 2 DAGs
[2025-05-29T19:59:32.669+0000] {logging_mixin.py:188} INFO - [2025-05-29T19:59:32.669+0000] {dag.py:3954} INFO - Setting next_dagrun for example_external_task_marker_child to None, run_after=None
[2025-05-29T19:59:32.675+0000] {logging_mixin.py:188} INFO - [2025-05-29T19:59:32.675+0000] {dag.py:3954} INFO - Setting next_dagrun for example_external_task_marker_parent to None, run_after=None
[2025-05-29T19:59:32.701+0000] {processor.py:183} INFO - Processing /home/airflow/.local/lib/python3.12/site-packages/airflow/example_dags/example_external_task_marker_dag.py took 0.104 seconds
[2025-05-29T20:00:03.169+0000] {processor.py:161} INFO - Started process (PID=734) to work on /home/airflow/.local/lib/python3.12/site-packages/airflow/example_dags/example_external_task_marker_dag.py
[2025-05-29T20:00:03.170+0000] {processor.py:830} INFO - Processing file /home/airflow/.local/lib/python3.12/site-packages/airflow/example_dags/example_external_task_marker_dag.py for tasks to queue
[2025-05-29T20:00:03.173+0000] {logging_mixin.py:188} INFO - [2025-05-29T20:00:03.172+0000] {dagbag.py:545} INFO - Filling up the DagBag from /home/airflow/.local/lib/python3.12/site-packages/airflow/example_dags/example_external_task_marker_dag.py
[2025-05-29T20:00:03.180+0000] {processor.py:840} INFO - DAG(s) 'example_external_task_marker_parent', 'example_external_task_marker_child' retrieved from /home/airflow/.local/lib/python3.12/site-packages/airflow/example_dags/example_external_task_marker_dag.py
[2025-05-29T20:00:03.223+0000] {logging_mixin.py:188} INFO - [2025-05-29T20:00:03.223+0000] {dag.py:3096} INFO - Sync 2 DAGs
[2025-05-29T20:00:03.241+0000] {logging_mixin.py:188} INFO - [2025-05-29T20:00:03.240+0000] {dag.py:3954} INFO - Setting next_dagrun for example_external_task_marker_child to None, run_after=None
[2025-05-29T20:00:03.246+0000] {logging_mixin.py:188} INFO - [2025-05-29T20:00:03.245+0000] {dag.py:3954} INFO - Setting next_dagrun for example_external_task_marker_parent to None, run_after=None
[2025-05-29T20:00:03.272+0000] {processor.py:183} INFO - Processing /home/airflow/.local/lib/python3.12/site-packages/airflow/example_dags/example_external_task_marker_dag.py took 0.111 seconds
[2025-05-29T20:00:34.110+0000] {processor.py:161} INFO - Started process (PID=792) to work on /home/airflow/.local/lib/python3.12/site-packages/airflow/example_dags/example_external_task_marker_dag.py
[2025-05-29T20:00:34.112+0000] {processor.py:830} INFO - Processing file /home/airflow/.local/lib/python3.12/site-packages/airflow/example_dags/example_external_task_marker_dag.py for tasks to queue
[2025-05-29T20:00:34.114+0000] {logging_mixin.py:188} INFO - [2025-05-29T20:00:34.114+0000] {dagbag.py:545} INFO - Filling up the DagBag from /home/airflow/.local/lib/python3.12/site-packages/airflow/example_dags/example_external_task_marker_dag.py
[2025-05-29T20:00:34.126+0000] {processor.py:840} INFO - DAG(s) 'example_external_task_marker_parent', 'example_external_task_marker_child' retrieved from /home/airflow/.local/lib/python3.12/site-packages/airflow/example_dags/example_external_task_marker_dag.py
[2025-05-29T20:00:34.161+0000] {logging_mixin.py:188} INFO - [2025-05-29T20:00:34.161+0000] {dag.py:3096} INFO - Sync 2 DAGs
[2025-05-29T20:00:34.181+0000] {logging_mixin.py:188} INFO - [2025-05-29T20:00:34.180+0000] {dag.py:3954} INFO - Setting next_dagrun for example_external_task_marker_child to None, run_after=None
[2025-05-29T20:00:34.186+0000] {logging_mixin.py:188} INFO - [2025-05-29T20:00:34.186+0000] {dag.py:3954} INFO - Setting next_dagrun for example_external_task_marker_parent to None, run_after=None
[2025-05-29T20:00:34.213+0000] {processor.py:183} INFO - Processing /home/airflow/.local/lib/python3.12/site-packages/airflow/example_dags/example_external_task_marker_dag.py took 0.111 seconds
[2025-05-29T20:01:04.839+0000] {processor.py:161} INFO - Started process (PID=850) to work on /home/airflow/.local/lib/python3.12/site-packages/airflow/example_dags/example_external_task_marker_dag.py
[2025-05-29T20:01:04.841+0000] {processor.py:830} INFO - Processing file /home/airflow/.local/lib/python3.12/site-packages/airflow/example_dags/example_external_task_marker_dag.py for tasks to queue
[2025-05-29T20:01:04.843+0000] {logging_mixin.py:188} INFO - [2025-05-29T20:01:04.843+0000] {dagbag.py:545} INFO - Filling up the DagBag from /home/airflow/.local/lib/python3.12/site-packages/airflow/example_dags/example_external_task_marker_dag.py
[2025-05-29T20:01:04.852+0000] {processor.py:840} INFO - DAG(s) 'example_external_task_marker_child', 'example_external_task_marker_parent' retrieved from /home/airflow/.local/lib/python3.12/site-packages/airflow/example_dags/example_external_task_marker_dag.py
[2025-05-29T20:01:04.886+0000] {logging_mixin.py:188} INFO - [2025-05-29T20:01:04.886+0000] {dag.py:3096} INFO - Sync 2 DAGs
[2025-05-29T20:01:04.905+0000] {logging_mixin.py:188} INFO - [2025-05-29T20:01:04.905+0000] {dag.py:3954} INFO - Setting next_dagrun for example_external_task_marker_child to None, run_after=None
[2025-05-29T20:01:04.911+0000] {logging_mixin.py:188} INFO - [2025-05-29T20:01:04.911+0000] {dag.py:3954} INFO - Setting next_dagrun for example_external_task_marker_parent to None, run_after=None
[2025-05-29T20:01:04.953+0000] {processor.py:183} INFO - Processing /home/airflow/.local/lib/python3.12/site-packages/airflow/example_dags/example_external_task_marker_dag.py took 0.122 seconds
