[2025-05-29T19:54:29.836+0000] {processor.py:161} INFO - Started process (PID=110) to work on /home/airflow/.local/lib/python3.12/site-packages/airflow/example_dags/example_datasets.py
[2025-05-29T19:54:29.837+0000] {processor.py:830} INFO - Processing file /home/airflow/.local/lib/python3.12/site-packages/airflow/example_dags/example_datasets.py for tasks to queue
[2025-05-29T19:54:29.840+0000] {logging_mixin.py:188} INFO - [2025-05-29T19:54:29.839+0000] {dagbag.py:545} INFO - Filling up the DagBag from /home/airflow/.local/lib/python3.12/site-packages/airflow/example_dags/example_datasets.py
[2025-05-29T19:54:29.866+0000] {processor.py:840} INFO - DAG(s) 'consume_1_and_2_with_dataset_expressions', 'dataset_consumes_1_never_scheduled', 'dataset_consumes_unknown_never_scheduled', 'consume_1_or_2_with_dataset_expressions', 'dataset_consumes_1', 'dataset_produces_2', 'conditional_dataset_and_time_based_timetable', 'consume_1_or_both_2_and_3_with_dataset_expressions', 'dataset_produces_1', 'dataset_consumes_1_and_2' retrieved from /home/airflow/.local/lib/python3.12/site-packages/airflow/example_dags/example_datasets.py
[2025-05-29T19:54:30.188+0000] {logging_mixin.py:188} INFO - [2025-05-29T19:54:30.188+0000] {dag.py:3096} INFO - Sync 10 DAGs
[2025-05-29T19:54:30.217+0000] {logging_mixin.py:188} INFO - [2025-05-29T19:54:30.217+0000] {dag.py:3954} INFO - Setting next_dagrun for conditional_dataset_and_time_based_timetable to 2025-05-28 01:00:00+00:00, run_after=2025-05-28 01:00:00+00:00
[2025-05-29T19:54:30.222+0000] {logging_mixin.py:188} INFO - [2025-05-29T19:54:30.222+0000] {dag.py:3954} INFO - Setting next_dagrun for consume_1_and_2_with_dataset_expressions to None, run_after=None
[2025-05-29T19:54:30.226+0000] {logging_mixin.py:188} INFO - [2025-05-29T19:54:30.226+0000] {dag.py:3954} INFO - Setting next_dagrun for consume_1_or_2_with_dataset_expressions to None, run_after=None
[2025-05-29T19:54:30.229+0000] {logging_mixin.py:188} INFO - [2025-05-29T19:54:30.228+0000] {dag.py:3954} INFO - Setting next_dagrun for consume_1_or_both_2_and_3_with_dataset_expressions to None, run_after=None
[2025-05-29T19:54:30.231+0000] {logging_mixin.py:188} INFO - [2025-05-29T19:54:30.231+0000] {dag.py:3954} INFO - Setting next_dagrun for dataset_consumes_1 to None, run_after=None
[2025-05-29T19:54:30.234+0000] {logging_mixin.py:188} INFO - [2025-05-29T19:54:30.234+0000] {dag.py:3954} INFO - Setting next_dagrun for dataset_consumes_1_and_2 to None, run_after=None
[2025-05-29T19:54:30.236+0000] {logging_mixin.py:188} INFO - [2025-05-29T19:54:30.236+0000] {dag.py:3954} INFO - Setting next_dagrun for dataset_consumes_1_never_scheduled to None, run_after=None
[2025-05-29T19:54:30.239+0000] {logging_mixin.py:188} INFO - [2025-05-29T19:54:30.239+0000] {dag.py:3954} INFO - Setting next_dagrun for dataset_consumes_unknown_never_scheduled to None, run_after=None
[2025-05-29T19:54:30.243+0000] {logging_mixin.py:188} INFO - [2025-05-29T19:54:30.243+0000] {dag.py:3954} INFO - Setting next_dagrun for dataset_produces_1 to 2025-05-28 00:00:00+00:00, run_after=2025-05-29 00:00:00+00:00
[2025-05-29T19:54:30.246+0000] {logging_mixin.py:188} INFO - [2025-05-29T19:54:30.245+0000] {dag.py:3954} INFO - Setting next_dagrun for dataset_produces_2 to None, run_after=None
[2025-05-29T19:54:30.301+0000] {processor.py:183} INFO - Processing /home/airflow/.local/lib/python3.12/site-packages/airflow/example_dags/example_datasets.py took 0.472 seconds
[2025-05-29T19:55:00.535+0000] {processor.py:161} INFO - Started process (PID=168) to work on /home/airflow/.local/lib/python3.12/site-packages/airflow/example_dags/example_datasets.py
[2025-05-29T19:55:00.536+0000] {processor.py:830} INFO - Processing file /home/airflow/.local/lib/python3.12/site-packages/airflow/example_dags/example_datasets.py for tasks to queue
[2025-05-29T19:55:00.539+0000] {logging_mixin.py:188} INFO - [2025-05-29T19:55:00.539+0000] {dagbag.py:545} INFO - Filling up the DagBag from /home/airflow/.local/lib/python3.12/site-packages/airflow/example_dags/example_datasets.py
[2025-05-29T19:55:00.561+0000] {processor.py:840} INFO - DAG(s) 'dataset_produces_2', 'dataset_consumes_1_and_2', 'consume_1_or_both_2_and_3_with_dataset_expressions', 'conditional_dataset_and_time_based_timetable', 'dataset_consumes_1_never_scheduled', 'consume_1_and_2_with_dataset_expressions', 'dataset_produces_1', 'dataset_consumes_1', 'consume_1_or_2_with_dataset_expressions', 'dataset_consumes_unknown_never_scheduled' retrieved from /home/airflow/.local/lib/python3.12/site-packages/airflow/example_dags/example_datasets.py
[2025-05-29T19:55:00.643+0000] {logging_mixin.py:188} INFO - [2025-05-29T19:55:00.643+0000] {dag.py:3096} INFO - Sync 10 DAGs
[2025-05-29T19:55:00.683+0000] {logging_mixin.py:188} INFO - [2025-05-29T19:55:00.683+0000] {dag.py:3954} INFO - Setting next_dagrun for conditional_dataset_and_time_based_timetable to 2025-05-28 01:00:00+00:00, run_after=2025-05-28 01:00:00+00:00
[2025-05-29T19:55:00.689+0000] {logging_mixin.py:188} INFO - [2025-05-29T19:55:00.689+0000] {dag.py:3954} INFO - Setting next_dagrun for consume_1_and_2_with_dataset_expressions to None, run_after=None
[2025-05-29T19:55:00.692+0000] {logging_mixin.py:188} INFO - [2025-05-29T19:55:00.691+0000] {dag.py:3954} INFO - Setting next_dagrun for consume_1_or_2_with_dataset_expressions to None, run_after=None
[2025-05-29T19:55:00.694+0000] {logging_mixin.py:188} INFO - [2025-05-29T19:55:00.694+0000] {dag.py:3954} INFO - Setting next_dagrun for consume_1_or_both_2_and_3_with_dataset_expressions to None, run_after=None
[2025-05-29T19:55:00.696+0000] {logging_mixin.py:188} INFO - [2025-05-29T19:55:00.696+0000] {dag.py:3954} INFO - Setting next_dagrun for dataset_consumes_1 to None, run_after=None
[2025-05-29T19:55:00.699+0000] {logging_mixin.py:188} INFO - [2025-05-29T19:55:00.699+0000] {dag.py:3954} INFO - Setting next_dagrun for dataset_consumes_1_and_2 to None, run_after=None
[2025-05-29T19:55:00.701+0000] {logging_mixin.py:188} INFO - [2025-05-29T19:55:00.701+0000] {dag.py:3954} INFO - Setting next_dagrun for dataset_consumes_1_never_scheduled to None, run_after=None
[2025-05-29T19:55:00.704+0000] {logging_mixin.py:188} INFO - [2025-05-29T19:55:00.703+0000] {dag.py:3954} INFO - Setting next_dagrun for dataset_consumes_unknown_never_scheduled to None, run_after=None
[2025-05-29T19:55:00.707+0000] {logging_mixin.py:188} INFO - [2025-05-29T19:55:00.707+0000] {dag.py:3954} INFO - Setting next_dagrun for dataset_produces_1 to 2025-05-28 00:00:00+00:00, run_after=2025-05-29 00:00:00+00:00
[2025-05-29T19:55:00.710+0000] {logging_mixin.py:188} INFO - [2025-05-29T19:55:00.710+0000] {dag.py:3954} INFO - Setting next_dagrun for dataset_produces_2 to None, run_after=None
[2025-05-29T19:55:00.758+0000] {processor.py:183} INFO - Processing /home/airflow/.local/lib/python3.12/site-packages/airflow/example_dags/example_datasets.py took 0.232 seconds
[2025-05-29T19:55:30.904+0000] {processor.py:161} INFO - Started process (PID=226) to work on /home/airflow/.local/lib/python3.12/site-packages/airflow/example_dags/example_datasets.py
[2025-05-29T19:55:30.906+0000] {processor.py:830} INFO - Processing file /home/airflow/.local/lib/python3.12/site-packages/airflow/example_dags/example_datasets.py for tasks to queue
[2025-05-29T19:55:30.909+0000] {logging_mixin.py:188} INFO - [2025-05-29T19:55:30.909+0000] {dagbag.py:545} INFO - Filling up the DagBag from /home/airflow/.local/lib/python3.12/site-packages/airflow/example_dags/example_datasets.py
[2025-05-29T19:55:30.933+0000] {processor.py:840} INFO - DAG(s) 'dataset_consumes_1', 'dataset_consumes_1_and_2', 'dataset_consumes_1_never_scheduled', 'dataset_produces_1', 'dataset_produces_2', 'consume_1_and_2_with_dataset_expressions', 'consume_1_or_both_2_and_3_with_dataset_expressions', 'consume_1_or_2_with_dataset_expressions', 'dataset_consumes_unknown_never_scheduled', 'conditional_dataset_and_time_based_timetable' retrieved from /home/airflow/.local/lib/python3.12/site-packages/airflow/example_dags/example_datasets.py
[2025-05-29T19:55:31.023+0000] {logging_mixin.py:188} INFO - [2025-05-29T19:55:31.022+0000] {dag.py:3096} INFO - Sync 10 DAGs
[2025-05-29T19:55:31.066+0000] {logging_mixin.py:188} INFO - [2025-05-29T19:55:31.066+0000] {dag.py:3954} INFO - Setting next_dagrun for conditional_dataset_and_time_based_timetable to 2025-05-28 01:00:00+00:00, run_after=2025-05-28 01:00:00+00:00
[2025-05-29T19:55:31.073+0000] {logging_mixin.py:188} INFO - [2025-05-29T19:55:31.073+0000] {dag.py:3954} INFO - Setting next_dagrun for consume_1_and_2_with_dataset_expressions to None, run_after=None
[2025-05-29T19:55:31.076+0000] {logging_mixin.py:188} INFO - [2025-05-29T19:55:31.076+0000] {dag.py:3954} INFO - Setting next_dagrun for consume_1_or_2_with_dataset_expressions to None, run_after=None
[2025-05-29T19:55:31.079+0000] {logging_mixin.py:188} INFO - [2025-05-29T19:55:31.079+0000] {dag.py:3954} INFO - Setting next_dagrun for consume_1_or_both_2_and_3_with_dataset_expressions to None, run_after=None
[2025-05-29T19:55:31.082+0000] {logging_mixin.py:188} INFO - [2025-05-29T19:55:31.082+0000] {dag.py:3954} INFO - Setting next_dagrun for dataset_consumes_1 to None, run_after=None
[2025-05-29T19:55:31.085+0000] {logging_mixin.py:188} INFO - [2025-05-29T19:55:31.085+0000] {dag.py:3954} INFO - Setting next_dagrun for dataset_consumes_1_and_2 to None, run_after=None
[2025-05-29T19:55:31.088+0000] {logging_mixin.py:188} INFO - [2025-05-29T19:55:31.087+0000] {dag.py:3954} INFO - Setting next_dagrun for dataset_consumes_1_never_scheduled to None, run_after=None
[2025-05-29T19:55:31.090+0000] {logging_mixin.py:188} INFO - [2025-05-29T19:55:31.090+0000] {dag.py:3954} INFO - Setting next_dagrun for dataset_consumes_unknown_never_scheduled to None, run_after=None
[2025-05-29T19:55:31.095+0000] {logging_mixin.py:188} INFO - [2025-05-29T19:55:31.095+0000] {dag.py:3954} INFO - Setting next_dagrun for dataset_produces_1 to 2025-05-28 00:00:00+00:00, run_after=2025-05-29 00:00:00+00:00
[2025-05-29T19:55:31.098+0000] {logging_mixin.py:188} INFO - [2025-05-29T19:55:31.097+0000] {dag.py:3954} INFO - Setting next_dagrun for dataset_produces_2 to None, run_after=None
[2025-05-29T19:55:31.175+0000] {processor.py:183} INFO - Processing /home/airflow/.local/lib/python3.12/site-packages/airflow/example_dags/example_datasets.py took 0.287 seconds
[2025-05-29T19:56:01.247+0000] {processor.py:161} INFO - Started process (PID=284) to work on /home/airflow/.local/lib/python3.12/site-packages/airflow/example_dags/example_datasets.py
[2025-05-29T19:56:01.249+0000] {processor.py:830} INFO - Processing file /home/airflow/.local/lib/python3.12/site-packages/airflow/example_dags/example_datasets.py for tasks to queue
[2025-05-29T19:56:01.251+0000] {logging_mixin.py:188} INFO - [2025-05-29T19:56:01.251+0000] {dagbag.py:545} INFO - Filling up the DagBag from /home/airflow/.local/lib/python3.12/site-packages/airflow/example_dags/example_datasets.py
[2025-05-29T19:56:01.271+0000] {processor.py:840} INFO - DAG(s) 'dataset_produces_1', 'dataset_consumes_1_never_scheduled', 'dataset_consumes_unknown_never_scheduled', 'consume_1_or_both_2_and_3_with_dataset_expressions', 'conditional_dataset_and_time_based_timetable', 'dataset_consumes_1', 'consume_1_and_2_with_dataset_expressions', 'dataset_consumes_1_and_2', 'dataset_produces_2', 'consume_1_or_2_with_dataset_expressions' retrieved from /home/airflow/.local/lib/python3.12/site-packages/airflow/example_dags/example_datasets.py
[2025-05-29T19:56:01.387+0000] {logging_mixin.py:188} INFO - [2025-05-29T19:56:01.386+0000] {dag.py:3096} INFO - Sync 10 DAGs
[2025-05-29T19:56:01.448+0000] {logging_mixin.py:188} INFO - [2025-05-29T19:56:01.448+0000] {dag.py:3954} INFO - Setting next_dagrun for conditional_dataset_and_time_based_timetable to 2025-05-28 01:00:00+00:00, run_after=2025-05-28 01:00:00+00:00
[2025-05-29T19:56:01.457+0000] {logging_mixin.py:188} INFO - [2025-05-29T19:56:01.456+0000] {dag.py:3954} INFO - Setting next_dagrun for consume_1_and_2_with_dataset_expressions to None, run_after=None
[2025-05-29T19:56:01.460+0000] {logging_mixin.py:188} INFO - [2025-05-29T19:56:01.460+0000] {dag.py:3954} INFO - Setting next_dagrun for consume_1_or_2_with_dataset_expressions to None, run_after=None
[2025-05-29T19:56:01.465+0000] {logging_mixin.py:188} INFO - [2025-05-29T19:56:01.465+0000] {dag.py:3954} INFO - Setting next_dagrun for consume_1_or_both_2_and_3_with_dataset_expressions to None, run_after=None
[2025-05-29T19:56:01.468+0000] {logging_mixin.py:188} INFO - [2025-05-29T19:56:01.468+0000] {dag.py:3954} INFO - Setting next_dagrun for dataset_consumes_1 to None, run_after=None
[2025-05-29T19:56:01.472+0000] {logging_mixin.py:188} INFO - [2025-05-29T19:56:01.472+0000] {dag.py:3954} INFO - Setting next_dagrun for dataset_consumes_1_and_2 to None, run_after=None
[2025-05-29T19:56:01.475+0000] {logging_mixin.py:188} INFO - [2025-05-29T19:56:01.475+0000] {dag.py:3954} INFO - Setting next_dagrun for dataset_consumes_1_never_scheduled to None, run_after=None
[2025-05-29T19:56:01.480+0000] {logging_mixin.py:188} INFO - [2025-05-29T19:56:01.479+0000] {dag.py:3954} INFO - Setting next_dagrun for dataset_consumes_unknown_never_scheduled to None, run_after=None
[2025-05-29T19:56:01.485+0000] {logging_mixin.py:188} INFO - [2025-05-29T19:56:01.484+0000] {dag.py:3954} INFO - Setting next_dagrun for dataset_produces_1 to 2025-05-28 00:00:00+00:00, run_after=2025-05-29 00:00:00+00:00
[2025-05-29T19:56:01.489+0000] {logging_mixin.py:188} INFO - [2025-05-29T19:56:01.488+0000] {dag.py:3954} INFO - Setting next_dagrun for dataset_produces_2 to None, run_after=None
[2025-05-29T19:56:01.579+0000] {processor.py:183} INFO - Processing /home/airflow/.local/lib/python3.12/site-packages/airflow/example_dags/example_datasets.py took 0.340 seconds
[2025-05-29T19:56:32.002+0000] {processor.py:161} INFO - Started process (PID=342) to work on /home/airflow/.local/lib/python3.12/site-packages/airflow/example_dags/example_datasets.py
[2025-05-29T19:56:32.003+0000] {processor.py:830} INFO - Processing file /home/airflow/.local/lib/python3.12/site-packages/airflow/example_dags/example_datasets.py for tasks to queue
[2025-05-29T19:56:32.006+0000] {logging_mixin.py:188} INFO - [2025-05-29T19:56:32.006+0000] {dagbag.py:545} INFO - Filling up the DagBag from /home/airflow/.local/lib/python3.12/site-packages/airflow/example_dags/example_datasets.py
[2025-05-29T19:56:32.028+0000] {processor.py:840} INFO - DAG(s) 'dataset_consumes_1_never_scheduled', 'dataset_consumes_1', 'consume_1_and_2_with_dataset_expressions', 'dataset_produces_1', 'dataset_consumes_1_and_2', 'conditional_dataset_and_time_based_timetable', 'dataset_consumes_unknown_never_scheduled', 'consume_1_or_2_with_dataset_expressions', 'dataset_produces_2', 'consume_1_or_both_2_and_3_with_dataset_expressions' retrieved from /home/airflow/.local/lib/python3.12/site-packages/airflow/example_dags/example_datasets.py
[2025-05-29T19:56:32.108+0000] {logging_mixin.py:188} INFO - [2025-05-29T19:56:32.108+0000] {dag.py:3096} INFO - Sync 10 DAGs
[2025-05-29T19:56:32.148+0000] {logging_mixin.py:188} INFO - [2025-05-29T19:56:32.148+0000] {dag.py:3954} INFO - Setting next_dagrun for conditional_dataset_and_time_based_timetable to 2025-05-28 01:00:00+00:00, run_after=2025-05-28 01:00:00+00:00
[2025-05-29T19:56:32.158+0000] {logging_mixin.py:188} INFO - [2025-05-29T19:56:32.158+0000] {dag.py:3954} INFO - Setting next_dagrun for consume_1_and_2_with_dataset_expressions to None, run_after=None
[2025-05-29T19:56:32.161+0000] {logging_mixin.py:188} INFO - [2025-05-29T19:56:32.160+0000] {dag.py:3954} INFO - Setting next_dagrun for consume_1_or_2_with_dataset_expressions to None, run_after=None
[2025-05-29T19:56:32.163+0000] {logging_mixin.py:188} INFO - [2025-05-29T19:56:32.163+0000] {dag.py:3954} INFO - Setting next_dagrun for consume_1_or_both_2_and_3_with_dataset_expressions to None, run_after=None
[2025-05-29T19:56:32.166+0000] {logging_mixin.py:188} INFO - [2025-05-29T19:56:32.166+0000] {dag.py:3954} INFO - Setting next_dagrun for dataset_consumes_1 to None, run_after=None
[2025-05-29T19:56:32.169+0000] {logging_mixin.py:188} INFO - [2025-05-29T19:56:32.168+0000] {dag.py:3954} INFO - Setting next_dagrun for dataset_consumes_1_and_2 to None, run_after=None
[2025-05-29T19:56:32.171+0000] {logging_mixin.py:188} INFO - [2025-05-29T19:56:32.171+0000] {dag.py:3954} INFO - Setting next_dagrun for dataset_consumes_1_never_scheduled to None, run_after=None
[2025-05-29T19:56:32.175+0000] {logging_mixin.py:188} INFO - [2025-05-29T19:56:32.174+0000] {dag.py:3954} INFO - Setting next_dagrun for dataset_consumes_unknown_never_scheduled to None, run_after=None
[2025-05-29T19:56:32.179+0000] {logging_mixin.py:188} INFO - [2025-05-29T19:56:32.178+0000] {dag.py:3954} INFO - Setting next_dagrun for dataset_produces_1 to 2025-05-28 00:00:00+00:00, run_after=2025-05-29 00:00:00+00:00
[2025-05-29T19:56:32.181+0000] {logging_mixin.py:188} INFO - [2025-05-29T19:56:32.181+0000] {dag.py:3954} INFO - Setting next_dagrun for dataset_produces_2 to None, run_after=None
[2025-05-29T19:56:32.244+0000] {processor.py:183} INFO - Processing /home/airflow/.local/lib/python3.12/site-packages/airflow/example_dags/example_datasets.py took 0.251 seconds
[2025-05-29T19:57:03.134+0000] {processor.py:161} INFO - Started process (PID=400) to work on /home/airflow/.local/lib/python3.12/site-packages/airflow/example_dags/example_datasets.py
[2025-05-29T19:57:03.135+0000] {processor.py:830} INFO - Processing file /home/airflow/.local/lib/python3.12/site-packages/airflow/example_dags/example_datasets.py for tasks to queue
[2025-05-29T19:57:03.138+0000] {logging_mixin.py:188} INFO - [2025-05-29T19:57:03.138+0000] {dagbag.py:545} INFO - Filling up the DagBag from /home/airflow/.local/lib/python3.12/site-packages/airflow/example_dags/example_datasets.py
[2025-05-29T19:57:03.157+0000] {processor.py:840} INFO - DAG(s) 'consume_1_or_both_2_and_3_with_dataset_expressions', 'dataset_consumes_1', 'conditional_dataset_and_time_based_timetable', 'dataset_consumes_unknown_never_scheduled', 'dataset_produces_2', 'dataset_produces_1', 'consume_1_and_2_with_dataset_expressions', 'consume_1_or_2_with_dataset_expressions', 'dataset_consumes_1_and_2', 'dataset_consumes_1_never_scheduled' retrieved from /home/airflow/.local/lib/python3.12/site-packages/airflow/example_dags/example_datasets.py
[2025-05-29T19:57:03.235+0000] {logging_mixin.py:188} INFO - [2025-05-29T19:57:03.235+0000] {dag.py:3096} INFO - Sync 10 DAGs
[2025-05-29T19:57:03.271+0000] {logging_mixin.py:188} INFO - [2025-05-29T19:57:03.270+0000] {dag.py:3954} INFO - Setting next_dagrun for conditional_dataset_and_time_based_timetable to 2025-05-28 01:00:00+00:00, run_after=2025-05-28 01:00:00+00:00
[2025-05-29T19:57:03.277+0000] {logging_mixin.py:188} INFO - [2025-05-29T19:57:03.277+0000] {dag.py:3954} INFO - Setting next_dagrun for consume_1_and_2_with_dataset_expressions to None, run_after=None
[2025-05-29T19:57:03.280+0000] {logging_mixin.py:188} INFO - [2025-05-29T19:57:03.279+0000] {dag.py:3954} INFO - Setting next_dagrun for consume_1_or_2_with_dataset_expressions to None, run_after=None
[2025-05-29T19:57:03.282+0000] {logging_mixin.py:188} INFO - [2025-05-29T19:57:03.282+0000] {dag.py:3954} INFO - Setting next_dagrun for consume_1_or_both_2_and_3_with_dataset_expressions to None, run_after=None
[2025-05-29T19:57:03.285+0000] {logging_mixin.py:188} INFO - [2025-05-29T19:57:03.284+0000] {dag.py:3954} INFO - Setting next_dagrun for dataset_consumes_1 to None, run_after=None
[2025-05-29T19:57:03.287+0000] {logging_mixin.py:188} INFO - [2025-05-29T19:57:03.287+0000] {dag.py:3954} INFO - Setting next_dagrun for dataset_consumes_1_and_2 to None, run_after=None
[2025-05-29T19:57:03.289+0000] {logging_mixin.py:188} INFO - [2025-05-29T19:57:03.289+0000] {dag.py:3954} INFO - Setting next_dagrun for dataset_consumes_1_never_scheduled to None, run_after=None
[2025-05-29T19:57:03.292+0000] {logging_mixin.py:188} INFO - [2025-05-29T19:57:03.292+0000] {dag.py:3954} INFO - Setting next_dagrun for dataset_consumes_unknown_never_scheduled to None, run_after=None
[2025-05-29T19:57:03.296+0000] {logging_mixin.py:188} INFO - [2025-05-29T19:57:03.296+0000] {dag.py:3954} INFO - Setting next_dagrun for dataset_produces_1 to 2025-05-28 00:00:00+00:00, run_after=2025-05-29 00:00:00+00:00
[2025-05-29T19:57:03.299+0000] {logging_mixin.py:188} INFO - [2025-05-29T19:57:03.298+0000] {dag.py:3954} INFO - Setting next_dagrun for dataset_produces_2 to None, run_after=None
[2025-05-29T19:57:03.361+0000] {processor.py:183} INFO - Processing /home/airflow/.local/lib/python3.12/site-packages/airflow/example_dags/example_datasets.py took 0.234 seconds
[2025-05-29T19:57:33.984+0000] {processor.py:161} INFO - Started process (PID=458) to work on /home/airflow/.local/lib/python3.12/site-packages/airflow/example_dags/example_datasets.py
[2025-05-29T19:57:33.986+0000] {processor.py:830} INFO - Processing file /home/airflow/.local/lib/python3.12/site-packages/airflow/example_dags/example_datasets.py for tasks to queue
[2025-05-29T19:57:33.988+0000] {logging_mixin.py:188} INFO - [2025-05-29T19:57:33.988+0000] {dagbag.py:545} INFO - Filling up the DagBag from /home/airflow/.local/lib/python3.12/site-packages/airflow/example_dags/example_datasets.py
[2025-05-29T19:57:34.007+0000] {processor.py:840} INFO - DAG(s) 'dataset_consumes_1_and_2', 'conditional_dataset_and_time_based_timetable', 'consume_1_and_2_with_dataset_expressions', 'dataset_produces_2', 'consume_1_or_both_2_and_3_with_dataset_expressions', 'dataset_consumes_1_never_scheduled', 'dataset_produces_1', 'dataset_consumes_1', 'consume_1_or_2_with_dataset_expressions', 'dataset_consumes_unknown_never_scheduled' retrieved from /home/airflow/.local/lib/python3.12/site-packages/airflow/example_dags/example_datasets.py
[2025-05-29T19:57:34.099+0000] {logging_mixin.py:188} INFO - [2025-05-29T19:57:34.098+0000] {dag.py:3096} INFO - Sync 10 DAGs
[2025-05-29T19:57:34.134+0000] {logging_mixin.py:188} INFO - [2025-05-29T19:57:34.133+0000] {dag.py:3954} INFO - Setting next_dagrun for conditional_dataset_and_time_based_timetable to 2025-05-28 01:00:00+00:00, run_after=2025-05-28 01:00:00+00:00
[2025-05-29T19:57:34.140+0000] {logging_mixin.py:188} INFO - [2025-05-29T19:57:34.140+0000] {dag.py:3954} INFO - Setting next_dagrun for consume_1_and_2_with_dataset_expressions to None, run_after=None
[2025-05-29T19:57:34.144+0000] {logging_mixin.py:188} INFO - [2025-05-29T19:57:34.143+0000] {dag.py:3954} INFO - Setting next_dagrun for consume_1_or_2_with_dataset_expressions to None, run_after=None
[2025-05-29T19:57:34.148+0000] {logging_mixin.py:188} INFO - [2025-05-29T19:57:34.147+0000] {dag.py:3954} INFO - Setting next_dagrun for consume_1_or_both_2_and_3_with_dataset_expressions to None, run_after=None
[2025-05-29T19:57:34.150+0000] {logging_mixin.py:188} INFO - [2025-05-29T19:57:34.150+0000] {dag.py:3954} INFO - Setting next_dagrun for dataset_consumes_1 to None, run_after=None
[2025-05-29T19:57:34.153+0000] {logging_mixin.py:188} INFO - [2025-05-29T19:57:34.152+0000] {dag.py:3954} INFO - Setting next_dagrun for dataset_consumes_1_and_2 to None, run_after=None
[2025-05-29T19:57:34.155+0000] {logging_mixin.py:188} INFO - [2025-05-29T19:57:34.155+0000] {dag.py:3954} INFO - Setting next_dagrun for dataset_consumes_1_never_scheduled to None, run_after=None
[2025-05-29T19:57:34.157+0000] {logging_mixin.py:188} INFO - [2025-05-29T19:57:34.157+0000] {dag.py:3954} INFO - Setting next_dagrun for dataset_consumes_unknown_never_scheduled to None, run_after=None
[2025-05-29T19:57:34.161+0000] {logging_mixin.py:188} INFO - [2025-05-29T19:57:34.161+0000] {dag.py:3954} INFO - Setting next_dagrun for dataset_produces_1 to 2025-05-28 00:00:00+00:00, run_after=2025-05-29 00:00:00+00:00
[2025-05-29T19:57:34.163+0000] {logging_mixin.py:188} INFO - [2025-05-29T19:57:34.163+0000] {dag.py:3954} INFO - Setting next_dagrun for dataset_produces_2 to None, run_after=None
[2025-05-29T19:57:34.242+0000] {processor.py:183} INFO - Processing /home/airflow/.local/lib/python3.12/site-packages/airflow/example_dags/example_datasets.py took 0.265 seconds
[2025-05-29T19:58:04.326+0000] {processor.py:161} INFO - Started process (PID=516) to work on /home/airflow/.local/lib/python3.12/site-packages/airflow/example_dags/example_datasets.py
[2025-05-29T19:58:04.327+0000] {processor.py:830} INFO - Processing file /home/airflow/.local/lib/python3.12/site-packages/airflow/example_dags/example_datasets.py for tasks to queue
[2025-05-29T19:58:04.331+0000] {logging_mixin.py:188} INFO - [2025-05-29T19:58:04.330+0000] {dagbag.py:545} INFO - Filling up the DagBag from /home/airflow/.local/lib/python3.12/site-packages/airflow/example_dags/example_datasets.py
[2025-05-29T19:58:04.352+0000] {processor.py:840} INFO - DAG(s) 'dataset_produces_2', 'consume_1_or_both_2_and_3_with_dataset_expressions', 'dataset_produces_1', 'consume_1_or_2_with_dataset_expressions', 'dataset_consumes_1_and_2', 'dataset_consumes_1', 'consume_1_and_2_with_dataset_expressions', 'dataset_consumes_unknown_never_scheduled', 'dataset_consumes_1_never_scheduled', 'conditional_dataset_and_time_based_timetable' retrieved from /home/airflow/.local/lib/python3.12/site-packages/airflow/example_dags/example_datasets.py
[2025-05-29T19:58:04.439+0000] {logging_mixin.py:188} INFO - [2025-05-29T19:58:04.439+0000] {dag.py:3096} INFO - Sync 10 DAGs
[2025-05-29T19:58:04.481+0000] {logging_mixin.py:188} INFO - [2025-05-29T19:58:04.481+0000] {dag.py:3954} INFO - Setting next_dagrun for conditional_dataset_and_time_based_timetable to 2025-05-28 01:00:00+00:00, run_after=2025-05-28 01:00:00+00:00
[2025-05-29T19:58:04.489+0000] {logging_mixin.py:188} INFO - [2025-05-29T19:58:04.488+0000] {dag.py:3954} INFO - Setting next_dagrun for consume_1_and_2_with_dataset_expressions to None, run_after=None
[2025-05-29T19:58:04.492+0000] {logging_mixin.py:188} INFO - [2025-05-29T19:58:04.492+0000] {dag.py:3954} INFO - Setting next_dagrun for consume_1_or_2_with_dataset_expressions to None, run_after=None
[2025-05-29T19:58:04.495+0000] {logging_mixin.py:188} INFO - [2025-05-29T19:58:04.494+0000] {dag.py:3954} INFO - Setting next_dagrun for consume_1_or_both_2_and_3_with_dataset_expressions to None, run_after=None
[2025-05-29T19:58:04.497+0000] {logging_mixin.py:188} INFO - [2025-05-29T19:58:04.497+0000] {dag.py:3954} INFO - Setting next_dagrun for dataset_consumes_1 to None, run_after=None
[2025-05-29T19:58:04.500+0000] {logging_mixin.py:188} INFO - [2025-05-29T19:58:04.500+0000] {dag.py:3954} INFO - Setting next_dagrun for dataset_consumes_1_and_2 to None, run_after=None
[2025-05-29T19:58:04.502+0000] {logging_mixin.py:188} INFO - [2025-05-29T19:58:04.502+0000] {dag.py:3954} INFO - Setting next_dagrun for dataset_consumes_1_never_scheduled to None, run_after=None
[2025-05-29T19:58:04.505+0000] {logging_mixin.py:188} INFO - [2025-05-29T19:58:04.505+0000] {dag.py:3954} INFO - Setting next_dagrun for dataset_consumes_unknown_never_scheduled to None, run_after=None
[2025-05-29T19:58:04.509+0000] {logging_mixin.py:188} INFO - [2025-05-29T19:58:04.509+0000] {dag.py:3954} INFO - Setting next_dagrun for dataset_produces_1 to 2025-05-28 00:00:00+00:00, run_after=2025-05-29 00:00:00+00:00
[2025-05-29T19:58:04.512+0000] {logging_mixin.py:188} INFO - [2025-05-29T19:58:04.512+0000] {dag.py:3954} INFO - Setting next_dagrun for dataset_produces_2 to None, run_after=None
[2025-05-29T19:58:04.567+0000] {processor.py:183} INFO - Processing /home/airflow/.local/lib/python3.12/site-packages/airflow/example_dags/example_datasets.py took 0.248 seconds
[2025-05-29T19:58:34.856+0000] {processor.py:161} INFO - Started process (PID=574) to work on /home/airflow/.local/lib/python3.12/site-packages/airflow/example_dags/example_datasets.py
[2025-05-29T19:58:34.857+0000] {processor.py:830} INFO - Processing file /home/airflow/.local/lib/python3.12/site-packages/airflow/example_dags/example_datasets.py for tasks to queue
[2025-05-29T19:58:34.860+0000] {logging_mixin.py:188} INFO - [2025-05-29T19:58:34.860+0000] {dagbag.py:545} INFO - Filling up the DagBag from /home/airflow/.local/lib/python3.12/site-packages/airflow/example_dags/example_datasets.py
[2025-05-29T19:58:34.881+0000] {processor.py:840} INFO - DAG(s) 'dataset_produces_1', 'consume_1_and_2_with_dataset_expressions', 'consume_1_or_2_with_dataset_expressions', 'dataset_consumes_1', 'conditional_dataset_and_time_based_timetable', 'dataset_consumes_1_and_2', 'dataset_consumes_1_never_scheduled', 'dataset_produces_2', 'consume_1_or_both_2_and_3_with_dataset_expressions', 'dataset_consumes_unknown_never_scheduled' retrieved from /home/airflow/.local/lib/python3.12/site-packages/airflow/example_dags/example_datasets.py
[2025-05-29T19:58:34.966+0000] {logging_mixin.py:188} INFO - [2025-05-29T19:58:34.966+0000] {dag.py:3096} INFO - Sync 10 DAGs
[2025-05-29T19:58:35.011+0000] {logging_mixin.py:188} INFO - [2025-05-29T19:58:35.011+0000] {dag.py:3954} INFO - Setting next_dagrun for conditional_dataset_and_time_based_timetable to 2025-05-28 01:00:00+00:00, run_after=2025-05-28 01:00:00+00:00
[2025-05-29T19:58:35.018+0000] {logging_mixin.py:188} INFO - [2025-05-29T19:58:35.018+0000] {dag.py:3954} INFO - Setting next_dagrun for consume_1_and_2_with_dataset_expressions to None, run_after=None
[2025-05-29T19:58:35.020+0000] {logging_mixin.py:188} INFO - [2025-05-29T19:58:35.020+0000] {dag.py:3954} INFO - Setting next_dagrun for consume_1_or_2_with_dataset_expressions to None, run_after=None
[2025-05-29T19:58:35.023+0000] {logging_mixin.py:188} INFO - [2025-05-29T19:58:35.023+0000] {dag.py:3954} INFO - Setting next_dagrun for consume_1_or_both_2_and_3_with_dataset_expressions to None, run_after=None
[2025-05-29T19:58:35.026+0000] {logging_mixin.py:188} INFO - [2025-05-29T19:58:35.026+0000] {dag.py:3954} INFO - Setting next_dagrun for dataset_consumes_1 to None, run_after=None
[2025-05-29T19:58:35.029+0000] {logging_mixin.py:188} INFO - [2025-05-29T19:58:35.029+0000] {dag.py:3954} INFO - Setting next_dagrun for dataset_consumes_1_and_2 to None, run_after=None
[2025-05-29T19:58:35.032+0000] {logging_mixin.py:188} INFO - [2025-05-29T19:58:35.032+0000] {dag.py:3954} INFO - Setting next_dagrun for dataset_consumes_1_never_scheduled to None, run_after=None
[2025-05-29T19:58:35.035+0000] {logging_mixin.py:188} INFO - [2025-05-29T19:58:35.034+0000] {dag.py:3954} INFO - Setting next_dagrun for dataset_consumes_unknown_never_scheduled to None, run_after=None
[2025-05-29T19:58:35.039+0000] {logging_mixin.py:188} INFO - [2025-05-29T19:58:35.039+0000] {dag.py:3954} INFO - Setting next_dagrun for dataset_produces_1 to 2025-05-28 00:00:00+00:00, run_after=2025-05-29 00:00:00+00:00
[2025-05-29T19:58:35.043+0000] {logging_mixin.py:188} INFO - [2025-05-29T19:58:35.043+0000] {dag.py:3954} INFO - Setting next_dagrun for dataset_produces_2 to None, run_after=None
[2025-05-29T19:58:35.109+0000] {processor.py:183} INFO - Processing /home/airflow/.local/lib/python3.12/site-packages/airflow/example_dags/example_datasets.py took 0.261 seconds
[2025-05-29T19:59:05.419+0000] {processor.py:161} INFO - Started process (PID=632) to work on /home/airflow/.local/lib/python3.12/site-packages/airflow/example_dags/example_datasets.py
[2025-05-29T19:59:05.420+0000] {processor.py:830} INFO - Processing file /home/airflow/.local/lib/python3.12/site-packages/airflow/example_dags/example_datasets.py for tasks to queue
[2025-05-29T19:59:05.424+0000] {logging_mixin.py:188} INFO - [2025-05-29T19:59:05.423+0000] {dagbag.py:545} INFO - Filling up the DagBag from /home/airflow/.local/lib/python3.12/site-packages/airflow/example_dags/example_datasets.py
[2025-05-29T19:59:05.446+0000] {processor.py:840} INFO - DAG(s) 'dataset_consumes_unknown_never_scheduled', 'dataset_consumes_1_never_scheduled', 'dataset_consumes_1_and_2', 'consume_1_and_2_with_dataset_expressions', 'consume_1_or_2_with_dataset_expressions', 'dataset_produces_2', 'consume_1_or_both_2_and_3_with_dataset_expressions', 'dataset_consumes_1', 'dataset_produces_1', 'conditional_dataset_and_time_based_timetable' retrieved from /home/airflow/.local/lib/python3.12/site-packages/airflow/example_dags/example_datasets.py
[2025-05-29T19:59:05.531+0000] {logging_mixin.py:188} INFO - [2025-05-29T19:59:05.531+0000] {dag.py:3096} INFO - Sync 10 DAGs
[2025-05-29T19:59:05.575+0000] {logging_mixin.py:188} INFO - [2025-05-29T19:59:05.575+0000] {dag.py:3954} INFO - Setting next_dagrun for conditional_dataset_and_time_based_timetable to 2025-05-28 01:00:00+00:00, run_after=2025-05-28 01:00:00+00:00
[2025-05-29T19:59:05.582+0000] {logging_mixin.py:188} INFO - [2025-05-29T19:59:05.582+0000] {dag.py:3954} INFO - Setting next_dagrun for consume_1_and_2_with_dataset_expressions to None, run_after=None
[2025-05-29T19:59:05.587+0000] {logging_mixin.py:188} INFO - [2025-05-29T19:59:05.587+0000] {dag.py:3954} INFO - Setting next_dagrun for consume_1_or_2_with_dataset_expressions to None, run_after=None
[2025-05-29T19:59:05.591+0000] {logging_mixin.py:188} INFO - [2025-05-29T19:59:05.590+0000] {dag.py:3954} INFO - Setting next_dagrun for consume_1_or_both_2_and_3_with_dataset_expressions to None, run_after=None
[2025-05-29T19:59:05.594+0000] {logging_mixin.py:188} INFO - [2025-05-29T19:59:05.593+0000] {dag.py:3954} INFO - Setting next_dagrun for dataset_consumes_1 to None, run_after=None
[2025-05-29T19:59:05.596+0000] {logging_mixin.py:188} INFO - [2025-05-29T19:59:05.596+0000] {dag.py:3954} INFO - Setting next_dagrun for dataset_consumes_1_and_2 to None, run_after=None
[2025-05-29T19:59:05.599+0000] {logging_mixin.py:188} INFO - [2025-05-29T19:59:05.599+0000] {dag.py:3954} INFO - Setting next_dagrun for dataset_consumes_1_never_scheduled to None, run_after=None
[2025-05-29T19:59:05.602+0000] {logging_mixin.py:188} INFO - [2025-05-29T19:59:05.601+0000] {dag.py:3954} INFO - Setting next_dagrun for dataset_consumes_unknown_never_scheduled to None, run_after=None
[2025-05-29T19:59:05.608+0000] {logging_mixin.py:188} INFO - [2025-05-29T19:59:05.608+0000] {dag.py:3954} INFO - Setting next_dagrun for dataset_produces_1 to 2025-05-28 00:00:00+00:00, run_after=2025-05-29 00:00:00+00:00
[2025-05-29T19:59:05.611+0000] {logging_mixin.py:188} INFO - [2025-05-29T19:59:05.611+0000] {dag.py:3954} INFO - Setting next_dagrun for dataset_produces_2 to None, run_after=None
[2025-05-29T19:59:05.677+0000] {processor.py:183} INFO - Processing /home/airflow/.local/lib/python3.12/site-packages/airflow/example_dags/example_datasets.py took 0.266 seconds
[2025-05-29T19:59:35.897+0000] {processor.py:161} INFO - Started process (PID=690) to work on /home/airflow/.local/lib/python3.12/site-packages/airflow/example_dags/example_datasets.py
[2025-05-29T19:59:35.899+0000] {processor.py:830} INFO - Processing file /home/airflow/.local/lib/python3.12/site-packages/airflow/example_dags/example_datasets.py for tasks to queue
[2025-05-29T19:59:35.902+0000] {logging_mixin.py:188} INFO - [2025-05-29T19:59:35.901+0000] {dagbag.py:545} INFO - Filling up the DagBag from /home/airflow/.local/lib/python3.12/site-packages/airflow/example_dags/example_datasets.py
[2025-05-29T19:59:35.925+0000] {processor.py:840} INFO - DAG(s) 'conditional_dataset_and_time_based_timetable', 'dataset_produces_2', 'consume_1_or_both_2_and_3_with_dataset_expressions', 'dataset_consumes_unknown_never_scheduled', 'dataset_produces_1', 'dataset_consumes_1_never_scheduled', 'dataset_consumes_1_and_2', 'dataset_consumes_1', 'consume_1_and_2_with_dataset_expressions', 'consume_1_or_2_with_dataset_expressions' retrieved from /home/airflow/.local/lib/python3.12/site-packages/airflow/example_dags/example_datasets.py
[2025-05-29T19:59:36.018+0000] {logging_mixin.py:188} INFO - [2025-05-29T19:59:36.017+0000] {dag.py:3096} INFO - Sync 10 DAGs
[2025-05-29T19:59:36.056+0000] {logging_mixin.py:188} INFO - [2025-05-29T19:59:36.056+0000] {dag.py:3954} INFO - Setting next_dagrun for conditional_dataset_and_time_based_timetable to 2025-05-28 01:00:00+00:00, run_after=2025-05-28 01:00:00+00:00
[2025-05-29T19:59:36.062+0000] {logging_mixin.py:188} INFO - [2025-05-29T19:59:36.062+0000] {dag.py:3954} INFO - Setting next_dagrun for consume_1_and_2_with_dataset_expressions to None, run_after=None
[2025-05-29T19:59:36.065+0000] {logging_mixin.py:188} INFO - [2025-05-29T19:59:36.065+0000] {dag.py:3954} INFO - Setting next_dagrun for consume_1_or_2_with_dataset_expressions to None, run_after=None
[2025-05-29T19:59:36.068+0000] {logging_mixin.py:188} INFO - [2025-05-29T19:59:36.068+0000] {dag.py:3954} INFO - Setting next_dagrun for consume_1_or_both_2_and_3_with_dataset_expressions to None, run_after=None
[2025-05-29T19:59:36.071+0000] {logging_mixin.py:188} INFO - [2025-05-29T19:59:36.070+0000] {dag.py:3954} INFO - Setting next_dagrun for dataset_consumes_1 to None, run_after=None
[2025-05-29T19:59:36.073+0000] {logging_mixin.py:188} INFO - [2025-05-29T19:59:36.073+0000] {dag.py:3954} INFO - Setting next_dagrun for dataset_consumes_1_and_2 to None, run_after=None
[2025-05-29T19:59:36.076+0000] {logging_mixin.py:188} INFO - [2025-05-29T19:59:36.076+0000] {dag.py:3954} INFO - Setting next_dagrun for dataset_consumes_1_never_scheduled to None, run_after=None
[2025-05-29T19:59:36.079+0000] {logging_mixin.py:188} INFO - [2025-05-29T19:59:36.079+0000] {dag.py:3954} INFO - Setting next_dagrun for dataset_consumes_unknown_never_scheduled to None, run_after=None
[2025-05-29T19:59:36.084+0000] {logging_mixin.py:188} INFO - [2025-05-29T19:59:36.084+0000] {dag.py:3954} INFO - Setting next_dagrun for dataset_produces_1 to 2025-05-28 00:00:00+00:00, run_after=2025-05-29 00:00:00+00:00
[2025-05-29T19:59:36.087+0000] {logging_mixin.py:188} INFO - [2025-05-29T19:59:36.087+0000] {dag.py:3954} INFO - Setting next_dagrun for dataset_produces_2 to None, run_after=None
[2025-05-29T19:59:36.152+0000] {processor.py:183} INFO - Processing /home/airflow/.local/lib/python3.12/site-packages/airflow/example_dags/example_datasets.py took 0.264 seconds
[2025-05-29T20:00:06.833+0000] {processor.py:161} INFO - Started process (PID=748) to work on /home/airflow/.local/lib/python3.12/site-packages/airflow/example_dags/example_datasets.py
[2025-05-29T20:00:06.834+0000] {processor.py:830} INFO - Processing file /home/airflow/.local/lib/python3.12/site-packages/airflow/example_dags/example_datasets.py for tasks to queue
[2025-05-29T20:00:06.837+0000] {logging_mixin.py:188} INFO - [2025-05-29T20:00:06.836+0000] {dagbag.py:545} INFO - Filling up the DagBag from /home/airflow/.local/lib/python3.12/site-packages/airflow/example_dags/example_datasets.py
[2025-05-29T20:00:06.859+0000] {processor.py:840} INFO - DAG(s) 'dataset_consumes_unknown_never_scheduled', 'consume_1_or_both_2_and_3_with_dataset_expressions', 'consume_1_or_2_with_dataset_expressions', 'dataset_consumes_1_never_scheduled', 'dataset_produces_1', 'consume_1_and_2_with_dataset_expressions', 'dataset_consumes_1', 'conditional_dataset_and_time_based_timetable', 'dataset_produces_2', 'dataset_consumes_1_and_2' retrieved from /home/airflow/.local/lib/python3.12/site-packages/airflow/example_dags/example_datasets.py
[2025-05-29T20:00:06.949+0000] {logging_mixin.py:188} INFO - [2025-05-29T20:00:06.948+0000] {dag.py:3096} INFO - Sync 10 DAGs
[2025-05-29T20:00:06.994+0000] {logging_mixin.py:188} INFO - [2025-05-29T20:00:06.994+0000] {dag.py:3954} INFO - Setting next_dagrun for conditional_dataset_and_time_based_timetable to 2025-05-28 01:00:00+00:00, run_after=2025-05-28 01:00:00+00:00
[2025-05-29T20:00:07.002+0000] {logging_mixin.py:188} INFO - [2025-05-29T20:00:07.002+0000] {dag.py:3954} INFO - Setting next_dagrun for consume_1_and_2_with_dataset_expressions to None, run_after=None
[2025-05-29T20:00:07.006+0000] {logging_mixin.py:188} INFO - [2025-05-29T20:00:07.005+0000] {dag.py:3954} INFO - Setting next_dagrun for consume_1_or_2_with_dataset_expressions to None, run_after=None
[2025-05-29T20:00:07.008+0000] {logging_mixin.py:188} INFO - [2025-05-29T20:00:07.008+0000] {dag.py:3954} INFO - Setting next_dagrun for consume_1_or_both_2_and_3_with_dataset_expressions to None, run_after=None
[2025-05-29T20:00:07.011+0000] {logging_mixin.py:188} INFO - [2025-05-29T20:00:07.010+0000] {dag.py:3954} INFO - Setting next_dagrun for dataset_consumes_1 to None, run_after=None
[2025-05-29T20:00:07.014+0000] {logging_mixin.py:188} INFO - [2025-05-29T20:00:07.013+0000] {dag.py:3954} INFO - Setting next_dagrun for dataset_consumes_1_and_2 to None, run_after=None
[2025-05-29T20:00:07.016+0000] {logging_mixin.py:188} INFO - [2025-05-29T20:00:07.016+0000] {dag.py:3954} INFO - Setting next_dagrun for dataset_consumes_1_never_scheduled to None, run_after=None
[2025-05-29T20:00:07.019+0000] {logging_mixin.py:188} INFO - [2025-05-29T20:00:07.019+0000] {dag.py:3954} INFO - Setting next_dagrun for dataset_consumes_unknown_never_scheduled to None, run_after=None
[2025-05-29T20:00:07.024+0000] {logging_mixin.py:188} INFO - [2025-05-29T20:00:07.023+0000] {dag.py:3954} INFO - Setting next_dagrun for dataset_produces_1 to 2025-05-28 00:00:00+00:00, run_after=2025-05-29 00:00:00+00:00
[2025-05-29T20:00:07.026+0000] {logging_mixin.py:188} INFO - [2025-05-29T20:00:07.026+0000] {dag.py:3954} INFO - Setting next_dagrun for dataset_produces_2 to None, run_after=None
[2025-05-29T20:00:07.084+0000] {processor.py:183} INFO - Processing /home/airflow/.local/lib/python3.12/site-packages/airflow/example_dags/example_datasets.py took 0.260 seconds
[2025-05-29T20:00:37.271+0000] {processor.py:161} INFO - Started process (PID=806) to work on /home/airflow/.local/lib/python3.12/site-packages/airflow/example_dags/example_datasets.py
[2025-05-29T20:00:37.272+0000] {processor.py:830} INFO - Processing file /home/airflow/.local/lib/python3.12/site-packages/airflow/example_dags/example_datasets.py for tasks to queue
[2025-05-29T20:00:37.274+0000] {logging_mixin.py:188} INFO - [2025-05-29T20:00:37.274+0000] {dagbag.py:545} INFO - Filling up the DagBag from /home/airflow/.local/lib/python3.12/site-packages/airflow/example_dags/example_datasets.py
[2025-05-29T20:00:37.292+0000] {processor.py:840} INFO - DAG(s) 'conditional_dataset_and_time_based_timetable', 'dataset_produces_1', 'dataset_consumes_unknown_never_scheduled', 'consume_1_or_2_with_dataset_expressions', 'dataset_consumes_1', 'dataset_consumes_1_and_2', 'dataset_produces_2', 'consume_1_or_both_2_and_3_with_dataset_expressions', 'dataset_consumes_1_never_scheduled', 'consume_1_and_2_with_dataset_expressions' retrieved from /home/airflow/.local/lib/python3.12/site-packages/airflow/example_dags/example_datasets.py
[2025-05-29T20:00:37.365+0000] {logging_mixin.py:188} INFO - [2025-05-29T20:00:37.365+0000] {dag.py:3096} INFO - Sync 10 DAGs
[2025-05-29T20:00:37.395+0000] {logging_mixin.py:188} INFO - [2025-05-29T20:00:37.395+0000] {dag.py:3954} INFO - Setting next_dagrun for conditional_dataset_and_time_based_timetable to 2025-05-28 01:00:00+00:00, run_after=2025-05-28 01:00:00+00:00
[2025-05-29T20:00:37.401+0000] {logging_mixin.py:188} INFO - [2025-05-29T20:00:37.400+0000] {dag.py:3954} INFO - Setting next_dagrun for consume_1_and_2_with_dataset_expressions to None, run_after=None
[2025-05-29T20:00:37.403+0000] {logging_mixin.py:188} INFO - [2025-05-29T20:00:37.403+0000] {dag.py:3954} INFO - Setting next_dagrun for consume_1_or_2_with_dataset_expressions to None, run_after=None
[2025-05-29T20:00:37.405+0000] {logging_mixin.py:188} INFO - [2025-05-29T20:00:37.405+0000] {dag.py:3954} INFO - Setting next_dagrun for consume_1_or_both_2_and_3_with_dataset_expressions to None, run_after=None
[2025-05-29T20:00:37.408+0000] {logging_mixin.py:188} INFO - [2025-05-29T20:00:37.408+0000] {dag.py:3954} INFO - Setting next_dagrun for dataset_consumes_1 to None, run_after=None
[2025-05-29T20:00:37.410+0000] {logging_mixin.py:188} INFO - [2025-05-29T20:00:37.410+0000] {dag.py:3954} INFO - Setting next_dagrun for dataset_consumes_1_and_2 to None, run_after=None
[2025-05-29T20:00:37.412+0000] {logging_mixin.py:188} INFO - [2025-05-29T20:00:37.412+0000] {dag.py:3954} INFO - Setting next_dagrun for dataset_consumes_1_never_scheduled to None, run_after=None
[2025-05-29T20:00:37.415+0000] {logging_mixin.py:188} INFO - [2025-05-29T20:00:37.414+0000] {dag.py:3954} INFO - Setting next_dagrun for dataset_consumes_unknown_never_scheduled to None, run_after=None
[2025-05-29T20:00:37.418+0000] {logging_mixin.py:188} INFO - [2025-05-29T20:00:37.418+0000] {dag.py:3954} INFO - Setting next_dagrun for dataset_produces_1 to 2025-05-28 00:00:00+00:00, run_after=2025-05-29 00:00:00+00:00
[2025-05-29T20:00:37.420+0000] {logging_mixin.py:188} INFO - [2025-05-29T20:00:37.420+0000] {dag.py:3954} INFO - Setting next_dagrun for dataset_produces_2 to None, run_after=None
[2025-05-29T20:00:37.470+0000] {processor.py:183} INFO - Processing /home/airflow/.local/lib/python3.12/site-packages/airflow/example_dags/example_datasets.py took 0.206 seconds
[2025-05-29T20:01:08.166+0000] {processor.py:161} INFO - Started process (PID=864) to work on /home/airflow/.local/lib/python3.12/site-packages/airflow/example_dags/example_datasets.py
[2025-05-29T20:01:08.168+0000] {processor.py:830} INFO - Processing file /home/airflow/.local/lib/python3.12/site-packages/airflow/example_dags/example_datasets.py for tasks to queue
[2025-05-29T20:01:08.171+0000] {logging_mixin.py:188} INFO - [2025-05-29T20:01:08.170+0000] {dagbag.py:545} INFO - Filling up the DagBag from /home/airflow/.local/lib/python3.12/site-packages/airflow/example_dags/example_datasets.py
[2025-05-29T20:01:08.192+0000] {processor.py:840} INFO - DAG(s) 'consume_1_or_both_2_and_3_with_dataset_expressions', 'dataset_consumes_unknown_never_scheduled', 'dataset_produces_1', 'dataset_produces_2', 'consume_1_or_2_with_dataset_expressions', 'dataset_consumes_1_never_scheduled', 'dataset_consumes_1_and_2', 'conditional_dataset_and_time_based_timetable', 'consume_1_and_2_with_dataset_expressions', 'dataset_consumes_1' retrieved from /home/airflow/.local/lib/python3.12/site-packages/airflow/example_dags/example_datasets.py
[2025-05-29T20:01:08.271+0000] {logging_mixin.py:188} INFO - [2025-05-29T20:01:08.270+0000] {dag.py:3096} INFO - Sync 10 DAGs
[2025-05-29T20:01:08.309+0000] {logging_mixin.py:188} INFO - [2025-05-29T20:01:08.309+0000] {dag.py:3954} INFO - Setting next_dagrun for conditional_dataset_and_time_based_timetable to 2025-05-28 01:00:00+00:00, run_after=2025-05-28 01:00:00+00:00
[2025-05-29T20:01:08.317+0000] {logging_mixin.py:188} INFO - [2025-05-29T20:01:08.317+0000] {dag.py:3954} INFO - Setting next_dagrun for consume_1_and_2_with_dataset_expressions to None, run_after=None
[2025-05-29T20:01:08.320+0000] {logging_mixin.py:188} INFO - [2025-05-29T20:01:08.319+0000] {dag.py:3954} INFO - Setting next_dagrun for consume_1_or_2_with_dataset_expressions to None, run_after=None
[2025-05-29T20:01:08.322+0000] {logging_mixin.py:188} INFO - [2025-05-29T20:01:08.322+0000] {dag.py:3954} INFO - Setting next_dagrun for consume_1_or_both_2_and_3_with_dataset_expressions to None, run_after=None
[2025-05-29T20:01:08.325+0000] {logging_mixin.py:188} INFO - [2025-05-29T20:01:08.324+0000] {dag.py:3954} INFO - Setting next_dagrun for dataset_consumes_1 to None, run_after=None
[2025-05-29T20:01:08.327+0000] {logging_mixin.py:188} INFO - [2025-05-29T20:01:08.327+0000] {dag.py:3954} INFO - Setting next_dagrun for dataset_consumes_1_and_2 to None, run_after=None
[2025-05-29T20:01:08.330+0000] {logging_mixin.py:188} INFO - [2025-05-29T20:01:08.330+0000] {dag.py:3954} INFO - Setting next_dagrun for dataset_consumes_1_never_scheduled to None, run_after=None
[2025-05-29T20:01:08.333+0000] {logging_mixin.py:188} INFO - [2025-05-29T20:01:08.332+0000] {dag.py:3954} INFO - Setting next_dagrun for dataset_consumes_unknown_never_scheduled to None, run_after=None
[2025-05-29T20:01:08.337+0000] {logging_mixin.py:188} INFO - [2025-05-29T20:01:08.337+0000] {dag.py:3954} INFO - Setting next_dagrun for dataset_produces_1 to 2025-05-28 00:00:00+00:00, run_after=2025-05-29 00:00:00+00:00
[2025-05-29T20:01:08.340+0000] {logging_mixin.py:188} INFO - [2025-05-29T20:01:08.340+0000] {dag.py:3954} INFO - Setting next_dagrun for dataset_produces_2 to None, run_after=None
[2025-05-29T20:01:08.399+0000] {processor.py:183} INFO - Processing /home/airflow/.local/lib/python3.12/site-packages/airflow/example_dags/example_datasets.py took 0.240 seconds
