[2025-05-29T19:54:24.723+0000] {processor.py:161} INFO - Started process (PID=85) to work on /home/airflow/.local/lib/python3.12/site-packages/airflow/example_dags/example_display_name.py
[2025-05-29T19:54:24.725+0000] {processor.py:830} INFO - Processing file /home/airflow/.local/lib/python3.12/site-packages/airflow/example_dags/example_display_name.py for tasks to queue
[2025-05-29T19:54:24.729+0000] {logging_mixin.py:188} INFO - [2025-05-29T19:54:24.728+0000] {dagbag.py:545} INFO - Filling up the DagBag from /home/airflow/.local/lib/python3.12/site-packages/airflow/example_dags/example_display_name.py
[2025-05-29T19:54:24.745+0000] {processor.py:840} INFO - DAG(s) 'example_display_name' retrieved from /home/airflow/.local/lib/python3.12/site-packages/airflow/example_dags/example_display_name.py
[2025-05-29T19:54:24.966+0000] {logging_mixin.py:188} INFO - [2025-05-29T19:54:24.966+0000] {dag.py:3096} INFO - Sync 1 DAGs
[2025-05-29T19:54:24.981+0000] {logging_mixin.py:188} INFO - [2025-05-29T19:54:24.981+0000] {dag.py:3954} INFO - Setting next_dagrun for example_display_name to None, run_after=None
[2025-05-29T19:54:25.011+0000] {processor.py:183} INFO - Processing /home/airflow/.local/lib/python3.12/site-packages/airflow/example_dags/example_display_name.py took 0.298 seconds
[2025-05-29T19:54:55.757+0000] {processor.py:161} INFO - Started process (PID=143) to work on /home/airflow/.local/lib/python3.12/site-packages/airflow/example_dags/example_display_name.py
[2025-05-29T19:54:55.759+0000] {processor.py:830} INFO - Processing file /home/airflow/.local/lib/python3.12/site-packages/airflow/example_dags/example_display_name.py for tasks to queue
[2025-05-29T19:54:55.761+0000] {logging_mixin.py:188} INFO - [2025-05-29T19:54:55.761+0000] {dagbag.py:545} INFO - Filling up the DagBag from /home/airflow/.local/lib/python3.12/site-packages/airflow/example_dags/example_display_name.py
[2025-05-29T19:54:55.769+0000] {processor.py:840} INFO - DAG(s) 'example_display_name' retrieved from /home/airflow/.local/lib/python3.12/site-packages/airflow/example_dags/example_display_name.py
[2025-05-29T19:54:55.796+0000] {logging_mixin.py:188} INFO - [2025-05-29T19:54:55.795+0000] {dag.py:3096} INFO - Sync 1 DAGs
[2025-05-29T19:54:55.813+0000] {logging_mixin.py:188} INFO - [2025-05-29T19:54:55.813+0000] {dag.py:3954} INFO - Setting next_dagrun for example_display_name to None, run_after=None
[2025-05-29T19:54:55.844+0000] {processor.py:183} INFO - Processing /home/airflow/.local/lib/python3.12/site-packages/airflow/example_dags/example_display_name.py took 0.094 seconds
[2025-05-29T19:55:26.084+0000] {processor.py:161} INFO - Started process (PID=201) to work on /home/airflow/.local/lib/python3.12/site-packages/airflow/example_dags/example_display_name.py
[2025-05-29T19:55:26.086+0000] {processor.py:830} INFO - Processing file /home/airflow/.local/lib/python3.12/site-packages/airflow/example_dags/example_display_name.py for tasks to queue
[2025-05-29T19:55:26.089+0000] {logging_mixin.py:188} INFO - [2025-05-29T19:55:26.088+0000] {dagbag.py:545} INFO - Filling up the DagBag from /home/airflow/.local/lib/python3.12/site-packages/airflow/example_dags/example_display_name.py
[2025-05-29T19:55:26.098+0000] {processor.py:840} INFO - DAG(s) 'example_display_name' retrieved from /home/airflow/.local/lib/python3.12/site-packages/airflow/example_dags/example_display_name.py
[2025-05-29T19:55:26.129+0000] {logging_mixin.py:188} INFO - [2025-05-29T19:55:26.128+0000] {dag.py:3096} INFO - Sync 1 DAGs
[2025-05-29T19:55:26.147+0000] {logging_mixin.py:188} INFO - [2025-05-29T19:55:26.146+0000] {dag.py:3954} INFO - Setting next_dagrun for example_display_name to None, run_after=None
[2025-05-29T19:55:26.190+0000] {processor.py:183} INFO - Processing /home/airflow/.local/lib/python3.12/site-packages/airflow/example_dags/example_display_name.py took 0.113 seconds
[2025-05-29T19:55:56.575+0000] {processor.py:161} INFO - Started process (PID=259) to work on /home/airflow/.local/lib/python3.12/site-packages/airflow/example_dags/example_display_name.py
[2025-05-29T19:55:56.577+0000] {processor.py:830} INFO - Processing file /home/airflow/.local/lib/python3.12/site-packages/airflow/example_dags/example_display_name.py for tasks to queue
[2025-05-29T19:55:56.581+0000] {logging_mixin.py:188} INFO - [2025-05-29T19:55:56.580+0000] {dagbag.py:545} INFO - Filling up the DagBag from /home/airflow/.local/lib/python3.12/site-packages/airflow/example_dags/example_display_name.py
[2025-05-29T19:55:56.589+0000] {processor.py:840} INFO - DAG(s) 'example_display_name' retrieved from /home/airflow/.local/lib/python3.12/site-packages/airflow/example_dags/example_display_name.py
[2025-05-29T19:55:56.619+0000] {logging_mixin.py:188} INFO - [2025-05-29T19:55:56.618+0000] {dag.py:3096} INFO - Sync 1 DAGs
[2025-05-29T19:55:56.639+0000] {logging_mixin.py:188} INFO - [2025-05-29T19:55:56.639+0000] {dag.py:3954} INFO - Setting next_dagrun for example_display_name to None, run_after=None
[2025-05-29T19:55:56.686+0000] {processor.py:183} INFO - Processing /home/airflow/.local/lib/python3.12/site-packages/airflow/example_dags/example_display_name.py took 0.119 seconds
[2025-05-29T19:56:27.618+0000] {processor.py:161} INFO - Started process (PID=317) to work on /home/airflow/.local/lib/python3.12/site-packages/airflow/example_dags/example_display_name.py
[2025-05-29T19:56:27.620+0000] {processor.py:830} INFO - Processing file /home/airflow/.local/lib/python3.12/site-packages/airflow/example_dags/example_display_name.py for tasks to queue
[2025-05-29T19:56:27.623+0000] {logging_mixin.py:188} INFO - [2025-05-29T19:56:27.623+0000] {dagbag.py:545} INFO - Filling up the DagBag from /home/airflow/.local/lib/python3.12/site-packages/airflow/example_dags/example_display_name.py
[2025-05-29T19:56:27.637+0000] {processor.py:840} INFO - DAG(s) 'example_display_name' retrieved from /home/airflow/.local/lib/python3.12/site-packages/airflow/example_dags/example_display_name.py
[2025-05-29T19:56:27.690+0000] {logging_mixin.py:188} INFO - [2025-05-29T19:56:27.690+0000] {dag.py:3096} INFO - Sync 1 DAGs
[2025-05-29T19:56:27.714+0000] {logging_mixin.py:188} INFO - [2025-05-29T19:56:27.714+0000] {dag.py:3954} INFO - Setting next_dagrun for example_display_name to None, run_after=None
[2025-05-29T19:56:27.745+0000] {processor.py:183} INFO - Processing /home/airflow/.local/lib/python3.12/site-packages/airflow/example_dags/example_display_name.py took 0.137 seconds
[2025-05-29T19:56:57.919+0000] {processor.py:161} INFO - Started process (PID=375) to work on /home/airflow/.local/lib/python3.12/site-packages/airflow/example_dags/example_display_name.py
[2025-05-29T19:56:57.921+0000] {processor.py:830} INFO - Processing file /home/airflow/.local/lib/python3.12/site-packages/airflow/example_dags/example_display_name.py for tasks to queue
[2025-05-29T19:56:57.927+0000] {logging_mixin.py:188} INFO - [2025-05-29T19:56:57.926+0000] {dagbag.py:545} INFO - Filling up the DagBag from /home/airflow/.local/lib/python3.12/site-packages/airflow/example_dags/example_display_name.py
[2025-05-29T19:56:57.942+0000] {processor.py:840} INFO - DAG(s) 'example_display_name' retrieved from /home/airflow/.local/lib/python3.12/site-packages/airflow/example_dags/example_display_name.py
[2025-05-29T19:56:57.985+0000] {logging_mixin.py:188} INFO - [2025-05-29T19:56:57.984+0000] {dag.py:3096} INFO - Sync 1 DAGs
[2025-05-29T19:56:58.027+0000] {logging_mixin.py:188} INFO - [2025-05-29T19:56:58.027+0000] {dag.py:3954} INFO - Setting next_dagrun for example_display_name to None, run_after=None
[2025-05-29T19:56:58.070+0000] {processor.py:183} INFO - Processing /home/airflow/.local/lib/python3.12/site-packages/airflow/example_dags/example_display_name.py took 0.164 seconds
[2025-05-29T19:57:28.522+0000] {processor.py:161} INFO - Started process (PID=433) to work on /home/airflow/.local/lib/python3.12/site-packages/airflow/example_dags/example_display_name.py
[2025-05-29T19:57:28.523+0000] {processor.py:830} INFO - Processing file /home/airflow/.local/lib/python3.12/site-packages/airflow/example_dags/example_display_name.py for tasks to queue
[2025-05-29T19:57:28.526+0000] {logging_mixin.py:188} INFO - [2025-05-29T19:57:28.526+0000] {dagbag.py:545} INFO - Filling up the DagBag from /home/airflow/.local/lib/python3.12/site-packages/airflow/example_dags/example_display_name.py
[2025-05-29T19:57:28.536+0000] {processor.py:840} INFO - DAG(s) 'example_display_name' retrieved from /home/airflow/.local/lib/python3.12/site-packages/airflow/example_dags/example_display_name.py
[2025-05-29T19:57:28.568+0000] {logging_mixin.py:188} INFO - [2025-05-29T19:57:28.568+0000] {dag.py:3096} INFO - Sync 1 DAGs
[2025-05-29T19:57:28.590+0000] {logging_mixin.py:188} INFO - [2025-05-29T19:57:28.590+0000] {dag.py:3954} INFO - Setting next_dagrun for example_display_name to None, run_after=None
[2025-05-29T19:57:28.625+0000] {processor.py:183} INFO - Processing /home/airflow/.local/lib/python3.12/site-packages/airflow/example_dags/example_display_name.py took 0.112 seconds
[2025-05-29T19:57:58.812+0000] {processor.py:161} INFO - Started process (PID=491) to work on /home/airflow/.local/lib/python3.12/site-packages/airflow/example_dags/example_display_name.py
[2025-05-29T19:57:58.814+0000] {processor.py:830} INFO - Processing file /home/airflow/.local/lib/python3.12/site-packages/airflow/example_dags/example_display_name.py for tasks to queue
[2025-05-29T19:57:58.818+0000] {logging_mixin.py:188} INFO - [2025-05-29T19:57:58.817+0000] {dagbag.py:545} INFO - Filling up the DagBag from /home/airflow/.local/lib/python3.12/site-packages/airflow/example_dags/example_display_name.py
[2025-05-29T19:57:58.827+0000] {processor.py:840} INFO - DAG(s) 'example_display_name' retrieved from /home/airflow/.local/lib/python3.12/site-packages/airflow/example_dags/example_display_name.py
[2025-05-29T19:57:58.862+0000] {logging_mixin.py:188} INFO - [2025-05-29T19:57:58.861+0000] {dag.py:3096} INFO - Sync 1 DAGs
[2025-05-29T19:57:58.883+0000] {logging_mixin.py:188} INFO - [2025-05-29T19:57:58.883+0000] {dag.py:3954} INFO - Setting next_dagrun for example_display_name to None, run_after=None
[2025-05-29T19:57:58.918+0000] {processor.py:183} INFO - Processing /home/airflow/.local/lib/python3.12/site-packages/airflow/example_dags/example_display_name.py took 0.116 seconds
[2025-05-29T19:58:29.841+0000] {processor.py:161} INFO - Started process (PID=549) to work on /home/airflow/.local/lib/python3.12/site-packages/airflow/example_dags/example_display_name.py
[2025-05-29T19:58:29.843+0000] {processor.py:830} INFO - Processing file /home/airflow/.local/lib/python3.12/site-packages/airflow/example_dags/example_display_name.py for tasks to queue
[2025-05-29T19:58:29.846+0000] {logging_mixin.py:188} INFO - [2025-05-29T19:58:29.845+0000] {dagbag.py:545} INFO - Filling up the DagBag from /home/airflow/.local/lib/python3.12/site-packages/airflow/example_dags/example_display_name.py
[2025-05-29T19:58:29.854+0000] {processor.py:840} INFO - DAG(s) 'example_display_name' retrieved from /home/airflow/.local/lib/python3.12/site-packages/airflow/example_dags/example_display_name.py
[2025-05-29T19:58:29.904+0000] {logging_mixin.py:188} INFO - [2025-05-29T19:58:29.903+0000] {dag.py:3096} INFO - Sync 1 DAGs
[2025-05-29T19:58:29.935+0000] {logging_mixin.py:188} INFO - [2025-05-29T19:58:29.934+0000] {dag.py:3954} INFO - Setting next_dagrun for example_display_name to None, run_after=None
[2025-05-29T19:58:29.971+0000] {processor.py:183} INFO - Processing /home/airflow/.local/lib/python3.12/site-packages/airflow/example_dags/example_display_name.py took 0.137 seconds
[2025-05-29T19:59:00.288+0000] {processor.py:161} INFO - Started process (PID=607) to work on /home/airflow/.local/lib/python3.12/site-packages/airflow/example_dags/example_display_name.py
[2025-05-29T19:59:00.289+0000] {processor.py:830} INFO - Processing file /home/airflow/.local/lib/python3.12/site-packages/airflow/example_dags/example_display_name.py for tasks to queue
[2025-05-29T19:59:00.292+0000] {logging_mixin.py:188} INFO - [2025-05-29T19:59:00.292+0000] {dagbag.py:545} INFO - Filling up the DagBag from /home/airflow/.local/lib/python3.12/site-packages/airflow/example_dags/example_display_name.py
[2025-05-29T19:59:00.304+0000] {processor.py:840} INFO - DAG(s) 'example_display_name' retrieved from /home/airflow/.local/lib/python3.12/site-packages/airflow/example_dags/example_display_name.py
[2025-05-29T19:59:00.333+0000] {logging_mixin.py:188} INFO - [2025-05-29T19:59:00.333+0000] {dag.py:3096} INFO - Sync 1 DAGs
[2025-05-29T19:59:00.354+0000] {logging_mixin.py:188} INFO - [2025-05-29T19:59:00.353+0000] {dag.py:3954} INFO - Setting next_dagrun for example_display_name to None, run_after=None
[2025-05-29T19:59:00.386+0000] {processor.py:183} INFO - Processing /home/airflow/.local/lib/python3.12/site-packages/airflow/example_dags/example_display_name.py took 0.106 seconds
[2025-05-29T19:59:30.643+0000] {processor.py:161} INFO - Started process (PID=665) to work on /home/airflow/.local/lib/python3.12/site-packages/airflow/example_dags/example_display_name.py
[2025-05-29T19:59:30.644+0000] {processor.py:830} INFO - Processing file /home/airflow/.local/lib/python3.12/site-packages/airflow/example_dags/example_display_name.py for tasks to queue
[2025-05-29T19:59:30.647+0000] {logging_mixin.py:188} INFO - [2025-05-29T19:59:30.647+0000] {dagbag.py:545} INFO - Filling up the DagBag from /home/airflow/.local/lib/python3.12/site-packages/airflow/example_dags/example_display_name.py
[2025-05-29T19:59:30.655+0000] {processor.py:840} INFO - DAG(s) 'example_display_name' retrieved from /home/airflow/.local/lib/python3.12/site-packages/airflow/example_dags/example_display_name.py
[2025-05-29T19:59:30.683+0000] {logging_mixin.py:188} INFO - [2025-05-29T19:59:30.683+0000] {dag.py:3096} INFO - Sync 1 DAGs
[2025-05-29T19:59:30.706+0000] {logging_mixin.py:188} INFO - [2025-05-29T19:59:30.706+0000] {dag.py:3954} INFO - Setting next_dagrun for example_display_name to None, run_after=None
[2025-05-29T19:59:30.749+0000] {processor.py:183} INFO - Processing /home/airflow/.local/lib/python3.12/site-packages/airflow/example_dags/example_display_name.py took 0.116 seconds
[2025-05-29T20:00:00.931+0000] {processor.py:161} INFO - Started process (PID=722) to work on /home/airflow/.local/lib/python3.12/site-packages/airflow/example_dags/example_display_name.py
[2025-05-29T20:00:00.932+0000] {processor.py:830} INFO - Processing file /home/airflow/.local/lib/python3.12/site-packages/airflow/example_dags/example_display_name.py for tasks to queue
[2025-05-29T20:00:00.936+0000] {logging_mixin.py:188} INFO - [2025-05-29T20:00:00.935+0000] {dagbag.py:545} INFO - Filling up the DagBag from /home/airflow/.local/lib/python3.12/site-packages/airflow/example_dags/example_display_name.py
[2025-05-29T20:00:00.945+0000] {processor.py:840} INFO - DAG(s) 'example_display_name' retrieved from /home/airflow/.local/lib/python3.12/site-packages/airflow/example_dags/example_display_name.py
[2025-05-29T20:00:00.971+0000] {logging_mixin.py:188} INFO - [2025-05-29T20:00:00.970+0000] {dag.py:3096} INFO - Sync 1 DAGs
[2025-05-29T20:00:00.986+0000] {logging_mixin.py:188} INFO - [2025-05-29T20:00:00.986+0000] {dag.py:3954} INFO - Setting next_dagrun for example_display_name to None, run_after=None
[2025-05-29T20:00:01.016+0000] {processor.py:183} INFO - Processing /home/airflow/.local/lib/python3.12/site-packages/airflow/example_dags/example_display_name.py took 0.093 seconds
[2025-05-29T20:00:31.127+0000] {processor.py:161} INFO - Started process (PID=780) to work on /home/airflow/.local/lib/python3.12/site-packages/airflow/example_dags/example_display_name.py
[2025-05-29T20:00:31.129+0000] {processor.py:830} INFO - Processing file /home/airflow/.local/lib/python3.12/site-packages/airflow/example_dags/example_display_name.py for tasks to queue
[2025-05-29T20:00:31.131+0000] {logging_mixin.py:188} INFO - [2025-05-29T20:00:31.131+0000] {dagbag.py:545} INFO - Filling up the DagBag from /home/airflow/.local/lib/python3.12/site-packages/airflow/example_dags/example_display_name.py
[2025-05-29T20:00:31.139+0000] {processor.py:840} INFO - DAG(s) 'example_display_name' retrieved from /home/airflow/.local/lib/python3.12/site-packages/airflow/example_dags/example_display_name.py
[2025-05-29T20:00:31.167+0000] {logging_mixin.py:188} INFO - [2025-05-29T20:00:31.167+0000] {dag.py:3096} INFO - Sync 1 DAGs
[2025-05-29T20:00:31.186+0000] {logging_mixin.py:188} INFO - [2025-05-29T20:00:31.186+0000] {dag.py:3954} INFO - Setting next_dagrun for example_display_name to None, run_after=None
[2025-05-29T20:00:31.217+0000] {processor.py:183} INFO - Processing /home/airflow/.local/lib/python3.12/site-packages/airflow/example_dags/example_display_name.py took 0.099 seconds
[2025-05-29T20:01:01.735+0000] {processor.py:161} INFO - Started process (PID=838) to work on /home/airflow/.local/lib/python3.12/site-packages/airflow/example_dags/example_display_name.py
[2025-05-29T20:01:01.736+0000] {processor.py:830} INFO - Processing file /home/airflow/.local/lib/python3.12/site-packages/airflow/example_dags/example_display_name.py for tasks to queue
[2025-05-29T20:01:01.739+0000] {logging_mixin.py:188} INFO - [2025-05-29T20:01:01.739+0000] {dagbag.py:545} INFO - Filling up the DagBag from /home/airflow/.local/lib/python3.12/site-packages/airflow/example_dags/example_display_name.py
[2025-05-29T20:01:01.747+0000] {processor.py:840} INFO - DAG(s) 'example_display_name' retrieved from /home/airflow/.local/lib/python3.12/site-packages/airflow/example_dags/example_display_name.py
[2025-05-29T20:01:01.777+0000] {logging_mixin.py:188} INFO - [2025-05-29T20:01:01.776+0000] {dag.py:3096} INFO - Sync 1 DAGs
[2025-05-29T20:01:01.796+0000] {logging_mixin.py:188} INFO - [2025-05-29T20:01:01.796+0000] {dag.py:3954} INFO - Setting next_dagrun for example_display_name to None, run_after=None
[2025-05-29T20:01:01.847+0000] {processor.py:183} INFO - Processing /home/airflow/.local/lib/python3.12/site-packages/airflow/example_dags/example_display_name.py took 0.120 seconds
