[2025-05-29T19:54:22.005+0000] {processor.py:161} INFO - Started process (PID=77) to work on /home/airflow/.local/lib/python3.12/site-packages/airflow/example_dags/example_sensors.py
[2025-05-29T19:54:22.007+0000] {processor.py:830} INFO - Processing file /home/airflow/.local/lib/python3.12/site-packages/airflow/example_dags/example_sensors.py for tasks to queue
[2025-05-29T19:54:22.012+0000] {logging_mixin.py:188} INFO - [2025-05-29T19:54:22.011+0000] {dagbag.py:545} INFO - Filling up the DagBag from /home/airflow/.local/lib/python3.12/site-packages/airflow/example_dags/example_sensors.py
[2025-05-29T19:54:22.045+0000] {processor.py:840} INFO - DAG(s) 'example_sensors' retrieved from /home/airflow/.local/lib/python3.12/site-packages/airflow/example_dags/example_sensors.py
[2025-05-29T19:54:22.343+0000] {logging_mixin.py:188} INFO - [2025-05-29T19:54:22.343+0000] {dag.py:3096} INFO - Sync 1 DAGs
[2025-05-29T19:54:22.374+0000] {logging_mixin.py:188} INFO - [2025-05-29T19:54:22.374+0000] {dag.py:3954} INFO - Setting next_dagrun for example_sensors to None, run_after=None
[2025-05-29T19:54:22.423+0000] {processor.py:183} INFO - Processing /home/airflow/.local/lib/python3.12/site-packages/airflow/example_dags/example_sensors.py took 0.430 seconds
[2025-05-29T19:54:52.954+0000] {processor.py:161} INFO - Started process (PID=135) to work on /home/airflow/.local/lib/python3.12/site-packages/airflow/example_dags/example_sensors.py
[2025-05-29T19:54:52.956+0000] {processor.py:830} INFO - Processing file /home/airflow/.local/lib/python3.12/site-packages/airflow/example_dags/example_sensors.py for tasks to queue
[2025-05-29T19:54:52.959+0000] {logging_mixin.py:188} INFO - [2025-05-29T19:54:52.958+0000] {dagbag.py:545} INFO - Filling up the DagBag from /home/airflow/.local/lib/python3.12/site-packages/airflow/example_dags/example_sensors.py
[2025-05-29T19:54:52.988+0000] {processor.py:840} INFO - DAG(s) 'example_sensors' retrieved from /home/airflow/.local/lib/python3.12/site-packages/airflow/example_dags/example_sensors.py
[2025-05-29T19:54:53.087+0000] {logging_mixin.py:188} INFO - [2025-05-29T19:54:53.086+0000] {dag.py:3096} INFO - Sync 1 DAGs
[2025-05-29T19:54:53.123+0000] {logging_mixin.py:188} INFO - [2025-05-29T19:54:53.122+0000] {dag.py:3954} INFO - Setting next_dagrun for example_sensors to None, run_after=None
[2025-05-29T19:54:53.181+0000] {processor.py:183} INFO - Processing /home/airflow/.local/lib/python3.12/site-packages/airflow/example_dags/example_sensors.py took 0.240 seconds
[2025-05-29T19:55:23.304+0000] {processor.py:161} INFO - Started process (PID=193) to work on /home/airflow/.local/lib/python3.12/site-packages/airflow/example_dags/example_sensors.py
[2025-05-29T19:55:23.305+0000] {processor.py:830} INFO - Processing file /home/airflow/.local/lib/python3.12/site-packages/airflow/example_dags/example_sensors.py for tasks to queue
[2025-05-29T19:55:23.307+0000] {logging_mixin.py:188} INFO - [2025-05-29T19:55:23.307+0000] {dagbag.py:545} INFO - Filling up the DagBag from /home/airflow/.local/lib/python3.12/site-packages/airflow/example_dags/example_sensors.py
[2025-05-29T19:55:23.321+0000] {processor.py:840} INFO - DAG(s) 'example_sensors' retrieved from /home/airflow/.local/lib/python3.12/site-packages/airflow/example_dags/example_sensors.py
[2025-05-29T19:55:23.360+0000] {logging_mixin.py:188} INFO - [2025-05-29T19:55:23.360+0000] {dag.py:3096} INFO - Sync 1 DAGs
[2025-05-29T19:55:23.378+0000] {logging_mixin.py:188} INFO - [2025-05-29T19:55:23.378+0000] {dag.py:3954} INFO - Setting next_dagrun for example_sensors to None, run_after=None
[2025-05-29T19:55:23.411+0000] {processor.py:183} INFO - Processing /home/airflow/.local/lib/python3.12/site-packages/airflow/example_dags/example_sensors.py took 0.115 seconds
[2025-05-29T19:55:53.495+0000] {processor.py:161} INFO - Started process (PID=251) to work on /home/airflow/.local/lib/python3.12/site-packages/airflow/example_dags/example_sensors.py
[2025-05-29T19:55:53.496+0000] {processor.py:830} INFO - Processing file /home/airflow/.local/lib/python3.12/site-packages/airflow/example_dags/example_sensors.py for tasks to queue
[2025-05-29T19:55:53.499+0000] {logging_mixin.py:188} INFO - [2025-05-29T19:55:53.499+0000] {dagbag.py:545} INFO - Filling up the DagBag from /home/airflow/.local/lib/python3.12/site-packages/airflow/example_dags/example_sensors.py
[2025-05-29T19:55:53.511+0000] {processor.py:840} INFO - DAG(s) 'example_sensors' retrieved from /home/airflow/.local/lib/python3.12/site-packages/airflow/example_dags/example_sensors.py
[2025-05-29T19:55:53.553+0000] {logging_mixin.py:188} INFO - [2025-05-29T19:55:53.553+0000] {dag.py:3096} INFO - Sync 1 DAGs
[2025-05-29T19:55:53.572+0000] {logging_mixin.py:188} INFO - [2025-05-29T19:55:53.571+0000] {dag.py:3954} INFO - Setting next_dagrun for example_sensors to None, run_after=None
[2025-05-29T19:55:53.599+0000] {processor.py:183} INFO - Processing /home/airflow/.local/lib/python3.12/site-packages/airflow/example_dags/example_sensors.py took 0.111 seconds
[2025-05-29T19:56:24.362+0000] {processor.py:161} INFO - Started process (PID=309) to work on /home/airflow/.local/lib/python3.12/site-packages/airflow/example_dags/example_sensors.py
[2025-05-29T19:56:24.363+0000] {processor.py:830} INFO - Processing file /home/airflow/.local/lib/python3.12/site-packages/airflow/example_dags/example_sensors.py for tasks to queue
[2025-05-29T19:56:24.367+0000] {logging_mixin.py:188} INFO - [2025-05-29T19:56:24.367+0000] {dagbag.py:545} INFO - Filling up the DagBag from /home/airflow/.local/lib/python3.12/site-packages/airflow/example_dags/example_sensors.py
[2025-05-29T19:56:24.384+0000] {processor.py:840} INFO - DAG(s) 'example_sensors' retrieved from /home/airflow/.local/lib/python3.12/site-packages/airflow/example_dags/example_sensors.py
[2025-05-29T19:56:24.436+0000] {logging_mixin.py:188} INFO - [2025-05-29T19:56:24.435+0000] {dag.py:3096} INFO - Sync 1 DAGs
[2025-05-29T19:56:24.463+0000] {logging_mixin.py:188} INFO - [2025-05-29T19:56:24.462+0000] {dag.py:3954} INFO - Setting next_dagrun for example_sensors to None, run_after=None
[2025-05-29T19:56:24.519+0000] {processor.py:183} INFO - Processing /home/airflow/.local/lib/python3.12/site-packages/airflow/example_dags/example_sensors.py took 0.166 seconds
[2025-05-29T19:56:54.974+0000] {processor.py:161} INFO - Started process (PID=367) to work on /home/airflow/.local/lib/python3.12/site-packages/airflow/example_dags/example_sensors.py
[2025-05-29T19:56:54.975+0000] {processor.py:830} INFO - Processing file /home/airflow/.local/lib/python3.12/site-packages/airflow/example_dags/example_sensors.py for tasks to queue
[2025-05-29T19:56:54.978+0000] {logging_mixin.py:188} INFO - [2025-05-29T19:56:54.978+0000] {dagbag.py:545} INFO - Filling up the DagBag from /home/airflow/.local/lib/python3.12/site-packages/airflow/example_dags/example_sensors.py
[2025-05-29T19:56:54.990+0000] {processor.py:840} INFO - DAG(s) 'example_sensors' retrieved from /home/airflow/.local/lib/python3.12/site-packages/airflow/example_dags/example_sensors.py
[2025-05-29T19:56:55.026+0000] {logging_mixin.py:188} INFO - [2025-05-29T19:56:55.026+0000] {dag.py:3096} INFO - Sync 1 DAGs
[2025-05-29T19:56:55.043+0000] {logging_mixin.py:188} INFO - [2025-05-29T19:56:55.043+0000] {dag.py:3954} INFO - Setting next_dagrun for example_sensors to None, run_after=None
[2025-05-29T19:56:55.071+0000] {processor.py:183} INFO - Processing /home/airflow/.local/lib/python3.12/site-packages/airflow/example_dags/example_sensors.py took 0.104 seconds
[2025-05-29T19:57:25.561+0000] {processor.py:161} INFO - Started process (PID=425) to work on /home/airflow/.local/lib/python3.12/site-packages/airflow/example_dags/example_sensors.py
[2025-05-29T19:57:25.563+0000] {processor.py:830} INFO - Processing file /home/airflow/.local/lib/python3.12/site-packages/airflow/example_dags/example_sensors.py for tasks to queue
[2025-05-29T19:57:25.566+0000] {logging_mixin.py:188} INFO - [2025-05-29T19:57:25.565+0000] {dagbag.py:545} INFO - Filling up the DagBag from /home/airflow/.local/lib/python3.12/site-packages/airflow/example_dags/example_sensors.py
[2025-05-29T19:57:25.580+0000] {processor.py:840} INFO - DAG(s) 'example_sensors' retrieved from /home/airflow/.local/lib/python3.12/site-packages/airflow/example_dags/example_sensors.py
[2025-05-29T19:57:25.624+0000] {logging_mixin.py:188} INFO - [2025-05-29T19:57:25.624+0000] {dag.py:3096} INFO - Sync 1 DAGs
[2025-05-29T19:57:25.646+0000] {logging_mixin.py:188} INFO - [2025-05-29T19:57:25.645+0000] {dag.py:3954} INFO - Setting next_dagrun for example_sensors to None, run_after=None
[2025-05-29T19:57:25.683+0000] {processor.py:183} INFO - Processing /home/airflow/.local/lib/python3.12/site-packages/airflow/example_dags/example_sensors.py took 0.130 seconds
[2025-05-29T19:57:55.958+0000] {processor.py:161} INFO - Started process (PID=483) to work on /home/airflow/.local/lib/python3.12/site-packages/airflow/example_dags/example_sensors.py
[2025-05-29T19:57:55.959+0000] {processor.py:830} INFO - Processing file /home/airflow/.local/lib/python3.12/site-packages/airflow/example_dags/example_sensors.py for tasks to queue
[2025-05-29T19:57:55.962+0000] {logging_mixin.py:188} INFO - [2025-05-29T19:57:55.962+0000] {dagbag.py:545} INFO - Filling up the DagBag from /home/airflow/.local/lib/python3.12/site-packages/airflow/example_dags/example_sensors.py
[2025-05-29T19:57:55.977+0000] {processor.py:840} INFO - DAG(s) 'example_sensors' retrieved from /home/airflow/.local/lib/python3.12/site-packages/airflow/example_dags/example_sensors.py
[2025-05-29T19:57:56.015+0000] {logging_mixin.py:188} INFO - [2025-05-29T19:57:56.015+0000] {dag.py:3096} INFO - Sync 1 DAGs
[2025-05-29T19:57:56.033+0000] {logging_mixin.py:188} INFO - [2025-05-29T19:57:56.033+0000] {dag.py:3954} INFO - Setting next_dagrun for example_sensors to None, run_after=None
[2025-05-29T19:57:56.060+0000] {processor.py:183} INFO - Processing /home/airflow/.local/lib/python3.12/site-packages/airflow/example_dags/example_sensors.py took 0.110 seconds
[2025-05-29T19:58:26.833+0000] {processor.py:161} INFO - Started process (PID=541) to work on /home/airflow/.local/lib/python3.12/site-packages/airflow/example_dags/example_sensors.py
[2025-05-29T19:58:26.835+0000] {processor.py:830} INFO - Processing file /home/airflow/.local/lib/python3.12/site-packages/airflow/example_dags/example_sensors.py for tasks to queue
[2025-05-29T19:58:26.838+0000] {logging_mixin.py:188} INFO - [2025-05-29T19:58:26.838+0000] {dagbag.py:545} INFO - Filling up the DagBag from /home/airflow/.local/lib/python3.12/site-packages/airflow/example_dags/example_sensors.py
[2025-05-29T19:58:26.853+0000] {processor.py:840} INFO - DAG(s) 'example_sensors' retrieved from /home/airflow/.local/lib/python3.12/site-packages/airflow/example_dags/example_sensors.py
[2025-05-29T19:58:26.928+0000] {logging_mixin.py:188} INFO - [2025-05-29T19:58:26.926+0000] {dag.py:3096} INFO - Sync 1 DAGs
[2025-05-29T19:58:26.969+0000] {logging_mixin.py:188} INFO - [2025-05-29T19:58:26.968+0000] {dag.py:3954} INFO - Setting next_dagrun for example_sensors to None, run_after=None
[2025-05-29T19:58:27.017+0000] {processor.py:183} INFO - Processing /home/airflow/.local/lib/python3.12/site-packages/airflow/example_dags/example_sensors.py took 0.193 seconds
[2025-05-29T19:58:57.312+0000] {processor.py:161} INFO - Started process (PID=599) to work on /home/airflow/.local/lib/python3.12/site-packages/airflow/example_dags/example_sensors.py
[2025-05-29T19:58:57.313+0000] {processor.py:830} INFO - Processing file /home/airflow/.local/lib/python3.12/site-packages/airflow/example_dags/example_sensors.py for tasks to queue
[2025-05-29T19:58:57.316+0000] {logging_mixin.py:188} INFO - [2025-05-29T19:58:57.316+0000] {dagbag.py:545} INFO - Filling up the DagBag from /home/airflow/.local/lib/python3.12/site-packages/airflow/example_dags/example_sensors.py
[2025-05-29T19:58:57.326+0000] {processor.py:840} INFO - DAG(s) 'example_sensors' retrieved from /home/airflow/.local/lib/python3.12/site-packages/airflow/example_dags/example_sensors.py
[2025-05-29T19:58:57.359+0000] {logging_mixin.py:188} INFO - [2025-05-29T19:58:57.359+0000] {dag.py:3096} INFO - Sync 1 DAGs
[2025-05-29T19:58:57.376+0000] {logging_mixin.py:188} INFO - [2025-05-29T19:58:57.375+0000] {dag.py:3954} INFO - Setting next_dagrun for example_sensors to None, run_after=None
[2025-05-29T19:58:57.402+0000] {processor.py:183} INFO - Processing /home/airflow/.local/lib/python3.12/site-packages/airflow/example_dags/example_sensors.py took 0.097 seconds
[2025-05-29T19:59:27.869+0000] {processor.py:161} INFO - Started process (PID=657) to work on /home/airflow/.local/lib/python3.12/site-packages/airflow/example_dags/example_sensors.py
[2025-05-29T19:59:27.871+0000] {processor.py:830} INFO - Processing file /home/airflow/.local/lib/python3.12/site-packages/airflow/example_dags/example_sensors.py for tasks to queue
[2025-05-29T19:59:27.874+0000] {logging_mixin.py:188} INFO - [2025-05-29T19:59:27.873+0000] {dagbag.py:545} INFO - Filling up the DagBag from /home/airflow/.local/lib/python3.12/site-packages/airflow/example_dags/example_sensors.py
[2025-05-29T19:59:27.884+0000] {processor.py:840} INFO - DAG(s) 'example_sensors' retrieved from /home/airflow/.local/lib/python3.12/site-packages/airflow/example_dags/example_sensors.py
[2025-05-29T19:59:27.918+0000] {logging_mixin.py:188} INFO - [2025-05-29T19:59:27.917+0000] {dag.py:3096} INFO - Sync 1 DAGs
[2025-05-29T19:59:27.936+0000] {logging_mixin.py:188} INFO - [2025-05-29T19:59:27.935+0000] {dag.py:3954} INFO - Setting next_dagrun for example_sensors to None, run_after=None
[2025-05-29T19:59:27.962+0000] {processor.py:183} INFO - Processing /home/airflow/.local/lib/python3.12/site-packages/airflow/example_dags/example_sensors.py took 0.099 seconds
[2025-05-29T19:59:58.405+0000] {processor.py:161} INFO - Started process (PID=715) to work on /home/airflow/.local/lib/python3.12/site-packages/airflow/example_dags/example_sensors.py
[2025-05-29T19:59:58.407+0000] {processor.py:830} INFO - Processing file /home/airflow/.local/lib/python3.12/site-packages/airflow/example_dags/example_sensors.py for tasks to queue
[2025-05-29T19:59:58.411+0000] {logging_mixin.py:188} INFO - [2025-05-29T19:59:58.410+0000] {dagbag.py:545} INFO - Filling up the DagBag from /home/airflow/.local/lib/python3.12/site-packages/airflow/example_dags/example_sensors.py
[2025-05-29T19:59:58.426+0000] {processor.py:840} INFO - DAG(s) 'example_sensors' retrieved from /home/airflow/.local/lib/python3.12/site-packages/airflow/example_dags/example_sensors.py
[2025-05-29T19:59:58.473+0000] {logging_mixin.py:188} INFO - [2025-05-29T19:59:58.473+0000] {dag.py:3096} INFO - Sync 1 DAGs
[2025-05-29T19:59:58.498+0000] {logging_mixin.py:188} INFO - [2025-05-29T19:59:58.497+0000] {dag.py:3954} INFO - Setting next_dagrun for example_sensors to None, run_after=None
[2025-05-29T19:59:58.536+0000] {processor.py:183} INFO - Processing /home/airflow/.local/lib/python3.12/site-packages/airflow/example_dags/example_sensors.py took 0.140 seconds
[2025-05-29T20:00:28.614+0000] {processor.py:161} INFO - Started process (PID=773) to work on /home/airflow/.local/lib/python3.12/site-packages/airflow/example_dags/example_sensors.py
[2025-05-29T20:00:28.616+0000] {processor.py:830} INFO - Processing file /home/airflow/.local/lib/python3.12/site-packages/airflow/example_dags/example_sensors.py for tasks to queue
[2025-05-29T20:00:28.619+0000] {logging_mixin.py:188} INFO - [2025-05-29T20:00:28.619+0000] {dagbag.py:545} INFO - Filling up the DagBag from /home/airflow/.local/lib/python3.12/site-packages/airflow/example_dags/example_sensors.py
[2025-05-29T20:00:28.638+0000] {processor.py:840} INFO - DAG(s) 'example_sensors' retrieved from /home/airflow/.local/lib/python3.12/site-packages/airflow/example_dags/example_sensors.py
[2025-05-29T20:00:28.684+0000] {logging_mixin.py:188} INFO - [2025-05-29T20:00:28.682+0000] {dag.py:3096} INFO - Sync 1 DAGs
[2025-05-29T20:00:28.706+0000] {logging_mixin.py:188} INFO - [2025-05-29T20:00:28.705+0000] {dag.py:3954} INFO - Setting next_dagrun for example_sensors to None, run_after=None
[2025-05-29T20:00:28.742+0000] {processor.py:183} INFO - Processing /home/airflow/.local/lib/python3.12/site-packages/airflow/example_dags/example_sensors.py took 0.139 seconds
[2025-05-29T20:00:58.943+0000] {processor.py:161} INFO - Started process (PID=831) to work on /home/airflow/.local/lib/python3.12/site-packages/airflow/example_dags/example_sensors.py
[2025-05-29T20:00:58.945+0000] {processor.py:830} INFO - Processing file /home/airflow/.local/lib/python3.12/site-packages/airflow/example_dags/example_sensors.py for tasks to queue
[2025-05-29T20:00:58.948+0000] {logging_mixin.py:188} INFO - [2025-05-29T20:00:58.948+0000] {dagbag.py:545} INFO - Filling up the DagBag from /home/airflow/.local/lib/python3.12/site-packages/airflow/example_dags/example_sensors.py
[2025-05-29T20:00:58.971+0000] {processor.py:840} INFO - DAG(s) 'example_sensors' retrieved from /home/airflow/.local/lib/python3.12/site-packages/airflow/example_dags/example_sensors.py
[2025-05-29T20:00:59.025+0000] {logging_mixin.py:188} INFO - [2025-05-29T20:00:59.024+0000] {dag.py:3096} INFO - Sync 1 DAGs
[2025-05-29T20:00:59.058+0000] {logging_mixin.py:188} INFO - [2025-05-29T20:00:59.058+0000] {dag.py:3954} INFO - Setting next_dagrun for example_sensors to None, run_after=None
[2025-05-29T20:00:59.125+0000] {processor.py:183} INFO - Processing /home/airflow/.local/lib/python3.12/site-packages/airflow/example_dags/example_sensors.py took 0.193 seconds
