[2025-05-29T19:54:25.243+0000] {processor.py:161} INFO - Started process (PID=88) to work on /home/airflow/.local/lib/python3.12/site-packages/airflow/example_dags/example_xcomargs.py
[2025-05-29T19:54:25.245+0000] {processor.py:830} INFO - Processing file /home/airflow/.local/lib/python3.12/site-packages/airflow/example_dags/example_xcomargs.py for tasks to queue
[2025-05-29T19:54:25.248+0000] {logging_mixin.py:188} INFO - [2025-05-29T19:54:25.247+0000] {dagbag.py:545} INFO - Filling up the DagBag from /home/airflow/.local/lib/python3.12/site-packages/airflow/example_dags/example_xcomargs.py
[2025-05-29T19:54:25.263+0000] {processor.py:840} INFO - DAG(s) 'example_xcom_args_with_operators', 'example_xcom_args' retrieved from /home/airflow/.local/lib/python3.12/site-packages/airflow/example_dags/example_xcomargs.py
[2025-05-29T19:54:25.469+0000] {logging_mixin.py:188} INFO - [2025-05-29T19:54:25.469+0000] {dag.py:3096} INFO - Sync 2 DAGs
[2025-05-29T19:54:25.486+0000] {logging_mixin.py:188} INFO - [2025-05-29T19:54:25.485+0000] {dag.py:3954} INFO - Setting next_dagrun for example_xcom_args to None, run_after=None
[2025-05-29T19:54:25.492+0000] {logging_mixin.py:188} INFO - [2025-05-29T19:54:25.491+0000] {dag.py:3954} INFO - Setting next_dagrun for example_xcom_args_with_operators to None, run_after=None
[2025-05-29T19:54:25.524+0000] {processor.py:183} INFO - Processing /home/airflow/.local/lib/python3.12/site-packages/airflow/example_dags/example_xcomargs.py took 0.290 seconds
[2025-05-29T19:54:56.049+0000] {processor.py:161} INFO - Started process (PID=146) to work on /home/airflow/.local/lib/python3.12/site-packages/airflow/example_dags/example_xcomargs.py
[2025-05-29T19:54:56.051+0000] {processor.py:830} INFO - Processing file /home/airflow/.local/lib/python3.12/site-packages/airflow/example_dags/example_xcomargs.py for tasks to queue
[2025-05-29T19:54:56.055+0000] {logging_mixin.py:188} INFO - [2025-05-29T19:54:56.055+0000] {dagbag.py:545} INFO - Filling up the DagBag from /home/airflow/.local/lib/python3.12/site-packages/airflow/example_dags/example_xcomargs.py
[2025-05-29T19:54:56.066+0000] {processor.py:840} INFO - DAG(s) 'example_xcom_args', 'example_xcom_args_with_operators' retrieved from /home/airflow/.local/lib/python3.12/site-packages/airflow/example_dags/example_xcomargs.py
[2025-05-29T19:54:56.102+0000] {logging_mixin.py:188} INFO - [2025-05-29T19:54:56.101+0000] {dag.py:3096} INFO - Sync 2 DAGs
[2025-05-29T19:54:56.121+0000] {logging_mixin.py:188} INFO - [2025-05-29T19:54:56.121+0000] {dag.py:3954} INFO - Setting next_dagrun for example_xcom_args to None, run_after=None
[2025-05-29T19:54:56.127+0000] {logging_mixin.py:188} INFO - [2025-05-29T19:54:56.127+0000] {dag.py:3954} INFO - Setting next_dagrun for example_xcom_args_with_operators to None, run_after=None
[2025-05-29T19:54:56.154+0000] {processor.py:183} INFO - Processing /home/airflow/.local/lib/python3.12/site-packages/airflow/example_dags/example_xcomargs.py took 0.112 seconds
[2025-05-29T19:55:26.412+0000] {processor.py:161} INFO - Started process (PID=204) to work on /home/airflow/.local/lib/python3.12/site-packages/airflow/example_dags/example_xcomargs.py
[2025-05-29T19:55:26.413+0000] {processor.py:830} INFO - Processing file /home/airflow/.local/lib/python3.12/site-packages/airflow/example_dags/example_xcomargs.py for tasks to queue
[2025-05-29T19:55:26.416+0000] {logging_mixin.py:188} INFO - [2025-05-29T19:55:26.415+0000] {dagbag.py:545} INFO - Filling up the DagBag from /home/airflow/.local/lib/python3.12/site-packages/airflow/example_dags/example_xcomargs.py
[2025-05-29T19:55:26.427+0000] {processor.py:840} INFO - DAG(s) 'example_xcom_args_with_operators', 'example_xcom_args' retrieved from /home/airflow/.local/lib/python3.12/site-packages/airflow/example_dags/example_xcomargs.py
[2025-05-29T19:55:26.461+0000] {logging_mixin.py:188} INFO - [2025-05-29T19:55:26.461+0000] {dag.py:3096} INFO - Sync 2 DAGs
[2025-05-29T19:55:26.482+0000] {logging_mixin.py:188} INFO - [2025-05-29T19:55:26.482+0000] {dag.py:3954} INFO - Setting next_dagrun for example_xcom_args to None, run_after=None
[2025-05-29T19:55:26.489+0000] {logging_mixin.py:188} INFO - [2025-05-29T19:55:26.489+0000] {dag.py:3954} INFO - Setting next_dagrun for example_xcom_args_with_operators to None, run_after=None
[2025-05-29T19:55:26.515+0000] {processor.py:183} INFO - Processing /home/airflow/.local/lib/python3.12/site-packages/airflow/example_dags/example_xcomargs.py took 0.110 seconds
[2025-05-29T19:55:56.905+0000] {processor.py:161} INFO - Started process (PID=261) to work on /home/airflow/.local/lib/python3.12/site-packages/airflow/example_dags/example_xcomargs.py
[2025-05-29T19:55:56.907+0000] {processor.py:830} INFO - Processing file /home/airflow/.local/lib/python3.12/site-packages/airflow/example_dags/example_xcomargs.py for tasks to queue
[2025-05-29T19:55:56.910+0000] {logging_mixin.py:188} INFO - [2025-05-29T19:55:56.909+0000] {dagbag.py:545} INFO - Filling up the DagBag from /home/airflow/.local/lib/python3.12/site-packages/airflow/example_dags/example_xcomargs.py
[2025-05-29T19:55:56.923+0000] {processor.py:840} INFO - DAG(s) 'example_xcom_args_with_operators', 'example_xcom_args' retrieved from /home/airflow/.local/lib/python3.12/site-packages/airflow/example_dags/example_xcomargs.py
[2025-05-29T19:55:56.959+0000] {logging_mixin.py:188} INFO - [2025-05-29T19:55:56.959+0000] {dag.py:3096} INFO - Sync 2 DAGs
[2025-05-29T19:55:56.980+0000] {logging_mixin.py:188} INFO - [2025-05-29T19:55:56.980+0000] {dag.py:3954} INFO - Setting next_dagrun for example_xcom_args to None, run_after=None
[2025-05-29T19:55:56.987+0000] {logging_mixin.py:188} INFO - [2025-05-29T19:55:56.986+0000] {dag.py:3954} INFO - Setting next_dagrun for example_xcom_args_with_operators to None, run_after=None
[2025-05-29T19:55:57.013+0000] {processor.py:183} INFO - Processing /home/airflow/.local/lib/python3.12/site-packages/airflow/example_dags/example_xcomargs.py took 0.117 seconds
[2025-05-29T19:56:27.947+0000] {processor.py:161} INFO - Started process (PID=320) to work on /home/airflow/.local/lib/python3.12/site-packages/airflow/example_dags/example_xcomargs.py
[2025-05-29T19:56:27.948+0000] {processor.py:830} INFO - Processing file /home/airflow/.local/lib/python3.12/site-packages/airflow/example_dags/example_xcomargs.py for tasks to queue
[2025-05-29T19:56:27.951+0000] {logging_mixin.py:188} INFO - [2025-05-29T19:56:27.950+0000] {dagbag.py:545} INFO - Filling up the DagBag from /home/airflow/.local/lib/python3.12/site-packages/airflow/example_dags/example_xcomargs.py
[2025-05-29T19:56:27.961+0000] {processor.py:840} INFO - DAG(s) 'example_xcom_args', 'example_xcom_args_with_operators' retrieved from /home/airflow/.local/lib/python3.12/site-packages/airflow/example_dags/example_xcomargs.py
[2025-05-29T19:56:27.996+0000] {logging_mixin.py:188} INFO - [2025-05-29T19:56:27.996+0000] {dag.py:3096} INFO - Sync 2 DAGs
[2025-05-29T19:56:28.020+0000] {logging_mixin.py:188} INFO - [2025-05-29T19:56:28.020+0000] {dag.py:3954} INFO - Setting next_dagrun for example_xcom_args to None, run_after=None
[2025-05-29T19:56:28.027+0000] {logging_mixin.py:188} INFO - [2025-05-29T19:56:28.026+0000] {dag.py:3954} INFO - Setting next_dagrun for example_xcom_args_with_operators to None, run_after=None
[2025-05-29T19:56:28.057+0000] {processor.py:183} INFO - Processing /home/airflow/.local/lib/python3.12/site-packages/airflow/example_dags/example_xcomargs.py took 0.117 seconds
[2025-05-29T19:56:58.320+0000] {processor.py:161} INFO - Started process (PID=378) to work on /home/airflow/.local/lib/python3.12/site-packages/airflow/example_dags/example_xcomargs.py
[2025-05-29T19:56:58.322+0000] {processor.py:830} INFO - Processing file /home/airflow/.local/lib/python3.12/site-packages/airflow/example_dags/example_xcomargs.py for tasks to queue
[2025-05-29T19:56:58.326+0000] {logging_mixin.py:188} INFO - [2025-05-29T19:56:58.325+0000] {dagbag.py:545} INFO - Filling up the DagBag from /home/airflow/.local/lib/python3.12/site-packages/airflow/example_dags/example_xcomargs.py
[2025-05-29T19:56:58.338+0000] {processor.py:840} INFO - DAG(s) 'example_xcom_args', 'example_xcom_args_with_operators' retrieved from /home/airflow/.local/lib/python3.12/site-packages/airflow/example_dags/example_xcomargs.py
[2025-05-29T19:56:58.374+0000] {logging_mixin.py:188} INFO - [2025-05-29T19:56:58.374+0000] {dag.py:3096} INFO - Sync 2 DAGs
[2025-05-29T19:56:58.397+0000] {logging_mixin.py:188} INFO - [2025-05-29T19:56:58.397+0000] {dag.py:3954} INFO - Setting next_dagrun for example_xcom_args to None, run_after=None
[2025-05-29T19:56:58.405+0000] {logging_mixin.py:188} INFO - [2025-05-29T19:56:58.404+0000] {dag.py:3954} INFO - Setting next_dagrun for example_xcom_args_with_operators to None, run_after=None
[2025-05-29T19:56:58.440+0000] {processor.py:183} INFO - Processing /home/airflow/.local/lib/python3.12/site-packages/airflow/example_dags/example_xcomargs.py took 0.133 seconds
[2025-05-29T19:57:28.734+0000] {processor.py:161} INFO - Started process (PID=436) to work on /home/airflow/.local/lib/python3.12/site-packages/airflow/example_dags/example_xcomargs.py
[2025-05-29T19:57:28.735+0000] {processor.py:830} INFO - Processing file /home/airflow/.local/lib/python3.12/site-packages/airflow/example_dags/example_xcomargs.py for tasks to queue
[2025-05-29T19:57:28.738+0000] {logging_mixin.py:188} INFO - [2025-05-29T19:57:28.738+0000] {dagbag.py:545} INFO - Filling up the DagBag from /home/airflow/.local/lib/python3.12/site-packages/airflow/example_dags/example_xcomargs.py
[2025-05-29T19:57:28.750+0000] {processor.py:840} INFO - DAG(s) 'example_xcom_args', 'example_xcom_args_with_operators' retrieved from /home/airflow/.local/lib/python3.12/site-packages/airflow/example_dags/example_xcomargs.py
[2025-05-29T19:57:28.788+0000] {logging_mixin.py:188} INFO - [2025-05-29T19:57:28.788+0000] {dag.py:3096} INFO - Sync 2 DAGs
[2025-05-29T19:57:28.811+0000] {logging_mixin.py:188} INFO - [2025-05-29T19:57:28.810+0000] {dag.py:3954} INFO - Setting next_dagrun for example_xcom_args to None, run_after=None
[2025-05-29T19:57:28.820+0000] {logging_mixin.py:188} INFO - [2025-05-29T19:57:28.820+0000] {dag.py:3954} INFO - Setting next_dagrun for example_xcom_args_with_operators to None, run_after=None
[2025-05-29T19:57:28.848+0000] {processor.py:183} INFO - Processing /home/airflow/.local/lib/python3.12/site-packages/airflow/example_dags/example_xcomargs.py took 0.124 seconds
[2025-05-29T19:57:59.052+0000] {processor.py:161} INFO - Started process (PID=494) to work on /home/airflow/.local/lib/python3.12/site-packages/airflow/example_dags/example_xcomargs.py
[2025-05-29T19:57:59.054+0000] {processor.py:830} INFO - Processing file /home/airflow/.local/lib/python3.12/site-packages/airflow/example_dags/example_xcomargs.py for tasks to queue
[2025-05-29T19:57:59.058+0000] {logging_mixin.py:188} INFO - [2025-05-29T19:57:59.057+0000] {dagbag.py:545} INFO - Filling up the DagBag from /home/airflow/.local/lib/python3.12/site-packages/airflow/example_dags/example_xcomargs.py
[2025-05-29T19:57:59.073+0000] {processor.py:840} INFO - DAG(s) 'example_xcom_args', 'example_xcom_args_with_operators' retrieved from /home/airflow/.local/lib/python3.12/site-packages/airflow/example_dags/example_xcomargs.py
[2025-05-29T19:57:59.111+0000] {logging_mixin.py:188} INFO - [2025-05-29T19:57:59.111+0000] {dag.py:3096} INFO - Sync 2 DAGs
[2025-05-29T19:57:59.132+0000] {logging_mixin.py:188} INFO - [2025-05-29T19:57:59.132+0000] {dag.py:3954} INFO - Setting next_dagrun for example_xcom_args to None, run_after=None
[2025-05-29T19:57:59.139+0000] {logging_mixin.py:188} INFO - [2025-05-29T19:57:59.138+0000] {dag.py:3954} INFO - Setting next_dagrun for example_xcom_args_with_operators to None, run_after=None
[2025-05-29T19:57:59.171+0000] {processor.py:183} INFO - Processing /home/airflow/.local/lib/python3.12/site-packages/airflow/example_dags/example_xcomargs.py took 0.127 seconds
[2025-05-29T19:58:30.092+0000] {processor.py:161} INFO - Started process (PID=552) to work on /home/airflow/.local/lib/python3.12/site-packages/airflow/example_dags/example_xcomargs.py
[2025-05-29T19:58:30.093+0000] {processor.py:830} INFO - Processing file /home/airflow/.local/lib/python3.12/site-packages/airflow/example_dags/example_xcomargs.py for tasks to queue
[2025-05-29T19:58:30.096+0000] {logging_mixin.py:188} INFO - [2025-05-29T19:58:30.096+0000] {dagbag.py:545} INFO - Filling up the DagBag from /home/airflow/.local/lib/python3.12/site-packages/airflow/example_dags/example_xcomargs.py
[2025-05-29T19:58:30.110+0000] {processor.py:840} INFO - DAG(s) 'example_xcom_args_with_operators', 'example_xcom_args' retrieved from /home/airflow/.local/lib/python3.12/site-packages/airflow/example_dags/example_xcomargs.py
[2025-05-29T19:58:30.148+0000] {logging_mixin.py:188} INFO - [2025-05-29T19:58:30.147+0000] {dag.py:3096} INFO - Sync 2 DAGs
[2025-05-29T19:58:30.169+0000] {logging_mixin.py:188} INFO - [2025-05-29T19:58:30.168+0000] {dag.py:3954} INFO - Setting next_dagrun for example_xcom_args to None, run_after=None
[2025-05-29T19:58:30.175+0000] {logging_mixin.py:188} INFO - [2025-05-29T19:58:30.175+0000] {dag.py:3954} INFO - Setting next_dagrun for example_xcom_args_with_operators to None, run_after=None
[2025-05-29T19:58:30.205+0000] {processor.py:183} INFO - Processing /home/airflow/.local/lib/python3.12/site-packages/airflow/example_dags/example_xcomargs.py took 0.122 seconds
[2025-05-29T19:59:00.480+0000] {processor.py:161} INFO - Started process (PID=610) to work on /home/airflow/.local/lib/python3.12/site-packages/airflow/example_dags/example_xcomargs.py
[2025-05-29T19:59:00.481+0000] {processor.py:830} INFO - Processing file /home/airflow/.local/lib/python3.12/site-packages/airflow/example_dags/example_xcomargs.py for tasks to queue
[2025-05-29T19:59:00.484+0000] {logging_mixin.py:188} INFO - [2025-05-29T19:59:00.483+0000] {dagbag.py:545} INFO - Filling up the DagBag from /home/airflow/.local/lib/python3.12/site-packages/airflow/example_dags/example_xcomargs.py
[2025-05-29T19:59:00.496+0000] {processor.py:840} INFO - DAG(s) 'example_xcom_args', 'example_xcom_args_with_operators' retrieved from /home/airflow/.local/lib/python3.12/site-packages/airflow/example_dags/example_xcomargs.py
[2025-05-29T19:59:00.531+0000] {logging_mixin.py:188} INFO - [2025-05-29T19:59:00.531+0000] {dag.py:3096} INFO - Sync 2 DAGs
[2025-05-29T19:59:00.555+0000] {logging_mixin.py:188} INFO - [2025-05-29T19:59:00.554+0000] {dag.py:3954} INFO - Setting next_dagrun for example_xcom_args to None, run_after=None
[2025-05-29T19:59:00.561+0000] {logging_mixin.py:188} INFO - [2025-05-29T19:59:00.561+0000] {dag.py:3954} INFO - Setting next_dagrun for example_xcom_args_with_operators to None, run_after=None
[2025-05-29T19:59:00.597+0000] {processor.py:183} INFO - Processing /home/airflow/.local/lib/python3.12/site-packages/airflow/example_dags/example_xcomargs.py took 0.126 seconds
[2025-05-29T19:59:30.993+0000] {processor.py:161} INFO - Started process (PID=668) to work on /home/airflow/.local/lib/python3.12/site-packages/airflow/example_dags/example_xcomargs.py
[2025-05-29T19:59:30.995+0000] {processor.py:830} INFO - Processing file /home/airflow/.local/lib/python3.12/site-packages/airflow/example_dags/example_xcomargs.py for tasks to queue
[2025-05-29T19:59:30.997+0000] {logging_mixin.py:188} INFO - [2025-05-29T19:59:30.997+0000] {dagbag.py:545} INFO - Filling up the DagBag from /home/airflow/.local/lib/python3.12/site-packages/airflow/example_dags/example_xcomargs.py
[2025-05-29T19:59:31.007+0000] {processor.py:840} INFO - DAG(s) 'example_xcom_args', 'example_xcom_args_with_operators' retrieved from /home/airflow/.local/lib/python3.12/site-packages/airflow/example_dags/example_xcomargs.py
[2025-05-29T19:59:31.036+0000] {logging_mixin.py:188} INFO - [2025-05-29T19:59:31.036+0000] {dag.py:3096} INFO - Sync 2 DAGs
[2025-05-29T19:59:31.054+0000] {logging_mixin.py:188} INFO - [2025-05-29T19:59:31.054+0000] {dag.py:3954} INFO - Setting next_dagrun for example_xcom_args to None, run_after=None
[2025-05-29T19:59:31.059+0000] {logging_mixin.py:188} INFO - [2025-05-29T19:59:31.059+0000] {dag.py:3954} INFO - Setting next_dagrun for example_xcom_args_with_operators to None, run_after=None
[2025-05-29T19:59:31.082+0000] {processor.py:183} INFO - Processing /home/airflow/.local/lib/python3.12/site-packages/airflow/example_dags/example_xcomargs.py took 0.096 seconds
[2025-05-29T20:00:01.452+0000] {processor.py:161} INFO - Started process (PID=726) to work on /home/airflow/.local/lib/python3.12/site-packages/airflow/example_dags/example_xcomargs.py
[2025-05-29T20:00:01.454+0000] {processor.py:830} INFO - Processing file /home/airflow/.local/lib/python3.12/site-packages/airflow/example_dags/example_xcomargs.py for tasks to queue
[2025-05-29T20:00:01.460+0000] {logging_mixin.py:188} INFO - [2025-05-29T20:00:01.459+0000] {dagbag.py:545} INFO - Filling up the DagBag from /home/airflow/.local/lib/python3.12/site-packages/airflow/example_dags/example_xcomargs.py
[2025-05-29T20:00:01.490+0000] {processor.py:840} INFO - DAG(s) 'example_xcom_args_with_operators', 'example_xcom_args' retrieved from /home/airflow/.local/lib/python3.12/site-packages/airflow/example_dags/example_xcomargs.py
[2025-05-29T20:00:01.553+0000] {logging_mixin.py:188} INFO - [2025-05-29T20:00:01.552+0000] {dag.py:3096} INFO - Sync 2 DAGs
[2025-05-29T20:00:01.575+0000] {logging_mixin.py:188} INFO - [2025-05-29T20:00:01.575+0000] {dag.py:3954} INFO - Setting next_dagrun for example_xcom_args to None, run_after=None
[2025-05-29T20:00:01.584+0000] {logging_mixin.py:188} INFO - [2025-05-29T20:00:01.583+0000] {dag.py:3954} INFO - Setting next_dagrun for example_xcom_args_with_operators to None, run_after=None
[2025-05-29T20:00:01.619+0000] {processor.py:183} INFO - Processing /home/airflow/.local/lib/python3.12/site-packages/airflow/example_dags/example_xcomargs.py took 0.176 seconds
[2025-05-29T20:00:32.448+0000] {processor.py:161} INFO - Started process (PID=784) to work on /home/airflow/.local/lib/python3.12/site-packages/airflow/example_dags/example_xcomargs.py
[2025-05-29T20:00:32.449+0000] {processor.py:830} INFO - Processing file /home/airflow/.local/lib/python3.12/site-packages/airflow/example_dags/example_xcomargs.py for tasks to queue
[2025-05-29T20:00:32.452+0000] {logging_mixin.py:188} INFO - [2025-05-29T20:00:32.451+0000] {dagbag.py:545} INFO - Filling up the DagBag from /home/airflow/.local/lib/python3.12/site-packages/airflow/example_dags/example_xcomargs.py
[2025-05-29T20:00:32.463+0000] {processor.py:840} INFO - DAG(s) 'example_xcom_args_with_operators', 'example_xcom_args' retrieved from /home/airflow/.local/lib/python3.12/site-packages/airflow/example_dags/example_xcomargs.py
[2025-05-29T20:00:32.500+0000] {logging_mixin.py:188} INFO - [2025-05-29T20:00:32.500+0000] {dag.py:3096} INFO - Sync 2 DAGs
[2025-05-29T20:00:32.518+0000] {logging_mixin.py:188} INFO - [2025-05-29T20:00:32.518+0000] {dag.py:3954} INFO - Setting next_dagrun for example_xcom_args to None, run_after=None
[2025-05-29T20:00:32.524+0000] {logging_mixin.py:188} INFO - [2025-05-29T20:00:32.524+0000] {dag.py:3954} INFO - Setting next_dagrun for example_xcom_args_with_operators to None, run_after=None
[2025-05-29T20:00:32.551+0000] {processor.py:183} INFO - Processing /home/airflow/.local/lib/python3.12/site-packages/airflow/example_dags/example_xcomargs.py took 0.111 seconds
[2025-05-29T20:01:03.112+0000] {processor.py:161} INFO - Started process (PID=842) to work on /home/airflow/.local/lib/python3.12/site-packages/airflow/example_dags/example_xcomargs.py
[2025-05-29T20:01:03.114+0000] {processor.py:830} INFO - Processing file /home/airflow/.local/lib/python3.12/site-packages/airflow/example_dags/example_xcomargs.py for tasks to queue
[2025-05-29T20:01:03.116+0000] {logging_mixin.py:188} INFO - [2025-05-29T20:01:03.116+0000] {dagbag.py:545} INFO - Filling up the DagBag from /home/airflow/.local/lib/python3.12/site-packages/airflow/example_dags/example_xcomargs.py
[2025-05-29T20:01:03.127+0000] {processor.py:840} INFO - DAG(s) 'example_xcom_args_with_operators', 'example_xcom_args' retrieved from /home/airflow/.local/lib/python3.12/site-packages/airflow/example_dags/example_xcomargs.py
[2025-05-29T20:01:03.161+0000] {logging_mixin.py:188} INFO - [2025-05-29T20:01:03.160+0000] {dag.py:3096} INFO - Sync 2 DAGs
[2025-05-29T20:01:03.182+0000] {logging_mixin.py:188} INFO - [2025-05-29T20:01:03.182+0000] {dag.py:3954} INFO - Setting next_dagrun for example_xcom_args to None, run_after=None
[2025-05-29T20:01:03.188+0000] {logging_mixin.py:188} INFO - [2025-05-29T20:01:03.188+0000] {dag.py:3954} INFO - Setting next_dagrun for example_xcom_args_with_operators to None, run_after=None
[2025-05-29T20:01:03.217+0000] {processor.py:183} INFO - Processing /home/airflow/.local/lib/python3.12/site-packages/airflow/example_dags/example_xcomargs.py took 0.112 seconds
