[2025-05-29T19:54:23.590+0000] {processor.py:161} INFO - Started process (PID=80) to work on /home/airflow/.local/lib/python3.12/site-packages/airflow/example_dags/example_nested_branch_dag.py
[2025-05-29T19:54:23.593+0000] {processor.py:830} INFO - Processing file /home/airflow/.local/lib/python3.12/site-packages/airflow/example_dags/example_nested_branch_dag.py for tasks to queue
[2025-05-29T19:54:23.597+0000] {logging_mixin.py:188} INFO - [2025-05-29T19:54:23.596+0000] {dagbag.py:545} INFO - Filling up the DagBag from /home/airflow/.local/lib/python3.12/site-packages/airflow/example_dags/example_nested_branch_dag.py
[2025-05-29T19:54:23.641+0000] {processor.py:840} INFO - DAG(s) 'example_nested_branch_dag' retrieved from /home/airflow/.local/lib/python3.12/site-packages/airflow/example_dags/example_nested_branch_dag.py
[2025-05-29T19:54:23.888+0000] {logging_mixin.py:188} INFO - [2025-05-29T19:54:23.888+0000] {dag.py:3096} INFO - Sync 1 DAGs
[2025-05-29T19:54:23.938+0000] {logging_mixin.py:188} INFO - [2025-05-29T19:54:23.937+0000] {dag.py:3954} INFO - Setting next_dagrun for example_nested_branch_dag to 2025-05-28 00:00:00+00:00, run_after=2025-05-29 00:00:00+00:00
[2025-05-29T19:54:23.988+0000] {processor.py:183} INFO - Processing /home/airflow/.local/lib/python3.12/site-packages/airflow/example_dags/example_nested_branch_dag.py took 0.415 seconds
[2025-05-29T19:54:54.454+0000] {processor.py:161} INFO - Started process (PID=138) to work on /home/airflow/.local/lib/python3.12/site-packages/airflow/example_dags/example_nested_branch_dag.py
[2025-05-29T19:54:54.455+0000] {processor.py:830} INFO - Processing file /home/airflow/.local/lib/python3.12/site-packages/airflow/example_dags/example_nested_branch_dag.py for tasks to queue
[2025-05-29T19:54:54.458+0000] {logging_mixin.py:188} INFO - [2025-05-29T19:54:54.457+0000] {dagbag.py:545} INFO - Filling up the DagBag from /home/airflow/.local/lib/python3.12/site-packages/airflow/example_dags/example_nested_branch_dag.py
[2025-05-29T19:54:54.473+0000] {processor.py:840} INFO - DAG(s) 'example_nested_branch_dag' retrieved from /home/airflow/.local/lib/python3.12/site-packages/airflow/example_dags/example_nested_branch_dag.py
[2025-05-29T19:54:54.500+0000] {logging_mixin.py:188} INFO - [2025-05-29T19:54:54.500+0000] {dag.py:3096} INFO - Sync 1 DAGs
[2025-05-29T19:54:54.530+0000] {logging_mixin.py:188} INFO - [2025-05-29T19:54:54.529+0000] {dag.py:3954} INFO - Setting next_dagrun for example_nested_branch_dag to 2025-05-28 00:00:00+00:00, run_after=2025-05-29 00:00:00+00:00
[2025-05-29T19:54:54.554+0000] {processor.py:183} INFO - Processing /home/airflow/.local/lib/python3.12/site-packages/airflow/example_dags/example_nested_branch_dag.py took 0.106 seconds
[2025-05-29T19:55:24.819+0000] {processor.py:161} INFO - Started process (PID=196) to work on /home/airflow/.local/lib/python3.12/site-packages/airflow/example_dags/example_nested_branch_dag.py
[2025-05-29T19:55:24.820+0000] {processor.py:830} INFO - Processing file /home/airflow/.local/lib/python3.12/site-packages/airflow/example_dags/example_nested_branch_dag.py for tasks to queue
[2025-05-29T19:55:24.823+0000] {logging_mixin.py:188} INFO - [2025-05-29T19:55:24.822+0000] {dagbag.py:545} INFO - Filling up the DagBag from /home/airflow/.local/lib/python3.12/site-packages/airflow/example_dags/example_nested_branch_dag.py
[2025-05-29T19:55:24.834+0000] {processor.py:840} INFO - DAG(s) 'example_nested_branch_dag' retrieved from /home/airflow/.local/lib/python3.12/site-packages/airflow/example_dags/example_nested_branch_dag.py
[2025-05-29T19:55:24.862+0000] {logging_mixin.py:188} INFO - [2025-05-29T19:55:24.861+0000] {dag.py:3096} INFO - Sync 1 DAGs
[2025-05-29T19:55:24.892+0000] {logging_mixin.py:188} INFO - [2025-05-29T19:55:24.892+0000] {dag.py:3954} INFO - Setting next_dagrun for example_nested_branch_dag to 2025-05-28 00:00:00+00:00, run_after=2025-05-29 00:00:00+00:00
[2025-05-29T19:55:24.921+0000] {processor.py:183} INFO - Processing /home/airflow/.local/lib/python3.12/site-packages/airflow/example_dags/example_nested_branch_dag.py took 0.109 seconds
[2025-05-29T19:55:55.282+0000] {processor.py:161} INFO - Started process (PID=254) to work on /home/airflow/.local/lib/python3.12/site-packages/airflow/example_dags/example_nested_branch_dag.py
[2025-05-29T19:55:55.284+0000] {processor.py:830} INFO - Processing file /home/airflow/.local/lib/python3.12/site-packages/airflow/example_dags/example_nested_branch_dag.py for tasks to queue
[2025-05-29T19:55:55.288+0000] {logging_mixin.py:188} INFO - [2025-05-29T19:55:55.287+0000] {dagbag.py:545} INFO - Filling up the DagBag from /home/airflow/.local/lib/python3.12/site-packages/airflow/example_dags/example_nested_branch_dag.py
[2025-05-29T19:55:55.307+0000] {processor.py:840} INFO - DAG(s) 'example_nested_branch_dag' retrieved from /home/airflow/.local/lib/python3.12/site-packages/airflow/example_dags/example_nested_branch_dag.py
[2025-05-29T19:55:55.338+0000] {logging_mixin.py:188} INFO - [2025-05-29T19:55:55.337+0000] {dag.py:3096} INFO - Sync 1 DAGs
[2025-05-29T19:55:55.369+0000] {logging_mixin.py:188} INFO - [2025-05-29T19:55:55.368+0000] {dag.py:3954} INFO - Setting next_dagrun for example_nested_branch_dag to 2025-05-28 00:00:00+00:00, run_after=2025-05-29 00:00:00+00:00
[2025-05-29T19:55:55.398+0000] {processor.py:183} INFO - Processing /home/airflow/.local/lib/python3.12/site-packages/airflow/example_dags/example_nested_branch_dag.py took 0.123 seconds
[2025-05-29T19:56:25.832+0000] {processor.py:161} INFO - Started process (PID=312) to work on /home/airflow/.local/lib/python3.12/site-packages/airflow/example_dags/example_nested_branch_dag.py
[2025-05-29T19:56:25.840+0000] {processor.py:830} INFO - Processing file /home/airflow/.local/lib/python3.12/site-packages/airflow/example_dags/example_nested_branch_dag.py for tasks to queue
[2025-05-29T19:56:25.845+0000] {logging_mixin.py:188} INFO - [2025-05-29T19:56:25.844+0000] {dagbag.py:545} INFO - Filling up the DagBag from /home/airflow/.local/lib/python3.12/site-packages/airflow/example_dags/example_nested_branch_dag.py
[2025-05-29T19:56:25.900+0000] {processor.py:840} INFO - DAG(s) 'example_nested_branch_dag' retrieved from /home/airflow/.local/lib/python3.12/site-packages/airflow/example_dags/example_nested_branch_dag.py
[2025-05-29T19:56:25.979+0000] {logging_mixin.py:188} INFO - [2025-05-29T19:56:25.979+0000] {dag.py:3096} INFO - Sync 1 DAGs
[2025-05-29T19:56:26.057+0000] {logging_mixin.py:188} INFO - [2025-05-29T19:56:26.056+0000] {dag.py:3954} INFO - Setting next_dagrun for example_nested_branch_dag to 2025-05-28 00:00:00+00:00, run_after=2025-05-29 00:00:00+00:00
[2025-05-29T19:56:26.141+0000] {processor.py:183} INFO - Processing /home/airflow/.local/lib/python3.12/site-packages/airflow/example_dags/example_nested_branch_dag.py took 0.331 seconds
[2025-05-29T19:56:57.150+0000] {processor.py:161} INFO - Started process (PID=370) to work on /home/airflow/.local/lib/python3.12/site-packages/airflow/example_dags/example_nested_branch_dag.py
[2025-05-29T19:56:57.153+0000] {processor.py:830} INFO - Processing file /home/airflow/.local/lib/python3.12/site-packages/airflow/example_dags/example_nested_branch_dag.py for tasks to queue
[2025-05-29T19:56:57.156+0000] {logging_mixin.py:188} INFO - [2025-05-29T19:56:57.155+0000] {dagbag.py:545} INFO - Filling up the DagBag from /home/airflow/.local/lib/python3.12/site-packages/airflow/example_dags/example_nested_branch_dag.py
[2025-05-29T19:56:57.177+0000] {processor.py:840} INFO - DAG(s) 'example_nested_branch_dag' retrieved from /home/airflow/.local/lib/python3.12/site-packages/airflow/example_dags/example_nested_branch_dag.py
[2025-05-29T19:56:57.218+0000] {logging_mixin.py:188} INFO - [2025-05-29T19:56:57.218+0000] {dag.py:3096} INFO - Sync 1 DAGs
[2025-05-29T19:56:57.275+0000] {logging_mixin.py:188} INFO - [2025-05-29T19:56:57.274+0000] {dag.py:3954} INFO - Setting next_dagrun for example_nested_branch_dag to 2025-05-28 00:00:00+00:00, run_after=2025-05-29 00:00:00+00:00
[2025-05-29T19:56:57.336+0000] {processor.py:183} INFO - Processing /home/airflow/.local/lib/python3.12/site-packages/airflow/example_dags/example_nested_branch_dag.py took 0.197 seconds
[2025-05-29T19:57:27.758+0000] {processor.py:161} INFO - Started process (PID=428) to work on /home/airflow/.local/lib/python3.12/site-packages/airflow/example_dags/example_nested_branch_dag.py
[2025-05-29T19:57:27.759+0000] {processor.py:830} INFO - Processing file /home/airflow/.local/lib/python3.12/site-packages/airflow/example_dags/example_nested_branch_dag.py for tasks to queue
[2025-05-29T19:57:27.762+0000] {logging_mixin.py:188} INFO - [2025-05-29T19:57:27.761+0000] {dagbag.py:545} INFO - Filling up the DagBag from /home/airflow/.local/lib/python3.12/site-packages/airflow/example_dags/example_nested_branch_dag.py
[2025-05-29T19:57:27.776+0000] {processor.py:840} INFO - DAG(s) 'example_nested_branch_dag' retrieved from /home/airflow/.local/lib/python3.12/site-packages/airflow/example_dags/example_nested_branch_dag.py
[2025-05-29T19:57:27.809+0000] {logging_mixin.py:188} INFO - [2025-05-29T19:57:27.808+0000] {dag.py:3096} INFO - Sync 1 DAGs
[2025-05-29T19:57:27.848+0000] {logging_mixin.py:188} INFO - [2025-05-29T19:57:27.847+0000] {dag.py:3954} INFO - Setting next_dagrun for example_nested_branch_dag to 2025-05-28 00:00:00+00:00, run_after=2025-05-29 00:00:00+00:00
[2025-05-29T19:57:27.931+0000] {processor.py:183} INFO - Processing /home/airflow/.local/lib/python3.12/site-packages/airflow/example_dags/example_nested_branch_dag.py took 0.180 seconds
[2025-05-29T19:57:58.130+0000] {processor.py:161} INFO - Started process (PID=485) to work on /home/airflow/.local/lib/python3.12/site-packages/airflow/example_dags/example_nested_branch_dag.py
[2025-05-29T19:57:58.132+0000] {processor.py:830} INFO - Processing file /home/airflow/.local/lib/python3.12/site-packages/airflow/example_dags/example_nested_branch_dag.py for tasks to queue
[2025-05-29T19:57:58.136+0000] {logging_mixin.py:188} INFO - [2025-05-29T19:57:58.135+0000] {dagbag.py:545} INFO - Filling up the DagBag from /home/airflow/.local/lib/python3.12/site-packages/airflow/example_dags/example_nested_branch_dag.py
[2025-05-29T19:57:58.155+0000] {processor.py:840} INFO - DAG(s) 'example_nested_branch_dag' retrieved from /home/airflow/.local/lib/python3.12/site-packages/airflow/example_dags/example_nested_branch_dag.py
[2025-05-29T19:57:58.195+0000] {logging_mixin.py:188} INFO - [2025-05-29T19:57:58.195+0000] {dag.py:3096} INFO - Sync 1 DAGs
[2025-05-29T19:57:58.244+0000] {logging_mixin.py:188} INFO - [2025-05-29T19:57:58.243+0000] {dag.py:3954} INFO - Setting next_dagrun for example_nested_branch_dag to 2025-05-28 00:00:00+00:00, run_after=2025-05-29 00:00:00+00:00
[2025-05-29T19:57:58.304+0000] {processor.py:183} INFO - Processing /home/airflow/.local/lib/python3.12/site-packages/airflow/example_dags/example_nested_branch_dag.py took 0.183 seconds
[2025-05-29T19:58:29.110+0000] {processor.py:161} INFO - Started process (PID=544) to work on /home/airflow/.local/lib/python3.12/site-packages/airflow/example_dags/example_nested_branch_dag.py
[2025-05-29T19:58:29.111+0000] {processor.py:830} INFO - Processing file /home/airflow/.local/lib/python3.12/site-packages/airflow/example_dags/example_nested_branch_dag.py for tasks to queue
[2025-05-29T19:58:29.114+0000] {logging_mixin.py:188} INFO - [2025-05-29T19:58:29.114+0000] {dagbag.py:545} INFO - Filling up the DagBag from /home/airflow/.local/lib/python3.12/site-packages/airflow/example_dags/example_nested_branch_dag.py
[2025-05-29T19:58:29.132+0000] {processor.py:840} INFO - DAG(s) 'example_nested_branch_dag' retrieved from /home/airflow/.local/lib/python3.12/site-packages/airflow/example_dags/example_nested_branch_dag.py
[2025-05-29T19:58:29.179+0000] {logging_mixin.py:188} INFO - [2025-05-29T19:58:29.179+0000] {dag.py:3096} INFO - Sync 1 DAGs
[2025-05-29T19:58:29.232+0000] {logging_mixin.py:188} INFO - [2025-05-29T19:58:29.232+0000] {dag.py:3954} INFO - Setting next_dagrun for example_nested_branch_dag to 2025-05-28 00:00:00+00:00, run_after=2025-05-29 00:00:00+00:00
[2025-05-29T19:58:29.294+0000] {processor.py:183} INFO - Processing /home/airflow/.local/lib/python3.12/site-packages/airflow/example_dags/example_nested_branch_dag.py took 0.192 seconds
[2025-05-29T19:58:59.460+0000] {processor.py:161} INFO - Started process (PID=601) to work on /home/airflow/.local/lib/python3.12/site-packages/airflow/example_dags/example_nested_branch_dag.py
[2025-05-29T19:58:59.461+0000] {processor.py:830} INFO - Processing file /home/airflow/.local/lib/python3.12/site-packages/airflow/example_dags/example_nested_branch_dag.py for tasks to queue
[2025-05-29T19:58:59.463+0000] {logging_mixin.py:188} INFO - [2025-05-29T19:58:59.463+0000] {dagbag.py:545} INFO - Filling up the DagBag from /home/airflow/.local/lib/python3.12/site-packages/airflow/example_dags/example_nested_branch_dag.py
[2025-05-29T19:58:59.476+0000] {processor.py:840} INFO - DAG(s) 'example_nested_branch_dag' retrieved from /home/airflow/.local/lib/python3.12/site-packages/airflow/example_dags/example_nested_branch_dag.py
[2025-05-29T19:58:59.507+0000] {logging_mixin.py:188} INFO - [2025-05-29T19:58:59.507+0000] {dag.py:3096} INFO - Sync 1 DAGs
[2025-05-29T19:58:59.558+0000] {logging_mixin.py:188} INFO - [2025-05-29T19:58:59.558+0000] {dag.py:3954} INFO - Setting next_dagrun for example_nested_branch_dag to 2025-05-28 00:00:00+00:00, run_after=2025-05-29 00:00:00+00:00
[2025-05-29T19:58:59.612+0000] {processor.py:183} INFO - Processing /home/airflow/.local/lib/python3.12/site-packages/airflow/example_dags/example_nested_branch_dag.py took 0.161 seconds
[2025-05-29T19:59:30.019+0000] {processor.py:161} INFO - Started process (PID=659) to work on /home/airflow/.local/lib/python3.12/site-packages/airflow/example_dags/example_nested_branch_dag.py
[2025-05-29T19:59:30.020+0000] {processor.py:830} INFO - Processing file /home/airflow/.local/lib/python3.12/site-packages/airflow/example_dags/example_nested_branch_dag.py for tasks to queue
[2025-05-29T19:59:30.023+0000] {logging_mixin.py:188} INFO - [2025-05-29T19:59:30.023+0000] {dagbag.py:545} INFO - Filling up the DagBag from /home/airflow/.local/lib/python3.12/site-packages/airflow/example_dags/example_nested_branch_dag.py
[2025-05-29T19:59:30.036+0000] {processor.py:840} INFO - DAG(s) 'example_nested_branch_dag' retrieved from /home/airflow/.local/lib/python3.12/site-packages/airflow/example_dags/example_nested_branch_dag.py
[2025-05-29T19:59:30.067+0000] {logging_mixin.py:188} INFO - [2025-05-29T19:59:30.066+0000] {dag.py:3096} INFO - Sync 1 DAGs
[2025-05-29T19:59:30.100+0000] {logging_mixin.py:188} INFO - [2025-05-29T19:59:30.100+0000] {dag.py:3954} INFO - Setting next_dagrun for example_nested_branch_dag to 2025-05-28 00:00:00+00:00, run_after=2025-05-29 00:00:00+00:00
[2025-05-29T19:59:30.131+0000] {processor.py:183} INFO - Processing /home/airflow/.local/lib/python3.12/site-packages/airflow/example_dags/example_nested_branch_dag.py took 0.119 seconds
[2025-05-29T20:00:00.613+0000] {processor.py:161} INFO - Started process (PID=717) to work on /home/airflow/.local/lib/python3.12/site-packages/airflow/example_dags/example_nested_branch_dag.py
[2025-05-29T20:00:00.615+0000] {processor.py:830} INFO - Processing file /home/airflow/.local/lib/python3.12/site-packages/airflow/example_dags/example_nested_branch_dag.py for tasks to queue
[2025-05-29T20:00:00.618+0000] {logging_mixin.py:188} INFO - [2025-05-29T20:00:00.617+0000] {dagbag.py:545} INFO - Filling up the DagBag from /home/airflow/.local/lib/python3.12/site-packages/airflow/example_dags/example_nested_branch_dag.py
[2025-05-29T20:00:00.631+0000] {processor.py:840} INFO - DAG(s) 'example_nested_branch_dag' retrieved from /home/airflow/.local/lib/python3.12/site-packages/airflow/example_dags/example_nested_branch_dag.py
[2025-05-29T20:00:00.663+0000] {logging_mixin.py:188} INFO - [2025-05-29T20:00:00.663+0000] {dag.py:3096} INFO - Sync 1 DAGs
[2025-05-29T20:00:00.696+0000] {logging_mixin.py:188} INFO - [2025-05-29T20:00:00.695+0000] {dag.py:3954} INFO - Setting next_dagrun for example_nested_branch_dag to 2025-05-28 00:00:00+00:00, run_after=2025-05-29 00:00:00+00:00
[2025-05-29T20:00:00.735+0000] {processor.py:183} INFO - Processing /home/airflow/.local/lib/python3.12/site-packages/airflow/example_dags/example_nested_branch_dag.py took 0.130 seconds
[2025-05-29T20:00:30.807+0000] {processor.py:161} INFO - Started process (PID=775) to work on /home/airflow/.local/lib/python3.12/site-packages/airflow/example_dags/example_nested_branch_dag.py
[2025-05-29T20:00:30.808+0000] {processor.py:830} INFO - Processing file /home/airflow/.local/lib/python3.12/site-packages/airflow/example_dags/example_nested_branch_dag.py for tasks to queue
[2025-05-29T20:00:30.811+0000] {logging_mixin.py:188} INFO - [2025-05-29T20:00:30.810+0000] {dagbag.py:545} INFO - Filling up the DagBag from /home/airflow/.local/lib/python3.12/site-packages/airflow/example_dags/example_nested_branch_dag.py
[2025-05-29T20:00:30.825+0000] {processor.py:840} INFO - DAG(s) 'example_nested_branch_dag' retrieved from /home/airflow/.local/lib/python3.12/site-packages/airflow/example_dags/example_nested_branch_dag.py
[2025-05-29T20:00:30.855+0000] {logging_mixin.py:188} INFO - [2025-05-29T20:00:30.854+0000] {dag.py:3096} INFO - Sync 1 DAGs
[2025-05-29T20:00:30.887+0000] {logging_mixin.py:188} INFO - [2025-05-29T20:00:30.887+0000] {dag.py:3954} INFO - Setting next_dagrun for example_nested_branch_dag to 2025-05-28 00:00:00+00:00, run_after=2025-05-29 00:00:00+00:00
[2025-05-29T20:00:30.918+0000] {processor.py:183} INFO - Processing /home/airflow/.local/lib/python3.12/site-packages/airflow/example_dags/example_nested_branch_dag.py took 0.120 seconds
[2025-05-29T20:01:01.236+0000] {processor.py:161} INFO - Started process (PID=833) to work on /home/airflow/.local/lib/python3.12/site-packages/airflow/example_dags/example_nested_branch_dag.py
[2025-05-29T20:01:01.238+0000] {processor.py:830} INFO - Processing file /home/airflow/.local/lib/python3.12/site-packages/airflow/example_dags/example_nested_branch_dag.py for tasks to queue
[2025-05-29T20:01:01.241+0000] {logging_mixin.py:188} INFO - [2025-05-29T20:01:01.241+0000] {dagbag.py:545} INFO - Filling up the DagBag from /home/airflow/.local/lib/python3.12/site-packages/airflow/example_dags/example_nested_branch_dag.py
[2025-05-29T20:01:01.256+0000] {processor.py:840} INFO - DAG(s) 'example_nested_branch_dag' retrieved from /home/airflow/.local/lib/python3.12/site-packages/airflow/example_dags/example_nested_branch_dag.py
[2025-05-29T20:01:01.290+0000] {logging_mixin.py:188} INFO - [2025-05-29T20:01:01.289+0000] {dag.py:3096} INFO - Sync 1 DAGs
[2025-05-29T20:01:01.324+0000] {logging_mixin.py:188} INFO - [2025-05-29T20:01:01.324+0000] {dag.py:3954} INFO - Setting next_dagrun for example_nested_branch_dag to 2025-05-28 00:00:00+00:00, run_after=2025-05-29 00:00:00+00:00
[2025-05-29T20:01:01.356+0000] {processor.py:183} INFO - Processing /home/airflow/.local/lib/python3.12/site-packages/airflow/example_dags/example_nested_branch_dag.py took 0.129 seconds
